<?xml version="1.0" encoding="UTF-8"?>
<testsuite xmlns:xsi="http://www.w3.org/2001/XMLSchema-instance" xsi:noNamespaceSchemaLocation="https://maven.apache.org/surefire/maven-surefire-plugin/xsd/surefire-test-report-3.0.xsd" version="3.0" name="com.kgc.easybuy.EasyBuyApplicationTests" time="9.289" tests="1" errors="1" skipped="0" failures="0">
  <properties>
    <property name="java.specification.version" value="19"/>
    <property name="sun.cpu.isalist" value="amd64"/>
    <property name="sun.jnu.encoding" value="GBK"/>
    <property name="java.class.path" value="D:\IdeaProject\springboot\easyBuy\target\test-classes;D:\IdeaProject\springboot\easyBuy\target\classes;E:\Tools\Maven\maven-repository\org\mybatis\spring\boot\mybatis-spring-boot-starter\2.0.1\mybatis-spring-boot-starter-2.0.1.jar;E:\Tools\Maven\maven-repository\org\springframework\boot\spring-boot-starter\2.3.12.RELEASE\spring-boot-starter-2.3.12.RELEASE.jar;E:\Tools\Maven\maven-repository\org\springframework\boot\spring-boot\2.3.12.RELEASE\spring-boot-2.3.12.RELEASE.jar;E:\Tools\Maven\maven-repository\org\springframework\boot\spring-boot-autoconfigure\2.3.12.RELEASE\spring-boot-autoconfigure-2.3.12.RELEASE.jar;E:\Tools\Maven\maven-repository\org\springframework\boot\spring-boot-starter-logging\2.3.12.RELEASE\spring-boot-starter-logging-2.3.12.RELEASE.jar;E:\Tools\Maven\maven-repository\ch\qos\logback\logback-classic\1.2.3\logback-classic-1.2.3.jar;E:\Tools\Maven\maven-repository\ch\qos\logback\logback-core\1.2.3\logback-core-1.2.3.jar;E:\Tools\Maven\maven-repository\org\apache\logging\log4j\log4j-to-slf4j\2.13.3\log4j-to-slf4j-2.13.3.jar;E:\Tools\Maven\maven-repository\org\apache\logging\log4j\log4j-api\2.13.3\log4j-api-2.13.3.jar;E:\Tools\Maven\maven-repository\org\slf4j\jul-to-slf4j\1.7.30\jul-to-slf4j-1.7.30.jar;E:\Tools\Maven\maven-repository\jakarta\annotation\jakarta.annotation-api\1.3.5\jakarta.annotation-api-1.3.5.jar;E:\Tools\Maven\maven-repository\org\yaml\snakeyaml\1.26\snakeyaml-1.26.jar;E:\Tools\Maven\maven-repository\org\mybatis\spring\boot\mybatis-spring-boot-autoconfigure\2.0.1\mybatis-spring-boot-autoconfigure-2.0.1.jar;E:\Tools\Maven\maven-repository\org\mybatis\mybatis\3.5.1\mybatis-3.5.1.jar;E:\Tools\Maven\maven-repository\org\mybatis\mybatis-spring\2.0.1\mybatis-spring-2.0.1.jar;E:\Tools\Maven\maven-repository\org\junit\jupiter\junit-jupiter-api\5.5.0\junit-jupiter-api-5.5.0.jar;E:\Tools\Maven\maven-repository\org\apiguardian\apiguardian-api\1.1.0\apiguardian-api-1.1.0.jar;E:\Tools\Maven\maven-repository\org\opentest4j\opentest4j\1.2.0\opentest4j-1.2.0.jar;E:\Tools\Maven\maven-repository\org\junit\platform\junit-platform-commons\1.6.3\junit-platform-commons-1.6.3.jar;E:\Tools\Maven\maven-repository\org\springframework\boot\spring-boot-starter-test\2.3.12.RELEASE\spring-boot-starter-test-2.3.12.RELEASE.jar;E:\Tools\Maven\maven-repository\org\springframework\boot\spring-boot-test\2.3.12.RELEASE\spring-boot-test-2.3.12.RELEASE.jar;E:\Tools\Maven\maven-repository\org\springframework\boot\spring-boot-test-autoconfigure\2.3.12.RELEASE\spring-boot-test-autoconfigure-2.3.12.RELEASE.jar;E:\Tools\Maven\maven-repository\com\jayway\jsonpath\json-path\2.4.0\json-path-2.4.0.jar;E:\Tools\Maven\maven-repository\net\minidev\json-smart\2.3.1\json-smart-2.3.1.jar;E:\Tools\Maven\maven-repository\net\minidev\accessors-smart\2.3.1\accessors-smart-2.3.1.jar;E:\Tools\Maven\maven-repository\org\ow2\asm\asm\5.0.4\asm-5.0.4.jar;E:\Tools\Maven\maven-repository\org\slf4j\slf4j-api\1.7.30\slf4j-api-1.7.30.jar;E:\Tools\Maven\maven-repository\jakarta\xml\bind\jakarta.xml.bind-api\2.3.3\jakarta.xml.bind-api-2.3.3.jar;E:\Tools\Maven\maven-repository\jakarta\activation\jakarta.activation-api\1.2.2\jakarta.activation-api-1.2.2.jar;E:\Tools\Maven\maven-repository\org\assertj\assertj-core\3.16.1\assertj-core-3.16.1.jar;E:\Tools\Maven\maven-repository\org\hamcrest\hamcrest\2.2\hamcrest-2.2.jar;E:\Tools\Maven\maven-repository\org\junit\jupiter\junit-jupiter\5.6.3\junit-jupiter-5.6.3.jar;E:\Tools\Maven\maven-repository\org\junit\jupiter\junit-jupiter-params\5.6.3\junit-jupiter-params-5.6.3.jar;E:\Tools\Maven\maven-repository\org\junit\jupiter\junit-jupiter-engine\5.6.3\junit-jupiter-engine-5.6.3.jar;E:\Tools\Maven\maven-repository\org\junit\vintage\junit-vintage-engine\5.6.3\junit-vintage-engine-5.6.3.jar;E:\Tools\Maven\maven-repository\org\junit\platform\junit-platform-engine\1.6.3\junit-platform-engine-1.6.3.jar;E:\Tools\Maven\maven-repository\org\mockito\mockito-core\3.3.3\mockito-core-3.3.3.jar;E:\Tools\Maven\maven-repository\net\bytebuddy\byte-buddy\1.10.22\byte-buddy-1.10.22.jar;E:\Tools\Maven\maven-repository\net\bytebuddy\byte-buddy-agent\1.10.22\byte-buddy-agent-1.10.22.jar;E:\Tools\Maven\maven-repository\org\objenesis\objenesis\2.6\objenesis-2.6.jar;E:\Tools\Maven\maven-repository\org\mockito\mockito-junit-jupiter\3.3.3\mockito-junit-jupiter-3.3.3.jar;E:\Tools\Maven\maven-repository\org\skyscreamer\jsonassert\1.5.0\jsonassert-1.5.0.jar;E:\Tools\Maven\maven-repository\com\vaadin\external\google\android-json\0.0.20131108.vaadin1\android-json-0.0.20131108.vaadin1.jar;E:\Tools\Maven\maven-repository\org\springframework\spring-core\5.2.15.RELEASE\spring-core-5.2.15.RELEASE.jar;E:\Tools\Maven\maven-repository\org\springframework\spring-jcl\5.2.15.RELEASE\spring-jcl-5.2.15.RELEASE.jar;E:\Tools\Maven\maven-repository\org\springframework\spring-test\5.2.15.RELEASE\spring-test-5.2.15.RELEASE.jar;E:\Tools\Maven\maven-repository\org\xmlunit\xmlunit-core\2.7.0\xmlunit-core-2.7.0.jar;E:\Tools\Maven\maven-repository\org\springframework\boot\spring-boot-starter-web\2.3.12.RELEASE\spring-boot-starter-web-2.3.12.RELEASE.jar;E:\Tools\Maven\maven-repository\org\springframework\boot\spring-boot-starter-json\2.3.12.RELEASE\spring-boot-starter-json-2.3.12.RELEASE.jar;E:\Tools\Maven\maven-repository\com\fasterxml\jackson\datatype\jackson-datatype-jdk8\2.11.4\jackson-datatype-jdk8-2.11.4.jar;E:\Tools\Maven\maven-repository\com\fasterxml\jackson\datatype\jackson-datatype-jsr310\2.11.4\jackson-datatype-jsr310-2.11.4.jar;E:\Tools\Maven\maven-repository\com\fasterxml\jackson\module\jackson-module-parameter-names\2.11.4\jackson-module-parameter-names-2.11.4.jar;E:\Tools\Maven\maven-repository\org\springframework\boot\spring-boot-starter-tomcat\2.3.12.RELEASE\spring-boot-starter-tomcat-2.3.12.RELEASE.jar;E:\Tools\Maven\maven-repository\org\glassfish\jakarta.el\3.0.3\jakarta.el-3.0.3.jar;E:\Tools\Maven\maven-repository\org\apache\tomcat\embed\tomcat-embed-websocket\9.0.46\tomcat-embed-websocket-9.0.46.jar;E:\Tools\Maven\maven-repository\org\springframework\spring-web\5.2.15.RELEASE\spring-web-5.2.15.RELEASE.jar;E:\Tools\Maven\maven-repository\org\springframework\spring-beans\5.2.15.RELEASE\spring-beans-5.2.15.RELEASE.jar;E:\Tools\Maven\maven-repository\org\springframework\spring-webmvc\5.2.15.RELEASE\spring-webmvc-5.2.15.RELEASE.jar;E:\Tools\Maven\maven-repository\org\springframework\spring-aop\5.2.15.RELEASE\spring-aop-5.2.15.RELEASE.jar;E:\Tools\Maven\maven-repository\org\springframework\spring-context\5.2.15.RELEASE\spring-context-5.2.15.RELEASE.jar;E:\Tools\Maven\maven-repository\org\springframework\spring-expression\5.2.15.RELEASE\spring-expression-5.2.15.RELEASE.jar;E:\Tools\Maven\maven-repository\mysql\mysql-connector-java\8.0.25\mysql-connector-java-8.0.25.jar;E:\Tools\Maven\maven-repository\org\springframework\boot\spring-boot-starter-jdbc\2.3.12.RELEASE\spring-boot-starter-jdbc-2.3.12.RELEASE.jar;E:\Tools\Maven\maven-repository\com\zaxxer\HikariCP\3.4.5\HikariCP-3.4.5.jar;E:\Tools\Maven\maven-repository\org\springframework\spring-jdbc\5.2.15.RELEASE\spring-jdbc-5.2.15.RELEASE.jar;E:\Tools\Maven\maven-repository\org\springframework\spring-tx\5.2.15.RELEASE\spring-tx-5.2.15.RELEASE.jar;E:\Tools\Maven\maven-repository\com\alibaba\fastjson\1.2.46\fastjson-1.2.46.jar;E:\Tools\Maven\maven-repository\com\github\pagehelper\pagehelper-spring-boot-starter\1.2.5\pagehelper-spring-boot-starter-1.2.5.jar;E:\Tools\Maven\maven-repository\com\github\pagehelper\pagehelper-spring-boot-autoconfigure\1.2.5\pagehelper-spring-boot-autoconfigure-1.2.5.jar;E:\Tools\Maven\maven-repository\com\github\pagehelper\pagehelper\5.1.4\pagehelper-5.1.4.jar;E:\Tools\Maven\maven-repository\com\github\jsqlparser\jsqlparser\1.0\jsqlparser-1.0.jar;E:\Tools\Maven\maven-repository\com\alibaba\druid\1.1.0\druid-1.1.0.jar;E:\ComSoft\jdk19\..\lib\jconsole.jar;E:\ComSoft\jdk19\..\lib\tools.jar;E:\Tools\Maven\maven-repository\javax\servlet\jstl\1.2\jstl-1.2.jar;E:\Tools\Maven\maven-repository\org\apache\tomcat\embed\tomcat-embed-jasper\9.0.46\tomcat-embed-jasper-9.0.46.jar;E:\Tools\Maven\maven-repository\org\apache\tomcat\embed\tomcat-embed-core\9.0.46\tomcat-embed-core-9.0.46.jar;E:\Tools\Maven\maven-repository\org\apache\tomcat\tomcat-annotations-api\9.0.46\tomcat-annotations-api-9.0.46.jar;E:\Tools\Maven\maven-repository\org\apache\tomcat\embed\tomcat-embed-el\9.0.46\tomcat-embed-el-9.0.46.jar;E:\Tools\Maven\maven-repository\org\eclipse\jdt\ecj\3.18.0\ecj-3.18.0.jar;E:\Tools\Maven\maven-repository\org\springframework\boot\spring-boot-starter-mail\2.3.12.RELEASE\spring-boot-starter-mail-2.3.12.RELEASE.jar;E:\Tools\Maven\maven-repository\org\springframework\spring-context-support\5.2.15.RELEASE\spring-context-support-5.2.15.RELEASE.jar;E:\Tools\Maven\maven-repository\com\sun\mail\jakarta.mail\1.6.7\jakarta.mail-1.6.7.jar;E:\Tools\Maven\maven-repository\com\sun\activation\jakarta.activation\1.2.2\jakarta.activation-1.2.2.jar;E:\Tools\Maven\maven-repository\javax\servlet\javax.servlet-api\4.0.1\javax.servlet-api-4.0.1.jar;E:\Tools\Maven\maven-repository\org\apache\commons\commons-lang3\3.12.0\commons-lang3-3.12.0.jar;E:\Tools\Maven\maven-repository\junit\junit\4.12\junit-4.12.jar;E:\Tools\Maven\maven-repository\org\hamcrest\hamcrest-core\2.2\hamcrest-core-2.2.jar;E:\Tools\Maven\maven-repository\commons-fileupload\commons-fileupload\1.5\commons-fileupload-1.5.jar;E:\Tools\Maven\maven-repository\commons-io\commons-io\2.11.0\commons-io-2.11.0.jar;E:\Tools\Maven\maven-repository\org\springframework\boot\spring-boot-starter-data-redis\2.3.12.RELEASE\spring-boot-starter-data-redis-2.3.12.RELEASE.jar;E:\Tools\Maven\maven-repository\org\springframework\data\spring-data-redis\2.3.9.RELEASE\spring-data-redis-2.3.9.RELEASE.jar;E:\Tools\Maven\maven-repository\org\springframework\data\spring-data-keyvalue\2.3.9.RELEASE\spring-data-keyvalue-2.3.9.RELEASE.jar;E:\Tools\Maven\maven-repository\org\springframework\spring-oxm\5.2.15.RELEASE\spring-oxm-5.2.15.RELEASE.jar;E:\Tools\Maven\maven-repository\io\lettuce\lettuce-core\5.3.7.RELEASE\lettuce-core-5.3.7.RELEASE.jar;E:\Tools\Maven\maven-repository\io\netty\netty-common\4.1.65.Final\netty-common-4.1.65.Final.jar;E:\Tools\Maven\maven-repository\io\netty\netty-handler\4.1.65.Final\netty-handler-4.1.65.Final.jar;E:\Tools\Maven\maven-repository\io\netty\netty-resolver\4.1.65.Final\netty-resolver-4.1.65.Final.jar;E:\Tools\Maven\maven-repository\io\netty\netty-buffer\4.1.65.Final\netty-buffer-4.1.65.Final.jar;E:\Tools\Maven\maven-repository\io\netty\netty-codec\4.1.65.Final\netty-codec-4.1.65.Final.jar;E:\Tools\Maven\maven-repository\io\netty\netty-transport\4.1.65.Final\netty-transport-4.1.65.Final.jar;E:\Tools\Maven\maven-repository\io\projectreactor\reactor-core\3.3.17.RELEASE\reactor-core-3.3.17.RELEASE.jar;E:\Tools\Maven\maven-repository\org\reactivestreams\reactive-streams\1.0.3\reactive-streams-1.0.3.jar;E:\Tools\Maven\maven-repository\com\alipay\sdk\alipay-sdk-java\4.39.2.ALL\alipay-sdk-java-4.39.2.ALL.jar;E:\Tools\Maven\maven-repository\commons-logging\commons-logging\1.1.1\commons-logging-1.1.1.jar;E:\Tools\Maven\maven-repository\org\bouncycastle\bcprov-jdk15on\1.62\bcprov-jdk15on-1.62.jar;E:\Tools\Maven\maven-repository\dom4j\dom4j\1.6.1\dom4j-1.6.1.jar;E:\Tools\Maven\maven-repository\xml-apis\xml-apis\1.0.b2\xml-apis-1.0.b2.jar;E:\Tools\Maven\maven-repository\com\squareup\okhttp3\okhttp\3.14.9\okhttp-3.14.9.jar;E:\Tools\Maven\maven-repository\com\squareup\okio\okio\1.17.2\okio-1.17.2.jar;E:\Tools\Maven\maven-repository\org\projectlombok\lombok\1.18.20\lombok-1.18.20.jar;E:\Tools\Maven\maven-repository\org\aspectj\aspectjweaver\1.8.5\aspectjweaver-1.8.5.jar;E:\Tools\Maven\maven-repository\org\springframework\boot\spring-boot-starter-data-elasticsearch\2.3.12.RELEASE\spring-boot-starter-data-elasticsearch-2.3.12.RELEASE.jar;E:\Tools\Maven\maven-repository\org\springframework\data\spring-data-elasticsearch\4.0.9.RELEASE\spring-data-elasticsearch-4.0.9.RELEASE.jar;E:\Tools\Maven\maven-repository\org\springframework\data\spring-data-commons\2.3.9.RELEASE\spring-data-commons-2.3.9.RELEASE.jar;E:\Tools\Maven\maven-repository\org\elasticsearch\plugin\transport-netty4-client\7.6.2\transport-netty4-client-7.6.2.jar;E:\Tools\Maven\maven-repository\io\netty\netty-codec-http\4.1.65.Final\netty-codec-http-4.1.65.Final.jar;E:\Tools\Maven\maven-repository\org\elasticsearch\client\elasticsearch-rest-high-level-client\7.6.2\elasticsearch-rest-high-level-client-7.6.2.jar;E:\Tools\Maven\maven-repository\org\elasticsearch\elasticsearch\7.6.2\elasticsearch-7.6.2.jar;E:\Tools\Maven\maven-repository\org\elasticsearch\elasticsearch-core\7.6.2\elasticsearch-core-7.6.2.jar;E:\Tools\Maven\maven-repository\org\elasticsearch\elasticsearch-secure-sm\7.6.2\elasticsearch-secure-sm-7.6.2.jar;E:\Tools\Maven\maven-repository\org\elasticsearch\elasticsearch-x-content\7.6.2\elasticsearch-x-content-7.6.2.jar;E:\Tools\Maven\maven-repository\com\fasterxml\jackson\dataformat\jackson-dataformat-smile\2.11.4\jackson-dataformat-smile-2.11.4.jar;E:\Tools\Maven\maven-repository\com\fasterxml\jackson\dataformat\jackson-dataformat-yaml\2.11.4\jackson-dataformat-yaml-2.11.4.jar;E:\Tools\Maven\maven-repository\com\fasterxml\jackson\dataformat\jackson-dataformat-cbor\2.11.4\jackson-dataformat-cbor-2.11.4.jar;E:\Tools\Maven\maven-repository\org\elasticsearch\elasticsearch-geo\7.6.2\elasticsearch-geo-7.6.2.jar;E:\Tools\Maven\maven-repository\org\apache\lucene\lucene-core\8.4.0\lucene-core-8.4.0.jar;E:\Tools\Maven\maven-repository\org\apache\lucene\lucene-analyzers-common\8.4.0\lucene-analyzers-common-8.4.0.jar;E:\Tools\Maven\maven-repository\org\apache\lucene\lucene-backward-codecs\8.4.0\lucene-backward-codecs-8.4.0.jar;E:\Tools\Maven\maven-repository\org\apache\lucene\lucene-grouping\8.4.0\lucene-grouping-8.4.0.jar;E:\Tools\Maven\maven-repository\org\apache\lucene\lucene-highlighter\8.4.0\lucene-highlighter-8.4.0.jar;E:\Tools\Maven\maven-repository\org\apache\lucene\lucene-join\8.4.0\lucene-join-8.4.0.jar;E:\Tools\Maven\maven-repository\org\apache\lucene\lucene-memory\8.4.0\lucene-memory-8.4.0.jar;E:\Tools\Maven\maven-repository\org\apache\lucene\lucene-misc\8.4.0\lucene-misc-8.4.0.jar;E:\Tools\Maven\maven-repository\org\apache\lucene\lucene-queries\8.4.0\lucene-queries-8.4.0.jar;E:\Tools\Maven\maven-repository\org\apache\lucene\lucene-queryparser\8.4.0\lucene-queryparser-8.4.0.jar;E:\Tools\Maven\maven-repository\org\apache\lucene\lucene-sandbox\8.4.0\lucene-sandbox-8.4.0.jar;E:\Tools\Maven\maven-repository\org\apache\lucene\lucene-spatial\8.4.0\lucene-spatial-8.4.0.jar;E:\Tools\Maven\maven-repository\org\apache\lucene\lucene-spatial-extras\8.4.0\lucene-spatial-extras-8.4.0.jar;E:\Tools\Maven\maven-repository\org\apache\lucene\lucene-spatial3d\8.4.0\lucene-spatial3d-8.4.0.jar;E:\Tools\Maven\maven-repository\org\apache\lucene\lucene-suggest\8.4.0\lucene-suggest-8.4.0.jar;E:\Tools\Maven\maven-repository\org\elasticsearch\elasticsearch-cli\7.6.2\elasticsearch-cli-7.6.2.jar;E:\Tools\Maven\maven-repository\net\sf\jopt-simple\jopt-simple\5.0.2\jopt-simple-5.0.2.jar;E:\Tools\Maven\maven-repository\com\carrotsearch\hppc\0.8.1\hppc-0.8.1.jar;E:\Tools\Maven\maven-repository\joda-time\joda-time\2.10.4\joda-time-2.10.4.jar;E:\Tools\Maven\maven-repository\com\tdunning\t-digest\3.2\t-digest-3.2.jar;E:\Tools\Maven\maven-repository\org\hdrhistogram\HdrHistogram\2.1.9\HdrHistogram-2.1.9.jar;E:\Tools\Maven\maven-repository\org\elasticsearch\jna\4.5.1\jna-4.5.1.jar;E:\Tools\Maven\maven-repository\org\elasticsearch\client\elasticsearch-rest-client\7.6.2\elasticsearch-rest-client-7.6.2.jar;E:\Tools\Maven\maven-repository\org\apache\httpcomponents\httpclient\4.5.13\httpclient-4.5.13.jar;E:\Tools\Maven\maven-repository\org\apache\httpcomponents\httpcore\4.4.14\httpcore-4.4.14.jar;E:\Tools\Maven\maven-repository\org\apache\httpcomponents\httpasyncclient\4.1.4\httpasyncclient-4.1.4.jar;E:\Tools\Maven\maven-repository\org\apache\httpcomponents\httpcore-nio\4.4.14\httpcore-nio-4.4.14.jar;E:\Tools\Maven\maven-repository\commons-codec\commons-codec\1.14\commons-codec-1.14.jar;E:\Tools\Maven\maven-repository\org\elasticsearch\plugin\mapper-extras-client\7.6.2\mapper-extras-client-7.6.2.jar;E:\Tools\Maven\maven-repository\org\elasticsearch\plugin\parent-join-client\7.6.2\parent-join-client-7.6.2.jar;E:\Tools\Maven\maven-repository\org\elasticsearch\plugin\aggs-matrix-stats-client\7.6.2\aggs-matrix-stats-client-7.6.2.jar;E:\Tools\Maven\maven-repository\org\elasticsearch\plugin\rank-eval-client\7.6.2\rank-eval-client-7.6.2.jar;E:\Tools\Maven\maven-repository\org\elasticsearch\plugin\lang-mustache-client\7.6.2\lang-mustache-client-7.6.2.jar;E:\Tools\Maven\maven-repository\com\github\spullara\mustache\java\compiler\0.9.6\compiler-0.9.6.jar;E:\Tools\Maven\maven-repository\com\fasterxml\jackson\core\jackson-core\2.11.4\jackson-core-2.11.4.jar;E:\Tools\Maven\maven-repository\com\auth0\java-jwt\3.19.2\java-jwt-3.19.2.jar;E:\Tools\Maven\maven-repository\com\fasterxml\jackson\core\jackson-databind\2.11.4\jackson-databind-2.11.4.jar;E:\Tools\Maven\maven-repository\com\fasterxml\jackson\core\jackson-annotations\2.11.4\jackson-annotations-2.11.4.jar;"/>
    <property name="java.vm.vendor" value="Oracle Corporation"/>
    <property name="sun.arch.data.model" value="64"/>
    <property name="user.variant" value=""/>
    <property name="java.vendor.url" value="https://java.oracle.com/"/>
    <property name="user.timezone" value="Asia/Shanghai"/>
    <property name="os.name" value="Windows 11"/>
    <property name="java.vm.specification.version" value="19"/>
    <property name="user.country" value="CN"/>
    <property name="sun.java.launcher" value="SUN_STANDARD"/>
    <property name="sun.boot.library.path" value="E:\ComSoft\jdk19\bin"/>
    <property name="sun.java.command" value="C:\Users\daidai\AppData\Local\Temp\surefire1947665314747984331\surefirebooter-20240320141406746_3.jar C:\Users\daidai\AppData\Local\Temp\surefire1947665314747984331 2024-03-20T14-14-06_598-jvmRun1 surefire-20240320141406746_1tmp surefire_0-20240320141406746_2tmp"/>
    <property name="jdk.debug" value="release"/>
    <property name="surefire.test.class.path" value="D:\IdeaProject\springboot\easyBuy\target\test-classes;D:\IdeaProject\springboot\easyBuy\target\classes;E:\Tools\Maven\maven-repository\org\mybatis\spring\boot\mybatis-spring-boot-starter\2.0.1\mybatis-spring-boot-starter-2.0.1.jar;E:\Tools\Maven\maven-repository\org\springframework\boot\spring-boot-starter\2.3.12.RELEASE\spring-boot-starter-2.3.12.RELEASE.jar;E:\Tools\Maven\maven-repository\org\springframework\boot\spring-boot\2.3.12.RELEASE\spring-boot-2.3.12.RELEASE.jar;E:\Tools\Maven\maven-repository\org\springframework\boot\spring-boot-autoconfigure\2.3.12.RELEASE\spring-boot-autoconfigure-2.3.12.RELEASE.jar;E:\Tools\Maven\maven-repository\org\springframework\boot\spring-boot-starter-logging\2.3.12.RELEASE\spring-boot-starter-logging-2.3.12.RELEASE.jar;E:\Tools\Maven\maven-repository\ch\qos\logback\logback-classic\1.2.3\logback-classic-1.2.3.jar;E:\Tools\Maven\maven-repository\ch\qos\logback\logback-core\1.2.3\logback-core-1.2.3.jar;E:\Tools\Maven\maven-repository\org\apache\logging\log4j\log4j-to-slf4j\2.13.3\log4j-to-slf4j-2.13.3.jar;E:\Tools\Maven\maven-repository\org\apache\logging\log4j\log4j-api\2.13.3\log4j-api-2.13.3.jar;E:\Tools\Maven\maven-repository\org\slf4j\jul-to-slf4j\1.7.30\jul-to-slf4j-1.7.30.jar;E:\Tools\Maven\maven-repository\jakarta\annotation\jakarta.annotation-api\1.3.5\jakarta.annotation-api-1.3.5.jar;E:\Tools\Maven\maven-repository\org\yaml\snakeyaml\1.26\snakeyaml-1.26.jar;E:\Tools\Maven\maven-repository\org\mybatis\spring\boot\mybatis-spring-boot-autoconfigure\2.0.1\mybatis-spring-boot-autoconfigure-2.0.1.jar;E:\Tools\Maven\maven-repository\org\mybatis\mybatis\3.5.1\mybatis-3.5.1.jar;E:\Tools\Maven\maven-repository\org\mybatis\mybatis-spring\2.0.1\mybatis-spring-2.0.1.jar;E:\Tools\Maven\maven-repository\org\junit\jupiter\junit-jupiter-api\5.5.0\junit-jupiter-api-5.5.0.jar;E:\Tools\Maven\maven-repository\org\apiguardian\apiguardian-api\1.1.0\apiguardian-api-1.1.0.jar;E:\Tools\Maven\maven-repository\org\opentest4j\opentest4j\1.2.0\opentest4j-1.2.0.jar;E:\Tools\Maven\maven-repository\org\junit\platform\junit-platform-commons\1.6.3\junit-platform-commons-1.6.3.jar;E:\Tools\Maven\maven-repository\org\springframework\boot\spring-boot-starter-test\2.3.12.RELEASE\spring-boot-starter-test-2.3.12.RELEASE.jar;E:\Tools\Maven\maven-repository\org\springframework\boot\spring-boot-test\2.3.12.RELEASE\spring-boot-test-2.3.12.RELEASE.jar;E:\Tools\Maven\maven-repository\org\springframework\boot\spring-boot-test-autoconfigure\2.3.12.RELEASE\spring-boot-test-autoconfigure-2.3.12.RELEASE.jar;E:\Tools\Maven\maven-repository\com\jayway\jsonpath\json-path\2.4.0\json-path-2.4.0.jar;E:\Tools\Maven\maven-repository\net\minidev\json-smart\2.3.1\json-smart-2.3.1.jar;E:\Tools\Maven\maven-repository\net\minidev\accessors-smart\2.3.1\accessors-smart-2.3.1.jar;E:\Tools\Maven\maven-repository\org\ow2\asm\asm\5.0.4\asm-5.0.4.jar;E:\Tools\Maven\maven-repository\org\slf4j\slf4j-api\1.7.30\slf4j-api-1.7.30.jar;E:\Tools\Maven\maven-repository\jakarta\xml\bind\jakarta.xml.bind-api\2.3.3\jakarta.xml.bind-api-2.3.3.jar;E:\Tools\Maven\maven-repository\jakarta\activation\jakarta.activation-api\1.2.2\jakarta.activation-api-1.2.2.jar;E:\Tools\Maven\maven-repository\org\assertj\assertj-core\3.16.1\assertj-core-3.16.1.jar;E:\Tools\Maven\maven-repository\org\hamcrest\hamcrest\2.2\hamcrest-2.2.jar;E:\Tools\Maven\maven-repository\org\junit\jupiter\junit-jupiter\5.6.3\junit-jupiter-5.6.3.jar;E:\Tools\Maven\maven-repository\org\junit\jupiter\junit-jupiter-params\5.6.3\junit-jupiter-params-5.6.3.jar;E:\Tools\Maven\maven-repository\org\junit\jupiter\junit-jupiter-engine\5.6.3\junit-jupiter-engine-5.6.3.jar;E:\Tools\Maven\maven-repository\org\junit\vintage\junit-vintage-engine\5.6.3\junit-vintage-engine-5.6.3.jar;E:\Tools\Maven\maven-repository\org\junit\platform\junit-platform-engine\1.6.3\junit-platform-engine-1.6.3.jar;E:\Tools\Maven\maven-repository\org\mockito\mockito-core\3.3.3\mockito-core-3.3.3.jar;E:\Tools\Maven\maven-repository\net\bytebuddy\byte-buddy\1.10.22\byte-buddy-1.10.22.jar;E:\Tools\Maven\maven-repository\net\bytebuddy\byte-buddy-agent\1.10.22\byte-buddy-agent-1.10.22.jar;E:\Tools\Maven\maven-repository\org\objenesis\objenesis\2.6\objenesis-2.6.jar;E:\Tools\Maven\maven-repository\org\mockito\mockito-junit-jupiter\3.3.3\mockito-junit-jupiter-3.3.3.jar;E:\Tools\Maven\maven-repository\org\skyscreamer\jsonassert\1.5.0\jsonassert-1.5.0.jar;E:\Tools\Maven\maven-repository\com\vaadin\external\google\android-json\0.0.20131108.vaadin1\android-json-0.0.20131108.vaadin1.jar;E:\Tools\Maven\maven-repository\org\springframework\spring-core\5.2.15.RELEASE\spring-core-5.2.15.RELEASE.jar;E:\Tools\Maven\maven-repository\org\springframework\spring-jcl\5.2.15.RELEASE\spring-jcl-5.2.15.RELEASE.jar;E:\Tools\Maven\maven-repository\org\springframework\spring-test\5.2.15.RELEASE\spring-test-5.2.15.RELEASE.jar;E:\Tools\Maven\maven-repository\org\xmlunit\xmlunit-core\2.7.0\xmlunit-core-2.7.0.jar;E:\Tools\Maven\maven-repository\org\springframework\boot\spring-boot-starter-web\2.3.12.RELEASE\spring-boot-starter-web-2.3.12.RELEASE.jar;E:\Tools\Maven\maven-repository\org\springframework\boot\spring-boot-starter-json\2.3.12.RELEASE\spring-boot-starter-json-2.3.12.RELEASE.jar;E:\Tools\Maven\maven-repository\com\fasterxml\jackson\datatype\jackson-datatype-jdk8\2.11.4\jackson-datatype-jdk8-2.11.4.jar;E:\Tools\Maven\maven-repository\com\fasterxml\jackson\datatype\jackson-datatype-jsr310\2.11.4\jackson-datatype-jsr310-2.11.4.jar;E:\Tools\Maven\maven-repository\com\fasterxml\jackson\module\jackson-module-parameter-names\2.11.4\jackson-module-parameter-names-2.11.4.jar;E:\Tools\Maven\maven-repository\org\springframework\boot\spring-boot-starter-tomcat\2.3.12.RELEASE\spring-boot-starter-tomcat-2.3.12.RELEASE.jar;E:\Tools\Maven\maven-repository\org\glassfish\jakarta.el\3.0.3\jakarta.el-3.0.3.jar;E:\Tools\Maven\maven-repository\org\apache\tomcat\embed\tomcat-embed-websocket\9.0.46\tomcat-embed-websocket-9.0.46.jar;E:\Tools\Maven\maven-repository\org\springframework\spring-web\5.2.15.RELEASE\spring-web-5.2.15.RELEASE.jar;E:\Tools\Maven\maven-repository\org\springframework\spring-beans\5.2.15.RELEASE\spring-beans-5.2.15.RELEASE.jar;E:\Tools\Maven\maven-repository\org\springframework\spring-webmvc\5.2.15.RELEASE\spring-webmvc-5.2.15.RELEASE.jar;E:\Tools\Maven\maven-repository\org\springframework\spring-aop\5.2.15.RELEASE\spring-aop-5.2.15.RELEASE.jar;E:\Tools\Maven\maven-repository\org\springframework\spring-context\5.2.15.RELEASE\spring-context-5.2.15.RELEASE.jar;E:\Tools\Maven\maven-repository\org\springframework\spring-expression\5.2.15.RELEASE\spring-expression-5.2.15.RELEASE.jar;E:\Tools\Maven\maven-repository\mysql\mysql-connector-java\8.0.25\mysql-connector-java-8.0.25.jar;E:\Tools\Maven\maven-repository\org\springframework\boot\spring-boot-starter-jdbc\2.3.12.RELEASE\spring-boot-starter-jdbc-2.3.12.RELEASE.jar;E:\Tools\Maven\maven-repository\com\zaxxer\HikariCP\3.4.5\HikariCP-3.4.5.jar;E:\Tools\Maven\maven-repository\org\springframework\spring-jdbc\5.2.15.RELEASE\spring-jdbc-5.2.15.RELEASE.jar;E:\Tools\Maven\maven-repository\org\springframework\spring-tx\5.2.15.RELEASE\spring-tx-5.2.15.RELEASE.jar;E:\Tools\Maven\maven-repository\com\alibaba\fastjson\1.2.46\fastjson-1.2.46.jar;E:\Tools\Maven\maven-repository\com\github\pagehelper\pagehelper-spring-boot-starter\1.2.5\pagehelper-spring-boot-starter-1.2.5.jar;E:\Tools\Maven\maven-repository\com\github\pagehelper\pagehelper-spring-boot-autoconfigure\1.2.5\pagehelper-spring-boot-autoconfigure-1.2.5.jar;E:\Tools\Maven\maven-repository\com\github\pagehelper\pagehelper\5.1.4\pagehelper-5.1.4.jar;E:\Tools\Maven\maven-repository\com\github\jsqlparser\jsqlparser\1.0\jsqlparser-1.0.jar;E:\Tools\Maven\maven-repository\com\alibaba\druid\1.1.0\druid-1.1.0.jar;E:\ComSoft\jdk19\..\lib\jconsole.jar;E:\ComSoft\jdk19\..\lib\tools.jar;E:\Tools\Maven\maven-repository\javax\servlet\jstl\1.2\jstl-1.2.jar;E:\Tools\Maven\maven-repository\org\apache\tomcat\embed\tomcat-embed-jasper\9.0.46\tomcat-embed-jasper-9.0.46.jar;E:\Tools\Maven\maven-repository\org\apache\tomcat\embed\tomcat-embed-core\9.0.46\tomcat-embed-core-9.0.46.jar;E:\Tools\Maven\maven-repository\org\apache\tomcat\tomcat-annotations-api\9.0.46\tomcat-annotations-api-9.0.46.jar;E:\Tools\Maven\maven-repository\org\apache\tomcat\embed\tomcat-embed-el\9.0.46\tomcat-embed-el-9.0.46.jar;E:\Tools\Maven\maven-repository\org\eclipse\jdt\ecj\3.18.0\ecj-3.18.0.jar;E:\Tools\Maven\maven-repository\org\springframework\boot\spring-boot-starter-mail\2.3.12.RELEASE\spring-boot-starter-mail-2.3.12.RELEASE.jar;E:\Tools\Maven\maven-repository\org\springframework\spring-context-support\5.2.15.RELEASE\spring-context-support-5.2.15.RELEASE.jar;E:\Tools\Maven\maven-repository\com\sun\mail\jakarta.mail\1.6.7\jakarta.mail-1.6.7.jar;E:\Tools\Maven\maven-repository\com\sun\activation\jakarta.activation\1.2.2\jakarta.activation-1.2.2.jar;E:\Tools\Maven\maven-repository\javax\servlet\javax.servlet-api\4.0.1\javax.servlet-api-4.0.1.jar;E:\Tools\Maven\maven-repository\org\apache\commons\commons-lang3\3.12.0\commons-lang3-3.12.0.jar;E:\Tools\Maven\maven-repository\junit\junit\4.12\junit-4.12.jar;E:\Tools\Maven\maven-repository\org\hamcrest\hamcrest-core\2.2\hamcrest-core-2.2.jar;E:\Tools\Maven\maven-repository\commons-fileupload\commons-fileupload\1.5\commons-fileupload-1.5.jar;E:\Tools\Maven\maven-repository\commons-io\commons-io\2.11.0\commons-io-2.11.0.jar;E:\Tools\Maven\maven-repository\org\springframework\boot\spring-boot-starter-data-redis\2.3.12.RELEASE\spring-boot-starter-data-redis-2.3.12.RELEASE.jar;E:\Tools\Maven\maven-repository\org\springframework\data\spring-data-redis\2.3.9.RELEASE\spring-data-redis-2.3.9.RELEASE.jar;E:\Tools\Maven\maven-repository\org\springframework\data\spring-data-keyvalue\2.3.9.RELEASE\spring-data-keyvalue-2.3.9.RELEASE.jar;E:\Tools\Maven\maven-repository\org\springframework\spring-oxm\5.2.15.RELEASE\spring-oxm-5.2.15.RELEASE.jar;E:\Tools\Maven\maven-repository\io\lettuce\lettuce-core\5.3.7.RELEASE\lettuce-core-5.3.7.RELEASE.jar;E:\Tools\Maven\maven-repository\io\netty\netty-common\4.1.65.Final\netty-common-4.1.65.Final.jar;E:\Tools\Maven\maven-repository\io\netty\netty-handler\4.1.65.Final\netty-handler-4.1.65.Final.jar;E:\Tools\Maven\maven-repository\io\netty\netty-resolver\4.1.65.Final\netty-resolver-4.1.65.Final.jar;E:\Tools\Maven\maven-repository\io\netty\netty-buffer\4.1.65.Final\netty-buffer-4.1.65.Final.jar;E:\Tools\Maven\maven-repository\io\netty\netty-codec\4.1.65.Final\netty-codec-4.1.65.Final.jar;E:\Tools\Maven\maven-repository\io\netty\netty-transport\4.1.65.Final\netty-transport-4.1.65.Final.jar;E:\Tools\Maven\maven-repository\io\projectreactor\reactor-core\3.3.17.RELEASE\reactor-core-3.3.17.RELEASE.jar;E:\Tools\Maven\maven-repository\org\reactivestreams\reactive-streams\1.0.3\reactive-streams-1.0.3.jar;E:\Tools\Maven\maven-repository\com\alipay\sdk\alipay-sdk-java\4.39.2.ALL\alipay-sdk-java-4.39.2.ALL.jar;E:\Tools\Maven\maven-repository\commons-logging\commons-logging\1.1.1\commons-logging-1.1.1.jar;E:\Tools\Maven\maven-repository\org\bouncycastle\bcprov-jdk15on\1.62\bcprov-jdk15on-1.62.jar;E:\Tools\Maven\maven-repository\dom4j\dom4j\1.6.1\dom4j-1.6.1.jar;E:\Tools\Maven\maven-repository\xml-apis\xml-apis\1.0.b2\xml-apis-1.0.b2.jar;E:\Tools\Maven\maven-repository\com\squareup\okhttp3\okhttp\3.14.9\okhttp-3.14.9.jar;E:\Tools\Maven\maven-repository\com\squareup\okio\okio\1.17.2\okio-1.17.2.jar;E:\Tools\Maven\maven-repository\org\projectlombok\lombok\1.18.20\lombok-1.18.20.jar;E:\Tools\Maven\maven-repository\org\aspectj\aspectjweaver\1.8.5\aspectjweaver-1.8.5.jar;E:\Tools\Maven\maven-repository\org\springframework\boot\spring-boot-starter-data-elasticsearch\2.3.12.RELEASE\spring-boot-starter-data-elasticsearch-2.3.12.RELEASE.jar;E:\Tools\Maven\maven-repository\org\springframework\data\spring-data-elasticsearch\4.0.9.RELEASE\spring-data-elasticsearch-4.0.9.RELEASE.jar;E:\Tools\Maven\maven-repository\org\springframework\data\spring-data-commons\2.3.9.RELEASE\spring-data-commons-2.3.9.RELEASE.jar;E:\Tools\Maven\maven-repository\org\elasticsearch\plugin\transport-netty4-client\7.6.2\transport-netty4-client-7.6.2.jar;E:\Tools\Maven\maven-repository\io\netty\netty-codec-http\4.1.65.Final\netty-codec-http-4.1.65.Final.jar;E:\Tools\Maven\maven-repository\org\elasticsearch\client\elasticsearch-rest-high-level-client\7.6.2\elasticsearch-rest-high-level-client-7.6.2.jar;E:\Tools\Maven\maven-repository\org\elasticsearch\elasticsearch\7.6.2\elasticsearch-7.6.2.jar;E:\Tools\Maven\maven-repository\org\elasticsearch\elasticsearch-core\7.6.2\elasticsearch-core-7.6.2.jar;E:\Tools\Maven\maven-repository\org\elasticsearch\elasticsearch-secure-sm\7.6.2\elasticsearch-secure-sm-7.6.2.jar;E:\Tools\Maven\maven-repository\org\elasticsearch\elasticsearch-x-content\7.6.2\elasticsearch-x-content-7.6.2.jar;E:\Tools\Maven\maven-repository\com\fasterxml\jackson\dataformat\jackson-dataformat-smile\2.11.4\jackson-dataformat-smile-2.11.4.jar;E:\Tools\Maven\maven-repository\com\fasterxml\jackson\dataformat\jackson-dataformat-yaml\2.11.4\jackson-dataformat-yaml-2.11.4.jar;E:\Tools\Maven\maven-repository\com\fasterxml\jackson\dataformat\jackson-dataformat-cbor\2.11.4\jackson-dataformat-cbor-2.11.4.jar;E:\Tools\Maven\maven-repository\org\elasticsearch\elasticsearch-geo\7.6.2\elasticsearch-geo-7.6.2.jar;E:\Tools\Maven\maven-repository\org\apache\lucene\lucene-core\8.4.0\lucene-core-8.4.0.jar;E:\Tools\Maven\maven-repository\org\apache\lucene\lucene-analyzers-common\8.4.0\lucene-analyzers-common-8.4.0.jar;E:\Tools\Maven\maven-repository\org\apache\lucene\lucene-backward-codecs\8.4.0\lucene-backward-codecs-8.4.0.jar;E:\Tools\Maven\maven-repository\org\apache\lucene\lucene-grouping\8.4.0\lucene-grouping-8.4.0.jar;E:\Tools\Maven\maven-repository\org\apache\lucene\lucene-highlighter\8.4.0\lucene-highlighter-8.4.0.jar;E:\Tools\Maven\maven-repository\org\apache\lucene\lucene-join\8.4.0\lucene-join-8.4.0.jar;E:\Tools\Maven\maven-repository\org\apache\lucene\lucene-memory\8.4.0\lucene-memory-8.4.0.jar;E:\Tools\Maven\maven-repository\org\apache\lucene\lucene-misc\8.4.0\lucene-misc-8.4.0.jar;E:\Tools\Maven\maven-repository\org\apache\lucene\lucene-queries\8.4.0\lucene-queries-8.4.0.jar;E:\Tools\Maven\maven-repository\org\apache\lucene\lucene-queryparser\8.4.0\lucene-queryparser-8.4.0.jar;E:\Tools\Maven\maven-repository\org\apache\lucene\lucene-sandbox\8.4.0\lucene-sandbox-8.4.0.jar;E:\Tools\Maven\maven-repository\org\apache\lucene\lucene-spatial\8.4.0\lucene-spatial-8.4.0.jar;E:\Tools\Maven\maven-repository\org\apache\lucene\lucene-spatial-extras\8.4.0\lucene-spatial-extras-8.4.0.jar;E:\Tools\Maven\maven-repository\org\apache\lucene\lucene-spatial3d\8.4.0\lucene-spatial3d-8.4.0.jar;E:\Tools\Maven\maven-repository\org\apache\lucene\lucene-suggest\8.4.0\lucene-suggest-8.4.0.jar;E:\Tools\Maven\maven-repository\org\elasticsearch\elasticsearch-cli\7.6.2\elasticsearch-cli-7.6.2.jar;E:\Tools\Maven\maven-repository\net\sf\jopt-simple\jopt-simple\5.0.2\jopt-simple-5.0.2.jar;E:\Tools\Maven\maven-repository\com\carrotsearch\hppc\0.8.1\hppc-0.8.1.jar;E:\Tools\Maven\maven-repository\joda-time\joda-time\2.10.4\joda-time-2.10.4.jar;E:\Tools\Maven\maven-repository\com\tdunning\t-digest\3.2\t-digest-3.2.jar;E:\Tools\Maven\maven-repository\org\hdrhistogram\HdrHistogram\2.1.9\HdrHistogram-2.1.9.jar;E:\Tools\Maven\maven-repository\org\elasticsearch\jna\4.5.1\jna-4.5.1.jar;E:\Tools\Maven\maven-repository\org\elasticsearch\client\elasticsearch-rest-client\7.6.2\elasticsearch-rest-client-7.6.2.jar;E:\Tools\Maven\maven-repository\org\apache\httpcomponents\httpclient\4.5.13\httpclient-4.5.13.jar;E:\Tools\Maven\maven-repository\org\apache\httpcomponents\httpcore\4.4.14\httpcore-4.4.14.jar;E:\Tools\Maven\maven-repository\org\apache\httpcomponents\httpasyncclient\4.1.4\httpasyncclient-4.1.4.jar;E:\Tools\Maven\maven-repository\org\apache\httpcomponents\httpcore-nio\4.4.14\httpcore-nio-4.4.14.jar;E:\Tools\Maven\maven-repository\commons-codec\commons-codec\1.14\commons-codec-1.14.jar;E:\Tools\Maven\maven-repository\org\elasticsearch\plugin\mapper-extras-client\7.6.2\mapper-extras-client-7.6.2.jar;E:\Tools\Maven\maven-repository\org\elasticsearch\plugin\parent-join-client\7.6.2\parent-join-client-7.6.2.jar;E:\Tools\Maven\maven-repository\org\elasticsearch\plugin\aggs-matrix-stats-client\7.6.2\aggs-matrix-stats-client-7.6.2.jar;E:\Tools\Maven\maven-repository\org\elasticsearch\plugin\rank-eval-client\7.6.2\rank-eval-client-7.6.2.jar;E:\Tools\Maven\maven-repository\org\elasticsearch\plugin\lang-mustache-client\7.6.2\lang-mustache-client-7.6.2.jar;E:\Tools\Maven\maven-repository\com\github\spullara\mustache\java\compiler\0.9.6\compiler-0.9.6.jar;E:\Tools\Maven\maven-repository\com\fasterxml\jackson\core\jackson-core\2.11.4\jackson-core-2.11.4.jar;E:\Tools\Maven\maven-repository\com\auth0\java-jwt\3.19.2\java-jwt-3.19.2.jar;E:\Tools\Maven\maven-repository\com\fasterxml\jackson\core\jackson-databind\2.11.4\jackson-databind-2.11.4.jar;E:\Tools\Maven\maven-repository\com\fasterxml\jackson\core\jackson-annotations\2.11.4\jackson-annotations-2.11.4.jar;"/>
    <property name="sun.cpu.endian" value="little"/>
    <property name="user.home" value="C:\Users\daidai"/>
    <property name="user.language" value="zh"/>
    <property name="java.specification.vendor" value="Oracle Corporation"/>
    <property name="java.version.date" value="2022-10-18"/>
    <property name="java.home" value="E:\ComSoft\jdk19"/>
    <property name="file.separator" value="\"/>
    <property name="basedir" value="D:\IdeaProject\springboot\easyBuy"/>
    <property name="java.vm.compressedOopsMode" value="Zero based"/>
    <property name="line.separator" value="&#10;"/>
    <property name="java.vm.specification.vendor" value="Oracle Corporation"/>
    <property name="java.specification.name" value="Java Platform API Specification"/>
    <property name="java.awt.headless" value="true"/>
    <property name="surefire.real.class.path" value="C:\Users\daidai\AppData\Local\Temp\surefire1947665314747984331\surefirebooter-20240320141406746_3.jar"/>
    <property name="user.script" value=""/>
    <property name="sun.management.compiler" value="HotSpot 64-Bit Tiered Compilers"/>
    <property name="java.runtime.version" value="19.0.1+10-21"/>
    <property name="user.name" value="daidai"/>
    <property name="stdout.encoding" value="GBK"/>
    <property name="path.separator" value=";"/>
    <property name="os.version" value="10.0"/>
    <property name="java.runtime.name" value="Java(TM) SE Runtime Environment"/>
    <property name="file.encoding" value="UTF-8"/>
    <property name="spring.beaninfo.ignore" value="true"/>
    <property name="java.vm.name" value="Java HotSpot(TM) 64-Bit Server VM"/>
    <property name="LOG_FILE" value="debug.log"/>
    <property name="localRepository" value="E:\Tools\Maven\maven-repository"/>
    <property name="java.vendor.url.bug" value="https://bugreport.java.com/bugreport/"/>
    <property name="java.io.tmpdir" value="C:\Users\daidai\AppData\Local\Temp\"/>
    <property name="idea.version" value="2022.2"/>
    <property name="java.version" value="19.0.1"/>
    <property name="user.dir" value="D:\IdeaProject\springboot\easyBuy"/>
    <property name="os.arch" value="amd64"/>
    <property name="java.vm.specification.name" value="Java Virtual Machine Specification"/>
    <property name="PID" value="28292"/>
    <property name="sun.os.patch.level" value=""/>
    <property name="native.encoding" value="GBK"/>
    <property name="java.library.path" value="E:\ComSoft\jdk19\bin;C:\WINDOWS\Sun\Java\bin;C:\WINDOWS\system32;C:\WINDOWS;E:\VMware\bin\;E:\Oracle\bin;E:\oracle数据库\bin;C:;Program Files\Common Files\Oracle\Java\javapath;C:\Program Files (x86)\Common Files\Oracle\Java\javapath;C:\WINDOWS\system32;C:\WINDOWS;C:\WINDOWS\System32\Wbem;C:\WINDOWS\System32\WindowsPowerShell\v1.0\;C:\WINDOWS\System32\OpenSSH\;C:\Users\Administrator\AppData\Local\Microsoft\WindowsApps;C:\Recovery\OEM\Backup\;C:\Program Files (x86)\NVIDIA Corporation\PhysX\Common;C:\Program Files\NVIDIA Corporation\NVIDIA NvDLISR;C:\Program Files\Bandizip\;C:\Program Files\MySQL\MySQL Server 8.0\bin;E:\ComSoft\jdk1.8\bin;E:\tomact\apache-tomcat-7.0.96\lib;E:\tomact\apache-tomcat-7.0.96\bin;E:\tomact\apache-tomcat-7.0.96\lib\servlet-api.jar;E:\maven\apache-maven-3.9.1\bin;E:\nodejs\node_global\node_modules;E:\nodejs\;C:\WINDOWS\system32;C:\WINDOWS;C:\WINDOWS\System32\Wbem;C:\WINDOWS\System32\WindowsPowerShell\v1.0\;C:\WINDOWS\System32\OpenSSH\;C:\Users\daidai\AppData\Roaming\npm;C:\Users\daidai\AppData\Roaming\npm\vue.CMD;D:\svn\bin;E:\Redis;E:\ComSoft\jdk1.8\jre\bin;E:\git上传\Git\cmd;C:\Users\daidai\AppData\Local\Microsoft\WindowsApps;E:\DataGrip 2022.3\bin;;E:\nodejs\node_global;;."/>
    <property name="java.vm.info" value="mixed mode, sharing"/>
    <property name="stderr.encoding" value="GBK"/>
    <property name="java.vendor" value="Oracle Corporation"/>
    <property name="java.vm.version" value="19.0.1+10-21"/>
    <property name="sun.io.unicode.encoding" value="UnicodeLittle"/>
    <property name="maven.repo.local" value="E:\Tools\Maven\maven-repository"/>
    <property name="java.class.version" value="63.0"/>
  </properties>
  <testcase name="contextLoads" classname="com.kgc.easybuy.EasyBuyApplicationTests" time="0.813">
    <error message="org/junit/jupiter/api/extension/TestInstancePreDestroyCallback" type="java.lang.NoClassDefFoundError"><![CDATA[java.lang.NoClassDefFoundError: org/junit/jupiter/api/extension/TestInstancePreDestroyCallback
	at org.junit.jupiter.engine.descriptor.TestMethodTestDescriptor.invokeTestInstancePreDestroyCallbacks(TestMethodTestDescriptor.java:259)
	at org.junit.jupiter.engine.descriptor.TestMethodTestDescriptor.execute(TestMethodTestDescriptor.java:145)
	at org.junit.jupiter.engine.descriptor.TestMethodTestDescriptor.execute(TestMethodTestDescriptor.java:71)
	at org.junit.platform.engine.support.hierarchical.NodeTestTask.lambda$executeRecursively$5(NodeTestTask.java:135)
	at org.junit.platform.engine.support.hierarchical.ThrowableCollector.execute(ThrowableCollector.java:73)
	at org.junit.platform.engine.support.hierarchical.NodeTestTask.lambda$executeRecursively$7(NodeTestTask.java:125)
	at org.junit.platform.engine.support.hierarchical.Node.around(Node.java:135)
	at org.junit.platform.engine.support.hierarchical.NodeTestTask.lambda$executeRecursively$8(NodeTestTask.java:123)
	at org.junit.platform.engine.support.hierarchical.ThrowableCollector.execute(ThrowableCollector.java:73)
	at org.junit.platform.engine.support.hierarchical.NodeTestTask.executeRecursively(NodeTestTask.java:122)
	at org.junit.platform.engine.support.hierarchical.NodeTestTask.execute(NodeTestTask.java:80)
	at java.base/java.util.ArrayList.forEach(ArrayList.java:1511)
	at org.junit.platform.engine.support.hierarchical.SameThreadHierarchicalTestExecutorService.invokeAll(SameThreadHierarchicalTestExecutorService.java:38)
	at org.junit.platform.engine.support.hierarchical.NodeTestTask.lambda$executeRecursively$5(NodeTestTask.java:139)
	at org.junit.platform.engine.support.hierarchical.ThrowableCollector.execute(ThrowableCollector.java:73)
	at org.junit.platform.engine.support.hierarchical.NodeTestTask.lambda$executeRecursively$7(NodeTestTask.java:125)
	at org.junit.platform.engine.support.hierarchical.Node.around(Node.java:135)
	at org.junit.platform.engine.support.hierarchical.NodeTestTask.lambda$executeRecursively$8(NodeTestTask.java:123)
	at org.junit.platform.engine.support.hierarchical.ThrowableCollector.execute(ThrowableCollector.java:73)
	at org.junit.platform.engine.support.hierarchical.NodeTestTask.executeRecursively(NodeTestTask.java:122)
	at org.junit.platform.engine.support.hierarchical.NodeTestTask.execute(NodeTestTask.java:80)
	at java.base/java.util.ArrayList.forEach(ArrayList.java:1511)
	at org.junit.platform.engine.support.hierarchical.SameThreadHierarchicalTestExecutorService.invokeAll(SameThreadHierarchicalTestExecutorService.java:38)
	at org.junit.platform.engine.support.hierarchical.NodeTestTask.lambda$executeRecursively$5(NodeTestTask.java:139)
	at org.junit.platform.engine.support.hierarchical.ThrowableCollector.execute(ThrowableCollector.java:73)
	at org.junit.platform.engine.support.hierarchical.NodeTestTask.lambda$executeRecursively$7(NodeTestTask.java:125)
	at org.junit.platform.engine.support.hierarchical.Node.around(Node.java:135)
	at org.junit.platform.engine.support.hierarchical.NodeTestTask.lambda$executeRecursively$8(NodeTestTask.java:123)
	at org.junit.platform.engine.support.hierarchical.ThrowableCollector.execute(ThrowableCollector.java:73)
	at org.junit.platform.engine.support.hierarchical.NodeTestTask.executeRecursively(NodeTestTask.java:122)
	at org.junit.platform.engine.support.hierarchical.NodeTestTask.execute(NodeTestTask.java:80)
	at org.junit.platform.engine.support.hierarchical.SameThreadHierarchicalTestExecutorService.submit(SameThreadHierarchicalTestExecutorService.java:32)
	at org.junit.platform.engine.support.hierarchical.HierarchicalTestExecutor.execute(HierarchicalTestExecutor.java:57)
	at org.junit.platform.engine.support.hierarchical.HierarchicalTestEngine.execute(HierarchicalTestEngine.java:51)
	at org.junit.platform.launcher.core.DefaultLauncher.execute(DefaultLauncher.java:248)
	at org.junit.platform.launcher.core.DefaultLauncher.lambda$execute$5(DefaultLauncher.java:211)
	at org.junit.platform.launcher.core.DefaultLauncher.withInterceptedStreams(DefaultLauncher.java:226)
	at org.junit.platform.launcher.core.DefaultLauncher.execute(DefaultLauncher.java:199)
	at org.junit.platform.launcher.core.DefaultLauncher.execute(DefaultLauncher.java:132)
	at org.apache.maven.surefire.junitplatform.LazyLauncher.execute(LazyLauncher.java:50)
	at org.apache.maven.surefire.junitplatform.JUnitPlatformProvider.execute(JUnitPlatformProvider.java:184)
	at org.apache.maven.surefire.junitplatform.JUnitPlatformProvider.invokeAllTests(JUnitPlatformProvider.java:148)
	at org.apache.maven.surefire.junitplatform.JUnitPlatformProvider.invoke(JUnitPlatformProvider.java:122)
	at org.apache.maven.surefire.booter.ForkedBooter.runSuitesInProcess(ForkedBooter.java:385)
	at org.apache.maven.surefire.booter.ForkedBooter.execute(ForkedBooter.java:162)
	at org.apache.maven.surefire.booter.ForkedBooter.run(ForkedBooter.java:507)
	at org.apache.maven.surefire.booter.ForkedBooter.main(ForkedBooter.java:495)
Caused by: java.lang.ClassNotFoundException: org.junit.jupiter.api.extension.TestInstancePreDestroyCallback
	at java.base/jdk.internal.loader.BuiltinClassLoader.loadClass(BuiltinClassLoader.java:641)
	at java.base/jdk.internal.loader.ClassLoaders$AppClassLoader.loadClass(ClassLoaders.java:188)
	at java.base/java.lang.ClassLoader.loadClass(ClassLoader.java:521)
	... 47 more
]]></error>
    <system-out><![CDATA[14:14:07.990 [main] DEBUG org.springframework.test.context.BootstrapUtils - Instantiating CacheAwareContextLoaderDelegate from class [org.springframework.test.context.cache.DefaultCacheAwareContextLoaderDelegate]
14:14:08.021 [main] DEBUG org.springframework.test.context.BootstrapUtils - Instantiating BootstrapContext using constructor [public org.springframework.test.context.support.DefaultBootstrapContext(java.lang.Class,org.springframework.test.context.CacheAwareContextLoaderDelegate)]
14:14:08.083 [main] DEBUG org.springframework.test.context.BootstrapUtils - Instantiating TestContextBootstrapper for test class [com.kgc.easybuy.EasyBuyApplicationTests] from class [org.springframework.boot.test.context.SpringBootTestContextBootstrapper]
14:14:08.129 [main] INFO org.springframework.boot.test.context.SpringBootTestContextBootstrapper - Neither @ContextConfiguration nor @ContextHierarchy found for test class [com.kgc.easybuy.EasyBuyApplicationTests], using SpringBootContextLoader
14:14:08.136 [main] DEBUG org.springframework.test.context.support.AbstractContextLoader - Did not detect default resource location for test class [com.kgc.easybuy.EasyBuyApplicationTests]: class path resource [com/kgc/easybuy/EasyBuyApplicationTests-context.xml] does not exist
14:14:08.136 [main] DEBUG org.springframework.test.context.support.AbstractContextLoader - Did not detect default resource location for test class [com.kgc.easybuy.EasyBuyApplicationTests]: class path resource [com/kgc/easybuy/EasyBuyApplicationTestsContext.groovy] does not exist
14:14:08.137 [main] INFO org.springframework.test.context.support.AbstractContextLoader - Could not detect default resource locations for test class [com.kgc.easybuy.EasyBuyApplicationTests]: no resource found for suffixes {-context.xml, Context.groovy}.
14:14:08.138 [main] INFO org.springframework.test.context.support.AnnotationConfigContextLoaderUtils - Could not detect default configuration classes for test class [com.kgc.easybuy.EasyBuyApplicationTests]: EasyBuyApplicationTests does not declare any static, non-private, non-final, nested classes annotated with @Configuration.
14:14:08.220 [main] DEBUG org.springframework.test.context.support.ActiveProfilesUtils - Could not find an 'annotation declaring class' for annotation type [org.springframework.test.context.ActiveProfiles] and class [com.kgc.easybuy.EasyBuyApplicationTests]
14:14:08.455 [main] DEBUG org.springframework.context.annotation.ClassPathScanningCandidateComponentProvider - Identified candidate component class: file [D:\IdeaProject\springboot\easyBuy\target\classes\com\kgc\easybuy\EasyBuyApplication.class]
14:14:08.458 [main] INFO org.springframework.boot.test.context.SpringBootTestContextBootstrapper - Found @SpringBootConfiguration com.kgc.easybuy.EasyBuyApplication for test class com.kgc.easybuy.EasyBuyApplicationTests
14:14:08.711 [main] DEBUG org.springframework.boot.test.context.SpringBootTestContextBootstrapper - @TestExecutionListeners is not present for class [com.kgc.easybuy.EasyBuyApplicationTests]: using defaults.
14:14:08.712 [main] INFO org.springframework.boot.test.context.SpringBootTestContextBootstrapper - Loaded default TestExecutionListener class names from location [META-INF/spring.factories]: [org.springframework.boot.test.mock.mockito.MockitoTestExecutionListener, org.springframework.boot.test.mock.mockito.ResetMocksTestExecutionListener, org.springframework.boot.test.autoconfigure.restdocs.RestDocsTestExecutionListener, org.springframework.boot.test.autoconfigure.web.client.MockRestServiceServerResetTestExecutionListener, org.springframework.boot.test.autoconfigure.web.servlet.MockMvcPrintOnlyOnFailureTestExecutionListener, org.springframework.boot.test.autoconfigure.web.servlet.WebDriverTestExecutionListener, org.springframework.boot.test.autoconfigure.webservices.client.MockWebServiceServerTestExecutionListener, org.springframework.test.context.web.ServletTestExecutionListener, org.springframework.test.context.support.DirtiesContextBeforeModesTestExecutionListener, org.springframework.test.context.support.DependencyInjectionTestExecutionListener, org.springframework.test.context.support.DirtiesContextTestExecutionListener, org.springframework.test.context.transaction.TransactionalTestExecutionListener, org.springframework.test.context.jdbc.SqlScriptsTestExecutionListener, org.springframework.test.context.event.EventPublishingTestExecutionListener]
14:14:08.742 [main] INFO org.springframework.boot.test.context.SpringBootTestContextBootstrapper - Using TestExecutionListeners: [org.springframework.test.context.web.ServletTestExecutionListener@6127a7e, org.springframework.test.context.support.DirtiesContextBeforeModesTestExecutionListener@6bbe2511, org.springframework.boot.test.mock.mockito.MockitoTestExecutionListener@495fac5f, org.springframework.boot.test.autoconfigure.SpringBootDependencyInjectionTestExecutionListener@76012793, org.springframework.test.context.support.DirtiesContextTestExecutionListener@635572a7, org.springframework.test.context.transaction.TransactionalTestExecutionListener@79d94571, org.springframework.test.context.jdbc.SqlScriptsTestExecutionListener@4dd02341, org.springframework.test.context.event.EventPublishingTestExecutionListener@3212a8d7, org.springframework.boot.test.mock.mockito.ResetMocksTestExecutionListener@7a1a3478, org.springframework.boot.test.autoconfigure.restdocs.RestDocsTestExecutionListener@495b0487, org.springframework.boot.test.autoconfigure.web.client.MockRestServiceServerResetTestExecutionListener@55dfcc6, org.springframework.boot.test.autoconfigure.web.servlet.MockMvcPrintOnlyOnFailureTestExecutionListener@222eb8aa, org.springframework.boot.test.autoconfigure.web.servlet.WebDriverTestExecutionListener@93cf163, org.springframework.boot.test.autoconfigure.webservices.client.MockWebServiceServerTestExecutionListener@1852a3ff]
14:14:08.750 [main] DEBUG org.springframework.test.context.support.AbstractDirtiesContextTestExecutionListener - Before test class: context [DefaultTestContext@5d5f10b2 testClass = EasyBuyApplicationTests, testInstance = [null], testMethod = [null], testException = [null], mergedContextConfiguration = [WebMergedContextConfiguration@74c79fa2 testClass = EasyBuyApplicationTests, locations = '{}', classes = '{class com.kgc.easybuy.EasyBuyApplication}', contextInitializerClasses = '[]', activeProfiles = '{}', propertySourceLocations = '{}', propertySourceProperties = '{org.springframework.boot.test.context.SpringBootTestContextBootstrapper=true}', contextCustomizers = set[org.springframework.boot.test.context.filter.ExcludeFilterContextCustomizer@235ecd9f, org.springframework.boot.test.json.DuplicateJsonObjectContextCustomizerFactory$DuplicateJsonObjectContextCustomizer@2034b64c, org.springframework.boot.test.mock.mockito.MockitoContextCustomizer@0, org.springframework.boot.test.web.client.TestRestTemplateContextCustomizer@4a83a74a, org.springframework.boot.test.autoconfigure.properties.PropertyMappingContextCustomizer@0, org.springframework.boot.test.autoconfigure.web.servlet.WebDriverContextCustomizerFactory$Customizer@1caa0244, org.springframework.boot.test.context.SpringBootTestArgs@1, org.springframework.boot.test.context.SpringBootTestWebEnvironment@2bbaf4f0], resourceBasePath = 'src/main/webapp', contextLoader = 'org.springframework.boot.test.context.SpringBootContextLoader', parent = [null]], attributes = map['org.springframework.test.context.web.ServletTestExecutionListener.activateListener' -> true]], class annotated with @DirtiesContext [false] with mode [null].
14:14:08.800 [main] DEBUG org.springframework.test.context.support.TestPropertySourceUtils - Adding inlined properties to environment: {spring.jmx.enabled=false, org.springframework.boot.test.context.SpringBootTestContextBootstrapper=true}
2024-03-20 14:14:09.154 DEBUG 28292 --- [           main] .c.l.ClasspathLoggingApplicationListener : Application started with classpath: unknown

  .   ____          _            __ _ _
 /\\ / ___'_ __ _ _(_)_ __  __ _ \ \ \ \
( ( )\___ | '_ | '_| | '_ \/ _` | \ \ \ \
 \\/  ___)| |_)| | | | | || (_| |  ) ) ) )
  '  |____| .__|_| |_|_| |_\__, | / / / /
 =========|_|==============|___/=/_/_/_/
 :: Spring Boot ::       (v2.3.12.RELEASE)

2024-03-20 14:14:09.232  INFO 28292 --- [           main] com.kgc.easybuy.EasyBuyApplicationTests  : Starting EasyBuyApplicationTests on NRAG-E1QMX8 with PID 28292 (started by daidai in D:\IdeaProject\springboot\easyBuy)
2024-03-20 14:14:09.233 DEBUG 28292 --- [           main] com.kgc.easybuy.EasyBuyApplicationTests  : Running with Spring Boot v2.3.12.RELEASE, Spring v5.2.15.RELEASE
2024-03-20 14:14:09.234  INFO 28292 --- [           main] com.kgc.easybuy.EasyBuyApplicationTests  : No active profile set, falling back to default profiles: default
2024-03-20 14:14:09.234 DEBUG 28292 --- [           main] o.s.boot.SpringApplication               : Loading source class com.kgc.easybuy.EasyBuyApplication
2024-03-20 14:14:09.279 DEBUG 28292 --- [           main] o.s.b.c.c.ConfigFileApplicationListener  : Loaded config file 'file:/D:/IdeaProject/springboot/easyBuy/target/classes/application.properties' (classpath:/application.properties)
2024-03-20 14:14:09.282 DEBUG 28292 --- [           main] o.s.w.c.s.GenericWebApplicationContext   : Refreshing org.springframework.web.context.support.GenericWebApplicationContext@4a8a60bc
2024-03-20 14:14:09.307 DEBUG 28292 --- [           main] o.s.b.f.s.DefaultListableBeanFactory     : Creating shared instance of singleton bean 'org.springframework.context.annotation.internalConfigurationAnnotationProcessor'
2024-03-20 14:14:09.326 DEBUG 28292 --- [           main] o.s.b.f.s.DefaultListableBeanFactory     : Creating shared instance of singleton bean 'org.springframework.boot.autoconfigure.internalCachingMetadataReaderFactory'
2024-03-20 14:14:09.405 DEBUG 28292 --- [           main] o.s.c.a.ClassPathBeanDefinitionScanner   : Identified candidate component class: file [D:\IdeaProject\springboot\easyBuy\target\classes\com\kgc\easybuy\aop\Logg.class]
2024-03-20 14:14:09.407 DEBUG 28292 --- [           main] o.s.c.a.ClassPathBeanDefinitionScanner   : Identified candidate component class: file [D:\IdeaProject\springboot\easyBuy\target\classes\com\kgc\easybuy\config\AlipayRunner.class]
2024-03-20 14:14:09.409 DEBUG 28292 --- [           main] o.s.c.a.ClassPathBeanDefinitionScanner   : Ignored because not a concrete top-level class: file [D:\IdeaProject\springboot\easyBuy\target\classes\com\kgc\easybuy\config\ProductEsRepository.class]
2024-03-20 14:14:09.427 DEBUG 28292 --- [           main] o.s.c.a.ClassPathBeanDefinitionScanner   : Identified candidate component class: file [D:\IdeaProject\springboot\easyBuy\target\classes\com\kgc\easybuy\config\SendEmail.class]
2024-03-20 14:14:09.437 DEBUG 28292 --- [           main] o.s.c.a.ClassPathBeanDefinitionScanner   : Identified candidate component class: file [D:\IdeaProject\springboot\easyBuy\target\classes\com\kgc\easybuy\controller\AlipayController.class]
2024-03-20 14:14:09.442 DEBUG 28292 --- [           main] o.s.c.a.ClassPathBeanDefinitionScanner   : Identified candidate component class: file [D:\IdeaProject\springboot\easyBuy\target\classes\com\kgc\easybuy\controller\CatController.class]
2024-03-20 14:14:09.444 DEBUG 28292 --- [           main] o.s.c.a.ClassPathBeanDefinitionScanner   : Identified candidate component class: file [D:\IdeaProject\springboot\easyBuy\target\classes\com\kgc\easybuy\controller\CategoryController.class]
2024-03-20 14:14:09.446 DEBUG 28292 --- [           main] o.s.c.a.ClassPathBeanDefinitionScanner   : Identified candidate component class: file [D:\IdeaProject\springboot\easyBuy\target\classes\com\kgc\easybuy\controller\NewsController.class]
2024-03-20 14:14:09.448 DEBUG 28292 --- [           main] o.s.c.a.ClassPathBeanDefinitionScanner   : Identified candidate component class: file [D:\IdeaProject\springboot\easyBuy\target\classes\com\kgc\easybuy\controller\ProductController.class]
2024-03-20 14:14:09.450 DEBUG 28292 --- [           main] o.s.c.a.ClassPathBeanDefinitionScanner   : Identified candidate component class: file [D:\IdeaProject\springboot\easyBuy\target\classes\com\kgc\easybuy\controller\UserController.class]
2024-03-20 14:14:09.457 DEBUG 28292 --- [           main] o.s.c.a.ClassPathBeanDefinitionScanner   : Ignored because not a concrete top-level class: file [D:\IdeaProject\springboot\easyBuy\target\classes\com\kgc\easybuy\dao\UserMapper.class]
2024-03-20 14:14:09.458 DEBUG 28292 --- [           main] o.s.c.a.ClassPathBeanDefinitionScanner   : Identified candidate component class: file [D:\IdeaProject\springboot\easyBuy\target\classes\com\kgc\easybuy\pojo\AlipayDBPojo.class]
2024-03-20 14:14:09.460 DEBUG 28292 --- [           main] o.s.c.a.ClassPathBeanDefinitionScanner   : Identified candidate component class: file [D:\IdeaProject\springboot\easyBuy\target\classes\com\kgc\easybuy\pojo\AlipayPojo.class]
2024-03-20 14:14:09.471 DEBUG 28292 --- [           main] o.s.c.a.ClassPathBeanDefinitionScanner   : Identified candidate component class: file [D:\IdeaProject\springboot\easyBuy\target\classes\com\kgc\easybuy\service\impl\AlipayServiceImpl.class]
2024-03-20 14:14:09.472 DEBUG 28292 --- [           main] o.s.c.a.ClassPathBeanDefinitionScanner   : Identified candidate component class: file [D:\IdeaProject\springboot\easyBuy\target\classes\com\kgc\easybuy\service\impl\CatServiceImpl.class]
2024-03-20 14:14:09.474 DEBUG 28292 --- [           main] o.s.c.a.ClassPathBeanDefinitionScanner   : Identified candidate component class: file [D:\IdeaProject\springboot\easyBuy\target\classes\com\kgc\easybuy\service\impl\CategoryServiceImpl.class]
2024-03-20 14:14:09.475 DEBUG 28292 --- [           main] o.s.c.a.ClassPathBeanDefinitionScanner   : Identified candidate component class: file [D:\IdeaProject\springboot\easyBuy\target\classes\com\kgc\easybuy\service\impl\NewsServiceImpl.class]
2024-03-20 14:14:09.476 DEBUG 28292 --- [           main] o.s.c.a.ClassPathBeanDefinitionScanner   : Identified candidate component class: file [D:\IdeaProject\springboot\easyBuy\target\classes\com\kgc\easybuy\service\impl\ProductServiceImpl.class]
2024-03-20 14:14:09.477 DEBUG 28292 --- [           main] o.s.c.a.ClassPathBeanDefinitionScanner   : Identified candidate component class: file [D:\IdeaProject\springboot\easyBuy\target\classes\com\kgc\easybuy\service\impl\UserServiceImpl.class]
2024-03-20 14:14:09.480 DEBUG 28292 --- [           main] o.s.c.a.ClassPathBeanDefinitionScanner   : Identified candidate component class: file [D:\IdeaProject\springboot\easyBuy\target\classes\com\kgc\easybuy\util\RedisUtil.class]
2024-03-20 14:14:09.819 DEBUG 28292 --- [           main] o.s.c.e.PropertySourcesPropertyResolver  : Found key 'spring.datasource.type' in PropertySource 'configurationProperties' with value of type String
2024-03-20 14:14:09.823 DEBUG 28292 --- [           main] o.s.c.e.PropertySourcesPropertyResolver  : Found key 'spring.datasource.type' in PropertySource 'configurationProperties' with value of type String
2024-03-20 14:14:09.825 DEBUG 28292 --- [           main] o.s.c.e.PropertySourcesPropertyResolver  : Found key 'spring.datasource.type' in PropertySource 'configurationProperties' with value of type String
2024-03-20 14:14:09.826 DEBUG 28292 --- [           main] o.s.c.e.PropertySourcesPropertyResolver  : Found key 'spring.jmx.enabled' in PropertySource 'configurationProperties' with value of type String
2024-03-20 14:14:09.828 DEBUG 28292 --- [           main] o.s.c.e.PropertySourcesPropertyResolver  : Found key 'spring.datasource.url' in PropertySource 'configurationProperties' with value of type String
2024-03-20 14:14:09.840 DEBUG 28292 --- [           main] o.s.c.e.PropertySourcesPropertyResolver  : Found key 'spring.jmx.enabled' in PropertySource 'configurationProperties' with value of type String
2024-03-20 14:14:09.929 DEBUG 28292 --- [           main] o.s.c.e.PropertySourcesPropertyResolver  : Found key 'spring.mail.host' in PropertySource 'configurationProperties' with value of type String
2024-03-20 14:14:09.933 DEBUG 28292 --- [           main] o.s.c.e.PropertySourcesPropertyResolver  : Found key 'spring.mail.host' in PropertySource 'configurationProperties' with value of type String
2024-03-20 14:14:09.934 DEBUG 28292 --- [           main] o.s.c.e.PropertySourcesPropertyResolver  : Found key 'spring.mail.test-connection' in PropertySource 'configurationProperties' with value of type String
2024-03-20 14:14:09.964 DEBUG 28292 --- [           main] org.apache.ibatis.logging.LogFactory     : Logging initialized using 'class org.apache.ibatis.logging.slf4j.Slf4jImpl' adapter.
2024-03-20 14:14:09.970 DEBUG 28292 --- [           main] o.m.s.mapper.ClassPathMapperScanner      : Identified candidate component class: file [D:\IdeaProject\springboot\easyBuy\target\classes\com\kgc\easybuy\dao\AlipayDao.class]
2024-03-20 14:14:09.970 DEBUG 28292 --- [           main] o.m.s.mapper.ClassPathMapperScanner      : Identified candidate component class: file [D:\IdeaProject\springboot\easyBuy\target\classes\com\kgc\easybuy\dao\CatMapper.class]
2024-03-20 14:14:09.970 DEBUG 28292 --- [           main] o.m.s.mapper.ClassPathMapperScanner      : Identified candidate component class: file [D:\IdeaProject\springboot\easyBuy\target\classes\com\kgc\easybuy\dao\CategoryMapper.class]
2024-03-20 14:14:09.970 DEBUG 28292 --- [           main] o.m.s.mapper.ClassPathMapperScanner      : Identified candidate component class: file [D:\IdeaProject\springboot\easyBuy\target\classes\com\kgc\easybuy\dao\NewsMapper.class]
2024-03-20 14:14:09.971 DEBUG 28292 --- [           main] o.m.s.mapper.ClassPathMapperScanner      : Identified candidate component class: file [D:\IdeaProject\springboot\easyBuy\target\classes\com\kgc\easybuy\dao\ProductMapper.class]
2024-03-20 14:14:09.971 DEBUG 28292 --- [           main] o.m.s.mapper.ClassPathMapperScanner      : Identified candidate component class: file [D:\IdeaProject\springboot\easyBuy\target\classes\com\kgc\easybuy\dao\UserMapper.class]
2024-03-20 14:14:09.971 DEBUG 28292 --- [           main] o.m.s.mapper.ClassPathMapperScanner      : Creating MapperFactoryBean with name 'alipayDao' and 'com.kgc.easybuy.dao.AlipayDao' mapperInterface
2024-03-20 14:14:09.972 DEBUG 28292 --- [           main] o.m.s.mapper.ClassPathMapperScanner      : Enabling autowire by type for MapperFactoryBean with name 'alipayDao'.
2024-03-20 14:14:09.972 DEBUG 28292 --- [           main] o.m.s.mapper.ClassPathMapperScanner      : Creating MapperFactoryBean with name 'catMapper' and 'com.kgc.easybuy.dao.CatMapper' mapperInterface
2024-03-20 14:14:09.972 DEBUG 28292 --- [           main] o.m.s.mapper.ClassPathMapperScanner      : Enabling autowire by type for MapperFactoryBean with name 'catMapper'.
2024-03-20 14:14:09.972 DEBUG 28292 --- [           main] o.m.s.mapper.ClassPathMapperScanner      : Creating MapperFactoryBean with name 'categoryMapper' and 'com.kgc.easybuy.dao.CategoryMapper' mapperInterface
2024-03-20 14:14:09.972 DEBUG 28292 --- [           main] o.m.s.mapper.ClassPathMapperScanner      : Enabling autowire by type for MapperFactoryBean with name 'categoryMapper'.
2024-03-20 14:14:09.972 DEBUG 28292 --- [           main] o.m.s.mapper.ClassPathMapperScanner      : Creating MapperFactoryBean with name 'newsMapper' and 'com.kgc.easybuy.dao.NewsMapper' mapperInterface
2024-03-20 14:14:09.972 DEBUG 28292 --- [           main] o.m.s.mapper.ClassPathMapperScanner      : Enabling autowire by type for MapperFactoryBean with name 'newsMapper'.
2024-03-20 14:14:09.973 DEBUG 28292 --- [           main] o.m.s.mapper.ClassPathMapperScanner      : Creating MapperFactoryBean with name 'productMapper' and 'com.kgc.easybuy.dao.ProductMapper' mapperInterface
2024-03-20 14:14:09.973 DEBUG 28292 --- [           main] o.m.s.mapper.ClassPathMapperScanner      : Enabling autowire by type for MapperFactoryBean with name 'productMapper'.
2024-03-20 14:14:09.973 DEBUG 28292 --- [           main] o.m.s.mapper.ClassPathMapperScanner      : Creating MapperFactoryBean with name 'userMapper' and 'com.kgc.easybuy.dao.UserMapper' mapperInterface
2024-03-20 14:14:09.973 DEBUG 28292 --- [           main] o.m.s.mapper.ClassPathMapperScanner      : Enabling autowire by type for MapperFactoryBean with name 'userMapper'.
2024-03-20 14:14:10.061 DEBUG 28292 --- [           main] o.s.c.e.PropertySourcesPropertyResolver  : Found key 'spring.datasource.type' in PropertySource 'configurationProperties' with value of type String
2024-03-20 14:14:10.120  INFO 28292 --- [           main] .s.d.r.c.RepositoryConfigurationDelegate : Multiple Spring Data modules found, entering strict repository configuration mode!
2024-03-20 14:14:10.122  INFO 28292 --- [           main] .s.d.r.c.RepositoryConfigurationDelegate : Bootstrapping Spring Data Elasticsearch repositories in DEFAULT mode.
2024-03-20 14:14:10.127 DEBUG 28292 --- [           main] o.s.b.f.s.DefaultListableBeanFactory     : Creating shared instance of singleton bean 'org.springframework.boot.autoconfigure.AutoConfigurationPackages'
2024-03-20 14:14:10.133 DEBUG 28292 --- [           main] o.s.b.a.AutoConfigurationPackages        : @EnableAutoConfiguration was declared on a class in the package 'com.kgc.easybuy'. Automatic @Repository and @Entity scanning is enabled.
2024-03-20 14:14:10.135 DEBUG 28292 --- [           main] .s.d.r.c.RepositoryConfigurationDelegate : Scanning for Elasticsearch repositories in packages com.kgc.easybuy.
2024-03-20 14:14:10.146 DEBUG 28292 --- [           main] o.s.d.r.c.RepositoryComponentProvider    : Identified candidate component class: file [D:\IdeaProject\springboot\easyBuy\target\classes\com\kgc\easybuy\config\ProductEsRepository.class]
2024-03-20 14:14:10.307 DEBUG 28292 --- [           main] ssPathScanningCandidateComponentProvider : Identified candidate component class: file [D:\IdeaProject\springboot\easyBuy\target\classes\com\kgc\easybuy\service\impl\AlipayServiceImpl.class]
2024-03-20 14:14:10.307 DEBUG 28292 --- [           main] ssPathScanningCandidateComponentProvider : Identified candidate component class: file [D:\IdeaProject\springboot\easyBuy\target\classes\com\kgc\easybuy\service\impl\CatServiceImpl.class]
2024-03-20 14:14:10.307 DEBUG 28292 --- [           main] ssPathScanningCandidateComponentProvider : Identified candidate component class: file [D:\IdeaProject\springboot\easyBuy\target\classes\com\kgc\easybuy\service\impl\CategoryServiceImpl.class]
2024-03-20 14:14:10.307 DEBUG 28292 --- [           main] ssPathScanningCandidateComponentProvider : Identified candidate component class: file [D:\IdeaProject\springboot\easyBuy\target\classes\com\kgc\easybuy\service\impl\NewsServiceImpl.class]
2024-03-20 14:14:10.307 DEBUG 28292 --- [           main] ssPathScanningCandidateComponentProvider : Identified candidate component class: file [D:\IdeaProject\springboot\easyBuy\target\classes\com\kgc\easybuy\service\impl\ProductServiceImpl.class]
2024-03-20 14:14:10.308 DEBUG 28292 --- [           main] ssPathScanningCandidateComponentProvider : Identified candidate component class: file [D:\IdeaProject\springboot\easyBuy\target\classes\com\kgc\easybuy\service\impl\UserServiceImpl.class]
2024-03-20 14:14:10.356  INFO 28292 --- [           main] .s.d.r.c.RepositoryConfigurationDelegate : Finished Spring Data repository scanning in 221ms. Found 1 Elasticsearch repository interfaces.
2024-03-20 14:14:10.363  INFO 28292 --- [           main] .s.d.r.c.RepositoryConfigurationDelegate : Multiple Spring Data modules found, entering strict repository configuration mode!
2024-03-20 14:14:10.363  INFO 28292 --- [           main] .s.d.r.c.RepositoryConfigurationDelegate : Bootstrapping Spring Data Reactive Elasticsearch repositories in DEFAULT mode.
2024-03-20 14:14:10.364 DEBUG 28292 --- [           main] .s.d.r.c.RepositoryConfigurationDelegate : Scanning for Reactive Elasticsearch repositories in packages com.kgc.easybuy.
2024-03-20 14:14:10.377 DEBUG 28292 --- [           main] o.s.d.r.c.RepositoryComponentProvider    : Identified candidate component class: file [D:\IdeaProject\springboot\easyBuy\target\classes\com\kgc\easybuy\config\ProductEsRepository.class]
2024-03-20 14:14:10.380  INFO 28292 --- [           main] .RepositoryConfigurationExtensionSupport : Spring Data Reactive Elasticsearch - Could not safely identify store assignment for repository candidate interface com.kgc.easybuy.config.ProductEsRepository. If you want this repository to be a Reactive Elasticsearch repository, consider annotating your entities with one of these annotations: org.springframework.data.elasticsearch.annotations.Document (preferred), or consider extending one of the following types with your repository: org.springframework.data.elasticsearch.repository.ReactiveElasticsearchRepository.
2024-03-20 14:14:10.380  INFO 28292 --- [           main] .s.d.r.c.RepositoryConfigurationDelegate : Finished Spring Data repository scanning in 16ms. Found 0 Reactive Elasticsearch repository interfaces.
2024-03-20 14:14:10.401  INFO 28292 --- [           main] .s.d.r.c.RepositoryConfigurationDelegate : Multiple Spring Data modules found, entering strict repository configuration mode!
2024-03-20 14:14:10.403  INFO 28292 --- [           main] .s.d.r.c.RepositoryConfigurationDelegate : Bootstrapping Spring Data Redis repositories in DEFAULT mode.
2024-03-20 14:14:10.411 DEBUG 28292 --- [           main] .s.d.r.c.RepositoryConfigurationDelegate : Scanning for Redis repositories in packages com.kgc.easybuy.
2024-03-20 14:14:10.416 DEBUG 28292 --- [           main] o.s.d.r.c.RepositoryComponentProvider    : Identified candidate component class: file [D:\IdeaProject\springboot\easyBuy\target\classes\com\kgc\easybuy\config\ProductEsRepository.class]
2024-03-20 14:14:10.418  INFO 28292 --- [           main] .RepositoryConfigurationExtensionSupport : Spring Data Redis - Could not safely identify store assignment for repository candidate interface com.kgc.easybuy.config.ProductEsRepository. If you want this repository to be a Redis repository, consider annotating your entities with one of these annotations: org.springframework.data.redis.core.RedisHash (preferred), or consider extending one of the following types with your repository: org.springframework.data.keyvalue.repository.KeyValueRepository.
2024-03-20 14:14:10.418  INFO 28292 --- [           main] .s.d.r.c.RepositoryConfigurationDelegate : Finished Spring Data repository scanning in 6ms. Found 0 Redis repository interfaces.
2024-03-20 14:14:10.451 DEBUG 28292 --- [           main] o.s.c.e.PropertySourcesPropertyResolver  : Found key 'spring.mail.host' in PropertySource 'configurationProperties' with value of type String
2024-03-20 14:14:10.639 DEBUG 28292 --- [           main] o.s.b.f.s.DefaultListableBeanFactory     : Creating shared instance of singleton bean 'propertySourcesPlaceholderConfigurer'
2024-03-20 14:14:10.643 DEBUG 28292 --- [           main] o.s.b.f.s.DefaultListableBeanFactory     : Creating shared instance of singleton bean 'org.springframework.boot.test.mock.mockito.MockitoPostProcessor'
2024-03-20 14:14:10.685 DEBUG 28292 --- [           main] o.s.b.f.s.DefaultListableBeanFactory     : Creating shared instance of singleton bean 'org.springframework.context.event.internalEventListenerProcessor'
2024-03-20 14:14:10.686 DEBUG 28292 --- [           main] o.s.b.f.s.DefaultListableBeanFactory     : Creating shared instance of singleton bean 'preserveErrorControllerTargetClassPostProcessor'
2024-03-20 14:14:10.687 DEBUG 28292 --- [           main] o.s.b.f.s.DefaultListableBeanFactory     : Creating shared instance of singleton bean 'org.springframework.context.event.internalEventListenerFactory'
2024-03-20 14:14:10.688 DEBUG 28292 --- [           main] o.s.b.f.s.DefaultListableBeanFactory     : Creating shared instance of singleton bean 'org.springframework.transaction.config.internalTransactionalEventListenerFactory'
2024-03-20 14:14:10.692 DEBUG 28292 --- [           main] o.s.b.f.s.DefaultListableBeanFactory     : Creating shared instance of singleton bean 'org.springframework.boot.test.mock.mockito.MockitoPostProcessor$SpyPostProcessor'
2024-03-20 14:14:10.694 DEBUG 28292 --- [           main] o.s.b.f.s.DefaultListableBeanFactory     : Creating shared instance of singleton bean 'org.springframework.context.annotation.internalAutowiredAnnotationProcessor'
2024-03-20 14:14:10.696 DEBUG 28292 --- [           main] o.s.b.f.s.DefaultListableBeanFactory     : Creating shared instance of singleton bean 'org.springframework.context.annotation.internalCommonAnnotationProcessor'
2024-03-20 14:14:10.700 DEBUG 28292 --- [           main] o.s.b.f.s.DefaultListableBeanFactory     : Creating shared instance of singleton bean 'org.springframework.boot.context.properties.ConfigurationPropertiesBindingPostProcessor'
2024-03-20 14:14:10.700 DEBUG 28292 --- [           main] o.s.b.f.s.DefaultListableBeanFactory     : Creating shared instance of singleton bean 'org.springframework.boot.context.internalConfigurationPropertiesBinder'
2024-03-20 14:14:10.700 DEBUG 28292 --- [           main] o.s.b.f.s.DefaultListableBeanFactory     : Creating shared instance of singleton bean 'org.springframework.boot.context.internalConfigurationPropertiesBinderFactory'
2024-03-20 14:14:10.702 DEBUG 28292 --- [           main] o.s.b.f.s.DefaultListableBeanFactory     : Creating shared instance of singleton bean 'dataSourceInitializerPostProcessor'
2024-03-20 14:14:10.719 DEBUG 28292 --- [           main] o.s.b.f.s.DefaultListableBeanFactory     : Creating shared instance of singleton bean 'org.springframework.aop.config.internalAutoProxyCreator'
2024-03-20 14:14:10.745 DEBUG 28292 --- [           main] o.s.b.f.s.DefaultListableBeanFactory     : Creating shared instance of singleton bean 'persistenceExceptionTranslationPostProcessor'
2024-03-20 14:14:10.746 DEBUG 28292 --- [           main] o.s.b.f.s.DefaultListableBeanFactory     : Autowiring by type from bean name 'persistenceExceptionTranslationPostProcessor' via factory method to bean named 'environment'
2024-03-20 14:14:10.755 DEBUG 28292 --- [           main] o.s.b.f.s.DefaultListableBeanFactory     : Creating shared instance of singleton bean 'webServerFactoryCustomizerBeanPostProcessor'
2024-03-20 14:14:10.757 DEBUG 28292 --- [           main] o.s.b.f.s.DefaultListableBeanFactory     : Creating shared instance of singleton bean 'errorPageRegistrarBeanPostProcessor'
2024-03-20 14:14:10.760 DEBUG 28292 --- [           main] o.s.b.f.s.DefaultListableBeanFactory     : Creating shared instance of singleton bean 'projectingArgumentResolverBeanPostProcessor'
2024-03-20 14:14:10.762 DEBUG 28292 --- [           main] o.s.b.f.s.DefaultListableBeanFactory     : Creating shared instance of singleton bean 'org.springframework.transaction.config.internalTransactionAdvisor'
2024-03-20 14:14:10.762 DEBUG 28292 --- [           main] o.s.b.f.s.DefaultListableBeanFactory     : Creating shared instance of singleton bean 'org.springframework.transaction.annotation.ProxyTransactionManagementConfiguration'
2024-03-20 14:14:10.775 DEBUG 28292 --- [           main] .s.a.a.a.ReflectiveAspectJAdvisorFactory : Found AspectJ method: public java.lang.Object com.kgc.easybuy.aop.Logg.around(org.aspectj.lang.ProceedingJoinPoint)
2024-03-20 14:14:10.880 DEBUG 28292 --- [           main] o.s.b.f.s.DefaultListableBeanFactory     : Creating shared instance of singleton bean 'transactionAttributeSource'
2024-03-20 14:14:10.898 DEBUG 28292 --- [           main] o.s.b.f.s.DefaultListableBeanFactory     : Creating shared instance of singleton bean 'transactionInterceptor'
2024-03-20 14:14:10.899 DEBUG 28292 --- [           main] o.s.b.f.s.DefaultListableBeanFactory     : Autowiring by type from bean name 'transactionInterceptor' via factory method to bean named 'transactionAttributeSource'
2024-03-20 14:14:10.947 DEBUG 28292 --- [           main] o.s.b.f.s.DefaultListableBeanFactory     : Autowiring by type from bean name 'org.springframework.transaction.config.internalTransactionAdvisor' via factory method to bean named 'transactionAttributeSource'
2024-03-20 14:14:10.948 DEBUG 28292 --- [           main] o.s.b.f.s.DefaultListableBeanFactory     : Autowiring by type from bean name 'org.springframework.transaction.config.internalTransactionAdvisor' via factory method to bean named 'transactionInterceptor'
2024-03-20 14:14:10.981 DEBUG 28292 --- [           main] o.s.u.c.s.UiApplicationContextUtils      : Unable to locate ThemeSource with name 'themeSource': using default [org.springframework.ui.context.support.ResourceBundleThemeSource@2e32fc22]
2024-03-20 14:14:10.982 DEBUG 28292 --- [           main] o.s.b.f.s.DefaultListableBeanFactory     : Creating shared instance of singleton bean 'easyBuyApplication'
2024-03-20 14:14:10.989 DEBUG 28292 --- [           main] o.s.b.f.s.DefaultListableBeanFactory     : Creating shared instance of singleton bean 'logg'
2024-03-20 14:14:10.990 DEBUG 28292 --- [           main] o.s.b.f.s.DefaultListableBeanFactory     : Creating shared instance of singleton bean 'alipayRunner'
2024-03-20 14:14:10.995 DEBUG 28292 --- [           main] o.s.b.f.s.DefaultListableBeanFactory     : Creating shared instance of singleton bean 'alipayServiceImpl'
2024-03-20 14:14:10.997 DEBUG 28292 --- [           main] o.s.b.f.s.DefaultListableBeanFactory     : Creating shared instance of singleton bean 'alipayPojo'
2024-03-20 14:14:11.000 DEBUG 28292 --- [           main] o.s.b.f.s.DefaultListableBeanFactory     : Creating shared instance of singleton bean 'org.springframework.boot.context.properties.BoundConfigurationProperties'
2024-03-20 14:14:11.026 DEBUG 28292 --- [           main] o.s.b.f.s.DefaultListableBeanFactory     : Creating shared instance of singleton bean 'alipayDao'
2024-03-20 14:14:11.035 DEBUG 28292 --- [           main] o.s.b.f.s.DefaultListableBeanFactory     : Creating shared instance of singleton bean 'sqlSessionFactory'
2024-03-20 14:14:11.036 DEBUG 28292 --- [           main] o.s.b.f.s.DefaultListableBeanFactory     : Creating shared instance of singleton bean 'org.mybatis.spring.boot.autoconfigure.MybatisAutoConfiguration'
2024-03-20 14:14:11.037 DEBUG 28292 --- [           main] ocalVariableTableParameterNameDiscoverer : Cannot find '.class' file for class [class org.mybatis.spring.boot.autoconfigure.MybatisAutoConfiguration$$EnhancerBySpringCGLIB$$ae2385ff] - unable to determine constructor/method parameter names
2024-03-20 14:14:11.039 DEBUG 28292 --- [           main] o.s.b.f.s.DefaultListableBeanFactory     : Creating shared instance of singleton bean 'mybatis-org.mybatis.spring.boot.autoconfigure.MybatisProperties'
2024-03-20 14:14:11.051 DEBUG 28292 --- [           main] o.s.b.f.s.DefaultListableBeanFactory     : Autowiring by type from bean name 'org.mybatis.spring.boot.autoconfigure.MybatisAutoConfiguration' via constructor to bean named 'mybatis-org.mybatis.spring.boot.autoconfigure.MybatisProperties'
2024-03-20 14:14:11.051 DEBUG 28292 --- [           main] o.s.b.f.s.DefaultListableBeanFactory     : Autowiring by type from bean name 'org.mybatis.spring.boot.autoconfigure.MybatisAutoConfiguration' via constructor to bean named 'org.springframework.web.context.support.GenericWebApplicationContext@4a8a60bc'
2024-03-20 14:14:11.066 DEBUG 28292 --- [           main] o.s.b.f.s.DefaultListableBeanFactory     : Creating shared instance of singleton bean 'dataSource'
2024-03-20 14:14:11.066 DEBUG 28292 --- [           main] o.s.b.f.s.DefaultListableBeanFactory     : Creating shared instance of singleton bean 'org.springframework.boot.autoconfigure.jdbc.DataSourceConfiguration$Generic'
2024-03-20 14:14:11.069 DEBUG 28292 --- [           main] o.s.b.f.s.DefaultListableBeanFactory     : Creating shared instance of singleton bean 'spring.datasource-org.springframework.boot.autoconfigure.jdbc.DataSourceProperties'
2024-03-20 14:14:11.100 DEBUG 28292 --- [           main] o.s.b.f.s.DefaultListableBeanFactory     : Autowiring by type from bean name 'dataSource' via factory method to bean named 'spring.datasource-org.springframework.boot.autoconfigure.jdbc.DataSourceProperties'
2024-03-20 14:14:11.249 DEBUG 28292 --- [           main] o.s.b.f.s.DefaultListableBeanFactory     : Creating shared instance of singleton bean 'org.springframework.boot.autoconfigure.jdbc.DataSourceInitializerInvoker'
2024-03-20 14:14:11.250 DEBUG 28292 --- [           main] o.s.b.f.s.DefaultListableBeanFactory     : Autowiring by type from bean name 'org.springframework.boot.autoconfigure.jdbc.DataSourceInitializerInvoker' via constructor to bean named 'spring.datasource-org.springframework.boot.autoconfigure.jdbc.DataSourceProperties'
2024-03-20 14:14:11.251 DEBUG 28292 --- [           main] o.s.b.f.s.DefaultListableBeanFactory     : Autowiring by type from bean name 'org.springframework.boot.autoconfigure.jdbc.DataSourceInitializerInvoker' via constructor to bean named 'org.springframework.web.context.support.GenericWebApplicationContext@4a8a60bc'
2024-03-20 14:14:11.259 DEBUG 28292 --- [           main] o.s.b.f.s.DefaultListableBeanFactory     : Autowiring by type from bean name 'sqlSessionFactory' via factory method to bean named 'dataSource'
2024-03-20 14:14:11.501 DEBUG 28292 --- [           main] o.mybatis.spring.SqlSessionFactoryBean   : Parsed mapper file: 'file [D:\IdeaProject\springboot\easyBuy\target\classes\mapper\CatMapper.xml]'
2024-03-20 14:14:11.516 DEBUG 28292 --- [           main] o.mybatis.spring.SqlSessionFactoryBean   : Parsed mapper file: 'file [D:\IdeaProject\springboot\easyBuy\target\classes\mapper\CategoryMapper.xml]'
2024-03-20 14:14:11.524 DEBUG 28292 --- [           main] o.mybatis.spring.SqlSessionFactoryBean   : Parsed mapper file: 'file [D:\IdeaProject\springboot\easyBuy\target\classes\mapper\NewsMapper.xml]'
2024-03-20 14:14:11.535 DEBUG 28292 --- [           main] o.mybatis.spring.SqlSessionFactoryBean   : Parsed mapper file: 'file [D:\IdeaProject\springboot\easyBuy\target\classes\mapper\ProductMapper.xml]'
2024-03-20 14:14:11.551 DEBUG 28292 --- [           main] o.mybatis.spring.SqlSessionFactoryBean   : Parsed mapper file: 'file [D:\IdeaProject\springboot\easyBuy\target\classes\mapper\UserMapper.xml]'
2024-03-20 14:14:11.557 DEBUG 28292 --- [           main] o.s.b.f.s.DefaultListableBeanFactory     : Creating shared instance of singleton bean 'sqlSessionTemplate'
2024-03-20 14:14:11.558 DEBUG 28292 --- [           main] o.s.b.f.s.DefaultListableBeanFactory     : Autowiring by type from bean name 'sqlSessionTemplate' via factory method to bean named 'sqlSessionFactory'
2024-03-20 14:14:11.598 DEBUG 28292 --- [           main] o.s.b.f.s.DefaultListableBeanFactory     : Creating shared instance of singleton bean 'alipayDBPojo'
2024-03-20 14:14:11.602 DEBUG 28292 --- [           main] o.s.b.f.s.DefaultListableBeanFactory     : Creating shared instance of singleton bean 'sendEmail'
2024-03-20 14:14:11.605 DEBUG 28292 --- [           main] o.s.b.f.s.DefaultListableBeanFactory     : Creating shared instance of singleton bean 'mailSender'
2024-03-20 14:14:11.605 DEBUG 28292 --- [           main] o.s.b.f.s.DefaultListableBeanFactory     : Creating shared instance of singleton bean 'org.springframework.boot.autoconfigure.mail.MailSenderPropertiesConfiguration'
2024-03-20 14:14:11.608 DEBUG 28292 --- [           main] o.s.b.f.s.DefaultListableBeanFactory     : Creating shared instance of singleton bean 'spring.mail-org.springframework.boot.autoconfigure.mail.MailProperties'
2024-03-20 14:14:11.615 DEBUG 28292 --- [           main] o.s.b.f.s.DefaultListableBeanFactory     : Autowiring by type from bean name 'mailSender' via factory method to bean named 'spring.mail-org.springframework.boot.autoconfigure.mail.MailProperties'
2024-03-20 14:14:11.620 DEBUG 28292 --- [           main] javax.activation                         : MimetypesFileTypeMap: load HOME
2024-03-20 14:14:11.621 DEBUG 28292 --- [           main] javax.activation                         : MimetypesFileTypeMap: load SYS
2024-03-20 14:14:11.621 DEBUG 28292 --- [           main] javax.activation                         : MimetypesFileTypeMap: load JAR
2024-03-20 14:14:11.623 DEBUG 28292 --- [           main] javax.activation                         : MimetypesFileTypeMap: !anyLoaded
2024-03-20 14:14:11.624 DEBUG 28292 --- [           main] javax.activation                         : MimetypesFileTypeMap: not loading mime types file: /META-INF/mime.types
2024-03-20 14:14:11.625 DEBUG 28292 --- [           main] javax.activation                         : MimetypesFileTypeMap: load DEF
2024-03-20 14:14:11.626 DEBUG 28292 --- [           main] javax.activation                         : Added: MIMETypeEntry: text/html, html
2024-03-20 14:14:11.626 DEBUG 28292 --- [           main] javax.activation                         : Added: MIMETypeEntry: text/html, htm
2024-03-20 14:14:11.626 DEBUG 28292 --- [           main] javax.activation                         : Added: MIMETypeEntry: text/html, HTML
2024-03-20 14:14:11.627 DEBUG 28292 --- [           main] javax.activation                         : Added: MIMETypeEntry: text/html, HTM
2024-03-20 14:14:11.627 DEBUG 28292 --- [           main] javax.activation                         : Added: MIMETypeEntry: text/plain, txt
2024-03-20 14:14:11.627 DEBUG 28292 --- [           main] javax.activation                         : Added: MIMETypeEntry: text/plain, text
2024-03-20 14:14:11.627 DEBUG 28292 --- [           main] javax.activation                         : Added: MIMETypeEntry: text/plain, TXT
2024-03-20 14:14:11.627 DEBUG 28292 --- [           main] javax.activation                         : Added: MIMETypeEntry: text/plain, TEXT
2024-03-20 14:14:11.627 DEBUG 28292 --- [           main] javax.activation                         : Added: MIMETypeEntry: image/gif, gif
2024-03-20 14:14:11.627 DEBUG 28292 --- [           main] javax.activation                         : Added: MIMETypeEntry: image/gif, GIF
2024-03-20 14:14:11.627 DEBUG 28292 --- [           main] javax.activation                         : Added: MIMETypeEntry: image/ief, ief
2024-03-20 14:14:11.627 DEBUG 28292 --- [           main] javax.activation                         : Added: MIMETypeEntry: image/jpeg, jpeg
2024-03-20 14:14:11.627 DEBUG 28292 --- [           main] javax.activation                         : Added: MIMETypeEntry: image/jpeg, jpg
2024-03-20 14:14:11.627 DEBUG 28292 --- [           main] javax.activation                         : Added: MIMETypeEntry: image/jpeg, jpe
2024-03-20 14:14:11.627 DEBUG 28292 --- [           main] javax.activation                         : Added: MIMETypeEntry: image/jpeg, JPG
2024-03-20 14:14:11.627 DEBUG 28292 --- [           main] javax.activation                         : Added: MIMETypeEntry: image/tiff, tiff
2024-03-20 14:14:11.627 DEBUG 28292 --- [           main] javax.activation                         : Added: MIMETypeEntry: image/tiff, tif
2024-03-20 14:14:11.627 DEBUG 28292 --- [           main] javax.activation                         : Added: MIMETypeEntry: image/png, png
2024-03-20 14:14:11.628 DEBUG 28292 --- [           main] javax.activation                         : Added: MIMETypeEntry: image/png, PNG
2024-03-20 14:14:11.628 DEBUG 28292 --- [           main] javax.activation                         : Added: MIMETypeEntry: image/x-xwindowdump, xwd
2024-03-20 14:14:11.628 DEBUG 28292 --- [           main] javax.activation                         : Added: MIMETypeEntry: application/postscript, ai
2024-03-20 14:14:11.628 DEBUG 28292 --- [           main] javax.activation                         : Added: MIMETypeEntry: application/postscript, eps
2024-03-20 14:14:11.628 DEBUG 28292 --- [           main] javax.activation                         : Added: MIMETypeEntry: application/postscript, ps
2024-03-20 14:14:11.628 DEBUG 28292 --- [           main] javax.activation                         : Added: MIMETypeEntry: application/rtf, rtf
2024-03-20 14:14:11.628 DEBUG 28292 --- [           main] javax.activation                         : Added: MIMETypeEntry: application/x-tex, tex
2024-03-20 14:14:11.629 DEBUG 28292 --- [           main] javax.activation                         : Added: MIMETypeEntry: application/x-texinfo, texinfo
2024-03-20 14:14:11.629 DEBUG 28292 --- [           main] javax.activation                         : Added: MIMETypeEntry: application/x-texinfo, texi
2024-03-20 14:14:11.629 DEBUG 28292 --- [           main] javax.activation                         : Added: MIMETypeEntry: application/x-troff, t
2024-03-20 14:14:11.629 DEBUG 28292 --- [           main] javax.activation                         : Added: MIMETypeEntry: application/x-troff, tr
2024-03-20 14:14:11.629 DEBUG 28292 --- [           main] javax.activation                         : Added: MIMETypeEntry: application/x-troff, roff
2024-03-20 14:14:11.629 DEBUG 28292 --- [           main] javax.activation                         : Added: MIMETypeEntry: audio/basic, au
2024-03-20 14:14:11.629 DEBUG 28292 --- [           main] javax.activation                         : Added: MIMETypeEntry: audio/midi, midi
2024-03-20 14:14:11.629 DEBUG 28292 --- [           main] javax.activation                         : Added: MIMETypeEntry: audio/midi, mid
2024-03-20 14:14:11.629 DEBUG 28292 --- [           main] javax.activation                         : Added: MIMETypeEntry: audio/x-aifc, aifc
2024-03-20 14:14:11.629 DEBUG 28292 --- [           main] javax.activation                         : Added: MIMETypeEntry: audio/x-aiff, aif
2024-03-20 14:14:11.629 DEBUG 28292 --- [           main] javax.activation                         : Added: MIMETypeEntry: audio/x-aiff, aiff
2024-03-20 14:14:11.629 DEBUG 28292 --- [           main] javax.activation                         : Added: MIMETypeEntry: audio/x-mpeg, mpeg
2024-03-20 14:14:11.629 DEBUG 28292 --- [           main] javax.activation                         : Added: MIMETypeEntry: audio/x-mpeg, mpg
2024-03-20 14:14:11.629 DEBUG 28292 --- [           main] javax.activation                         : Added: MIMETypeEntry: audio/x-wav, wav
2024-03-20 14:14:11.629 DEBUG 28292 --- [           main] javax.activation                         : Added: MIMETypeEntry: video/mpeg, mpeg
2024-03-20 14:14:11.630 DEBUG 28292 --- [           main] javax.activation                         : Added: MIMETypeEntry: video/mpeg, mpg
2024-03-20 14:14:11.630 DEBUG 28292 --- [           main] javax.activation                         : Added: MIMETypeEntry: video/mpeg, mpe
2024-03-20 14:14:11.631 DEBUG 28292 --- [           main] javax.activation                         : Added: MIMETypeEntry: video/quicktime, qt
2024-03-20 14:14:11.631 DEBUG 28292 --- [           main] javax.activation                         : Added: MIMETypeEntry: video/quicktime, mov
2024-03-20 14:14:11.631 DEBUG 28292 --- [           main] javax.activation                         : Added: MIMETypeEntry: video/x-msvideo, avi
2024-03-20 14:14:11.631 DEBUG 28292 --- [           main] javax.activation                         : MimetypesFileTypeMap: successfully loaded mime types file: /META-INF/mimetypes.default
2024-03-20 14:14:11.631 DEBUG 28292 --- [           main] javax.activation                         : Added: MIMETypeEntry: text/html, html
2024-03-20 14:14:11.631 DEBUG 28292 --- [           main] javax.activation                         : Added: MIMETypeEntry: text/html, htm
2024-03-20 14:14:11.631 DEBUG 28292 --- [           main] javax.activation                         : Added: MIMETypeEntry: text/html, HTML
2024-03-20 14:14:11.631 DEBUG 28292 --- [           main] javax.activation                         : Added: MIMETypeEntry: text/html, HTM
2024-03-20 14:14:11.631 DEBUG 28292 --- [           main] javax.activation                         : Added: MIMETypeEntry: text/plain, txt
2024-03-20 14:14:11.631 DEBUG 28292 --- [           main] javax.activation                         : Added: MIMETypeEntry: text/plain, text
2024-03-20 14:14:11.632 DEBUG 28292 --- [           main] javax.activation                         : Added: MIMETypeEntry: text/plain, TXT
2024-03-20 14:14:11.632 DEBUG 28292 --- [           main] javax.activation                         : Added: MIMETypeEntry: text/plain, TEXT
2024-03-20 14:14:11.632 DEBUG 28292 --- [           main] javax.activation                         : Added: MIMETypeEntry: text/plain, java
2024-03-20 14:14:11.632 DEBUG 28292 --- [           main] javax.activation                         : Added: MIMETypeEntry: text/plain, c
2024-03-20 14:14:11.632 DEBUG 28292 --- [           main] javax.activation                         : Added: MIMETypeEntry: text/plain, c++
2024-03-20 14:14:11.632 DEBUG 28292 --- [           main] javax.activation                         : Added: MIMETypeEntry: text/plain, cpp
2024-03-20 14:14:11.632 DEBUG 28292 --- [           main] javax.activation                         : Added: MIMETypeEntry: text/plain, pl
2024-03-20 14:14:11.632 DEBUG 28292 --- [           main] javax.activation                         : Added: MIMETypeEntry: text/plain, cc
2024-03-20 14:14:11.632 DEBUG 28292 --- [           main] javax.activation                         : Added: MIMETypeEntry: text/plain, h
2024-03-20 14:14:11.633 DEBUG 28292 --- [           main] javax.activation                         : Added: MIMETypeEntry: image/gif, gif
2024-03-20 14:14:11.633 DEBUG 28292 --- [           main] javax.activation                         : Added: MIMETypeEntry: image/gif, GIF
2024-03-20 14:14:11.633 DEBUG 28292 --- [           main] javax.activation                         : Added: MIMETypeEntry: image/ief, ief
2024-03-20 14:14:11.633 DEBUG 28292 --- [           main] javax.activation                         : Added: MIMETypeEntry: image/jpeg, jpeg
2024-03-20 14:14:11.634 DEBUG 28292 --- [           main] javax.activation                         : Added: MIMETypeEntry: image/jpeg, jpg
2024-03-20 14:14:11.634 DEBUG 28292 --- [           main] javax.activation                         : Added: MIMETypeEntry: image/jpeg, jpe
2024-03-20 14:14:11.634 DEBUG 28292 --- [           main] javax.activation                         : Added: MIMETypeEntry: image/jpeg, JPG
2024-03-20 14:14:11.634 DEBUG 28292 --- [           main] javax.activation                         : Added: MIMETypeEntry: image/tiff, tiff
2024-03-20 14:14:11.634 DEBUG 28292 --- [           main] javax.activation                         : Added: MIMETypeEntry: image/tiff, tif
2024-03-20 14:14:11.634 DEBUG 28292 --- [           main] javax.activation                         : Added: MIMETypeEntry: image/x-xwindowdump, xwd
2024-03-20 14:14:11.634 DEBUG 28292 --- [           main] javax.activation                         : Added: MIMETypeEntry: application/postscript, ai
2024-03-20 14:14:11.634 DEBUG 28292 --- [           main] javax.activation                         : Added: MIMETypeEntry: application/postscript, eps
2024-03-20 14:14:11.635 DEBUG 28292 --- [           main] javax.activation                         : Added: MIMETypeEntry: application/postscript, ps
2024-03-20 14:14:11.635 DEBUG 28292 --- [           main] javax.activation                         : Added: MIMETypeEntry: application/rtf, rtf
2024-03-20 14:14:11.635 DEBUG 28292 --- [           main] javax.activation                         : Added: MIMETypeEntry: application/x-tex, tex
2024-03-20 14:14:11.635 DEBUG 28292 --- [           main] javax.activation                         : Added: MIMETypeEntry: application/x-texinfo, texinfo
2024-03-20 14:14:11.636 DEBUG 28292 --- [           main] javax.activation                         : Added: MIMETypeEntry: application/x-texinfo, texi
2024-03-20 14:14:11.636 DEBUG 28292 --- [           main] javax.activation                         : Added: MIMETypeEntry: application/x-troff, t
2024-03-20 14:14:11.636 DEBUG 28292 --- [           main] javax.activation                         : Added: MIMETypeEntry: application/x-troff, tr
2024-03-20 14:14:11.636 DEBUG 28292 --- [           main] javax.activation                         : Added: MIMETypeEntry: application/x-troff, roff
2024-03-20 14:14:11.637 DEBUG 28292 --- [           main] javax.activation                         : Added: MIMETypeEntry: audio/basic, au
2024-03-20 14:14:11.637 DEBUG 28292 --- [           main] javax.activation                         : Added: MIMETypeEntry: audio/midi, midi
2024-03-20 14:14:11.637 DEBUG 28292 --- [           main] javax.activation                         : Added: MIMETypeEntry: audio/midi, mid
2024-03-20 14:14:11.637 DEBUG 28292 --- [           main] javax.activation                         : Added: MIMETypeEntry: audio/x-aifc, aifc
2024-03-20 14:14:11.638 DEBUG 28292 --- [           main] javax.activation                         : Added: MIMETypeEntry: audio/x-aiff, aif
2024-03-20 14:14:11.638 DEBUG 28292 --- [           main] javax.activation                         : Added: MIMETypeEntry: audio/x-aiff, aiff
2024-03-20 14:14:11.638 DEBUG 28292 --- [           main] javax.activation                         : Added: MIMETypeEntry: audio/x-mpeg, mpeg
2024-03-20 14:14:11.639 DEBUG 28292 --- [           main] javax.activation                         : Added: MIMETypeEntry: audio/x-mpeg, mpg
2024-03-20 14:14:11.639 DEBUG 28292 --- [           main] javax.activation                         : Added: MIMETypeEntry: audio/x-wav, wav
2024-03-20 14:14:11.639 DEBUG 28292 --- [           main] javax.activation                         : Added: MIMETypeEntry: video/mpeg, mpeg
2024-03-20 14:14:11.639 DEBUG 28292 --- [           main] javax.activation                         : Added: MIMETypeEntry: video/mpeg, mpg
2024-03-20 14:14:11.639 DEBUG 28292 --- [           main] javax.activation                         : Added: MIMETypeEntry: video/mpeg, mpe
2024-03-20 14:14:11.639 DEBUG 28292 --- [           main] javax.activation                         : Added: MIMETypeEntry: video/quicktime, qt
2024-03-20 14:14:11.639 DEBUG 28292 --- [           main] javax.activation                         : Added: MIMETypeEntry: video/quicktime, mov
2024-03-20 14:14:11.639 DEBUG 28292 --- [           main] javax.activation                         : Added: MIMETypeEntry: video/x-msvideo, avi
2024-03-20 14:14:11.639 DEBUG 28292 --- [           main] javax.activation                         : Added: MIMETypeEntry: text/x-speech, talk
2024-03-20 14:14:11.639 DEBUG 28292 --- [           main] javax.activation                         : Added: MIMETypeEntry: text/css, css
2024-03-20 14:14:11.639 DEBUG 28292 --- [           main] javax.activation                         : Added: MIMETypeEntry: text/csv, csv
2024-03-20 14:14:11.640 DEBUG 28292 --- [           main] javax.activation                         : Added: MIMETypeEntry: image/x-xbitmap, xbm
2024-03-20 14:14:11.640 DEBUG 28292 --- [           main] javax.activation                         : Added: MIMETypeEntry: image/x-xpixmap, xpm
2024-03-20 14:14:11.640 DEBUG 28292 --- [           main] javax.activation                         : Added: MIMETypeEntry: image/png, png
2024-03-20 14:14:11.640 DEBUG 28292 --- [           main] javax.activation                         : Added: MIMETypeEntry: image/svg+xml, svg
2024-03-20 14:14:11.640 DEBUG 28292 --- [           main] javax.activation                         : Added: MIMETypeEntry: image/ief, ief
2024-03-20 14:14:11.640 DEBUG 28292 --- [           main] javax.activation                         : Added: MIMETypeEntry: image/rgb, rgb
2024-03-20 14:14:11.640 DEBUG 28292 --- [           main] javax.activation                         : Added: MIMETypeEntry: image/g3fax, g3f
2024-03-20 14:14:11.641 DEBUG 28292 --- [           main] javax.activation                         : Added: MIMETypeEntry: image/x-xwindowdump, xwd
2024-03-20 14:14:11.641 DEBUG 28292 --- [           main] javax.activation                         : Added: MIMETypeEntry: image/x-pict, pict
2024-03-20 14:14:11.641 DEBUG 28292 --- [           main] javax.activation                         : Added: MIMETypeEntry: image/x-portable-pixmap, ppm
2024-03-20 14:14:11.641 DEBUG 28292 --- [           main] javax.activation                         : Added: MIMETypeEntry: image/x-portable-graymap, pgm
2024-03-20 14:14:11.641 DEBUG 28292 --- [           main] javax.activation                         : Added: MIMETypeEntry: image/x-portable-bitmap, pbm
2024-03-20 14:14:11.641 DEBUG 28292 --- [           main] javax.activation                         : Added: MIMETypeEntry: image/x-portable-anymap, pnm
2024-03-20 14:14:11.641 DEBUG 28292 --- [           main] javax.activation                         : Added: MIMETypeEntry: image/x-ms-bmp, bmp
2024-03-20 14:14:11.641 DEBUG 28292 --- [           main] javax.activation                         : Added: MIMETypeEntry: image/x-cmu-raster, ras
2024-03-20 14:14:11.641 DEBUG 28292 --- [           main] javax.activation                         : Added: MIMETypeEntry: image/x-photo-cd, pcd
2024-03-20 14:14:11.642 DEBUG 28292 --- [           main] javax.activation                         : Added: MIMETypeEntry: image/cgm, cgm
2024-03-20 14:14:11.642 DEBUG 28292 --- [           main] javax.activation                         : Added: MIMETypeEntry: image/x-cals, mil
2024-03-20 14:14:11.642 DEBUG 28292 --- [           main] javax.activation                         : Added: MIMETypeEntry: image/x-cals, cal
2024-03-20 14:14:11.642 DEBUG 28292 --- [           main] javax.activation                         : Added: MIMETypeEntry: image/fif, fif
2024-03-20 14:14:11.643 DEBUG 28292 --- [           main] javax.activation                         : Added: MIMETypeEntry: image/x-mgx-dsf, dsf
2024-03-20 14:14:11.643 DEBUG 28292 --- [           main] javax.activation                         : Added: MIMETypeEntry: image/x-cmx, cmx
2024-03-20 14:14:11.643 DEBUG 28292 --- [           main] javax.activation                         : Added: MIMETypeEntry: image/wavelet, wi
2024-03-20 14:14:11.643 DEBUG 28292 --- [           main] javax.activation                         : Added: MIMETypeEntry: image/vnd.dwg, dwg
2024-03-20 14:14:11.643 DEBUG 28292 --- [           main] javax.activation                         : Added: MIMETypeEntry: image/vnd.dxf, dxf
2024-03-20 14:14:11.643 DEBUG 28292 --- [           main] javax.activation                         : Added: MIMETypeEntry: image/vnd.svf, svf
2024-03-20 14:14:11.643 DEBUG 28292 --- [           main] javax.activation                         : Added: MIMETypeEntry: audio/basic, au
2024-03-20 14:14:11.643 DEBUG 28292 --- [           main] javax.activation                         : Added: MIMETypeEntry: audio/basic, snd
2024-03-20 14:14:11.643 DEBUG 28292 --- [           main] javax.activation                         : Added: MIMETypeEntry: audio/x-aiff, aif
2024-03-20 14:14:11.644 DEBUG 28292 --- [           main] javax.activation                         : Added: MIMETypeEntry: audio/x-aiff, aiff
2024-03-20 14:14:11.644 DEBUG 28292 --- [           main] javax.activation                         : Added: MIMETypeEntry: audio/x-aiff, aifc
2024-03-20 14:14:11.644 DEBUG 28292 --- [           main] javax.activation                         : Added: MIMETypeEntry: audio/x-wav, wav
2024-03-20 14:14:11.644 DEBUG 28292 --- [           main] javax.activation                         : Added: MIMETypeEntry: audio/x-mpeg, mpa
2024-03-20 14:14:11.644 DEBUG 28292 --- [           main] javax.activation                         : Added: MIMETypeEntry: audio/x-mpeg, abs
2024-03-20 14:14:11.644 DEBUG 28292 --- [           main] javax.activation                         : Added: MIMETypeEntry: audio/x-mpeg, mpega
2024-03-20 14:14:11.644 DEBUG 28292 --- [           main] javax.activation                         : Added: MIMETypeEntry: audio/x-mpeg-2, mp2a
2024-03-20 14:14:11.644 DEBUG 28292 --- [           main] javax.activation                         : Added: MIMETypeEntry: audio/x-mpeg-2, mpa2
2024-03-20 14:14:11.644 DEBUG 28292 --- [           main] javax.activation                         : Added: MIMETypeEntry: audio/echospeech, es
2024-03-20 14:14:11.644 DEBUG 28292 --- [           main] javax.activation                         : Added: MIMETypeEntry: audio/voxware, vox
2024-03-20 14:14:11.644 DEBUG 28292 --- [           main] javax.activation                         : Added: MIMETypeEntry: application/fastman, lcc
2024-03-20 14:14:11.644 DEBUG 28292 --- [           main] javax.activation                         : Added: MIMETypeEntry: application/x-pn-realaudio, ra
2024-03-20 14:14:11.644 DEBUG 28292 --- [           main] javax.activation                         : Added: MIMETypeEntry: application/x-pn-realaudio, ram
2024-03-20 14:14:11.644 DEBUG 28292 --- [           main] javax.activation                         : Added: MIMETypeEntry: x-music/x-midi, mmid
2024-03-20 14:14:11.644 DEBUG 28292 --- [           main] javax.activation                         : Added: MIMETypeEntry: application/vnd.koan, skp
2024-03-20 14:14:11.644 DEBUG 28292 --- [           main] javax.activation                         : Added: MIMETypeEntry: text/x-speech, talk
2024-03-20 14:14:11.644 DEBUG 28292 --- [           main] javax.activation                         : Added: MIMETypeEntry: video/mpeg, mpeg
2024-03-20 14:14:11.644 DEBUG 28292 --- [           main] javax.activation                         : Added: MIMETypeEntry: video/mpeg, mpg
2024-03-20 14:14:11.644 DEBUG 28292 --- [           main] javax.activation                         : Added: MIMETypeEntry: video/mpeg, mpe
2024-03-20 14:14:11.644 DEBUG 28292 --- [           main] javax.activation                         : Added: MIMETypeEntry: video/mpeg-2, mpv2
2024-03-20 14:14:11.644 DEBUG 28292 --- [           main] javax.activation                         : Added: MIMETypeEntry: video/mpeg-2, mp2v
2024-03-20 14:14:11.644 DEBUG 28292 --- [           main] javax.activation                         : Added: MIMETypeEntry: video/quicktime, qt
2024-03-20 14:14:11.644 DEBUG 28292 --- [           main] javax.activation                         : Added: MIMETypeEntry: video/quicktime, mov
2024-03-20 14:14:11.644 DEBUG 28292 --- [           main] javax.activation                         : Added: MIMETypeEntry: video/x-msvideo, avi
2024-03-20 14:14:11.644 DEBUG 28292 --- [           main] javax.activation                         : Added: MIMETypeEntry: video/x-sgi-movie, movie
2024-03-20 14:14:11.644 DEBUG 28292 --- [           main] javax.activation                         : Added: MIMETypeEntry: video/vdo, vdo
2024-03-20 14:14:11.645 DEBUG 28292 --- [           main] javax.activation                         : Added: MIMETypeEntry: video/vnd.vivo, viv
2024-03-20 14:14:11.645 DEBUG 28292 --- [           main] javax.activation                         : Added: MIMETypeEntry: application/x-ns-proxy-autoconfig, pac
2024-03-20 14:14:11.645 DEBUG 28292 --- [           main] javax.activation                         : Added: MIMETypeEntry: x-conference/x-cooltalk, ice
2024-03-20 14:14:11.645 DEBUG 28292 --- [           main] javax.activation                         : Added: MIMETypeEntry: application/postscript, ai
2024-03-20 14:14:11.645 DEBUG 28292 --- [           main] javax.activation                         : Added: MIMETypeEntry: application/postscript, eps
2024-03-20 14:14:11.645 DEBUG 28292 --- [           main] javax.activation                         : Added: MIMETypeEntry: application/postscript, ps
2024-03-20 14:14:11.645 DEBUG 28292 --- [           main] javax.activation                         : Added: MIMETypeEntry: application/rtf, rtf
2024-03-20 14:14:11.645 DEBUG 28292 --- [           main] javax.activation                         : Added: MIMETypeEntry: application/pdf, pdf
2024-03-20 14:14:11.645 DEBUG 28292 --- [           main] javax.activation                         : Added: MIMETypeEntry: application/vnd.mif, mif
2024-03-20 14:14:11.645 DEBUG 28292 --- [           main] javax.activation                         : Added: MIMETypeEntry: application/x-troff, t
2024-03-20 14:14:11.645 DEBUG 28292 --- [           main] javax.activation                         : Added: MIMETypeEntry: application/x-troff, tr
2024-03-20 14:14:11.645 DEBUG 28292 --- [           main] javax.activation                         : Added: MIMETypeEntry: application/x-troff, roff
2024-03-20 14:14:11.645 DEBUG 28292 --- [           main] javax.activation                         : Added: MIMETypeEntry: application/x-troff-man, man
2024-03-20 14:14:11.645 DEBUG 28292 --- [           main] javax.activation                         : Added: MIMETypeEntry: application/x-troff-me, me
2024-03-20 14:14:11.645 DEBUG 28292 --- [           main] javax.activation                         : Added: MIMETypeEntry: application/x-troff-ms, ms
2024-03-20 14:14:11.645 DEBUG 28292 --- [           main] javax.activation                         : Added: MIMETypeEntry: application/x-latex, latex
2024-03-20 14:14:11.645 DEBUG 28292 --- [           main] javax.activation                         : Added: MIMETypeEntry: application/x-tex, tex
2024-03-20 14:14:11.645 DEBUG 28292 --- [           main] javax.activation                         : Added: MIMETypeEntry: application/x-texinfo, texinfo
2024-03-20 14:14:11.645 DEBUG 28292 --- [           main] javax.activation                         : Added: MIMETypeEntry: application/x-texinfo, texi
2024-03-20 14:14:11.645 DEBUG 28292 --- [           main] javax.activation                         : Added: MIMETypeEntry: application/x-dvi, dvi
2024-03-20 14:14:11.645 DEBUG 28292 --- [           main] javax.activation                         : Added: MIMETypeEntry: application/msword, doc
2024-03-20 14:14:11.645 DEBUG 28292 --- [           main] javax.activation                         : Added: MIMETypeEntry: application/msword, DOC
2024-03-20 14:14:11.645 DEBUG 28292 --- [           main] javax.activation                         : Added: MIMETypeEntry: application/oda, oda
2024-03-20 14:14:11.645 DEBUG 28292 --- [           main] javax.activation                         : Added: MIMETypeEntry: application/envoy, evy
2024-03-20 14:14:11.645 DEBUG 28292 --- [           main] javax.activation                         : Added: MIMETypeEntry: application/x-gtar, gtar
2024-03-20 14:14:11.645 DEBUG 28292 --- [           main] javax.activation                         : Added: MIMETypeEntry: application/x-tar, tar
2024-03-20 14:14:11.645 DEBUG 28292 --- [           main] javax.activation                         : Added: MIMETypeEntry: application/x-ustar, ustar
2024-03-20 14:14:11.645 DEBUG 28292 --- [           main] javax.activation                         : Added: MIMETypeEntry: application/x-bcpio, bcpio
2024-03-20 14:14:11.645 DEBUG 28292 --- [           main] javax.activation                         : Added: MIMETypeEntry: application/x-cpio, cpio
2024-03-20 14:14:11.645 DEBUG 28292 --- [           main] javax.activation                         : Added: MIMETypeEntry: application/x-shar, shar
2024-03-20 14:14:11.645 DEBUG 28292 --- [           main] javax.activation                         : Added: MIMETypeEntry: application/zip, zip
2024-03-20 14:14:11.645 DEBUG 28292 --- [           main] javax.activation                         : Added: MIMETypeEntry: application/mac-binhex40, hqx
2024-03-20 14:14:11.645 DEBUG 28292 --- [           main] javax.activation                         : Added: MIMETypeEntry: application/x-stuffit, sit
2024-03-20 14:14:11.645 DEBUG 28292 --- [           main] javax.activation                         : Added: MIMETypeEntry: application/x-stuffit, sea
2024-03-20 14:14:11.646 DEBUG 28292 --- [           main] javax.activation                         : Added: MIMETypeEntry: application/fractals, fif
2024-03-20 14:14:11.646 DEBUG 28292 --- [           main] javax.activation                         : Added: MIMETypeEntry: application/octet-stream, bin
2024-03-20 14:14:11.646 DEBUG 28292 --- [           main] javax.activation                         : Added: MIMETypeEntry: application/octet-stream, uu
2024-03-20 14:14:11.646 DEBUG 28292 --- [           main] javax.activation                         : Added: MIMETypeEntry: application/octet-stream, exe
2024-03-20 14:14:11.646 DEBUG 28292 --- [           main] javax.activation                         : Added: MIMETypeEntry: application/x-wais-source, src
2024-03-20 14:14:11.646 DEBUG 28292 --- [           main] javax.activation                         : Added: MIMETypeEntry: application/x-wais-source, wsrc
2024-03-20 14:14:11.646 DEBUG 28292 --- [           main] javax.activation                         : Added: MIMETypeEntry: application/hdf, hdf
2024-03-20 14:14:11.646 DEBUG 28292 --- [           main] javax.activation                         : Added: MIMETypeEntry: text/javascript, js
2024-03-20 14:14:11.646 DEBUG 28292 --- [           main] javax.activation                         : Added: MIMETypeEntry: text/javascript, ls
2024-03-20 14:14:11.646 DEBUG 28292 --- [           main] javax.activation                         : Added: MIMETypeEntry: text/javascript, mocha
2024-03-20 14:14:11.646 DEBUG 28292 --- [           main] javax.activation                         : Added: MIMETypeEntry: application/x-sh, sh
2024-03-20 14:14:11.646 DEBUG 28292 --- [           main] javax.activation                         : Added: MIMETypeEntry: application/x-csh, csh
2024-03-20 14:14:11.646 DEBUG 28292 --- [           main] javax.activation                         : Added: MIMETypeEntry: application/x-perl, pl
2024-03-20 14:14:11.646 DEBUG 28292 --- [           main] javax.activation                         : Added: MIMETypeEntry: application/x-tcl, tcl
2024-03-20 14:14:11.646 DEBUG 28292 --- [           main] javax.activation                         : Added: MIMETypeEntry: application/futuresplash, spl
2024-03-20 14:14:11.647 DEBUG 28292 --- [           main] javax.activation                         : Added: MIMETypeEntry: application/mbedlet, mbd
2024-03-20 14:14:11.647 DEBUG 28292 --- [           main] javax.activation                         : Added: MIMETypeEntry: application/x-rad-powermedia, rad
2024-03-20 14:14:11.647 DEBUG 28292 --- [           main] javax.activation                         : Added: MIMETypeEntry: application/mspowerpoint, ppz
2024-03-20 14:14:11.648 DEBUG 28292 --- [           main] javax.activation                         : Added: MIMETypeEntry: application/x-asap, asp
2024-03-20 14:14:11.648 DEBUG 28292 --- [           main] javax.activation                         : Added: MIMETypeEntry: application/astound, asn
2024-03-20 14:14:11.649 DEBUG 28292 --- [           main] javax.activation                         : Added: MIMETypeEntry: application/x-olescript, axs
2024-03-20 14:14:11.649 DEBUG 28292 --- [           main] javax.activation                         : Added: MIMETypeEntry: application/x-oleobject, ods
2024-03-20 14:14:11.649 DEBUG 28292 --- [           main] javax.activation                         : Added: MIMETypeEntry: x-form/x-openscape, opp
2024-03-20 14:14:11.649 DEBUG 28292 --- [           main] javax.activation                         : Added: MIMETypeEntry: application/x-webbasic, wba
2024-03-20 14:14:11.649 DEBUG 28292 --- [           main] javax.activation                         : Added: MIMETypeEntry: application/x-alpha-form, frm
2024-03-20 14:14:11.649 DEBUG 28292 --- [           main] javax.activation                         : Added: MIMETypeEntry: x-script/x-wfxclient, wfx
2024-03-20 14:14:11.649 DEBUG 28292 --- [           main] javax.activation                         : Added: MIMETypeEntry: application/octet-stream, exe
2024-03-20 14:14:11.649 DEBUG 28292 --- [           main] javax.activation                         : Added: MIMETypeEntry: application/octet-stream, com
2024-03-20 14:14:11.650 DEBUG 28292 --- [           main] javax.activation                         : Added: MIMETypeEntry: application/x-pcn, pcn
2024-03-20 14:14:11.650 DEBUG 28292 --- [           main] javax.activation                         : Added: MIMETypeEntry: application/vnd.ms-excel, xls
2024-03-20 14:14:11.650 DEBUG 28292 --- [           main] javax.activation                         : Added: MIMETypeEntry: application/vnd.ms-powerpoint, ppt
2024-03-20 14:14:11.650 DEBUG 28292 --- [           main] javax.activation                         : Added: MIMETypeEntry: application/vnd.ms-project, mpp
2024-03-20 14:14:11.651 DEBUG 28292 --- [           main] javax.activation                         : Added: MIMETypeEntry: application/vnd.svd, svd
2024-03-20 14:14:11.651 DEBUG 28292 --- [           main] javax.activation                         : Added: MIMETypeEntry: application/x-net-install, ins
2024-03-20 14:14:11.651 DEBUG 28292 --- [           main] javax.activation                         : Added: MIMETypeEntry: application/ccv, ccv
2024-03-20 14:14:11.651 DEBUG 28292 --- [           main] javax.activation                         : Added: MIMETypeEntry: workbook/formulaone, vts
2024-03-20 14:14:11.651 DEBUG 28292 --- [           main] javax.activation                         : Added: MIMETypeEntry: x-world/x-vrml, wrl
2024-03-20 14:14:11.651 DEBUG 28292 --- [           main] javax.activation                         : Added: MIMETypeEntry: x-world/x-vrml, vrml
2024-03-20 14:14:11.651 DEBUG 28292 --- [           main] javax.activation                         : Added: MIMETypeEntry: x-world/x-vream, vrw
2024-03-20 14:14:11.651 DEBUG 28292 --- [           main] javax.activation                         : Added: MIMETypeEntry: application/x-p3d, p3d
2024-03-20 14:14:11.651 DEBUG 28292 --- [           main] javax.activation                         : Added: MIMETypeEntry: x-world/x-svr, svr
2024-03-20 14:14:11.651 DEBUG 28292 --- [           main] javax.activation                         : Added: MIMETypeEntry: x-world/x-wvr, wvr
2024-03-20 14:14:11.651 DEBUG 28292 --- [           main] javax.activation                         : Added: MIMETypeEntry: x-world/x-3dmf, 3dmf
2024-03-20 14:14:11.651 DEBUG 28292 --- [           main] javax.activation                         : Added: MIMETypeEntry: application/mathematica, ma
2024-03-20 14:14:11.651 DEBUG 28292 --- [           main] javax.activation                         : Added: MIMETypeEntry: x-model/x-mesh, msh
2024-03-20 14:14:11.651 DEBUG 28292 --- [           main] javax.activation                         : Added: MIMETypeEntry: application/vis5d, v5d
2024-03-20 14:14:11.651 DEBUG 28292 --- [           main] javax.activation                         : Added: MIMETypeEntry: application/iges, igs
2024-03-20 14:14:11.651 DEBUG 28292 --- [           main] javax.activation                         : Added: MIMETypeEntry: drawing/x-dwf, dwf
2024-03-20 14:14:11.660 DEBUG 28292 --- [           main] o.s.c.e.PropertySourcesPropertyResolver  : Found key 'spring.mail.username' in PropertySource 'configurationProperties' with value of type String
2024-03-20 14:14:11.660 DEBUG 28292 --- [           main] o.s.c.e.PropertySourcesPropertyResolver  : Found key 'spring.mail.username' in PropertySource 'environmentProperties' with value of type String
2024-03-20 14:14:11.661 DEBUG 28292 --- [           main] o.s.b.f.s.DefaultListableBeanFactory     : Creating shared instance of singleton bean 'alipayController'
2024-03-20 14:14:11.671 DEBUG 28292 --- [           main] o.s.b.f.s.DefaultListableBeanFactory     : Creating shared instance of singleton bean 'catController'
2024-03-20 14:14:11.673 DEBUG 28292 --- [           main] o.s.b.f.s.DefaultListableBeanFactory     : Creating shared instance of singleton bean 'catServiceImpl'
2024-03-20 14:14:11.675 DEBUG 28292 --- [           main] o.s.b.f.s.DefaultListableBeanFactory     : Creating shared instance of singleton bean 'catMapper'
2024-03-20 14:14:11.703 DEBUG 28292 --- [           main] o.s.b.f.s.DefaultListableBeanFactory     : Creating shared instance of singleton bean 'categoryController'
2024-03-20 14:14:11.706 DEBUG 28292 --- [           main] o.s.b.f.s.DefaultListableBeanFactory     : Creating shared instance of singleton bean 'categoryServiceImpl'
2024-03-20 14:14:11.708 DEBUG 28292 --- [           main] o.s.b.f.s.DefaultListableBeanFactory     : Creating shared instance of singleton bean 'categoryMapper'
2024-03-20 14:14:11.719 DEBUG 28292 --- [           main] o.s.b.f.s.DefaultListableBeanFactory     : Creating shared instance of singleton bean 'newsController'
2024-03-20 14:14:11.721 DEBUG 28292 --- [           main] o.s.b.f.s.DefaultListableBeanFactory     : Creating shared instance of singleton bean 'newsServiceImpl'
2024-03-20 14:14:11.723 DEBUG 28292 --- [           main] o.s.b.f.s.DefaultListableBeanFactory     : Creating shared instance of singleton bean 'newsMapper'
2024-03-20 14:14:11.732 DEBUG 28292 --- [           main] o.s.b.f.s.DefaultListableBeanFactory     : Creating shared instance of singleton bean 'productController'
2024-03-20 14:14:11.733 DEBUG 28292 --- [           main] o.s.b.f.s.DefaultListableBeanFactory     : Creating shared instance of singleton bean 'productServiceImpl'
2024-03-20 14:14:11.735 DEBUG 28292 --- [           main] o.s.b.f.s.DefaultListableBeanFactory     : Creating shared instance of singleton bean 'productMapper'
2024-03-20 14:14:11.747 DEBUG 28292 --- [           main] o.s.b.f.s.DefaultListableBeanFactory     : Creating shared instance of singleton bean 'userController'
2024-03-20 14:14:11.749 DEBUG 28292 --- [           main] o.s.b.f.s.DefaultListableBeanFactory     : Creating shared instance of singleton bean 'userServiceImpl'
2024-03-20 14:14:11.751 DEBUG 28292 --- [           main] o.s.b.f.s.DefaultListableBeanFactory     : Creating shared instance of singleton bean 'userMapper'
2024-03-20 14:14:11.756 DEBUG 28292 --- [           main] o.s.b.f.s.DefaultListableBeanFactory     : Creating shared instance of singleton bean 'redisUtil'
2024-03-20 14:14:11.758 DEBUG 28292 --- [           main] o.s.b.f.s.DefaultListableBeanFactory     : Creating shared instance of singleton bean 'stringRedisTemplate'
2024-03-20 14:14:11.758 DEBUG 28292 --- [           main] o.s.b.f.s.DefaultListableBeanFactory     : Creating shared instance of singleton bean 'org.springframework.boot.autoconfigure.data.redis.RedisAutoConfiguration'
2024-03-20 14:14:11.760 DEBUG 28292 --- [           main] o.s.b.f.s.DefaultListableBeanFactory     : Creating shared instance of singleton bean 'redisConnectionFactory'
2024-03-20 14:14:11.760 DEBUG 28292 --- [           main] o.s.b.f.s.DefaultListableBeanFactory     : Creating shared instance of singleton bean 'org.springframework.boot.autoconfigure.data.redis.LettuceConnectionConfiguration'
2024-03-20 14:14:11.761 DEBUG 28292 --- [           main] o.s.b.f.s.DefaultListableBeanFactory     : Creating shared instance of singleton bean 'spring.redis-org.springframework.boot.autoconfigure.data.redis.RedisProperties'
2024-03-20 14:14:11.765 DEBUG 28292 --- [           main] o.s.b.f.s.DefaultListableBeanFactory     : Autowiring by type from bean name 'org.springframework.boot.autoconfigure.data.redis.LettuceConnectionConfiguration' via constructor to bean named 'spring.redis-org.springframework.boot.autoconfigure.data.redis.RedisProperties'
2024-03-20 14:14:11.768 DEBUG 28292 --- [           main] o.s.b.f.s.DefaultListableBeanFactory     : Creating shared instance of singleton bean 'lettuceClientResources'
2024-03-20 14:14:11.773 DEBUG 28292 --- [           main] i.n.u.i.logging.InternalLoggerFactory    : Using SLF4J as the default logging framework
2024-03-20 14:14:11.775 DEBUG 28292 --- [           main] i.l.c.resource.DefaultClientResources    : -Dio.netty.eventLoopThreads: 20
2024-03-20 14:14:11.781 DEBUG 28292 --- [           main] i.l.c.r.DefaultEventLoopGroupProvider    : Creating executor io.netty.util.concurrent.DefaultEventExecutorGroup
2024-03-20 14:14:11.844 DEBUG 28292 --- [           main] i.n.u.internal.InternalThreadLocalMap    : -Dio.netty.threadLocalMap.stringBuilder.initialSize: 1024
2024-03-20 14:14:11.844 DEBUG 28292 --- [           main] i.n.u.internal.InternalThreadLocalMap    : -Dio.netty.threadLocalMap.stringBuilder.maxSize: 4096
2024-03-20 14:14:11.848 DEBUG 28292 --- [           main] io.netty.util.ResourceLeakDetector       : -Dio.netty.leakDetection.level: simple
2024-03-20 14:14:11.848 DEBUG 28292 --- [           main] io.netty.util.ResourceLeakDetector       : -Dio.netty.leakDetection.targetRecords: 4
2024-03-20 14:14:11.851 DEBUG 28292 --- [           main] i.n.util.ResourceLeakDetectorFactory     : Loaded default ResourceLeakDetector: io.netty.util.ResourceLeakDetector@3312f4f4
2024-03-20 14:14:11.865 DEBUG 28292 --- [           main] i.n.util.internal.PlatformDependent0     : -Dio.netty.noUnsafe: false
2024-03-20 14:14:11.866 DEBUG 28292 --- [           main] i.n.util.internal.PlatformDependent0     : Java version: 19
2024-03-20 14:14:11.867 DEBUG 28292 --- [           main] i.n.util.internal.PlatformDependent0     : sun.misc.Unsafe.theUnsafe: available
2024-03-20 14:14:11.868 DEBUG 28292 --- [           main] i.n.util.internal.PlatformDependent0     : sun.misc.Unsafe.copyMemory: available
2024-03-20 14:14:11.868 DEBUG 28292 --- [           main] i.n.util.internal.PlatformDependent0     : java.nio.Buffer.address: available
2024-03-20 14:14:11.869 DEBUG 28292 --- [           main] i.n.util.internal.PlatformDependent0     : direct buffer constructor: unavailable: Reflective setAccessible(true) disabled
2024-03-20 14:14:11.870 DEBUG 28292 --- [           main] i.n.util.internal.PlatformDependent0     : java.nio.Bits.unaligned: available, true
2024-03-20 14:14:11.871 DEBUG 28292 --- [           main] i.n.util.internal.PlatformDependent0     : jdk.internal.misc.Unsafe.allocateUninitializedArray(int): unavailable: class io.netty.util.internal.PlatformDependent0$6 cannot access class jdk.internal.misc.Unsafe (in module java.base) because module java.base does not export jdk.internal.misc to unnamed module @768b970c
2024-03-20 14:14:11.872 DEBUG 28292 --- [           main] i.n.util.internal.PlatformDependent0     : java.nio.DirectByteBuffer.<init>(long, int): unavailable
2024-03-20 14:14:11.872 DEBUG 28292 --- [           main] i.netty.util.internal.PlatformDependent  : sun.misc.Unsafe: available
2024-03-20 14:14:11.873 DEBUG 28292 --- [           main] i.netty.util.internal.PlatformDependent  : maxDirectMemory: 4219469824 bytes (maybe)
2024-03-20 14:14:11.873 DEBUG 28292 --- [           main] i.netty.util.internal.PlatformDependent  : -Dio.netty.tmpdir: C:\Users\daidai\AppData\Local\Temp (java.io.tmpdir)
2024-03-20 14:14:11.874 DEBUG 28292 --- [           main] i.netty.util.internal.PlatformDependent  : -Dio.netty.bitMode: 64 (sun.arch.data.model)
2024-03-20 14:14:11.874 DEBUG 28292 --- [           main] i.netty.util.internal.PlatformDependent  : Platform: Windows
2024-03-20 14:14:11.874 DEBUG 28292 --- [           main] i.netty.util.internal.PlatformDependent  : -Dio.netty.maxDirectMemory: -1 bytes
2024-03-20 14:14:11.874 DEBUG 28292 --- [           main] i.netty.util.internal.PlatformDependent  : -Dio.netty.uninitializedArrayAllocationThreshold: -1
2024-03-20 14:14:11.876 DEBUG 28292 --- [           main] io.netty.util.internal.CleanerJava9      : java.nio.ByteBuffer.cleaner(): available
2024-03-20 14:14:11.876 DEBUG 28292 --- [           main] i.netty.util.internal.PlatformDependent  : -Dio.netty.noPreferDirect: false
2024-03-20 14:14:11.883 DEBUG 28292 --- [           main] i.netty.util.internal.PlatformDependent  : org.jctools-core.MpscChunkedArrayQueue: available
2024-03-20 14:14:11.890 DEBUG 28292 --- [           main] reactor.util.Loggers$LoggerFactory       : Using Slf4j logging framework
2024-03-20 14:14:11.910 DEBUG 28292 --- [           main] i.l.c.resource.DefaultClientResources    : LatencyUtils/HdrUtils are not available, metrics are disabled
2024-03-20 14:14:11.914 DEBUG 28292 --- [           main] o.s.b.f.s.DefaultListableBeanFactory     : Autowiring by type from bean name 'redisConnectionFactory' via factory method to bean named 'lettuceClientResources'
2024-03-20 14:14:11.977 DEBUG 28292 --- [           main] io.netty.buffer.PooledByteBufAllocator   : -Dio.netty.allocator.numHeapArenas: 40
2024-03-20 14:14:11.977 DEBUG 28292 --- [           main] io.netty.buffer.PooledByteBufAllocator   : -Dio.netty.allocator.numDirectArenas: 40
2024-03-20 14:14:11.978 DEBUG 28292 --- [           main] io.netty.buffer.PooledByteBufAllocator   : -Dio.netty.allocator.pageSize: 8192
2024-03-20 14:14:11.978 DEBUG 28292 --- [           main] io.netty.buffer.PooledByteBufAllocator   : -Dio.netty.allocator.maxOrder: 11
2024-03-20 14:14:11.978 DEBUG 28292 --- [           main] io.netty.buffer.PooledByteBufAllocator   : -Dio.netty.allocator.chunkSize: 16777216
2024-03-20 14:14:11.978 DEBUG 28292 --- [           main] io.netty.buffer.PooledByteBufAllocator   : -Dio.netty.allocator.smallCacheSize: 256
2024-03-20 14:14:11.978 DEBUG 28292 --- [           main] io.netty.buffer.PooledByteBufAllocator   : -Dio.netty.allocator.normalCacheSize: 64
2024-03-20 14:14:11.978 DEBUG 28292 --- [           main] io.netty.buffer.PooledByteBufAllocator   : -Dio.netty.allocator.maxCachedBufferCapacity: 32768
2024-03-20 14:14:11.978 DEBUG 28292 --- [           main] io.netty.buffer.PooledByteBufAllocator   : -Dio.netty.allocator.cacheTrimInterval: 8192
2024-03-20 14:14:11.978 DEBUG 28292 --- [           main] io.netty.buffer.PooledByteBufAllocator   : -Dio.netty.allocator.cacheTrimIntervalMillis: 0
2024-03-20 14:14:11.978 DEBUG 28292 --- [           main] io.netty.buffer.PooledByteBufAllocator   : -Dio.netty.allocator.useCacheForAllThreads: true
2024-03-20 14:14:11.978 DEBUG 28292 --- [           main] io.netty.buffer.PooledByteBufAllocator   : -Dio.netty.allocator.maxCachedByteBuffersPerChunk: 1023
2024-03-20 14:14:12.019 DEBUG 28292 --- [           main] o.s.b.f.s.DefaultListableBeanFactory     : Autowiring by type from bean name 'stringRedisTemplate' via factory method to bean named 'redisConnectionFactory'
2024-03-20 14:14:12.093 DEBUG 28292 --- [           main] o.s.data.convert.CustomConversions       : Adding converter from class java.lang.String to class [B as writing converter.
2024-03-20 14:14:12.093 DEBUG 28292 --- [           main] o.s.data.convert.CustomConversions       : Adding converter from class [B to class java.lang.String as reading converter.
2024-03-20 14:14:12.094 DEBUG 28292 --- [           main] o.s.data.convert.CustomConversions       : Adding converter from class java.lang.Number to class [B as writing converter.
2024-03-20 14:14:12.094 DEBUG 28292 --- [           main] o.s.data.convert.CustomConversions       : Adding converter from class [B to class java.lang.Number as reading converter.
2024-03-20 14:14:12.094 DEBUG 28292 --- [           main] o.s.data.convert.CustomConversions       : Adding converter from class java.lang.Enum to class [B as writing converter.
2024-03-20 14:14:12.094 DEBUG 28292 --- [           main] o.s.data.convert.CustomConversions       : Adding converter from class [B to class java.lang.Enum as reading converter.
2024-03-20 14:14:12.094 DEBUG 28292 --- [           main] o.s.data.convert.CustomConversions       : Adding converter from class java.lang.Boolean to class [B as writing converter.
2024-03-20 14:14:12.094 DEBUG 28292 --- [           main] o.s.data.convert.CustomConversions       : Adding converter from class [B to class java.lang.Boolean as reading converter.
2024-03-20 14:14:12.094 DEBUG 28292 --- [           main] o.s.data.convert.CustomConversions       : Adding converter from class java.util.Date to class [B as writing converter.
2024-03-20 14:14:12.094 DEBUG 28292 --- [           main] o.s.data.convert.CustomConversions       : Adding converter from class [B to class java.util.Date as reading converter.
2024-03-20 14:14:12.094 DEBUG 28292 --- [           main] o.s.data.convert.CustomConversions       : Adding converter from class java.util.UUID to class [B as writing converter.
2024-03-20 14:14:12.094 DEBUG 28292 --- [           main] o.s.data.convert.CustomConversions       : Adding converter from class [B to class java.util.UUID as reading converter.
2024-03-20 14:14:12.094 DEBUG 28292 --- [           main] o.s.data.convert.CustomConversions       : Adding converter from class java.time.LocalDateTime to class [B as writing converter.
2024-03-20 14:14:12.094 DEBUG 28292 --- [           main] o.s.data.convert.CustomConversions       : Adding converter from class [B to class java.time.LocalDateTime as reading converter.
2024-03-20 14:14:12.094 DEBUG 28292 --- [           main] o.s.data.convert.CustomConversions       : Adding converter from class java.time.LocalDate to class [B as writing converter.
2024-03-20 14:14:12.094 DEBUG 28292 --- [           main] o.s.data.convert.CustomConversions       : Adding converter from class [B to class java.time.LocalDate as reading converter.
2024-03-20 14:14:12.094 DEBUG 28292 --- [           main] o.s.data.convert.CustomConversions       : Adding converter from class java.time.LocalTime to class [B as writing converter.
2024-03-20 14:14:12.094 DEBUG 28292 --- [           main] o.s.data.convert.CustomConversions       : Adding converter from class [B to class java.time.LocalTime as reading converter.
2024-03-20 14:14:12.095 DEBUG 28292 --- [           main] o.s.data.convert.CustomConversions       : Adding converter from class java.time.ZonedDateTime to class [B as writing converter.
2024-03-20 14:14:12.095 DEBUG 28292 --- [           main] o.s.data.convert.CustomConversions       : Adding converter from class [B to class java.time.ZonedDateTime as reading converter.
2024-03-20 14:14:12.095 DEBUG 28292 --- [           main] o.s.data.convert.CustomConversions       : Adding converter from class java.time.Instant to class [B as writing converter.
2024-03-20 14:14:12.095 DEBUG 28292 --- [           main] o.s.data.convert.CustomConversions       : Adding converter from class [B to class java.time.Instant as reading converter.
2024-03-20 14:14:12.095 DEBUG 28292 --- [           main] o.s.data.convert.CustomConversions       : Adding converter from class java.time.ZoneId to class [B as writing converter.
2024-03-20 14:14:12.095 DEBUG 28292 --- [           main] o.s.data.convert.CustomConversions       : Adding converter from class [B to class java.time.ZoneId as reading converter.
2024-03-20 14:14:12.095 DEBUG 28292 --- [           main] o.s.data.convert.CustomConversions       : Adding converter from class java.time.Period to class [B as writing converter.
2024-03-20 14:14:12.095 DEBUG 28292 --- [           main] o.s.data.convert.CustomConversions       : Adding converter from class [B to class java.time.Period as reading converter.
2024-03-20 14:14:12.095 DEBUG 28292 --- [           main] o.s.data.convert.CustomConversions       : Adding converter from class java.time.Duration to class [B as writing converter.
2024-03-20 14:14:12.095 DEBUG 28292 --- [           main] o.s.data.convert.CustomConversions       : Adding converter from class [B to class java.time.Duration as reading converter.
2024-03-20 14:14:12.095 DEBUG 28292 --- [           main] o.s.data.convert.CustomConversions       : Adding converter from class org.joda.time.LocalDate to class java.util.Date as writing converter.
2024-03-20 14:14:12.096 DEBUG 28292 --- [           main] o.s.data.convert.CustomConversions       : Adding converter from class org.joda.time.LocalDateTime to class java.util.Date as writing converter.
2024-03-20 14:14:12.096 DEBUG 28292 --- [           main] o.s.data.convert.CustomConversions       : Adding converter from class org.joda.time.DateTime to class java.util.Date as writing converter.
2024-03-20 14:14:12.096 DEBUG 28292 --- [           main] o.s.data.convert.CustomConversions       : Adding converter from class java.util.Date to class org.joda.time.LocalDate as reading converter.
2024-03-20 14:14:12.096 DEBUG 28292 --- [           main] o.s.data.convert.CustomConversions       : Adding converter from class java.util.Date to class org.joda.time.LocalDateTime as reading converter.
2024-03-20 14:14:12.096 DEBUG 28292 --- [           main] o.s.data.convert.CustomConversions       : Adding converter from class java.util.Date to class org.joda.time.DateTime as reading converter.
2024-03-20 14:14:12.096 DEBUG 28292 --- [           main] o.s.data.convert.CustomConversions       : Adding converter from class java.time.LocalDateTime to class org.joda.time.LocalDateTime as reading converter.
2024-03-20 14:14:12.096 DEBUG 28292 --- [           main] o.s.data.convert.CustomConversions       : Adding converter from class java.time.LocalDateTime to class org.joda.time.DateTime as reading converter.
2024-03-20 14:14:12.096 DEBUG 28292 --- [           main] o.s.data.convert.CustomConversions       : Adding converter from class java.time.Instant to class org.joda.time.LocalDateTime as reading converter.
2024-03-20 14:14:12.096 DEBUG 28292 --- [           main] o.s.data.convert.CustomConversions       : Adding converter from class org.joda.time.LocalDateTime to class java.time.Instant as writing converter.
2024-03-20 14:14:12.096 DEBUG 28292 --- [           main] o.s.data.convert.CustomConversions       : Adding converter from class org.joda.time.LocalDateTime to class java.time.LocalDateTime as writing converter.
2024-03-20 14:14:12.096 DEBUG 28292 --- [           main] o.s.data.convert.CustomConversions       : Adding converter from class java.util.Date to class java.time.LocalDateTime as reading converter.
2024-03-20 14:14:12.096 DEBUG 28292 --- [           main] o.s.data.convert.CustomConversions       : Adding converter from class java.time.LocalDateTime to class java.util.Date as writing converter.
2024-03-20 14:14:12.096 DEBUG 28292 --- [           main] o.s.data.convert.CustomConversions       : Adding converter from class java.util.Date to class java.time.LocalDate as reading converter.
2024-03-20 14:14:12.097 DEBUG 28292 --- [           main] o.s.data.convert.CustomConversions       : Adding converter from class java.time.LocalDate to class java.util.Date as writing converter.
2024-03-20 14:14:12.097 DEBUG 28292 --- [           main] o.s.data.convert.CustomConversions       : Adding converter from class java.util.Date to class java.time.LocalTime as reading converter.
2024-03-20 14:14:12.097 DEBUG 28292 --- [           main] o.s.data.convert.CustomConversions       : Adding converter from class java.time.LocalTime to class java.util.Date as writing converter.
2024-03-20 14:14:12.097 DEBUG 28292 --- [           main] o.s.data.convert.CustomConversions       : Adding converter from class java.util.Date to class java.time.Instant as reading converter.
2024-03-20 14:14:12.097 DEBUG 28292 --- [           main] o.s.data.convert.CustomConversions       : Adding converter from class java.time.Instant to class java.util.Date as writing converter.
2024-03-20 14:14:12.097 DEBUG 28292 --- [           main] o.s.data.convert.CustomConversions       : Adding converter from class java.time.LocalDateTime to class java.time.Instant as reading converter.
2024-03-20 14:14:12.097 DEBUG 28292 --- [           main] o.s.data.convert.CustomConversions       : Adding converter from class java.time.Instant to class java.time.LocalDateTime as reading converter.
2024-03-20 14:14:12.097 DEBUG 28292 --- [           main] o.s.data.convert.CustomConversions       : Adding converter from class java.time.ZoneId to class java.lang.String as writing converter.
2024-03-20 14:14:12.098 DEBUG 28292 --- [           main] o.s.data.convert.CustomConversions       : Adding converter from class java.lang.String to class java.time.ZoneId as reading converter.
2024-03-20 14:14:12.098 DEBUG 28292 --- [           main] o.s.data.convert.CustomConversions       : Adding converter from class java.time.Duration to class java.lang.String as writing converter.
2024-03-20 14:14:12.098 DEBUG 28292 --- [           main] o.s.data.convert.CustomConversions       : Adding converter from class java.lang.String to class java.time.Duration as reading converter.
2024-03-20 14:14:12.098 DEBUG 28292 --- [           main] o.s.data.convert.CustomConversions       : Adding converter from class java.time.Period to class java.lang.String as writing converter.
2024-03-20 14:14:12.099 DEBUG 28292 --- [           main] o.s.data.convert.CustomConversions       : Adding converter from class java.lang.String to class java.time.Period as reading converter.
2024-03-20 14:14:12.099 DEBUG 28292 --- [           main] o.s.data.convert.CustomConversions       : Adding converter from class java.lang.String to class java.time.LocalDate as reading converter.
2024-03-20 14:14:12.099 DEBUG 28292 --- [           main] o.s.data.convert.CustomConversions       : Adding converter from class java.lang.String to class java.time.LocalDateTime as reading converter.
2024-03-20 14:14:12.099 DEBUG 28292 --- [           main] o.s.data.convert.CustomConversions       : Adding converter from class java.lang.String to class java.time.Instant as reading converter.
2024-03-20 14:14:12.100 DEBUG 28292 --- [           main] o.s.data.convert.CustomConversions       : Adding converter from class java.lang.String to class [B as writing converter.
2024-03-20 14:14:12.100 DEBUG 28292 --- [           main] o.s.data.convert.CustomConversions       : Adding converter from class [B to class java.lang.String as reading converter.
2024-03-20 14:14:12.100 DEBUG 28292 --- [           main] o.s.data.convert.CustomConversions       : Adding converter from class java.lang.Number to class [B as writing converter.
2024-03-20 14:14:12.100 DEBUG 28292 --- [           main] o.s.data.convert.CustomConversions       : Adding converter from class [B to class java.lang.Number as reading converter.
2024-03-20 14:14:12.100 DEBUG 28292 --- [           main] o.s.data.convert.CustomConversions       : Adding converter from class java.lang.Enum to class [B as writing converter.
2024-03-20 14:14:12.100 DEBUG 28292 --- [           main] o.s.data.convert.CustomConversions       : Adding converter from class [B to class java.lang.Enum as reading converter.
2024-03-20 14:14:12.100 DEBUG 28292 --- [           main] o.s.data.convert.CustomConversions       : Adding converter from class java.lang.Boolean to class [B as writing converter.
2024-03-20 14:14:12.100 DEBUG 28292 --- [           main] o.s.data.convert.CustomConversions       : Adding converter from class [B to class java.lang.Boolean as reading converter.
2024-03-20 14:14:12.100 DEBUG 28292 --- [           main] o.s.data.convert.CustomConversions       : Adding converter from class java.util.Date to class [B as writing converter.
2024-03-20 14:14:12.100 DEBUG 28292 --- [           main] o.s.data.convert.CustomConversions       : Adding converter from class [B to class java.util.Date as reading converter.
2024-03-20 14:14:12.100 DEBUG 28292 --- [           main] o.s.data.convert.CustomConversions       : Adding converter from class java.util.UUID to class [B as writing converter.
2024-03-20 14:14:12.100 DEBUG 28292 --- [           main] o.s.data.convert.CustomConversions       : Adding converter from class [B to class java.util.UUID as reading converter.
2024-03-20 14:14:12.100 DEBUG 28292 --- [           main] o.s.data.convert.CustomConversions       : Adding converter from class java.time.LocalDateTime to class [B as writing converter.
2024-03-20 14:14:12.101 DEBUG 28292 --- [           main] o.s.data.convert.CustomConversions       : Adding converter from class [B to class java.time.LocalDateTime as reading converter.
2024-03-20 14:14:12.101 DEBUG 28292 --- [           main] o.s.data.convert.CustomConversions       : Adding converter from class java.time.LocalDate to class [B as writing converter.
2024-03-20 14:14:12.101 DEBUG 28292 --- [           main] o.s.data.convert.CustomConversions       : Adding converter from class [B to class java.time.LocalDate as reading converter.
2024-03-20 14:14:12.101 DEBUG 28292 --- [           main] o.s.data.convert.CustomConversions       : Adding converter from class java.time.LocalTime to class [B as writing converter.
2024-03-20 14:14:12.101 DEBUG 28292 --- [           main] o.s.data.convert.CustomConversions       : Adding converter from class [B to class java.time.LocalTime as reading converter.
2024-03-20 14:14:12.101 DEBUG 28292 --- [           main] o.s.data.convert.CustomConversions       : Adding converter from class java.time.ZonedDateTime to class [B as writing converter.
2024-03-20 14:14:12.101 DEBUG 28292 --- [           main] o.s.data.convert.CustomConversions       : Adding converter from class [B to class java.time.ZonedDateTime as reading converter.
2024-03-20 14:14:12.101 DEBUG 28292 --- [           main] o.s.data.convert.CustomConversions       : Adding converter from class java.time.Instant to class [B as writing converter.
2024-03-20 14:14:12.101 DEBUG 28292 --- [           main] o.s.data.convert.CustomConversions       : Adding converter from class [B to class java.time.Instant as reading converter.
2024-03-20 14:14:12.101 DEBUG 28292 --- [           main] o.s.data.convert.CustomConversions       : Adding converter from class java.time.ZoneId to class [B as writing converter.
2024-03-20 14:14:12.101 DEBUG 28292 --- [           main] o.s.data.convert.CustomConversions       : Adding converter from class [B to class java.time.ZoneId as reading converter.
2024-03-20 14:14:12.101 DEBUG 28292 --- [           main] o.s.data.convert.CustomConversions       : Adding converter from class java.time.Period to class [B as writing converter.
2024-03-20 14:14:12.101 DEBUG 28292 --- [           main] o.s.data.convert.CustomConversions       : Adding converter from class [B to class java.time.Period as reading converter.
2024-03-20 14:14:12.101 DEBUG 28292 --- [           main] o.s.data.convert.CustomConversions       : Adding converter from class java.time.Duration to class [B as writing converter.
2024-03-20 14:14:12.101 DEBUG 28292 --- [           main] o.s.data.convert.CustomConversions       : Adding converter from class [B to class java.time.Duration as reading converter.
2024-03-20 14:14:12.101 DEBUG 28292 --- [           main] o.s.data.convert.CustomConversions       : Adding converter from class org.joda.time.LocalDate to class java.util.Date as writing converter.
2024-03-20 14:14:12.101 DEBUG 28292 --- [           main] o.s.data.convert.CustomConversions       : Adding converter from class org.joda.time.LocalDateTime to class java.util.Date as writing converter.
2024-03-20 14:14:12.101 DEBUG 28292 --- [           main] o.s.data.convert.CustomConversions       : Adding converter from class org.joda.time.DateTime to class java.util.Date as writing converter.
2024-03-20 14:14:12.101 DEBUG 28292 --- [           main] o.s.data.convert.CustomConversions       : Adding converter from class java.util.Date to class org.joda.time.LocalDate as reading converter.
2024-03-20 14:14:12.101 DEBUG 28292 --- [           main] o.s.data.convert.CustomConversions       : Adding converter from class java.util.Date to class org.joda.time.LocalDateTime as reading converter.
2024-03-20 14:14:12.101 DEBUG 28292 --- [           main] o.s.data.convert.CustomConversions       : Adding converter from class java.util.Date to class org.joda.time.DateTime as reading converter.
2024-03-20 14:14:12.102 DEBUG 28292 --- [           main] o.s.data.convert.CustomConversions       : Adding converter from class java.time.LocalDateTime to class org.joda.time.LocalDateTime as reading converter.
2024-03-20 14:14:12.102 DEBUG 28292 --- [           main] o.s.data.convert.CustomConversions       : Adding converter from class java.time.LocalDateTime to class org.joda.time.DateTime as reading converter.
2024-03-20 14:14:12.102 DEBUG 28292 --- [           main] o.s.data.convert.CustomConversions       : Adding converter from class java.time.Instant to class org.joda.time.LocalDateTime as reading converter.
2024-03-20 14:14:12.102 DEBUG 28292 --- [           main] o.s.data.convert.CustomConversions       : Adding converter from class org.joda.time.LocalDateTime to class java.time.Instant as writing converter.
2024-03-20 14:14:12.102 DEBUG 28292 --- [           main] o.s.data.convert.CustomConversions       : Adding converter from class org.joda.time.LocalDateTime to class java.time.LocalDateTime as writing converter.
2024-03-20 14:14:12.102 DEBUG 28292 --- [           main] o.s.data.convert.CustomConversions       : Adding converter from class java.util.Date to class java.time.LocalDateTime as reading converter.
2024-03-20 14:14:12.102 DEBUG 28292 --- [           main] o.s.data.convert.CustomConversions       : Adding converter from class java.time.LocalDateTime to class java.util.Date as writing converter.
2024-03-20 14:14:12.102 DEBUG 28292 --- [           main] o.s.data.convert.CustomConversions       : Adding converter from class java.util.Date to class java.time.LocalDate as reading converter.
2024-03-20 14:14:12.102 DEBUG 28292 --- [           main] o.s.data.convert.CustomConversions       : Adding converter from class java.time.LocalDate to class java.util.Date as writing converter.
2024-03-20 14:14:12.102 DEBUG 28292 --- [           main] o.s.data.convert.CustomConversions       : Adding converter from class java.util.Date to class java.time.LocalTime as reading converter.
2024-03-20 14:14:12.102 DEBUG 28292 --- [           main] o.s.data.convert.CustomConversions       : Adding converter from class java.time.LocalTime to class java.util.Date as writing converter.
2024-03-20 14:14:12.102 DEBUG 28292 --- [           main] o.s.data.convert.CustomConversions       : Adding converter from class java.util.Date to class java.time.Instant as reading converter.
2024-03-20 14:14:12.102 DEBUG 28292 --- [           main] o.s.data.convert.CustomConversions       : Adding converter from class java.time.Instant to class java.util.Date as writing converter.
2024-03-20 14:14:12.102 DEBUG 28292 --- [           main] o.s.data.convert.CustomConversions       : Adding converter from class java.time.LocalDateTime to class java.time.Instant as reading converter.
2024-03-20 14:14:12.102 DEBUG 28292 --- [           main] o.s.data.convert.CustomConversions       : Adding converter from class java.time.Instant to class java.time.LocalDateTime as reading converter.
2024-03-20 14:14:12.102 DEBUG 28292 --- [           main] o.s.data.convert.CustomConversions       : Adding converter from class java.time.ZoneId to class java.lang.String as writing converter.
2024-03-20 14:14:12.102 DEBUG 28292 --- [           main] o.s.data.convert.CustomConversions       : Adding converter from class java.lang.String to class java.time.ZoneId as reading converter.
2024-03-20 14:14:12.102 DEBUG 28292 --- [           main] o.s.data.convert.CustomConversions       : Adding converter from class java.time.Duration to class java.lang.String as writing converter.
2024-03-20 14:14:12.102 DEBUG 28292 --- [           main] o.s.data.convert.CustomConversions       : Adding converter from class java.lang.String to class java.time.Duration as reading converter.
2024-03-20 14:14:12.102 DEBUG 28292 --- [           main] o.s.data.convert.CustomConversions       : Adding converter from class java.time.Period to class java.lang.String as writing converter.
2024-03-20 14:14:12.102 DEBUG 28292 --- [           main] o.s.data.convert.CustomConversions       : Adding converter from class java.lang.String to class java.time.Period as reading converter.
2024-03-20 14:14:12.102 DEBUG 28292 --- [           main] o.s.data.convert.CustomConversions       : Adding converter from class java.lang.String to class java.time.LocalDate as reading converter.
2024-03-20 14:14:12.102 DEBUG 28292 --- [           main] o.s.data.convert.CustomConversions       : Adding converter from class java.lang.String to class java.time.LocalDateTime as reading converter.
2024-03-20 14:14:12.103 DEBUG 28292 --- [           main] o.s.data.convert.CustomConversions       : Adding converter from class java.lang.String to class java.time.Instant as reading converter.
2024-03-20 14:14:12.112 DEBUG 28292 --- [           main] o.s.data.convert.CustomConversions       : Adding converter from class java.lang.String to class [B as writing converter.
2024-03-20 14:14:12.112 DEBUG 28292 --- [           main] o.s.data.convert.CustomConversions       : Adding converter from class [B to class java.lang.String as reading converter.
2024-03-20 14:14:12.112 DEBUG 28292 --- [           main] o.s.data.convert.CustomConversions       : Adding converter from class java.lang.Number to class [B as writing converter.
2024-03-20 14:14:12.112 DEBUG 28292 --- [           main] o.s.data.convert.CustomConversions       : Adding converter from class [B to class java.lang.Number as reading converter.
2024-03-20 14:14:12.112 DEBUG 28292 --- [           main] o.s.data.convert.CustomConversions       : Adding converter from class java.lang.Enum to class [B as writing converter.
2024-03-20 14:14:12.112 DEBUG 28292 --- [           main] o.s.data.convert.CustomConversions       : Adding converter from class [B to class java.lang.Enum as reading converter.
2024-03-20 14:14:12.112 DEBUG 28292 --- [           main] o.s.data.convert.CustomConversions       : Adding converter from class java.lang.Boolean to class [B as writing converter.
2024-03-20 14:14:12.112 DEBUG 28292 --- [           main] o.s.data.convert.CustomConversions       : Adding converter from class [B to class java.lang.Boolean as reading converter.
2024-03-20 14:14:12.112 DEBUG 28292 --- [           main] o.s.data.convert.CustomConversions       : Adding converter from class java.util.Date to class [B as writing converter.
2024-03-20 14:14:12.112 DEBUG 28292 --- [           main] o.s.data.convert.CustomConversions       : Adding converter from class [B to class java.util.Date as reading converter.
2024-03-20 14:14:12.112 DEBUG 28292 --- [           main] o.s.data.convert.CustomConversions       : Adding converter from class java.util.UUID to class [B as writing converter.
2024-03-20 14:14:12.113 DEBUG 28292 --- [           main] o.s.data.convert.CustomConversions       : Adding converter from class [B to class java.util.UUID as reading converter.
2024-03-20 14:14:12.113 DEBUG 28292 --- [           main] o.s.data.convert.CustomConversions       : Adding converter from class java.time.LocalDateTime to class [B as writing converter.
2024-03-20 14:14:12.113 DEBUG 28292 --- [           main] o.s.data.convert.CustomConversions       : Adding converter from class [B to class java.time.LocalDateTime as reading converter.
2024-03-20 14:14:12.113 DEBUG 28292 --- [           main] o.s.data.convert.CustomConversions       : Adding converter from class java.time.LocalDate to class [B as writing converter.
2024-03-20 14:14:12.113 DEBUG 28292 --- [           main] o.s.data.convert.CustomConversions       : Adding converter from class [B to class java.time.LocalDate as reading converter.
2024-03-20 14:14:12.113 DEBUG 28292 --- [           main] o.s.data.convert.CustomConversions       : Adding converter from class java.time.LocalTime to class [B as writing converter.
2024-03-20 14:14:12.113 DEBUG 28292 --- [           main] o.s.data.convert.CustomConversions       : Adding converter from class [B to class java.time.LocalTime as reading converter.
2024-03-20 14:14:12.113 DEBUG 28292 --- [           main] o.s.data.convert.CustomConversions       : Adding converter from class java.time.ZonedDateTime to class [B as writing converter.
2024-03-20 14:14:12.113 DEBUG 28292 --- [           main] o.s.data.convert.CustomConversions       : Adding converter from class [B to class java.time.ZonedDateTime as reading converter.
2024-03-20 14:14:12.113 DEBUG 28292 --- [           main] o.s.data.convert.CustomConversions       : Adding converter from class java.time.Instant to class [B as writing converter.
2024-03-20 14:14:12.113 DEBUG 28292 --- [           main] o.s.data.convert.CustomConversions       : Adding converter from class [B to class java.time.Instant as reading converter.
2024-03-20 14:14:12.113 DEBUG 28292 --- [           main] o.s.data.convert.CustomConversions       : Adding converter from class java.time.ZoneId to class [B as writing converter.
2024-03-20 14:14:12.113 DEBUG 28292 --- [           main] o.s.data.convert.CustomConversions       : Adding converter from class [B to class java.time.ZoneId as reading converter.
2024-03-20 14:14:12.113 DEBUG 28292 --- [           main] o.s.data.convert.CustomConversions       : Adding converter from class java.time.Period to class [B as writing converter.
2024-03-20 14:14:12.113 DEBUG 28292 --- [           main] o.s.data.convert.CustomConversions       : Adding converter from class [B to class java.time.Period as reading converter.
2024-03-20 14:14:12.113 DEBUG 28292 --- [           main] o.s.data.convert.CustomConversions       : Adding converter from class java.time.Duration to class [B as writing converter.
2024-03-20 14:14:12.113 DEBUG 28292 --- [           main] o.s.data.convert.CustomConversions       : Adding converter from class [B to class java.time.Duration as reading converter.
2024-03-20 14:14:12.113 DEBUG 28292 --- [           main] o.s.data.convert.CustomConversions       : Adding converter from class org.joda.time.LocalDate to class java.util.Date as writing converter.
2024-03-20 14:14:12.113 DEBUG 28292 --- [           main] o.s.data.convert.CustomConversions       : Adding converter from class org.joda.time.LocalDateTime to class java.util.Date as writing converter.
2024-03-20 14:14:12.113 DEBUG 28292 --- [           main] o.s.data.convert.CustomConversions       : Adding converter from class org.joda.time.DateTime to class java.util.Date as writing converter.
2024-03-20 14:14:12.113 DEBUG 28292 --- [           main] o.s.data.convert.CustomConversions       : Adding converter from class java.util.Date to class org.joda.time.LocalDate as reading converter.
2024-03-20 14:14:12.114 DEBUG 28292 --- [           main] o.s.data.convert.CustomConversions       : Adding converter from class java.util.Date to class org.joda.time.LocalDateTime as reading converter.
2024-03-20 14:14:12.114 DEBUG 28292 --- [           main] o.s.data.convert.CustomConversions       : Adding converter from class java.util.Date to class org.joda.time.DateTime as reading converter.
2024-03-20 14:14:12.114 DEBUG 28292 --- [           main] o.s.data.convert.CustomConversions       : Adding converter from class java.time.LocalDateTime to class org.joda.time.LocalDateTime as reading converter.
2024-03-20 14:14:12.114 DEBUG 28292 --- [           main] o.s.data.convert.CustomConversions       : Adding converter from class java.time.LocalDateTime to class org.joda.time.DateTime as reading converter.
2024-03-20 14:14:12.114 DEBUG 28292 --- [           main] o.s.data.convert.CustomConversions       : Adding converter from class java.time.Instant to class org.joda.time.LocalDateTime as reading converter.
2024-03-20 14:14:12.114 DEBUG 28292 --- [           main] o.s.data.convert.CustomConversions       : Adding converter from class org.joda.time.LocalDateTime to class java.time.Instant as writing converter.
2024-03-20 14:14:12.114 DEBUG 28292 --- [           main] o.s.data.convert.CustomConversions       : Adding converter from class org.joda.time.LocalDateTime to class java.time.LocalDateTime as writing converter.
2024-03-20 14:14:12.114 DEBUG 28292 --- [           main] o.s.data.convert.CustomConversions       : Adding converter from class java.util.Date to class java.time.LocalDateTime as reading converter.
2024-03-20 14:14:12.114 DEBUG 28292 --- [           main] o.s.data.convert.CustomConversions       : Adding converter from class java.time.LocalDateTime to class java.util.Date as writing converter.
2024-03-20 14:14:12.114 DEBUG 28292 --- [           main] o.s.data.convert.CustomConversions       : Adding converter from class java.util.Date to class java.time.LocalDate as reading converter.
2024-03-20 14:14:12.114 DEBUG 28292 --- [           main] o.s.data.convert.CustomConversions       : Adding converter from class java.time.LocalDate to class java.util.Date as writing converter.
2024-03-20 14:14:12.114 DEBUG 28292 --- [           main] o.s.data.convert.CustomConversions       : Adding converter from class java.util.Date to class java.time.LocalTime as reading converter.
2024-03-20 14:14:12.114 DEBUG 28292 --- [           main] o.s.data.convert.CustomConversions       : Adding converter from class java.time.LocalTime to class java.util.Date as writing converter.
2024-03-20 14:14:12.114 DEBUG 28292 --- [           main] o.s.data.convert.CustomConversions       : Adding converter from class java.util.Date to class java.time.Instant as reading converter.
2024-03-20 14:14:12.114 DEBUG 28292 --- [           main] o.s.data.convert.CustomConversions       : Adding converter from class java.time.Instant to class java.util.Date as writing converter.
2024-03-20 14:14:12.114 DEBUG 28292 --- [           main] o.s.data.convert.CustomConversions       : Adding converter from class java.time.LocalDateTime to class java.time.Instant as reading converter.
2024-03-20 14:14:12.114 DEBUG 28292 --- [           main] o.s.data.convert.CustomConversions       : Adding converter from class java.time.Instant to class java.time.LocalDateTime as reading converter.
2024-03-20 14:14:12.114 DEBUG 28292 --- [           main] o.s.data.convert.CustomConversions       : Adding converter from class java.time.ZoneId to class java.lang.String as writing converter.
2024-03-20 14:14:12.114 DEBUG 28292 --- [           main] o.s.data.convert.CustomConversions       : Adding converter from class java.lang.String to class java.time.ZoneId as reading converter.
2024-03-20 14:14:12.114 DEBUG 28292 --- [           main] o.s.data.convert.CustomConversions       : Adding converter from class java.time.Duration to class java.lang.String as writing converter.
2024-03-20 14:14:12.114 DEBUG 28292 --- [           main] o.s.data.convert.CustomConversions       : Adding converter from class java.lang.String to class java.time.Duration as reading converter.
2024-03-20 14:14:12.114 DEBUG 28292 --- [           main] o.s.data.convert.CustomConversions       : Adding converter from class java.time.Period to class java.lang.String as writing converter.
2024-03-20 14:14:12.114 DEBUG 28292 --- [           main] o.s.data.convert.CustomConversions       : Adding converter from class java.lang.String to class java.time.Period as reading converter.
2024-03-20 14:14:12.115 DEBUG 28292 --- [           main] o.s.data.convert.CustomConversions       : Adding converter from class java.lang.String to class java.time.LocalDate as reading converter.
2024-03-20 14:14:12.115 DEBUG 28292 --- [           main] o.s.data.convert.CustomConversions       : Adding converter from class java.lang.String to class java.time.LocalDateTime as reading converter.
2024-03-20 14:14:12.115 DEBUG 28292 --- [           main] o.s.data.convert.CustomConversions       : Adding converter from class java.lang.String to class java.time.Instant as reading converter.
2024-03-20 14:14:12.117 DEBUG 28292 --- [           main] o.s.data.convert.CustomConversions       : Adding converter from class java.lang.String to class [B as writing converter.
2024-03-20 14:14:12.118 DEBUG 28292 --- [           main] o.s.data.convert.CustomConversions       : Adding converter from class [B to class java.lang.String as reading converter.
2024-03-20 14:14:12.118 DEBUG 28292 --- [           main] o.s.data.convert.CustomConversions       : Adding converter from class java.lang.Number to class [B as writing converter.
2024-03-20 14:14:12.118 DEBUG 28292 --- [           main] o.s.data.convert.CustomConversions       : Adding converter from class [B to class java.lang.Number as reading converter.
2024-03-20 14:14:12.118 DEBUG 28292 --- [           main] o.s.data.convert.CustomConversions       : Adding converter from class java.lang.Enum to class [B as writing converter.
2024-03-20 14:14:12.118 DEBUG 28292 --- [           main] o.s.data.convert.CustomConversions       : Adding converter from class [B to class java.lang.Enum as reading converter.
2024-03-20 14:14:12.118 DEBUG 28292 --- [           main] o.s.data.convert.CustomConversions       : Adding converter from class java.lang.Boolean to class [B as writing converter.
2024-03-20 14:14:12.118 DEBUG 28292 --- [           main] o.s.data.convert.CustomConversions       : Adding converter from class [B to class java.lang.Boolean as reading converter.
2024-03-20 14:14:12.118 DEBUG 28292 --- [           main] o.s.data.convert.CustomConversions       : Adding converter from class java.util.Date to class [B as writing converter.
2024-03-20 14:14:12.118 DEBUG 28292 --- [           main] o.s.data.convert.CustomConversions       : Adding converter from class [B to class java.util.Date as reading converter.
2024-03-20 14:14:12.118 DEBUG 28292 --- [           main] o.s.data.convert.CustomConversions       : Adding converter from class java.util.UUID to class [B as writing converter.
2024-03-20 14:14:12.118 DEBUG 28292 --- [           main] o.s.data.convert.CustomConversions       : Adding converter from class [B to class java.util.UUID as reading converter.
2024-03-20 14:14:12.118 DEBUG 28292 --- [           main] o.s.data.convert.CustomConversions       : Adding converter from class java.time.LocalDateTime to class [B as writing converter.
2024-03-20 14:14:12.118 DEBUG 28292 --- [           main] o.s.data.convert.CustomConversions       : Adding converter from class [B to class java.time.LocalDateTime as reading converter.
2024-03-20 14:14:12.118 DEBUG 28292 --- [           main] o.s.data.convert.CustomConversions       : Adding converter from class java.time.LocalDate to class [B as writing converter.
2024-03-20 14:14:12.118 DEBUG 28292 --- [           main] o.s.data.convert.CustomConversions       : Adding converter from class [B to class java.time.LocalDate as reading converter.
2024-03-20 14:14:12.118 DEBUG 28292 --- [           main] o.s.data.convert.CustomConversions       : Adding converter from class java.time.LocalTime to class [B as writing converter.
2024-03-20 14:14:12.118 DEBUG 28292 --- [           main] o.s.data.convert.CustomConversions       : Adding converter from class [B to class java.time.LocalTime as reading converter.
2024-03-20 14:14:12.118 DEBUG 28292 --- [           main] o.s.data.convert.CustomConversions       : Adding converter from class java.time.ZonedDateTime to class [B as writing converter.
2024-03-20 14:14:12.118 DEBUG 28292 --- [           main] o.s.data.convert.CustomConversions       : Adding converter from class [B to class java.time.ZonedDateTime as reading converter.
2024-03-20 14:14:12.118 DEBUG 28292 --- [           main] o.s.data.convert.CustomConversions       : Adding converter from class java.time.Instant to class [B as writing converter.
2024-03-20 14:14:12.118 DEBUG 28292 --- [           main] o.s.data.convert.CustomConversions       : Adding converter from class [B to class java.time.Instant as reading converter.
2024-03-20 14:14:12.118 DEBUG 28292 --- [           main] o.s.data.convert.CustomConversions       : Adding converter from class java.time.ZoneId to class [B as writing converter.
2024-03-20 14:14:12.118 DEBUG 28292 --- [           main] o.s.data.convert.CustomConversions       : Adding converter from class [B to class java.time.ZoneId as reading converter.
2024-03-20 14:14:12.118 DEBUG 28292 --- [           main] o.s.data.convert.CustomConversions       : Adding converter from class java.time.Period to class [B as writing converter.
2024-03-20 14:14:12.119 DEBUG 28292 --- [           main] o.s.data.convert.CustomConversions       : Adding converter from class [B to class java.time.Period as reading converter.
2024-03-20 14:14:12.119 DEBUG 28292 --- [           main] o.s.data.convert.CustomConversions       : Adding converter from class java.time.Duration to class [B as writing converter.
2024-03-20 14:14:12.119 DEBUG 28292 --- [           main] o.s.data.convert.CustomConversions       : Adding converter from class [B to class java.time.Duration as reading converter.
2024-03-20 14:14:12.119 DEBUG 28292 --- [           main] o.s.data.convert.CustomConversions       : Adding converter from class org.joda.time.LocalDate to class java.util.Date as writing converter.
2024-03-20 14:14:12.119 DEBUG 28292 --- [           main] o.s.data.convert.CustomConversions       : Adding converter from class org.joda.time.LocalDateTime to class java.util.Date as writing converter.
2024-03-20 14:14:12.119 DEBUG 28292 --- [           main] o.s.data.convert.CustomConversions       : Adding converter from class org.joda.time.DateTime to class java.util.Date as writing converter.
2024-03-20 14:14:12.119 DEBUG 28292 --- [           main] o.s.data.convert.CustomConversions       : Adding converter from class java.util.Date to class org.joda.time.LocalDate as reading converter.
2024-03-20 14:14:12.119 DEBUG 28292 --- [           main] o.s.data.convert.CustomConversions       : Adding converter from class java.util.Date to class org.joda.time.LocalDateTime as reading converter.
2024-03-20 14:14:12.119 DEBUG 28292 --- [           main] o.s.data.convert.CustomConversions       : Adding converter from class java.util.Date to class org.joda.time.DateTime as reading converter.
2024-03-20 14:14:12.119 DEBUG 28292 --- [           main] o.s.data.convert.CustomConversions       : Adding converter from class java.time.LocalDateTime to class org.joda.time.LocalDateTime as reading converter.
2024-03-20 14:14:12.119 DEBUG 28292 --- [           main] o.s.data.convert.CustomConversions       : Adding converter from class java.time.LocalDateTime to class org.joda.time.DateTime as reading converter.
2024-03-20 14:14:12.119 DEBUG 28292 --- [           main] o.s.data.convert.CustomConversions       : Adding converter from class java.time.Instant to class org.joda.time.LocalDateTime as reading converter.
2024-03-20 14:14:12.119 DEBUG 28292 --- [           main] o.s.data.convert.CustomConversions       : Adding converter from class org.joda.time.LocalDateTime to class java.time.Instant as writing converter.
2024-03-20 14:14:12.119 DEBUG 28292 --- [           main] o.s.data.convert.CustomConversions       : Adding converter from class org.joda.time.LocalDateTime to class java.time.LocalDateTime as writing converter.
2024-03-20 14:14:12.119 DEBUG 28292 --- [           main] o.s.data.convert.CustomConversions       : Adding converter from class java.util.Date to class java.time.LocalDateTime as reading converter.
2024-03-20 14:14:12.119 DEBUG 28292 --- [           main] o.s.data.convert.CustomConversions       : Adding converter from class java.time.LocalDateTime to class java.util.Date as writing converter.
2024-03-20 14:14:12.120 DEBUG 28292 --- [           main] o.s.data.convert.CustomConversions       : Adding converter from class java.util.Date to class java.time.LocalDate as reading converter.
2024-03-20 14:14:12.120 DEBUG 28292 --- [           main] o.s.data.convert.CustomConversions       : Adding converter from class java.time.LocalDate to class java.util.Date as writing converter.
2024-03-20 14:14:12.120 DEBUG 28292 --- [           main] o.s.data.convert.CustomConversions       : Adding converter from class java.util.Date to class java.time.LocalTime as reading converter.
2024-03-20 14:14:12.120 DEBUG 28292 --- [           main] o.s.data.convert.CustomConversions       : Adding converter from class java.time.LocalTime to class java.util.Date as writing converter.
2024-03-20 14:14:12.120 DEBUG 28292 --- [           main] o.s.data.convert.CustomConversions       : Adding converter from class java.util.Date to class java.time.Instant as reading converter.
2024-03-20 14:14:12.120 DEBUG 28292 --- [           main] o.s.data.convert.CustomConversions       : Adding converter from class java.time.Instant to class java.util.Date as writing converter.
2024-03-20 14:14:12.120 DEBUG 28292 --- [           main] o.s.data.convert.CustomConversions       : Adding converter from class java.time.LocalDateTime to class java.time.Instant as reading converter.
2024-03-20 14:14:12.120 DEBUG 28292 --- [           main] o.s.data.convert.CustomConversions       : Adding converter from class java.time.Instant to class java.time.LocalDateTime as reading converter.
2024-03-20 14:14:12.120 DEBUG 28292 --- [           main] o.s.data.convert.CustomConversions       : Adding converter from class java.time.ZoneId to class java.lang.String as writing converter.
2024-03-20 14:14:12.120 DEBUG 28292 --- [           main] o.s.data.convert.CustomConversions       : Adding converter from class java.lang.String to class java.time.ZoneId as reading converter.
2024-03-20 14:14:12.120 DEBUG 28292 --- [           main] o.s.data.convert.CustomConversions       : Adding converter from class java.time.Duration to class java.lang.String as writing converter.
2024-03-20 14:14:12.120 DEBUG 28292 --- [           main] o.s.data.convert.CustomConversions       : Adding converter from class java.lang.String to class java.time.Duration as reading converter.
2024-03-20 14:14:12.120 DEBUG 28292 --- [           main] o.s.data.convert.CustomConversions       : Adding converter from class java.time.Period to class java.lang.String as writing converter.
2024-03-20 14:14:12.120 DEBUG 28292 --- [           main] o.s.data.convert.CustomConversions       : Adding converter from class java.lang.String to class java.time.Period as reading converter.
2024-03-20 14:14:12.120 DEBUG 28292 --- [           main] o.s.data.convert.CustomConversions       : Adding converter from class java.lang.String to class java.time.LocalDate as reading converter.
2024-03-20 14:14:12.120 DEBUG 28292 --- [           main] o.s.data.convert.CustomConversions       : Adding converter from class java.lang.String to class java.time.LocalDateTime as reading converter.
2024-03-20 14:14:12.120 DEBUG 28292 --- [           main] o.s.data.convert.CustomConversions       : Adding converter from class java.lang.String to class java.time.Instant as reading converter.
2024-03-20 14:14:12.126 DEBUG 28292 --- [           main] o.s.data.convert.CustomConversions       : Adding converter from class java.lang.String to class [B as writing converter.
2024-03-20 14:14:12.126 DEBUG 28292 --- [           main] o.s.data.convert.CustomConversions       : Adding converter from class [B to class java.lang.String as reading converter.
2024-03-20 14:14:12.126 DEBUG 28292 --- [           main] o.s.data.convert.CustomConversions       : Adding converter from class java.lang.Number to class [B as writing converter.
2024-03-20 14:14:12.126 DEBUG 28292 --- [           main] o.s.data.convert.CustomConversions       : Adding converter from class [B to class java.lang.Number as reading converter.
2024-03-20 14:14:12.126 DEBUG 28292 --- [           main] o.s.data.convert.CustomConversions       : Adding converter from class java.lang.Enum to class [B as writing converter.
2024-03-20 14:14:12.126 DEBUG 28292 --- [           main] o.s.data.convert.CustomConversions       : Adding converter from class [B to class java.lang.Enum as reading converter.
2024-03-20 14:14:12.126 DEBUG 28292 --- [           main] o.s.data.convert.CustomConversions       : Adding converter from class java.lang.Boolean to class [B as writing converter.
2024-03-20 14:14:12.126 DEBUG 28292 --- [           main] o.s.data.convert.CustomConversions       : Adding converter from class [B to class java.lang.Boolean as reading converter.
2024-03-20 14:14:12.126 DEBUG 28292 --- [           main] o.s.data.convert.CustomConversions       : Adding converter from class java.util.Date to class [B as writing converter.
2024-03-20 14:14:12.126 DEBUG 28292 --- [           main] o.s.data.convert.CustomConversions       : Adding converter from class [B to class java.util.Date as reading converter.
2024-03-20 14:14:12.126 DEBUG 28292 --- [           main] o.s.data.convert.CustomConversions       : Adding converter from class java.util.UUID to class [B as writing converter.
2024-03-20 14:14:12.126 DEBUG 28292 --- [           main] o.s.data.convert.CustomConversions       : Adding converter from class [B to class java.util.UUID as reading converter.
2024-03-20 14:14:12.126 DEBUG 28292 --- [           main] o.s.data.convert.CustomConversions       : Adding converter from class java.time.LocalDateTime to class [B as writing converter.
2024-03-20 14:14:12.126 DEBUG 28292 --- [           main] o.s.data.convert.CustomConversions       : Adding converter from class [B to class java.time.LocalDateTime as reading converter.
2024-03-20 14:14:12.127 DEBUG 28292 --- [           main] o.s.data.convert.CustomConversions       : Adding converter from class java.time.LocalDate to class [B as writing converter.
2024-03-20 14:14:12.128 DEBUG 28292 --- [           main] o.s.data.convert.CustomConversions       : Adding converter from class [B to class java.time.LocalDate as reading converter.
2024-03-20 14:14:12.128 DEBUG 28292 --- [           main] o.s.data.convert.CustomConversions       : Adding converter from class java.time.LocalTime to class [B as writing converter.
2024-03-20 14:14:12.128 DEBUG 28292 --- [           main] o.s.data.convert.CustomConversions       : Adding converter from class [B to class java.time.LocalTime as reading converter.
2024-03-20 14:14:12.128 DEBUG 28292 --- [           main] o.s.data.convert.CustomConversions       : Adding converter from class java.time.ZonedDateTime to class [B as writing converter.
2024-03-20 14:14:12.128 DEBUG 28292 --- [           main] o.s.data.convert.CustomConversions       : Adding converter from class [B to class java.time.ZonedDateTime as reading converter.
2024-03-20 14:14:12.128 DEBUG 28292 --- [           main] o.s.data.convert.CustomConversions       : Adding converter from class java.time.Instant to class [B as writing converter.
2024-03-20 14:14:12.128 DEBUG 28292 --- [           main] o.s.data.convert.CustomConversions       : Adding converter from class [B to class java.time.Instant as reading converter.
2024-03-20 14:14:12.128 DEBUG 28292 --- [           main] o.s.data.convert.CustomConversions       : Adding converter from class java.time.ZoneId to class [B as writing converter.
2024-03-20 14:14:12.129 DEBUG 28292 --- [           main] o.s.data.convert.CustomConversions       : Adding converter from class [B to class java.time.ZoneId as reading converter.
2024-03-20 14:14:12.129 DEBUG 28292 --- [           main] o.s.data.convert.CustomConversions       : Adding converter from class java.time.Period to class [B as writing converter.
2024-03-20 14:14:12.129 DEBUG 28292 --- [           main] o.s.data.convert.CustomConversions       : Adding converter from class [B to class java.time.Period as reading converter.
2024-03-20 14:14:12.129 DEBUG 28292 --- [           main] o.s.data.convert.CustomConversions       : Adding converter from class java.time.Duration to class [B as writing converter.
2024-03-20 14:14:12.129 DEBUG 28292 --- [           main] o.s.data.convert.CustomConversions       : Adding converter from class [B to class java.time.Duration as reading converter.
2024-03-20 14:14:12.129 DEBUG 28292 --- [           main] o.s.data.convert.CustomConversions       : Adding converter from class org.joda.time.LocalDate to class java.util.Date as writing converter.
2024-03-20 14:14:12.129 DEBUG 28292 --- [           main] o.s.data.convert.CustomConversions       : Adding converter from class org.joda.time.LocalDateTime to class java.util.Date as writing converter.
2024-03-20 14:14:12.129 DEBUG 28292 --- [           main] o.s.data.convert.CustomConversions       : Adding converter from class org.joda.time.DateTime to class java.util.Date as writing converter.
2024-03-20 14:14:12.133 DEBUG 28292 --- [           main] o.s.data.convert.CustomConversions       : Adding converter from class java.util.Date to class org.joda.time.LocalDate as reading converter.
2024-03-20 14:14:12.133 DEBUG 28292 --- [           main] o.s.data.convert.CustomConversions       : Adding converter from class java.util.Date to class org.joda.time.LocalDateTime as reading converter.
2024-03-20 14:14:12.133 DEBUG 28292 --- [           main] o.s.data.convert.CustomConversions       : Adding converter from class java.util.Date to class org.joda.time.DateTime as reading converter.
2024-03-20 14:14:12.133 DEBUG 28292 --- [           main] o.s.data.convert.CustomConversions       : Adding converter from class java.time.LocalDateTime to class org.joda.time.LocalDateTime as reading converter.
2024-03-20 14:14:12.133 DEBUG 28292 --- [           main] o.s.data.convert.CustomConversions       : Adding converter from class java.time.LocalDateTime to class org.joda.time.DateTime as reading converter.
2024-03-20 14:14:12.133 DEBUG 28292 --- [           main] o.s.data.convert.CustomConversions       : Adding converter from class java.time.Instant to class org.joda.time.LocalDateTime as reading converter.
2024-03-20 14:14:12.133 DEBUG 28292 --- [           main] o.s.data.convert.CustomConversions       : Adding converter from class org.joda.time.LocalDateTime to class java.time.Instant as writing converter.
2024-03-20 14:14:12.133 DEBUG 28292 --- [           main] o.s.data.convert.CustomConversions       : Adding converter from class org.joda.time.LocalDateTime to class java.time.LocalDateTime as writing converter.
2024-03-20 14:14:12.133 DEBUG 28292 --- [           main] o.s.data.convert.CustomConversions       : Adding converter from class java.util.Date to class java.time.LocalDateTime as reading converter.
2024-03-20 14:14:12.133 DEBUG 28292 --- [           main] o.s.data.convert.CustomConversions       : Adding converter from class java.time.LocalDateTime to class java.util.Date as writing converter.
2024-03-20 14:14:12.133 DEBUG 28292 --- [           main] o.s.data.convert.CustomConversions       : Adding converter from class java.util.Date to class java.time.LocalDate as reading converter.
2024-03-20 14:14:12.133 DEBUG 28292 --- [           main] o.s.data.convert.CustomConversions       : Adding converter from class java.time.LocalDate to class java.util.Date as writing converter.
2024-03-20 14:14:12.133 DEBUG 28292 --- [           main] o.s.data.convert.CustomConversions       : Adding converter from class java.util.Date to class java.time.LocalTime as reading converter.
2024-03-20 14:14:12.133 DEBUG 28292 --- [           main] o.s.data.convert.CustomConversions       : Adding converter from class java.time.LocalTime to class java.util.Date as writing converter.
2024-03-20 14:14:12.133 DEBUG 28292 --- [           main] o.s.data.convert.CustomConversions       : Adding converter from class java.util.Date to class java.time.Instant as reading converter.
2024-03-20 14:14:12.133 DEBUG 28292 --- [           main] o.s.data.convert.CustomConversions       : Adding converter from class java.time.Instant to class java.util.Date as writing converter.
2024-03-20 14:14:12.133 DEBUG 28292 --- [           main] o.s.data.convert.CustomConversions       : Adding converter from class java.time.LocalDateTime to class java.time.Instant as reading converter.
2024-03-20 14:14:12.133 DEBUG 28292 --- [           main] o.s.data.convert.CustomConversions       : Adding converter from class java.time.Instant to class java.time.LocalDateTime as reading converter.
2024-03-20 14:14:12.133 DEBUG 28292 --- [           main] o.s.data.convert.CustomConversions       : Adding converter from class java.time.ZoneId to class java.lang.String as writing converter.
2024-03-20 14:14:12.133 DEBUG 28292 --- [           main] o.s.data.convert.CustomConversions       : Adding converter from class java.lang.String to class java.time.ZoneId as reading converter.
2024-03-20 14:14:12.133 DEBUG 28292 --- [           main] o.s.data.convert.CustomConversions       : Adding converter from class java.time.Duration to class java.lang.String as writing converter.
2024-03-20 14:14:12.133 DEBUG 28292 --- [           main] o.s.data.convert.CustomConversions       : Adding converter from class java.lang.String to class java.time.Duration as reading converter.
2024-03-20 14:14:12.134 DEBUG 28292 --- [           main] o.s.data.convert.CustomConversions       : Adding converter from class java.time.Period to class java.lang.String as writing converter.
2024-03-20 14:14:12.134 DEBUG 28292 --- [           main] o.s.data.convert.CustomConversions       : Adding converter from class java.lang.String to class java.time.Period as reading converter.
2024-03-20 14:14:12.134 DEBUG 28292 --- [           main] o.s.data.convert.CustomConversions       : Adding converter from class java.lang.String to class java.time.LocalDate as reading converter.
2024-03-20 14:14:12.134 DEBUG 28292 --- [           main] o.s.data.convert.CustomConversions       : Adding converter from class java.lang.String to class java.time.LocalDateTime as reading converter.
2024-03-20 14:14:12.134 DEBUG 28292 --- [           main] o.s.data.convert.CustomConversions       : Adding converter from class java.lang.String to class java.time.Instant as reading converter.
2024-03-20 14:14:12.199 DEBUG 28292 --- [           main] o.s.b.f.s.DefaultListableBeanFactory     : Creating shared instance of singleton bean 'org.springframework.boot.autoconfigure.context.PropertyPlaceholderAutoConfiguration'
2024-03-20 14:14:12.200 DEBUG 28292 --- [           main] o.s.b.f.s.DefaultListableBeanFactory     : Creating shared instance of singleton bean 'org.springframework.boot.autoconfigure.websocket.servlet.WebSocketServletAutoConfiguration$TomcatWebSocketConfiguration'
2024-03-20 14:14:12.201 DEBUG 28292 --- [           main] o.s.b.f.s.DefaultListableBeanFactory     : Creating shared instance of singleton bean 'websocketServletWebServerCustomizer'
2024-03-20 14:14:12.245 DEBUG 28292 --- [           main] o.s.b.f.s.DefaultListableBeanFactory     : Creating shared instance of singleton bean 'org.springframework.boot.autoconfigure.websocket.servlet.WebSocketServletAutoConfiguration'
2024-03-20 14:14:12.248 DEBUG 28292 --- [           main] o.s.b.f.s.DefaultListableBeanFactory     : Creating shared instance of singleton bean 'org.springframework.boot.autoconfigure.web.servlet.ServletWebServerFactoryConfiguration$EmbeddedTomcat'
2024-03-20 14:14:12.251 DEBUG 28292 --- [           main] o.s.b.f.s.DefaultListableBeanFactory     : Creating shared instance of singleton bean 'tomcatServletWebServerFactory'
2024-03-20 14:14:12.324 DEBUG 28292 --- [           main] o.s.b.f.s.DefaultListableBeanFactory     : Creating shared instance of singleton bean 'servletWebServerFactoryCustomizer'
2024-03-20 14:14:12.324 DEBUG 28292 --- [           main] o.s.b.f.s.DefaultListableBeanFactory     : Creating shared instance of singleton bean 'org.springframework.boot.autoconfigure.web.servlet.ServletWebServerFactoryAutoConfiguration'
2024-03-20 14:14:12.327 DEBUG 28292 --- [           main] o.s.b.f.s.DefaultListableBeanFactory     : Creating shared instance of singleton bean 'server-org.springframework.boot.autoconfigure.web.ServerProperties'
2024-03-20 14:14:12.338 DEBUG 28292 --- [           main] o.s.b.f.s.DefaultListableBeanFactory     : Autowiring by type from bean name 'servletWebServerFactoryCustomizer' via factory method to bean named 'server-org.springframework.boot.autoconfigure.web.ServerProperties'
2024-03-20 14:14:12.341 DEBUG 28292 --- [           main] o.s.b.f.s.DefaultListableBeanFactory     : Creating shared instance of singleton bean 'tomcatServletWebServerFactoryCustomizer'
2024-03-20 14:14:12.341 DEBUG 28292 --- [           main] o.s.b.f.s.DefaultListableBeanFactory     : Autowiring by type from bean name 'tomcatServletWebServerFactoryCustomizer' via factory method to bean named 'server-org.springframework.boot.autoconfigure.web.ServerProperties'
2024-03-20 14:14:12.343 DEBUG 28292 --- [           main] o.s.b.f.s.DefaultListableBeanFactory     : Creating shared instance of singleton bean 'tomcatWebServerFactoryCustomizer'
2024-03-20 14:14:12.344 DEBUG 28292 --- [           main] o.s.b.f.s.DefaultListableBeanFactory     : Creating shared instance of singleton bean 'org.springframework.boot.autoconfigure.web.embedded.EmbeddedWebServerFactoryCustomizerAutoConfiguration$TomcatWebServerFactoryCustomizerConfiguration'
2024-03-20 14:14:12.346 DEBUG 28292 --- [           main] o.s.b.f.s.DefaultListableBeanFactory     : Autowiring by type from bean name 'tomcatWebServerFactoryCustomizer' via factory method to bean named 'environment'
2024-03-20 14:14:12.346 DEBUG 28292 --- [           main] o.s.b.f.s.DefaultListableBeanFactory     : Autowiring by type from bean name 'tomcatWebServerFactoryCustomizer' via factory method to bean named 'server-org.springframework.boot.autoconfigure.web.ServerProperties'
2024-03-20 14:14:12.351 DEBUG 28292 --- [           main] o.s.b.f.s.DefaultListableBeanFactory     : Creating shared instance of singleton bean 'localeCharsetMappingsCustomizer'
2024-03-20 14:14:12.351 DEBUG 28292 --- [           main] o.s.b.f.s.DefaultListableBeanFactory     : Creating shared instance of singleton bean 'org.springframework.boot.autoconfigure.web.servlet.HttpEncodingAutoConfiguration'
2024-03-20 14:14:12.351 DEBUG 28292 --- [           main] o.s.b.f.s.DefaultListableBeanFactory     : Autowiring by type from bean name 'org.springframework.boot.autoconfigure.web.servlet.HttpEncodingAutoConfiguration' via constructor to bean named 'server-org.springframework.boot.autoconfigure.web.ServerProperties'
2024-03-20 14:14:12.377 DEBUG 28292 --- [           main] o.s.b.f.s.DefaultListableBeanFactory     : Creating shared instance of singleton bean 'errorPageCustomizer'
2024-03-20 14:14:12.378 DEBUG 28292 --- [           main] o.s.b.f.s.DefaultListableBeanFactory     : Creating shared instance of singleton bean 'org.springframework.boot.autoconfigure.web.servlet.error.ErrorMvcAutoConfiguration'
2024-03-20 14:14:12.378 DEBUG 28292 --- [           main] o.s.b.f.s.DefaultListableBeanFactory     : Autowiring by type from bean name 'org.springframework.boot.autoconfigure.web.servlet.error.ErrorMvcAutoConfiguration' via constructor to bean named 'server-org.springframework.boot.autoconfigure.web.ServerProperties'
2024-03-20 14:14:12.380 DEBUG 28292 --- [           main] o.s.b.f.s.DefaultListableBeanFactory     : Creating shared instance of singleton bean 'dispatcherServletRegistration'
2024-03-20 14:14:12.381 DEBUG 28292 --- [           main] o.s.b.f.s.DefaultListableBeanFactory     : Creating shared instance of singleton bean 'org.springframework.boot.autoconfigure.web.servlet.DispatcherServletAutoConfiguration$DispatcherServletRegistrationConfiguration'
2024-03-20 14:14:12.382 DEBUG 28292 --- [           main] o.s.b.f.s.DefaultListableBeanFactory     : Creating shared instance of singleton bean 'dispatcherServlet'
2024-03-20 14:14:12.383 DEBUG 28292 --- [           main] o.s.b.f.s.DefaultListableBeanFactory     : Creating shared instance of singleton bean 'org.springframework.boot.autoconfigure.web.servlet.DispatcherServletAutoConfiguration$DispatcherServletConfiguration'
2024-03-20 14:14:12.385 DEBUG 28292 --- [           main] o.s.b.f.s.DefaultListableBeanFactory     : Creating shared instance of singleton bean 'spring.mvc-org.springframework.boot.autoconfigure.web.servlet.WebMvcProperties'
2024-03-20 14:14:12.391 DEBUG 28292 --- [           main] o.s.b.f.s.DefaultListableBeanFactory     : Autowiring by type from bean name 'dispatcherServlet' via factory method to bean named 'spring.mvc-org.springframework.boot.autoconfigure.web.servlet.WebMvcProperties'
2024-03-20 14:14:12.418 DEBUG 28292 --- [           main] o.s.b.f.s.DefaultListableBeanFactory     : Autowiring by type from bean name 'dispatcherServletRegistration' via factory method to bean named 'dispatcherServlet'
2024-03-20 14:14:12.418 DEBUG 28292 --- [           main] o.s.b.f.s.DefaultListableBeanFactory     : Autowiring by type from bean name 'dispatcherServletRegistration' via factory method to bean named 'spring.mvc-org.springframework.boot.autoconfigure.web.servlet.WebMvcProperties'
2024-03-20 14:14:12.420 DEBUG 28292 --- [           main] o.s.b.f.s.DefaultListableBeanFactory     : Creating shared instance of singleton bean 'multipartConfigElement'
2024-03-20 14:14:12.421 DEBUG 28292 --- [           main] o.s.b.f.s.DefaultListableBeanFactory     : Creating shared instance of singleton bean 'org.springframework.boot.autoconfigure.web.servlet.MultipartAutoConfiguration'
2024-03-20 14:14:12.421 DEBUG 28292 --- [           main] o.s.b.f.s.DefaultListableBeanFactory     : Creating shared instance of singleton bean 'spring.servlet.multipart-org.springframework.boot.autoconfigure.web.servlet.MultipartProperties'
2024-03-20 14:14:12.428 DEBUG 28292 --- [           main] o.s.b.f.s.DefaultListableBeanFactory     : Autowiring by type from bean name 'org.springframework.boot.autoconfigure.web.servlet.MultipartAutoConfiguration' via constructor to bean named 'spring.servlet.multipart-org.springframework.boot.autoconfigure.web.servlet.MultipartProperties'
2024-03-20 14:14:12.443 DEBUG 28292 --- [           main] o.s.b.f.s.DefaultListableBeanFactory     : Autowiring by type from bean name 'errorPageCustomizer' via factory method to bean named 'dispatcherServletRegistration'
2024-03-20 14:14:12.454 DEBUG 28292 --- [           main] o.s.b.f.s.DefaultListableBeanFactory     : Creating shared instance of singleton bean 'org.springframework.boot.context.properties.ConfigurationBeanFactoryMetadata'
2024-03-20 14:14:12.456 DEBUG 28292 --- [           main] o.s.b.f.s.DefaultListableBeanFactory     : Creating shared instance of singleton bean 'org.springframework.boot.autoconfigure.web.servlet.DispatcherServletAutoConfiguration'
2024-03-20 14:14:12.458 DEBUG 28292 --- [           main] o.s.b.f.s.DefaultListableBeanFactory     : Creating shared instance of singleton bean 'org.springframework.boot.autoconfigure.task.TaskExecutionAutoConfiguration'
2024-03-20 14:14:12.460 DEBUG 28292 --- [           main] o.s.b.f.s.DefaultListableBeanFactory     : Creating shared instance of singleton bean 'taskExecutorBuilder'
2024-03-20 14:14:12.461 DEBUG 28292 --- [           main] o.s.b.f.s.DefaultListableBeanFactory     : Creating shared instance of singleton bean 'spring.task.execution-org.springframework.boot.autoconfigure.task.TaskExecutionProperties'
2024-03-20 14:14:12.463 DEBUG 28292 --- [           main] o.s.b.f.s.DefaultListableBeanFactory     : Autowiring by type from bean name 'taskExecutorBuilder' via factory method to bean named 'spring.task.execution-org.springframework.boot.autoconfigure.task.TaskExecutionProperties'
2024-03-20 14:14:12.469 DEBUG 28292 --- [           main] o.s.b.f.s.DefaultListableBeanFactory     : Creating shared instance of singleton bean 'org.springframework.boot.autoconfigure.web.servlet.error.ErrorMvcAutoConfiguration$WhitelabelErrorViewConfiguration'
2024-03-20 14:14:12.471 DEBUG 28292 --- [           main] o.s.b.f.s.DefaultListableBeanFactory     : Creating shared instance of singleton bean 'error'
2024-03-20 14:14:12.474 DEBUG 28292 --- [           main] o.s.b.f.s.DefaultListableBeanFactory     : Creating shared instance of singleton bean 'beanNameViewResolver'
2024-03-20 14:14:12.483 DEBUG 28292 --- [           main] o.s.b.f.s.DefaultListableBeanFactory     : Creating shared instance of singleton bean 'org.springframework.boot.autoconfigure.web.servlet.error.ErrorMvcAutoConfiguration$DefaultErrorViewResolverConfiguration'
2024-03-20 14:14:12.484 DEBUG 28292 --- [           main] o.s.b.f.s.DefaultListableBeanFactory     : Creating shared instance of singleton bean 'spring.resources-org.springframework.boot.autoconfigure.web.ResourceProperties'
2024-03-20 14:14:12.489 DEBUG 28292 --- [           main] o.s.b.f.s.DefaultListableBeanFactory     : Autowiring by type from bean name 'org.springframework.boot.autoconfigure.web.servlet.error.ErrorMvcAutoConfiguration$DefaultErrorViewResolverConfiguration' via constructor to bean named 'org.springframework.web.context.support.GenericWebApplicationContext@4a8a60bc'
2024-03-20 14:14:12.489 DEBUG 28292 --- [           main] o.s.b.f.s.DefaultListableBeanFactory     : Autowiring by type from bean name 'org.springframework.boot.autoconfigure.web.servlet.error.ErrorMvcAutoConfiguration$DefaultErrorViewResolverConfiguration' via constructor to bean named 'spring.resources-org.springframework.boot.autoconfigure.web.ResourceProperties'
2024-03-20 14:14:12.492 DEBUG 28292 --- [           main] o.s.b.f.s.DefaultListableBeanFactory     : Creating shared instance of singleton bean 'conventionErrorViewResolver'
2024-03-20 14:14:12.498 DEBUG 28292 --- [           main] o.s.b.f.s.DefaultListableBeanFactory     : Creating shared instance of singleton bean 'errorAttributes'
2024-03-20 14:14:12.503 DEBUG 28292 --- [           main] o.s.b.f.s.DefaultListableBeanFactory     : Creating shared instance of singleton bean 'basicErrorController'
2024-03-20 14:14:12.505 DEBUG 28292 --- [           main] o.s.b.f.s.DefaultListableBeanFactory     : Autowiring by type from bean name 'basicErrorController' via factory method to bean named 'errorAttributes'
2024-03-20 14:14:12.515 DEBUG 28292 --- [           main] o.s.b.f.s.DefaultListableBeanFactory     : Creating shared instance of singleton bean 'org.springframework.boot.autoconfigure.web.servlet.WebMvcAutoConfiguration$EnableWebMvcConfiguration'
2024-03-20 14:14:12.517 DEBUG 28292 --- [           main] o.s.b.f.s.DefaultListableBeanFactory     : Autowiring by type from bean name 'org.springframework.boot.autoconfigure.web.servlet.WebMvcAutoConfiguration$EnableWebMvcConfiguration' via constructor to bean named 'spring.resources-org.springframework.boot.autoconfigure.web.ResourceProperties'
2024-03-20 14:14:12.517 DEBUG 28292 --- [           main] o.s.b.f.s.DefaultListableBeanFactory     : Autowiring by type from bean name 'org.springframework.boot.autoconfigure.web.servlet.WebMvcAutoConfiguration$EnableWebMvcConfiguration' via constructor to bean named 'org.springframework.beans.factory.support.DefaultListableBeanFactory@3c291aad'
2024-03-20 14:14:12.527 DEBUG 28292 --- [           main] o.s.b.f.s.DefaultListableBeanFactory     : Creating shared instance of singleton bean 'org.springframework.boot.autoconfigure.web.servlet.WebMvcAutoConfiguration$WebMvcAutoConfigurationAdapter'
2024-03-20 14:14:12.528 DEBUG 28292 --- [           main] o.s.b.f.s.DefaultListableBeanFactory     : Autowiring by type from bean name 'org.springframework.boot.autoconfigure.web.servlet.WebMvcAutoConfiguration$WebMvcAutoConfigurationAdapter' via constructor to bean named 'spring.resources-org.springframework.boot.autoconfigure.web.ResourceProperties'
2024-03-20 14:14:12.528 DEBUG 28292 --- [           main] o.s.b.f.s.DefaultListableBeanFactory     : Autowiring by type from bean name 'org.springframework.boot.autoconfigure.web.servlet.WebMvcAutoConfiguration$WebMvcAutoConfigurationAdapter' via constructor to bean named 'spring.mvc-org.springframework.boot.autoconfigure.web.servlet.WebMvcProperties'
2024-03-20 14:14:12.528 DEBUG 28292 --- [           main] o.s.b.f.s.DefaultListableBeanFactory     : Autowiring by type from bean name 'org.springframework.boot.autoconfigure.web.servlet.WebMvcAutoConfiguration$WebMvcAutoConfigurationAdapter' via constructor to bean named 'org.springframework.beans.factory.support.DefaultListableBeanFactory@3c291aad'
2024-03-20 14:14:12.536 DEBUG 28292 --- [           main] o.s.b.f.s.DefaultListableBeanFactory     : Creating shared instance of singleton bean 'org.springframework.data.web.config.SpringDataWebConfiguration'
2024-03-20 14:14:12.537 DEBUG 28292 --- [           main] ocalVariableTableParameterNameDiscoverer : Cannot find '.class' file for class [class org.springframework.data.web.config.SpringDataWebConfiguration$$EnhancerBySpringCGLIB$$dcb36322] - unable to determine constructor/method parameter names
2024-03-20 14:14:12.538 DEBUG 28292 --- [           main] o.s.b.f.s.DefaultListableBeanFactory     : Autowiring by type from bean name 'org.springframework.data.web.config.SpringDataWebConfiguration' via constructor to bean named 'org.springframework.web.context.support.GenericWebApplicationContext@4a8a60bc'
2024-03-20 14:14:12.548 DEBUG 28292 --- [           main] o.s.b.f.s.DefaultListableBeanFactory     : Creating shared instance of singleton bean 'pageableCustomizer'
2024-03-20 14:14:12.548 DEBUG 28292 --- [           main] o.s.b.f.s.DefaultListableBeanFactory     : Creating shared instance of singleton bean 'org.springframework.boot.autoconfigure.data.web.SpringDataWebAutoConfiguration'
2024-03-20 14:14:12.549 DEBUG 28292 --- [           main] o.s.b.f.s.DefaultListableBeanFactory     : Creating shared instance of singleton bean 'spring.data.web-org.springframework.boot.autoconfigure.data.web.SpringDataWebProperties'
2024-03-20 14:14:12.552 DEBUG 28292 --- [           main] o.s.b.f.s.DefaultListableBeanFactory     : Autowiring by type from bean name 'org.springframework.boot.autoconfigure.data.web.SpringDataWebAutoConfiguration' via constructor to bean named 'spring.data.web-org.springframework.boot.autoconfigure.data.web.SpringDataWebProperties'
2024-03-20 14:14:12.573 DEBUG 28292 --- [           main] o.s.b.f.s.DefaultListableBeanFactory     : Creating shared instance of singleton bean 'sortCustomizer'
2024-03-20 14:14:12.589 DEBUG 28292 --- [           main] o.s.b.f.s.DefaultListableBeanFactory     : Creating shared instance of singleton bean 'requestMappingHandlerAdapter'
2024-03-20 14:14:12.592 DEBUG 28292 --- [           main] o.s.b.f.s.DefaultListableBeanFactory     : Creating shared instance of singleton bean 'mvcContentNegotiationManager'
2024-03-20 14:14:12.603 DEBUG 28292 --- [           main] o.s.b.f.s.DefaultListableBeanFactory     : Creating shared instance of singleton bean 'mvcConversionService'
2024-03-20 14:14:12.623 DEBUG 28292 --- [           main] o.s.b.f.s.DefaultListableBeanFactory     : Creating shared instance of singleton bean 'mvcValidator'
2024-03-20 14:14:12.626 DEBUG 28292 --- [           main] o.s.b.f.s.DefaultListableBeanFactory     : Autowiring by type from bean name 'requestMappingHandlerAdapter' via factory method to bean named 'mvcContentNegotiationManager'
2024-03-20 14:14:12.627 DEBUG 28292 --- [           main] o.s.b.f.s.DefaultListableBeanFactory     : Autowiring by type from bean name 'requestMappingHandlerAdapter' via factory method to bean named 'mvcConversionService'
2024-03-20 14:14:12.627 DEBUG 28292 --- [           main] o.s.b.f.s.DefaultListableBeanFactory     : Autowiring by type from bean name 'requestMappingHandlerAdapter' via factory method to bean named 'mvcValidator'
2024-03-20 14:14:12.631 DEBUG 28292 --- [           main] o.s.b.f.s.DefaultListableBeanFactory     : Autowiring by type from bean name 'requestMappingHandlerAdapter' via factory method to bean named 'mvcContentNegotiationManager'
2024-03-20 14:14:12.631 DEBUG 28292 --- [           main] o.s.b.f.s.DefaultListableBeanFactory     : Autowiring by type from bean name 'requestMappingHandlerAdapter' via factory method to bean named 'mvcConversionService'
2024-03-20 14:14:12.631 DEBUG 28292 --- [           main] o.s.b.f.s.DefaultListableBeanFactory     : Autowiring by type from bean name 'requestMappingHandlerAdapter' via factory method to bean named 'mvcValidator'
2024-03-20 14:14:12.642 DEBUG 28292 --- [           main] o.s.b.f.s.DefaultListableBeanFactory     : Creating shared instance of singleton bean 'messageConverters'
2024-03-20 14:14:12.642 DEBUG 28292 --- [           main] o.s.b.f.s.DefaultListableBeanFactory     : Creating shared instance of singleton bean 'org.springframework.boot.autoconfigure.http.HttpMessageConvertersAutoConfiguration'
2024-03-20 14:14:12.647 DEBUG 28292 --- [           main] o.s.b.f.s.DefaultListableBeanFactory     : Creating shared instance of singleton bean 'stringHttpMessageConverter'
2024-03-20 14:14:12.647 DEBUG 28292 --- [           main] o.s.b.f.s.DefaultListableBeanFactory     : Creating shared instance of singleton bean 'org.springframework.boot.autoconfigure.http.HttpMessageConvertersAutoConfiguration$StringHttpMessageConverterConfiguration'
2024-03-20 14:14:12.650 DEBUG 28292 --- [           main] o.s.b.f.s.DefaultListableBeanFactory     : Autowiring by type from bean name 'stringHttpMessageConverter' via factory method to bean named 'environment'
2024-03-20 14:14:12.663 DEBUG 28292 --- [           main] o.s.b.f.s.DefaultListableBeanFactory     : Creating shared instance of singleton bean 'mappingJackson2HttpMessageConverter'
2024-03-20 14:14:12.663 DEBUG 28292 --- [           main] o.s.b.f.s.DefaultListableBeanFactory     : Creating shared instance of singleton bean 'org.springframework.boot.autoconfigure.http.JacksonHttpMessageConvertersConfiguration$MappingJackson2HttpMessageConverterConfiguration'
2024-03-20 14:14:12.666 DEBUG 28292 --- [           main] o.s.b.f.s.DefaultListableBeanFactory     : Creating shared instance of singleton bean 'jacksonObjectMapper'
2024-03-20 14:14:12.666 DEBUG 28292 --- [           main] o.s.b.f.s.DefaultListableBeanFactory     : Creating shared instance of singleton bean 'org.springframework.boot.autoconfigure.jackson.JacksonAutoConfiguration$JacksonObjectMapperConfiguration'
2024-03-20 14:14:12.670 DEBUG 28292 --- [           main] o.s.b.f.s.DefaultListableBeanFactory     : Creating shared instance of singleton bean 'org.springframework.boot.autoconfigure.jackson.JacksonAutoConfiguration$JacksonObjectMapperBuilderConfiguration'
2024-03-20 14:14:12.675 DEBUG 28292 --- [           main] o.s.b.f.s.DefaultListableBeanFactory     : Creating shared instance of singleton bean 'standardJacksonObjectMapperBuilderCustomizer'
2024-03-20 14:14:12.675 DEBUG 28292 --- [           main] o.s.b.f.s.DefaultListableBeanFactory     : Creating shared instance of singleton bean 'org.springframework.boot.autoconfigure.jackson.JacksonAutoConfiguration$Jackson2ObjectMapperBuilderCustomizerConfiguration'
2024-03-20 14:14:12.678 DEBUG 28292 --- [           main] o.s.b.f.s.DefaultListableBeanFactory     : Creating shared instance of singleton bean 'spring.jackson-org.springframework.boot.autoconfigure.jackson.JacksonProperties'
2024-03-20 14:14:12.685 DEBUG 28292 --- [           main] o.s.b.f.s.DefaultListableBeanFactory     : Autowiring by type from bean name 'standardJacksonObjectMapperBuilderCustomizer' via factory method to bean named 'org.springframework.web.context.support.GenericWebApplicationContext@4a8a60bc'
2024-03-20 14:14:12.685 DEBUG 28292 --- [           main] o.s.b.f.s.DefaultListableBeanFactory     : Autowiring by type from bean name 'standardJacksonObjectMapperBuilderCustomizer' via factory method to bean named 'spring.jackson-org.springframework.boot.autoconfigure.jackson.JacksonProperties'
2024-03-20 14:14:12.690 DEBUG 28292 --- [           main] o.s.b.f.s.DefaultListableBeanFactory     : Autowiring by type from bean name 'jacksonObjectMapperBuilder' via factory method to bean named 'org.springframework.web.context.support.GenericWebApplicationContext@4a8a60bc'
2024-03-20 14:14:12.690 DEBUG 28292 --- [           main] o.s.b.f.s.DefaultListableBeanFactory     : Autowiring by type from bean name 'jacksonObjectMapperBuilder' via factory method to bean named 'standardJacksonObjectMapperBuilderCustomizer'
2024-03-20 14:14:12.692 DEBUG 28292 --- [           main] o.s.b.f.s.DefaultListableBeanFactory     : Creating shared instance of singleton bean 'parameterNamesModule'
2024-03-20 14:14:12.693 DEBUG 28292 --- [           main] o.s.b.f.s.DefaultListableBeanFactory     : Creating shared instance of singleton bean 'org.springframework.boot.autoconfigure.jackson.JacksonAutoConfiguration$ParameterNamesModuleConfiguration'
2024-03-20 14:14:12.713 DEBUG 28292 --- [           main] o.s.b.f.s.DefaultListableBeanFactory     : Creating shared instance of singleton bean 'jsonComponentModule'
2024-03-20 14:14:12.714 DEBUG 28292 --- [           main] o.s.b.f.s.DefaultListableBeanFactory     : Creating shared instance of singleton bean 'org.springframework.boot.autoconfigure.jackson.JacksonAutoConfiguration'
2024-03-20 14:14:12.730 DEBUG 28292 --- [           main] o.s.b.f.s.DefaultListableBeanFactory     : Creating shared instance of singleton bean 'jacksonGeoModule'
2024-03-20 14:14:12.730 DEBUG 28292 --- [           main] o.s.b.f.s.DefaultListableBeanFactory     : Creating shared instance of singleton bean 'org.springframework.data.web.config.SpringDataJacksonConfiguration'
2024-03-20 14:14:12.745 DEBUG 28292 --- [           main] o.s.b.f.s.DefaultListableBeanFactory     : Autowiring by type from bean name 'jacksonObjectMapper' via factory method to bean named 'jacksonObjectMapperBuilder'
2024-03-20 14:14:12.790 DEBUG 28292 --- [           main] o.s.b.f.s.DefaultListableBeanFactory     : Autowiring by type from bean name 'mappingJackson2HttpMessageConverter' via factory method to bean named 'jacksonObjectMapper'
2024-03-20 14:14:12.915 DEBUG 28292 --- [           main] o.s.b.f.s.DefaultListableBeanFactory     : Creating shared instance of singleton bean 'sortResolver'
2024-03-20 14:14:12.941 DEBUG 28292 --- [           main] o.s.b.f.s.DefaultListableBeanFactory     : Creating shared instance of singleton bean 'pageableResolver'
2024-03-20 14:14:12.956 DEBUG 28292 --- [           main] o.s.b.f.s.DefaultListableBeanFactory     : Creating shared instance of singleton bean 'applicationTaskExecutor'
2024-03-20 14:14:12.958 DEBUG 28292 --- [           main] o.s.b.f.s.DefaultListableBeanFactory     : Autowiring by type from bean name 'applicationTaskExecutor' via factory method to bean named 'taskExecutorBuilder'
2024-03-20 14:14:12.980  INFO 28292 --- [           main] o.s.s.concurrent.ThreadPoolTaskExecutor  : Initializing ExecutorService 'applicationTaskExecutor'
2024-03-20 14:14:13.015 DEBUG 28292 --- [           main] s.w.s.m.m.a.RequestMappingHandlerAdapter : ControllerAdvice beans: 0 @ModelAttribute, 0 @InitBinder, 1 RequestBodyAdvice, 1 ResponseBodyAdvice
2024-03-20 14:14:13.070 DEBUG 28292 --- [           main] o.s.b.f.s.DefaultListableBeanFactory     : Creating shared instance of singleton bean 'requestMappingHandlerMapping'
2024-03-20 14:14:13.073 DEBUG 28292 --- [           main] o.s.b.f.s.DefaultListableBeanFactory     : Creating shared instance of singleton bean 'mvcResourceUrlProvider'
2024-03-20 14:14:13.110 DEBUG 28292 --- [           main] o.s.b.f.s.DefaultListableBeanFactory     : Autowiring by type from bean name 'requestMappingHandlerMapping' via factory method to bean named 'mvcContentNegotiationManager'
2024-03-20 14:14:13.110 DEBUG 28292 --- [           main] o.s.b.f.s.DefaultListableBeanFactory     : Autowiring by type from bean name 'requestMappingHandlerMapping' via factory method to bean named 'mvcConversionService'
2024-03-20 14:14:13.110 DEBUG 28292 --- [           main] o.s.b.f.s.DefaultListableBeanFactory     : Autowiring by type from bean name 'requestMappingHandlerMapping' via factory method to bean named 'mvcResourceUrlProvider'
2024-03-20 14:14:13.112 DEBUG 28292 --- [           main] o.s.b.f.s.DefaultListableBeanFactory     : Autowiring by type from bean name 'requestMappingHandlerMapping' via factory method to bean named 'mvcContentNegotiationManager'
2024-03-20 14:14:13.112 DEBUG 28292 --- [           main] o.s.b.f.s.DefaultListableBeanFactory     : Autowiring by type from bean name 'requestMappingHandlerMapping' via factory method to bean named 'mvcConversionService'
2024-03-20 14:14:13.112 DEBUG 28292 --- [           main] o.s.b.f.s.DefaultListableBeanFactory     : Autowiring by type from bean name 'requestMappingHandlerMapping' via factory method to bean named 'mvcResourceUrlProvider'
2024-03-20 14:14:13.186 DEBUG 28292 --- [           main] s.w.s.m.m.a.RequestMappingHandlerMapping : 24 mappings in 'requestMappingHandlerMapping'
2024-03-20 14:14:13.199 DEBUG 28292 --- [           main] o.s.b.f.s.DefaultListableBeanFactory     : Creating shared instance of singleton bean 'resourceHandlerMapping'
2024-03-20 14:14:13.201 DEBUG 28292 --- [           main] o.s.b.f.s.DefaultListableBeanFactory     : Creating shared instance of singleton bean 'mvcUrlPathHelper'
2024-03-20 14:14:13.206 DEBUG 28292 --- [           main] o.s.b.f.s.DefaultListableBeanFactory     : Creating shared instance of singleton bean 'mvcPathMatcher'
2024-03-20 14:14:13.214 DEBUG 28292 --- [           main] o.s.b.f.s.DefaultListableBeanFactory     : Autowiring by type from bean name 'resourceHandlerMapping' via factory method to bean named 'mvcUrlPathHelper'
2024-03-20 14:14:13.215 DEBUG 28292 --- [           main] o.s.b.f.s.DefaultListableBeanFactory     : Autowiring by type from bean name 'resourceHandlerMapping' via factory method to bean named 'mvcPathMatcher'
2024-03-20 14:14:13.215 DEBUG 28292 --- [           main] o.s.b.f.s.DefaultListableBeanFactory     : Autowiring by type from bean name 'resourceHandlerMapping' via factory method to bean named 'mvcContentNegotiationManager'
2024-03-20 14:14:13.215 DEBUG 28292 --- [           main] o.s.b.f.s.DefaultListableBeanFactory     : Autowiring by type from bean name 'resourceHandlerMapping' via factory method to bean named 'mvcConversionService'
2024-03-20 14:14:13.215 DEBUG 28292 --- [           main] o.s.b.f.s.DefaultListableBeanFactory     : Autowiring by type from bean name 'resourceHandlerMapping' via factory method to bean named 'mvcResourceUrlProvider'
2024-03-20 14:14:13.216 DEBUG 28292 --- [           main] o.s.b.f.s.DefaultListableBeanFactory     : Autowiring by type from bean name 'resourceHandlerMapping' via factory method to bean named 'mvcUrlPathHelper'
2024-03-20 14:14:13.217 DEBUG 28292 --- [           main] o.s.b.f.s.DefaultListableBeanFactory     : Autowiring by type from bean name 'resourceHandlerMapping' via factory method to bean named 'mvcPathMatcher'
2024-03-20 14:14:13.217 DEBUG 28292 --- [           main] o.s.b.f.s.DefaultListableBeanFactory     : Autowiring by type from bean name 'resourceHandlerMapping' via factory method to bean named 'mvcContentNegotiationManager'
2024-03-20 14:14:13.217 DEBUG 28292 --- [           main] o.s.b.f.s.DefaultListableBeanFactory     : Autowiring by type from bean name 'resourceHandlerMapping' via factory method to bean named 'mvcConversionService'
2024-03-20 14:14:13.217 DEBUG 28292 --- [           main] o.s.b.f.s.DefaultListableBeanFactory     : Autowiring by type from bean name 'resourceHandlerMapping' via factory method to bean named 'mvcResourceUrlProvider'
2024-03-20 14:14:13.251 DEBUG 28292 --- [           main] o.s.w.s.handler.SimpleUrlHandlerMapping  : Patterns [/webjars/**, /**] in 'resourceHandlerMapping'
2024-03-20 14:14:13.255 DEBUG 28292 --- [           main] o.s.b.f.s.DefaultListableBeanFactory     : Creating shared instance of singleton bean 'welcomePageHandlerMapping'
2024-03-20 14:14:13.256 DEBUG 28292 --- [           main] o.s.b.f.s.DefaultListableBeanFactory     : Autowiring by type from bean name 'welcomePageHandlerMapping' via factory method to bean named 'org.springframework.web.context.support.GenericWebApplicationContext@4a8a60bc'
2024-03-20 14:14:13.256 DEBUG 28292 --- [           main] o.s.b.f.s.DefaultListableBeanFactory     : Autowiring by type from bean name 'welcomePageHandlerMapping' via factory method to bean named 'mvcConversionService'
2024-03-20 14:14:13.256 DEBUG 28292 --- [           main] o.s.b.f.s.DefaultListableBeanFactory     : Autowiring by type from bean name 'welcomePageHandlerMapping' via factory method to bean named 'mvcResourceUrlProvider'
2024-03-20 14:14:13.261  INFO 28292 --- [           main] o.s.b.a.w.s.WelcomePageHandlerMapping    : Adding welcome page: class path resource [static/index.html]
2024-03-20 14:14:13.282 DEBUG 28292 --- [           main] o.s.b.f.s.DefaultListableBeanFactory     : Creating shared instance of singleton bean 'viewControllerHandlerMapping'
2024-03-20 14:14:13.283 DEBUG 28292 --- [           main] o.s.b.f.s.DefaultListableBeanFactory     : Autowiring by type from bean name 'viewControllerHandlerMapping' via factory method to bean named 'mvcPathMatcher'
2024-03-20 14:14:13.283 DEBUG 28292 --- [           main] o.s.b.f.s.DefaultListableBeanFactory     : Autowiring by type from bean name 'viewControllerHandlerMapping' via factory method to bean named 'mvcUrlPathHelper'
2024-03-20 14:14:13.283 DEBUG 28292 --- [           main] o.s.b.f.s.DefaultListableBeanFactory     : Autowiring by type from bean name 'viewControllerHandlerMapping' via factory method to bean named 'mvcConversionService'
2024-03-20 14:14:13.283 DEBUG 28292 --- [           main] o.s.b.f.s.DefaultListableBeanFactory     : Autowiring by type from bean name 'viewControllerHandlerMapping' via factory method to bean named 'mvcResourceUrlProvider'
2024-03-20 14:14:13.291 DEBUG 28292 --- [           main] o.s.b.f.s.DefaultListableBeanFactory     : Creating shared instance of singleton bean 'beanNameHandlerMapping'
2024-03-20 14:14:13.293 DEBUG 28292 --- [           main] o.s.b.f.s.DefaultListableBeanFactory     : Autowiring by type from bean name 'beanNameHandlerMapping' via factory method to bean named 'mvcConversionService'
2024-03-20 14:14:13.293 DEBUG 28292 --- [           main] o.s.b.f.s.DefaultListableBeanFactory     : Autowiring by type from bean name 'beanNameHandlerMapping' via factory method to bean named 'mvcResourceUrlProvider'
2024-03-20 14:14:13.312 DEBUG 28292 --- [           main] o.s.b.f.s.DefaultListableBeanFactory     : Creating shared instance of singleton bean 'routerFunctionMapping'
2024-03-20 14:14:13.313 DEBUG 28292 --- [           main] o.s.b.f.s.DefaultListableBeanFactory     : Autowiring by type from bean name 'routerFunctionMapping' via factory method to bean named 'mvcConversionService'
2024-03-20 14:14:13.313 DEBUG 28292 --- [           main] o.s.b.f.s.DefaultListableBeanFactory     : Autowiring by type from bean name 'routerFunctionMapping' via factory method to bean named 'mvcResourceUrlProvider'
2024-03-20 14:14:13.334 DEBUG 28292 --- [           main] o.s.b.f.s.DefaultListableBeanFactory     : Creating shared instance of singleton bean 'defaultServletHandlerMapping'
2024-03-20 14:14:13.336 DEBUG 28292 --- [           main] o.s.b.f.s.DefaultListableBeanFactory     : Creating shared instance of singleton bean 'handlerFunctionAdapter'
2024-03-20 14:14:13.342 DEBUG 28292 --- [           main] o.s.b.f.s.DefaultListableBeanFactory     : Creating shared instance of singleton bean 'mvcUriComponentsContributor'
2024-03-20 14:14:13.344 DEBUG 28292 --- [           main] o.s.b.f.s.DefaultListableBeanFactory     : Autowiring by type from bean name 'mvcUriComponentsContributor' via factory method to bean named 'mvcConversionService'
2024-03-20 14:14:13.344 DEBUG 28292 --- [           main] o.s.b.f.s.DefaultListableBeanFactory     : Autowiring by type from bean name 'mvcUriComponentsContributor' via factory method to bean named 'requestMappingHandlerAdapter'
2024-03-20 14:14:13.353 DEBUG 28292 --- [           main] o.s.b.f.s.DefaultListableBeanFactory     : Creating shared instance of singleton bean 'httpRequestHandlerAdapter'
2024-03-20 14:14:13.359 DEBUG 28292 --- [           main] o.s.b.f.s.DefaultListableBeanFactory     : Creating shared instance of singleton bean 'simpleControllerHandlerAdapter'
2024-03-20 14:14:13.365 DEBUG 28292 --- [           main] o.s.b.f.s.DefaultListableBeanFactory     : Creating shared instance of singleton bean 'handlerExceptionResolver'
2024-03-20 14:14:13.366 DEBUG 28292 --- [           main] o.s.b.f.s.DefaultListableBeanFactory     : Autowiring by type from bean name 'handlerExceptionResolver' via factory method to bean named 'mvcContentNegotiationManager'
2024-03-20 14:14:13.373 DEBUG 28292 --- [           main] .m.m.a.ExceptionHandlerExceptionResolver : ControllerAdvice beans: 0 @ExceptionHandler, 1 ResponseBodyAdvice
2024-03-20 14:14:13.381 DEBUG 28292 --- [           main] o.s.b.f.s.DefaultListableBeanFactory     : Creating shared instance of singleton bean 'mvcViewResolver'
2024-03-20 14:14:13.381 DEBUG 28292 --- [           main] o.s.b.f.s.DefaultListableBeanFactory     : Autowiring by type from bean name 'mvcViewResolver' via factory method to bean named 'mvcContentNegotiationManager'
2024-03-20 14:14:13.390 DEBUG 28292 --- [           main] o.s.b.f.s.DefaultListableBeanFactory     : Creating shared instance of singleton bean 'defaultViewResolver'
2024-03-20 14:14:13.409 DEBUG 28292 --- [           main] o.s.b.f.s.DefaultListableBeanFactory     : Creating shared instance of singleton bean 'viewResolver'
2024-03-20 14:14:13.410 DEBUG 28292 --- [           main] o.s.b.f.s.DefaultListableBeanFactory     : Autowiring by type from bean name 'viewResolver' via factory method to bean named 'org.springframework.beans.factory.support.DefaultListableBeanFactory@3c291aad'
2024-03-20 14:14:13.420 DEBUG 28292 --- [           main] o.s.b.f.s.DefaultListableBeanFactory     : Creating shared instance of singleton bean 'requestContextFilter'
2024-03-20 14:14:13.474 DEBUG 28292 --- [           main] o.s.b.f.s.DefaultListableBeanFactory     : Creating shared instance of singleton bean 'org.springframework.boot.autoconfigure.web.servlet.WebMvcAutoConfiguration'
2024-03-20 14:14:13.477 DEBUG 28292 --- [           main] o.s.b.f.s.DefaultListableBeanFactory     : Creating shared instance of singleton bean 'formContentFilter'
2024-03-20 14:14:13.496 DEBUG 28292 --- [           main] o.s.b.f.s.DefaultListableBeanFactory     : Creating shared instance of singleton bean 'org.springframework.boot.autoconfigure.jdbc.DataSourceAutoConfiguration$PooledDataSourceConfiguration'
2024-03-20 14:14:13.498 DEBUG 28292 --- [           main] o.s.b.f.s.DefaultListableBeanFactory     : Creating shared instance of singleton bean 'org.springframework.boot.autoconfigure.jdbc.metadata.DataSourcePoolMetadataProvidersConfiguration$HikariPoolDataSourceMetadataProviderConfiguration'
2024-03-20 14:14:13.502 DEBUG 28292 --- [           main] o.s.b.f.s.DefaultListableBeanFactory     : Creating shared instance of singleton bean 'hikariPoolDataSourceMetadataProvider'
2024-03-20 14:14:13.506 DEBUG 28292 --- [           main] o.s.b.f.s.DefaultListableBeanFactory     : Creating shared instance of singleton bean 'org.springframework.boot.autoconfigure.jdbc.metadata.DataSourcePoolMetadataProvidersConfiguration'
2024-03-20 14:14:13.509 DEBUG 28292 --- [           main] o.s.b.f.s.DefaultListableBeanFactory     : Creating shared instance of singleton bean 'org.springframework.boot.autoconfigure.jdbc.DataSourceInitializationConfiguration'
2024-03-20 14:14:13.512 DEBUG 28292 --- [           main] o.s.b.f.s.DefaultListableBeanFactory     : Creating shared instance of singleton bean 'org.springframework.boot.autoconfigure.jdbc.DataSourceAutoConfiguration'
2024-03-20 14:14:13.514 DEBUG 28292 --- [           main] o.s.b.f.s.DefaultListableBeanFactory     : Creating shared instance of singleton bean 'com.github.pagehelper.autoconfigure.PageHelperAutoConfiguration'
2024-03-20 14:14:13.521 DEBUG 28292 --- [           main] o.s.b.f.s.DefaultListableBeanFactory     : Creating shared instance of singleton bean 'pagehelper-com.github.pagehelper.autoconfigure.PageHelperProperties'
2024-03-20 14:14:13.533 DEBUG 28292 --- [           main] o.s.b.f.s.DefaultListableBeanFactory     : Creating shared instance of singleton bean 'pageHelperProperties'
2024-03-20 14:14:13.597 DEBUG 28292 --- [           main] o.s.b.f.s.DefaultListableBeanFactory     : Creating shared instance of singleton bean 'org.springframework.boot.autoconfigure.aop.AopAutoConfiguration$AspectJAutoProxyingConfiguration$CglibAutoProxyConfiguration'
2024-03-20 14:14:13.601 DEBUG 28292 --- [           main] o.s.b.f.s.DefaultListableBeanFactory     : Creating shared instance of singleton bean 'org.springframework.boot.autoconfigure.aop.AopAutoConfiguration$AspectJAutoProxyingConfiguration'
2024-03-20 14:14:13.603 DEBUG 28292 --- [           main] o.s.b.f.s.DefaultListableBeanFactory     : Creating shared instance of singleton bean 'org.springframework.boot.autoconfigure.aop.AopAutoConfiguration'
2024-03-20 14:14:13.605 DEBUG 28292 --- [           main] o.s.b.f.s.DefaultListableBeanFactory     : Creating shared instance of singleton bean 'org.springframework.boot.autoconfigure.availability.ApplicationAvailabilityAutoConfiguration'
2024-03-20 14:14:13.608 DEBUG 28292 --- [           main] o.s.b.f.s.DefaultListableBeanFactory     : Creating shared instance of singleton bean 'applicationAvailability'
2024-03-20 14:14:13.616 DEBUG 28292 --- [           main] o.s.b.f.s.DefaultListableBeanFactory     : Creating shared instance of singleton bean 'redisTemplate'
2024-03-20 14:14:13.617 DEBUG 28292 --- [           main] o.s.b.f.s.DefaultListableBeanFactory     : Autowiring by type from bean name 'redisTemplate' via factory method to bean named 'redisConnectionFactory'
2024-03-20 14:14:13.618 DEBUG 28292 --- [           main] o.s.data.convert.CustomConversions       : Adding converter from class java.lang.String to class [B as writing converter.
2024-03-20 14:14:13.618 DEBUG 28292 --- [           main] o.s.data.convert.CustomConversions       : Adding converter from class [B to class java.lang.String as reading converter.
2024-03-20 14:14:13.618 DEBUG 28292 --- [           main] o.s.data.convert.CustomConversions       : Adding converter from class java.lang.Number to class [B as writing converter.
2024-03-20 14:14:13.618 DEBUG 28292 --- [           main] o.s.data.convert.CustomConversions       : Adding converter from class [B to class java.lang.Number as reading converter.
2024-03-20 14:14:13.618 DEBUG 28292 --- [           main] o.s.data.convert.CustomConversions       : Adding converter from class java.lang.Enum to class [B as writing converter.
2024-03-20 14:14:13.618 DEBUG 28292 --- [           main] o.s.data.convert.CustomConversions       : Adding converter from class [B to class java.lang.Enum as reading converter.
2024-03-20 14:14:13.618 DEBUG 28292 --- [           main] o.s.data.convert.CustomConversions       : Adding converter from class java.lang.Boolean to class [B as writing converter.
2024-03-20 14:14:13.619 DEBUG 28292 --- [           main] o.s.data.convert.CustomConversions       : Adding converter from class [B to class java.lang.Boolean as reading converter.
2024-03-20 14:14:13.619 DEBUG 28292 --- [           main] o.s.data.convert.CustomConversions       : Adding converter from class java.util.Date to class [B as writing converter.
2024-03-20 14:14:13.619 DEBUG 28292 --- [           main] o.s.data.convert.CustomConversions       : Adding converter from class [B to class java.util.Date as reading converter.
2024-03-20 14:14:13.619 DEBUG 28292 --- [           main] o.s.data.convert.CustomConversions       : Adding converter from class java.util.UUID to class [B as writing converter.
2024-03-20 14:14:13.619 DEBUG 28292 --- [           main] o.s.data.convert.CustomConversions       : Adding converter from class [B to class java.util.UUID as reading converter.
2024-03-20 14:14:13.619 DEBUG 28292 --- [           main] o.s.data.convert.CustomConversions       : Adding converter from class java.time.LocalDateTime to class [B as writing converter.
2024-03-20 14:14:13.619 DEBUG 28292 --- [           main] o.s.data.convert.CustomConversions       : Adding converter from class [B to class java.time.LocalDateTime as reading converter.
2024-03-20 14:14:13.619 DEBUG 28292 --- [           main] o.s.data.convert.CustomConversions       : Adding converter from class java.time.LocalDate to class [B as writing converter.
2024-03-20 14:14:13.619 DEBUG 28292 --- [           main] o.s.data.convert.CustomConversions       : Adding converter from class [B to class java.time.LocalDate as reading converter.
2024-03-20 14:14:13.619 DEBUG 28292 --- [           main] o.s.data.convert.CustomConversions       : Adding converter from class java.time.LocalTime to class [B as writing converter.
2024-03-20 14:14:13.619 DEBUG 28292 --- [           main] o.s.data.convert.CustomConversions       : Adding converter from class [B to class java.time.LocalTime as reading converter.
2024-03-20 14:14:13.619 DEBUG 28292 --- [           main] o.s.data.convert.CustomConversions       : Adding converter from class java.time.ZonedDateTime to class [B as writing converter.
2024-03-20 14:14:13.619 DEBUG 28292 --- [           main] o.s.data.convert.CustomConversions       : Adding converter from class [B to class java.time.ZonedDateTime as reading converter.
2024-03-20 14:14:13.619 DEBUG 28292 --- [           main] o.s.data.convert.CustomConversions       : Adding converter from class java.time.Instant to class [B as writing converter.
2024-03-20 14:14:13.619 DEBUG 28292 --- [           main] o.s.data.convert.CustomConversions       : Adding converter from class [B to class java.time.Instant as reading converter.
2024-03-20 14:14:13.619 DEBUG 28292 --- [           main] o.s.data.convert.CustomConversions       : Adding converter from class java.time.ZoneId to class [B as writing converter.
2024-03-20 14:14:13.619 DEBUG 28292 --- [           main] o.s.data.convert.CustomConversions       : Adding converter from class [B to class java.time.ZoneId as reading converter.
2024-03-20 14:14:13.619 DEBUG 28292 --- [           main] o.s.data.convert.CustomConversions       : Adding converter from class java.time.Period to class [B as writing converter.
2024-03-20 14:14:13.619 DEBUG 28292 --- [           main] o.s.data.convert.CustomConversions       : Adding converter from class [B to class java.time.Period as reading converter.
2024-03-20 14:14:13.619 DEBUG 28292 --- [           main] o.s.data.convert.CustomConversions       : Adding converter from class java.time.Duration to class [B as writing converter.
2024-03-20 14:14:13.619 DEBUG 28292 --- [           main] o.s.data.convert.CustomConversions       : Adding converter from class [B to class java.time.Duration as reading converter.
2024-03-20 14:14:13.619 DEBUG 28292 --- [           main] o.s.data.convert.CustomConversions       : Adding converter from class org.joda.time.LocalDate to class java.util.Date as writing converter.
2024-03-20 14:14:13.619 DEBUG 28292 --- [           main] o.s.data.convert.CustomConversions       : Adding converter from class org.joda.time.LocalDateTime to class java.util.Date as writing converter.
2024-03-20 14:14:13.619 DEBUG 28292 --- [           main] o.s.data.convert.CustomConversions       : Adding converter from class org.joda.time.DateTime to class java.util.Date as writing converter.
2024-03-20 14:14:13.619 DEBUG 28292 --- [           main] o.s.data.convert.CustomConversions       : Adding converter from class java.util.Date to class org.joda.time.LocalDate as reading converter.
2024-03-20 14:14:13.619 DEBUG 28292 --- [           main] o.s.data.convert.CustomConversions       : Adding converter from class java.util.Date to class org.joda.time.LocalDateTime as reading converter.
2024-03-20 14:14:13.619 DEBUG 28292 --- [           main] o.s.data.convert.CustomConversions       : Adding converter from class java.util.Date to class org.joda.time.DateTime as reading converter.
2024-03-20 14:14:13.619 DEBUG 28292 --- [           main] o.s.data.convert.CustomConversions       : Adding converter from class java.time.LocalDateTime to class org.joda.time.LocalDateTime as reading converter.
2024-03-20 14:14:13.619 DEBUG 28292 --- [           main] o.s.data.convert.CustomConversions       : Adding converter from class java.time.LocalDateTime to class org.joda.time.DateTime as reading converter.
2024-03-20 14:14:13.619 DEBUG 28292 --- [           main] o.s.data.convert.CustomConversions       : Adding converter from class java.time.Instant to class org.joda.time.LocalDateTime as reading converter.
2024-03-20 14:14:13.619 DEBUG 28292 --- [           main] o.s.data.convert.CustomConversions       : Adding converter from class org.joda.time.LocalDateTime to class java.time.Instant as writing converter.
2024-03-20 14:14:13.619 DEBUG 28292 --- [           main] o.s.data.convert.CustomConversions       : Adding converter from class org.joda.time.LocalDateTime to class java.time.LocalDateTime as writing converter.
2024-03-20 14:14:13.619 DEBUG 28292 --- [           main] o.s.data.convert.CustomConversions       : Adding converter from class java.util.Date to class java.time.LocalDateTime as reading converter.
2024-03-20 14:14:13.619 DEBUG 28292 --- [           main] o.s.data.convert.CustomConversions       : Adding converter from class java.time.LocalDateTime to class java.util.Date as writing converter.
2024-03-20 14:14:13.619 DEBUG 28292 --- [           main] o.s.data.convert.CustomConversions       : Adding converter from class java.util.Date to class java.time.LocalDate as reading converter.
2024-03-20 14:14:13.620 DEBUG 28292 --- [           main] o.s.data.convert.CustomConversions       : Adding converter from class java.time.LocalDate to class java.util.Date as writing converter.
2024-03-20 14:14:13.620 DEBUG 28292 --- [           main] o.s.data.convert.CustomConversions       : Adding converter from class java.util.Date to class java.time.LocalTime as reading converter.
2024-03-20 14:14:13.620 DEBUG 28292 --- [           main] o.s.data.convert.CustomConversions       : Adding converter from class java.time.LocalTime to class java.util.Date as writing converter.
2024-03-20 14:14:13.620 DEBUG 28292 --- [           main] o.s.data.convert.CustomConversions       : Adding converter from class java.util.Date to class java.time.Instant as reading converter.
2024-03-20 14:14:13.620 DEBUG 28292 --- [           main] o.s.data.convert.CustomConversions       : Adding converter from class java.time.Instant to class java.util.Date as writing converter.
2024-03-20 14:14:13.620 DEBUG 28292 --- [           main] o.s.data.convert.CustomConversions       : Adding converter from class java.time.LocalDateTime to class java.time.Instant as reading converter.
2024-03-20 14:14:13.620 DEBUG 28292 --- [           main] o.s.data.convert.CustomConversions       : Adding converter from class java.time.Instant to class java.time.LocalDateTime as reading converter.
2024-03-20 14:14:13.620 DEBUG 28292 --- [           main] o.s.data.convert.CustomConversions       : Adding converter from class java.time.ZoneId to class java.lang.String as writing converter.
2024-03-20 14:14:13.620 DEBUG 28292 --- [           main] o.s.data.convert.CustomConversions       : Adding converter from class java.lang.String to class java.time.ZoneId as reading converter.
2024-03-20 14:14:13.620 DEBUG 28292 --- [           main] o.s.data.convert.CustomConversions       : Adding converter from class java.time.Duration to class java.lang.String as writing converter.
2024-03-20 14:14:13.620 DEBUG 28292 --- [           main] o.s.data.convert.CustomConversions       : Adding converter from class java.lang.String to class java.time.Duration as reading converter.
2024-03-20 14:14:13.620 DEBUG 28292 --- [           main] o.s.data.convert.CustomConversions       : Adding converter from class java.time.Period to class java.lang.String as writing converter.
2024-03-20 14:14:13.620 DEBUG 28292 --- [           main] o.s.data.convert.CustomConversions       : Adding converter from class java.lang.String to class java.time.Period as reading converter.
2024-03-20 14:14:13.620 DEBUG 28292 --- [           main] o.s.data.convert.CustomConversions       : Adding converter from class java.lang.String to class java.time.LocalDate as reading converter.
2024-03-20 14:14:13.620 DEBUG 28292 --- [           main] o.s.data.convert.CustomConversions       : Adding converter from class java.lang.String to class java.time.LocalDateTime as reading converter.
2024-03-20 14:14:13.620 DEBUG 28292 --- [           main] o.s.data.convert.CustomConversions       : Adding converter from class java.lang.String to class java.time.Instant as reading converter.
2024-03-20 14:14:13.622 DEBUG 28292 --- [           main] o.s.data.convert.CustomConversions       : Adding converter from class java.lang.String to class [B as writing converter.
2024-03-20 14:14:13.622 DEBUG 28292 --- [           main] o.s.data.convert.CustomConversions       : Adding converter from class [B to class java.lang.String as reading converter.
2024-03-20 14:14:13.622 DEBUG 28292 --- [           main] o.s.data.convert.CustomConversions       : Adding converter from class java.lang.Number to class [B as writing converter.
2024-03-20 14:14:13.622 DEBUG 28292 --- [           main] o.s.data.convert.CustomConversions       : Adding converter from class [B to class java.lang.Number as reading converter.
2024-03-20 14:14:13.622 DEBUG 28292 --- [           main] o.s.data.convert.CustomConversions       : Adding converter from class java.lang.Enum to class [B as writing converter.
2024-03-20 14:14:13.622 DEBUG 28292 --- [           main] o.s.data.convert.CustomConversions       : Adding converter from class [B to class java.lang.Enum as reading converter.
2024-03-20 14:14:13.622 DEBUG 28292 --- [           main] o.s.data.convert.CustomConversions       : Adding converter from class java.lang.Boolean to class [B as writing converter.
2024-03-20 14:14:13.622 DEBUG 28292 --- [           main] o.s.data.convert.CustomConversions       : Adding converter from class [B to class java.lang.Boolean as reading converter.
2024-03-20 14:14:13.622 DEBUG 28292 --- [           main] o.s.data.convert.CustomConversions       : Adding converter from class java.util.Date to class [B as writing converter.
2024-03-20 14:14:13.622 DEBUG 28292 --- [           main] o.s.data.convert.CustomConversions       : Adding converter from class [B to class java.util.Date as reading converter.
2024-03-20 14:14:13.622 DEBUG 28292 --- [           main] o.s.data.convert.CustomConversions       : Adding converter from class java.util.UUID to class [B as writing converter.
2024-03-20 14:14:13.622 DEBUG 28292 --- [           main] o.s.data.convert.CustomConversions       : Adding converter from class [B to class java.util.UUID as reading converter.
2024-03-20 14:14:13.622 DEBUG 28292 --- [           main] o.s.data.convert.CustomConversions       : Adding converter from class java.time.LocalDateTime to class [B as writing converter.
2024-03-20 14:14:13.622 DEBUG 28292 --- [           main] o.s.data.convert.CustomConversions       : Adding converter from class [B to class java.time.LocalDateTime as reading converter.
2024-03-20 14:14:13.622 DEBUG 28292 --- [           main] o.s.data.convert.CustomConversions       : Adding converter from class java.time.LocalDate to class [B as writing converter.
2024-03-20 14:14:13.622 DEBUG 28292 --- [           main] o.s.data.convert.CustomConversions       : Adding converter from class [B to class java.time.LocalDate as reading converter.
2024-03-20 14:14:13.622 DEBUG 28292 --- [           main] o.s.data.convert.CustomConversions       : Adding converter from class java.time.LocalTime to class [B as writing converter.
2024-03-20 14:14:13.622 DEBUG 28292 --- [           main] o.s.data.convert.CustomConversions       : Adding converter from class [B to class java.time.LocalTime as reading converter.
2024-03-20 14:14:13.622 DEBUG 28292 --- [           main] o.s.data.convert.CustomConversions       : Adding converter from class java.time.ZonedDateTime to class [B as writing converter.
2024-03-20 14:14:13.622 DEBUG 28292 --- [           main] o.s.data.convert.CustomConversions       : Adding converter from class [B to class java.time.ZonedDateTime as reading converter.
2024-03-20 14:14:13.622 DEBUG 28292 --- [           main] o.s.data.convert.CustomConversions       : Adding converter from class java.time.Instant to class [B as writing converter.
2024-03-20 14:14:13.622 DEBUG 28292 --- [           main] o.s.data.convert.CustomConversions       : Adding converter from class [B to class java.time.Instant as reading converter.
2024-03-20 14:14:13.622 DEBUG 28292 --- [           main] o.s.data.convert.CustomConversions       : Adding converter from class java.time.ZoneId to class [B as writing converter.
2024-03-20 14:14:13.622 DEBUG 28292 --- [           main] o.s.data.convert.CustomConversions       : Adding converter from class [B to class java.time.ZoneId as reading converter.
2024-03-20 14:14:13.622 DEBUG 28292 --- [           main] o.s.data.convert.CustomConversions       : Adding converter from class java.time.Period to class [B as writing converter.
2024-03-20 14:14:13.622 DEBUG 28292 --- [           main] o.s.data.convert.CustomConversions       : Adding converter from class [B to class java.time.Period as reading converter.
2024-03-20 14:14:13.622 DEBUG 28292 --- [           main] o.s.data.convert.CustomConversions       : Adding converter from class java.time.Duration to class [B as writing converter.
2024-03-20 14:14:13.622 DEBUG 28292 --- [           main] o.s.data.convert.CustomConversions       : Adding converter from class [B to class java.time.Duration as reading converter.
2024-03-20 14:14:13.622 DEBUG 28292 --- [           main] o.s.data.convert.CustomConversions       : Adding converter from class org.joda.time.LocalDate to class java.util.Date as writing converter.
2024-03-20 14:14:13.622 DEBUG 28292 --- [           main] o.s.data.convert.CustomConversions       : Adding converter from class org.joda.time.LocalDateTime to class java.util.Date as writing converter.
2024-03-20 14:14:13.622 DEBUG 28292 --- [           main] o.s.data.convert.CustomConversions       : Adding converter from class org.joda.time.DateTime to class java.util.Date as writing converter.
2024-03-20 14:14:13.622 DEBUG 28292 --- [           main] o.s.data.convert.CustomConversions       : Adding converter from class java.util.Date to class org.joda.time.LocalDate as reading converter.
2024-03-20 14:14:13.623 DEBUG 28292 --- [           main] o.s.data.convert.CustomConversions       : Adding converter from class java.util.Date to class org.joda.time.LocalDateTime as reading converter.
2024-03-20 14:14:13.623 DEBUG 28292 --- [           main] o.s.data.convert.CustomConversions       : Adding converter from class java.util.Date to class org.joda.time.DateTime as reading converter.
2024-03-20 14:14:13.623 DEBUG 28292 --- [           main] o.s.data.convert.CustomConversions       : Adding converter from class java.time.LocalDateTime to class org.joda.time.LocalDateTime as reading converter.
2024-03-20 14:14:13.623 DEBUG 28292 --- [           main] o.s.data.convert.CustomConversions       : Adding converter from class java.time.LocalDateTime to class org.joda.time.DateTime as reading converter.
2024-03-20 14:14:13.623 DEBUG 28292 --- [           main] o.s.data.convert.CustomConversions       : Adding converter from class java.time.Instant to class org.joda.time.LocalDateTime as reading converter.
2024-03-20 14:14:13.623 DEBUG 28292 --- [           main] o.s.data.convert.CustomConversions       : Adding converter from class org.joda.time.LocalDateTime to class java.time.Instant as writing converter.
2024-03-20 14:14:13.623 DEBUG 28292 --- [           main] o.s.data.convert.CustomConversions       : Adding converter from class org.joda.time.LocalDateTime to class java.time.LocalDateTime as writing converter.
2024-03-20 14:14:13.623 DEBUG 28292 --- [           main] o.s.data.convert.CustomConversions       : Adding converter from class java.util.Date to class java.time.LocalDateTime as reading converter.
2024-03-20 14:14:13.623 DEBUG 28292 --- [           main] o.s.data.convert.CustomConversions       : Adding converter from class java.time.LocalDateTime to class java.util.Date as writing converter.
2024-03-20 14:14:13.623 DEBUG 28292 --- [           main] o.s.data.convert.CustomConversions       : Adding converter from class java.util.Date to class java.time.LocalDate as reading converter.
2024-03-20 14:14:13.623 DEBUG 28292 --- [           main] o.s.data.convert.CustomConversions       : Adding converter from class java.time.LocalDate to class java.util.Date as writing converter.
2024-03-20 14:14:13.623 DEBUG 28292 --- [           main] o.s.data.convert.CustomConversions       : Adding converter from class java.util.Date to class java.time.LocalTime as reading converter.
2024-03-20 14:14:13.623 DEBUG 28292 --- [           main] o.s.data.convert.CustomConversions       : Adding converter from class java.time.LocalTime to class java.util.Date as writing converter.
2024-03-20 14:14:13.623 DEBUG 28292 --- [           main] o.s.data.convert.CustomConversions       : Adding converter from class java.util.Date to class java.time.Instant as reading converter.
2024-03-20 14:14:13.623 DEBUG 28292 --- [           main] o.s.data.convert.CustomConversions       : Adding converter from class java.time.Instant to class java.util.Date as writing converter.
2024-03-20 14:14:13.623 DEBUG 28292 --- [           main] o.s.data.convert.CustomConversions       : Adding converter from class java.time.LocalDateTime to class java.time.Instant as reading converter.
2024-03-20 14:14:13.623 DEBUG 28292 --- [           main] o.s.data.convert.CustomConversions       : Adding converter from class java.time.Instant to class java.time.LocalDateTime as reading converter.
2024-03-20 14:14:13.623 DEBUG 28292 --- [           main] o.s.data.convert.CustomConversions       : Adding converter from class java.time.ZoneId to class java.lang.String as writing converter.
2024-03-20 14:14:13.623 DEBUG 28292 --- [           main] o.s.data.convert.CustomConversions       : Adding converter from class java.lang.String to class java.time.ZoneId as reading converter.
2024-03-20 14:14:13.623 DEBUG 28292 --- [           main] o.s.data.convert.CustomConversions       : Adding converter from class java.time.Duration to class java.lang.String as writing converter.
2024-03-20 14:14:13.623 DEBUG 28292 --- [           main] o.s.data.convert.CustomConversions       : Adding converter from class java.lang.String to class java.time.Duration as reading converter.
2024-03-20 14:14:13.623 DEBUG 28292 --- [           main] o.s.data.convert.CustomConversions       : Adding converter from class java.time.Period to class java.lang.String as writing converter.
2024-03-20 14:14:13.623 DEBUG 28292 --- [           main] o.s.data.convert.CustomConversions       : Adding converter from class java.lang.String to class java.time.Period as reading converter.
2024-03-20 14:14:13.623 DEBUG 28292 --- [           main] o.s.data.convert.CustomConversions       : Adding converter from class java.lang.String to class java.time.LocalDate as reading converter.
2024-03-20 14:14:13.623 DEBUG 28292 --- [           main] o.s.data.convert.CustomConversions       : Adding converter from class java.lang.String to class java.time.LocalDateTime as reading converter.
2024-03-20 14:14:13.623 DEBUG 28292 --- [           main] o.s.data.convert.CustomConversions       : Adding converter from class java.lang.String to class java.time.Instant as reading converter.
2024-03-20 14:14:13.624 DEBUG 28292 --- [           main] o.s.data.convert.CustomConversions       : Adding converter from class java.lang.String to class [B as writing converter.
2024-03-20 14:14:13.624 DEBUG 28292 --- [           main] o.s.data.convert.CustomConversions       : Adding converter from class [B to class java.lang.String as reading converter.
2024-03-20 14:14:13.624 DEBUG 28292 --- [           main] o.s.data.convert.CustomConversions       : Adding converter from class java.lang.Number to class [B as writing converter.
2024-03-20 14:14:13.624 DEBUG 28292 --- [           main] o.s.data.convert.CustomConversions       : Adding converter from class [B to class java.lang.Number as reading converter.
2024-03-20 14:14:13.624 DEBUG 28292 --- [           main] o.s.data.convert.CustomConversions       : Adding converter from class java.lang.Enum to class [B as writing converter.
2024-03-20 14:14:13.624 DEBUG 28292 --- [           main] o.s.data.convert.CustomConversions       : Adding converter from class [B to class java.lang.Enum as reading converter.
2024-03-20 14:14:13.624 DEBUG 28292 --- [           main] o.s.data.convert.CustomConversions       : Adding converter from class java.lang.Boolean to class [B as writing converter.
2024-03-20 14:14:13.624 DEBUG 28292 --- [           main] o.s.data.convert.CustomConversions       : Adding converter from class [B to class java.lang.Boolean as reading converter.
2024-03-20 14:14:13.624 DEBUG 28292 --- [           main] o.s.data.convert.CustomConversions       : Adding converter from class java.util.Date to class [B as writing converter.
2024-03-20 14:14:13.624 DEBUG 28292 --- [           main] o.s.data.convert.CustomConversions       : Adding converter from class [B to class java.util.Date as reading converter.
2024-03-20 14:14:13.624 DEBUG 28292 --- [           main] o.s.data.convert.CustomConversions       : Adding converter from class java.util.UUID to class [B as writing converter.
2024-03-20 14:14:13.624 DEBUG 28292 --- [           main] o.s.data.convert.CustomConversions       : Adding converter from class [B to class java.util.UUID as reading converter.
2024-03-20 14:14:13.624 DEBUG 28292 --- [           main] o.s.data.convert.CustomConversions       : Adding converter from class java.time.LocalDateTime to class [B as writing converter.
2024-03-20 14:14:13.624 DEBUG 28292 --- [           main] o.s.data.convert.CustomConversions       : Adding converter from class [B to class java.time.LocalDateTime as reading converter.
2024-03-20 14:14:13.624 DEBUG 28292 --- [           main] o.s.data.convert.CustomConversions       : Adding converter from class java.time.LocalDate to class [B as writing converter.
2024-03-20 14:14:13.624 DEBUG 28292 --- [           main] o.s.data.convert.CustomConversions       : Adding converter from class [B to class java.time.LocalDate as reading converter.
2024-03-20 14:14:13.624 DEBUG 28292 --- [           main] o.s.data.convert.CustomConversions       : Adding converter from class java.time.LocalTime to class [B as writing converter.
2024-03-20 14:14:13.624 DEBUG 28292 --- [           main] o.s.data.convert.CustomConversions       : Adding converter from class [B to class java.time.LocalTime as reading converter.
2024-03-20 14:14:13.624 DEBUG 28292 --- [           main] o.s.data.convert.CustomConversions       : Adding converter from class java.time.ZonedDateTime to class [B as writing converter.
2024-03-20 14:14:13.625 DEBUG 28292 --- [           main] o.s.data.convert.CustomConversions       : Adding converter from class [B to class java.time.ZonedDateTime as reading converter.
2024-03-20 14:14:13.625 DEBUG 28292 --- [           main] o.s.data.convert.CustomConversions       : Adding converter from class java.time.Instant to class [B as writing converter.
2024-03-20 14:14:13.625 DEBUG 28292 --- [           main] o.s.data.convert.CustomConversions       : Adding converter from class [B to class java.time.Instant as reading converter.
2024-03-20 14:14:13.625 DEBUG 28292 --- [           main] o.s.data.convert.CustomConversions       : Adding converter from class java.time.ZoneId to class [B as writing converter.
2024-03-20 14:14:13.625 DEBUG 28292 --- [           main] o.s.data.convert.CustomConversions       : Adding converter from class [B to class java.time.ZoneId as reading converter.
2024-03-20 14:14:13.625 DEBUG 28292 --- [           main] o.s.data.convert.CustomConversions       : Adding converter from class java.time.Period to class [B as writing converter.
2024-03-20 14:14:13.625 DEBUG 28292 --- [           main] o.s.data.convert.CustomConversions       : Adding converter from class [B to class java.time.Period as reading converter.
2024-03-20 14:14:13.625 DEBUG 28292 --- [           main] o.s.data.convert.CustomConversions       : Adding converter from class java.time.Duration to class [B as writing converter.
2024-03-20 14:14:13.625 DEBUG 28292 --- [           main] o.s.data.convert.CustomConversions       : Adding converter from class [B to class java.time.Duration as reading converter.
2024-03-20 14:14:13.625 DEBUG 28292 --- [           main] o.s.data.convert.CustomConversions       : Adding converter from class org.joda.time.LocalDate to class java.util.Date as writing converter.
2024-03-20 14:14:13.625 DEBUG 28292 --- [           main] o.s.data.convert.CustomConversions       : Adding converter from class org.joda.time.LocalDateTime to class java.util.Date as writing converter.
2024-03-20 14:14:13.625 DEBUG 28292 --- [           main] o.s.data.convert.CustomConversions       : Adding converter from class org.joda.time.DateTime to class java.util.Date as writing converter.
2024-03-20 14:14:13.625 DEBUG 28292 --- [           main] o.s.data.convert.CustomConversions       : Adding converter from class java.util.Date to class org.joda.time.LocalDate as reading converter.
2024-03-20 14:14:13.625 DEBUG 28292 --- [           main] o.s.data.convert.CustomConversions       : Adding converter from class java.util.Date to class org.joda.time.LocalDateTime as reading converter.
2024-03-20 14:14:13.625 DEBUG 28292 --- [           main] o.s.data.convert.CustomConversions       : Adding converter from class java.util.Date to class org.joda.time.DateTime as reading converter.
2024-03-20 14:14:13.625 DEBUG 28292 --- [           main] o.s.data.convert.CustomConversions       : Adding converter from class java.time.LocalDateTime to class org.joda.time.LocalDateTime as reading converter.
2024-03-20 14:14:13.625 DEBUG 28292 --- [           main] o.s.data.convert.CustomConversions       : Adding converter from class java.time.LocalDateTime to class org.joda.time.DateTime as reading converter.
2024-03-20 14:14:13.625 DEBUG 28292 --- [           main] o.s.data.convert.CustomConversions       : Adding converter from class java.time.Instant to class org.joda.time.LocalDateTime as reading converter.
2024-03-20 14:14:13.625 DEBUG 28292 --- [           main] o.s.data.convert.CustomConversions       : Adding converter from class org.joda.time.LocalDateTime to class java.time.Instant as writing converter.
2024-03-20 14:14:13.625 DEBUG 28292 --- [           main] o.s.data.convert.CustomConversions       : Adding converter from class org.joda.time.LocalDateTime to class java.time.LocalDateTime as writing converter.
2024-03-20 14:14:13.625 DEBUG 28292 --- [           main] o.s.data.convert.CustomConversions       : Adding converter from class java.util.Date to class java.time.LocalDateTime as reading converter.
2024-03-20 14:14:13.625 DEBUG 28292 --- [           main] o.s.data.convert.CustomConversions       : Adding converter from class java.time.LocalDateTime to class java.util.Date as writing converter.
2024-03-20 14:14:13.625 DEBUG 28292 --- [           main] o.s.data.convert.CustomConversions       : Adding converter from class java.util.Date to class java.time.LocalDate as reading converter.
2024-03-20 14:14:13.625 DEBUG 28292 --- [           main] o.s.data.convert.CustomConversions       : Adding converter from class java.time.LocalDate to class java.util.Date as writing converter.
2024-03-20 14:14:13.625 DEBUG 28292 --- [           main] o.s.data.convert.CustomConversions       : Adding converter from class java.util.Date to class java.time.LocalTime as reading converter.
2024-03-20 14:14:13.625 DEBUG 28292 --- [           main] o.s.data.convert.CustomConversions       : Adding converter from class java.time.LocalTime to class java.util.Date as writing converter.
2024-03-20 14:14:13.625 DEBUG 28292 --- [           main] o.s.data.convert.CustomConversions       : Adding converter from class java.util.Date to class java.time.Instant as reading converter.
2024-03-20 14:14:13.625 DEBUG 28292 --- [           main] o.s.data.convert.CustomConversions       : Adding converter from class java.time.Instant to class java.util.Date as writing converter.
2024-03-20 14:14:13.625 DEBUG 28292 --- [           main] o.s.data.convert.CustomConversions       : Adding converter from class java.time.LocalDateTime to class java.time.Instant as reading converter.
2024-03-20 14:14:13.625 DEBUG 28292 --- [           main] o.s.data.convert.CustomConversions       : Adding converter from class java.time.Instant to class java.time.LocalDateTime as reading converter.
2024-03-20 14:14:13.625 DEBUG 28292 --- [           main] o.s.data.convert.CustomConversions       : Adding converter from class java.time.ZoneId to class java.lang.String as writing converter.
2024-03-20 14:14:13.625 DEBUG 28292 --- [           main] o.s.data.convert.CustomConversions       : Adding converter from class java.lang.String to class java.time.ZoneId as reading converter.
2024-03-20 14:14:13.625 DEBUG 28292 --- [           main] o.s.data.convert.CustomConversions       : Adding converter from class java.time.Duration to class java.lang.String as writing converter.
2024-03-20 14:14:13.625 DEBUG 28292 --- [           main] o.s.data.convert.CustomConversions       : Adding converter from class java.lang.String to class java.time.Duration as reading converter.
2024-03-20 14:14:13.625 DEBUG 28292 --- [           main] o.s.data.convert.CustomConversions       : Adding converter from class java.time.Period to class java.lang.String as writing converter.
2024-03-20 14:14:13.625 DEBUG 28292 --- [           main] o.s.data.convert.CustomConversions       : Adding converter from class java.lang.String to class java.time.Period as reading converter.
2024-03-20 14:14:13.625 DEBUG 28292 --- [           main] o.s.data.convert.CustomConversions       : Adding converter from class java.lang.String to class java.time.LocalDate as reading converter.
2024-03-20 14:14:13.625 DEBUG 28292 --- [           main] o.s.data.convert.CustomConversions       : Adding converter from class java.lang.String to class java.time.LocalDateTime as reading converter.
2024-03-20 14:14:13.626 DEBUG 28292 --- [           main] o.s.data.convert.CustomConversions       : Adding converter from class java.lang.String to class java.time.Instant as reading converter.
2024-03-20 14:14:13.627 DEBUG 28292 --- [           main] o.s.data.convert.CustomConversions       : Adding converter from class java.lang.String to class [B as writing converter.
2024-03-20 14:14:13.627 DEBUG 28292 --- [           main] o.s.data.convert.CustomConversions       : Adding converter from class [B to class java.lang.String as reading converter.
2024-03-20 14:14:13.627 DEBUG 28292 --- [           main] o.s.data.convert.CustomConversions       : Adding converter from class java.lang.Number to class [B as writing converter.
2024-03-20 14:14:13.627 DEBUG 28292 --- [           main] o.s.data.convert.CustomConversions       : Adding converter from class [B to class java.lang.Number as reading converter.
2024-03-20 14:14:13.627 DEBUG 28292 --- [           main] o.s.data.convert.CustomConversions       : Adding converter from class java.lang.Enum to class [B as writing converter.
2024-03-20 14:14:13.627 DEBUG 28292 --- [           main] o.s.data.convert.CustomConversions       : Adding converter from class [B to class java.lang.Enum as reading converter.
2024-03-20 14:14:13.627 DEBUG 28292 --- [           main] o.s.data.convert.CustomConversions       : Adding converter from class java.lang.Boolean to class [B as writing converter.
2024-03-20 14:14:13.627 DEBUG 28292 --- [           main] o.s.data.convert.CustomConversions       : Adding converter from class [B to class java.lang.Boolean as reading converter.
2024-03-20 14:14:13.627 DEBUG 28292 --- [           main] o.s.data.convert.CustomConversions       : Adding converter from class java.util.Date to class [B as writing converter.
2024-03-20 14:14:13.627 DEBUG 28292 --- [           main] o.s.data.convert.CustomConversions       : Adding converter from class [B to class java.util.Date as reading converter.
2024-03-20 14:14:13.627 DEBUG 28292 --- [           main] o.s.data.convert.CustomConversions       : Adding converter from class java.util.UUID to class [B as writing converter.
2024-03-20 14:14:13.627 DEBUG 28292 --- [           main] o.s.data.convert.CustomConversions       : Adding converter from class [B to class java.util.UUID as reading converter.
2024-03-20 14:14:13.627 DEBUG 28292 --- [           main] o.s.data.convert.CustomConversions       : Adding converter from class java.time.LocalDateTime to class [B as writing converter.
2024-03-20 14:14:13.627 DEBUG 28292 --- [           main] o.s.data.convert.CustomConversions       : Adding converter from class [B to class java.time.LocalDateTime as reading converter.
2024-03-20 14:14:13.627 DEBUG 28292 --- [           main] o.s.data.convert.CustomConversions       : Adding converter from class java.time.LocalDate to class [B as writing converter.
2024-03-20 14:14:13.627 DEBUG 28292 --- [           main] o.s.data.convert.CustomConversions       : Adding converter from class [B to class java.time.LocalDate as reading converter.
2024-03-20 14:14:13.627 DEBUG 28292 --- [           main] o.s.data.convert.CustomConversions       : Adding converter from class java.time.LocalTime to class [B as writing converter.
2024-03-20 14:14:13.627 DEBUG 28292 --- [           main] o.s.data.convert.CustomConversions       : Adding converter from class [B to class java.time.LocalTime as reading converter.
2024-03-20 14:14:13.627 DEBUG 28292 --- [           main] o.s.data.convert.CustomConversions       : Adding converter from class java.time.ZonedDateTime to class [B as writing converter.
2024-03-20 14:14:13.627 DEBUG 28292 --- [           main] o.s.data.convert.CustomConversions       : Adding converter from class [B to class java.time.ZonedDateTime as reading converter.
2024-03-20 14:14:13.627 DEBUG 28292 --- [           main] o.s.data.convert.CustomConversions       : Adding converter from class java.time.Instant to class [B as writing converter.
2024-03-20 14:14:13.627 DEBUG 28292 --- [           main] o.s.data.convert.CustomConversions       : Adding converter from class [B to class java.time.Instant as reading converter.
2024-03-20 14:14:13.627 DEBUG 28292 --- [           main] o.s.data.convert.CustomConversions       : Adding converter from class java.time.ZoneId to class [B as writing converter.
2024-03-20 14:14:13.627 DEBUG 28292 --- [           main] o.s.data.convert.CustomConversions       : Adding converter from class [B to class java.time.ZoneId as reading converter.
2024-03-20 14:14:13.627 DEBUG 28292 --- [           main] o.s.data.convert.CustomConversions       : Adding converter from class java.time.Period to class [B as writing converter.
2024-03-20 14:14:13.627 DEBUG 28292 --- [           main] o.s.data.convert.CustomConversions       : Adding converter from class [B to class java.time.Period as reading converter.
2024-03-20 14:14:13.627 DEBUG 28292 --- [           main] o.s.data.convert.CustomConversions       : Adding converter from class java.time.Duration to class [B as writing converter.
2024-03-20 14:14:13.627 DEBUG 28292 --- [           main] o.s.data.convert.CustomConversions       : Adding converter from class [B to class java.time.Duration as reading converter.
2024-03-20 14:14:13.627 DEBUG 28292 --- [           main] o.s.data.convert.CustomConversions       : Adding converter from class org.joda.time.LocalDate to class java.util.Date as writing converter.
2024-03-20 14:14:13.627 DEBUG 28292 --- [           main] o.s.data.convert.CustomConversions       : Adding converter from class org.joda.time.LocalDateTime to class java.util.Date as writing converter.
2024-03-20 14:14:13.628 DEBUG 28292 --- [           main] o.s.data.convert.CustomConversions       : Adding converter from class org.joda.time.DateTime to class java.util.Date as writing converter.
2024-03-20 14:14:13.628 DEBUG 28292 --- [           main] o.s.data.convert.CustomConversions       : Adding converter from class java.util.Date to class org.joda.time.LocalDate as reading converter.
2024-03-20 14:14:13.628 DEBUG 28292 --- [           main] o.s.data.convert.CustomConversions       : Adding converter from class java.util.Date to class org.joda.time.LocalDateTime as reading converter.
2024-03-20 14:14:13.628 DEBUG 28292 --- [           main] o.s.data.convert.CustomConversions       : Adding converter from class java.util.Date to class org.joda.time.DateTime as reading converter.
2024-03-20 14:14:13.628 DEBUG 28292 --- [           main] o.s.data.convert.CustomConversions       : Adding converter from class java.time.LocalDateTime to class org.joda.time.LocalDateTime as reading converter.
2024-03-20 14:14:13.628 DEBUG 28292 --- [           main] o.s.data.convert.CustomConversions       : Adding converter from class java.time.LocalDateTime to class org.joda.time.DateTime as reading converter.
2024-03-20 14:14:13.628 DEBUG 28292 --- [           main] o.s.data.convert.CustomConversions       : Adding converter from class java.time.Instant to class org.joda.time.LocalDateTime as reading converter.
2024-03-20 14:14:13.628 DEBUG 28292 --- [           main] o.s.data.convert.CustomConversions       : Adding converter from class org.joda.time.LocalDateTime to class java.time.Instant as writing converter.
2024-03-20 14:14:13.628 DEBUG 28292 --- [           main] o.s.data.convert.CustomConversions       : Adding converter from class org.joda.time.LocalDateTime to class java.time.LocalDateTime as writing converter.
2024-03-20 14:14:13.628 DEBUG 28292 --- [           main] o.s.data.convert.CustomConversions       : Adding converter from class java.util.Date to class java.time.LocalDateTime as reading converter.
2024-03-20 14:14:13.628 DEBUG 28292 --- [           main] o.s.data.convert.CustomConversions       : Adding converter from class java.time.LocalDateTime to class java.util.Date as writing converter.
2024-03-20 14:14:13.628 DEBUG 28292 --- [           main] o.s.data.convert.CustomConversions       : Adding converter from class java.util.Date to class java.time.LocalDate as reading converter.
2024-03-20 14:14:13.628 DEBUG 28292 --- [           main] o.s.data.convert.CustomConversions       : Adding converter from class java.time.LocalDate to class java.util.Date as writing converter.
2024-03-20 14:14:13.628 DEBUG 28292 --- [           main] o.s.data.convert.CustomConversions       : Adding converter from class java.util.Date to class java.time.LocalTime as reading converter.
2024-03-20 14:14:13.628 DEBUG 28292 --- [           main] o.s.data.convert.CustomConversions       : Adding converter from class java.time.LocalTime to class java.util.Date as writing converter.
2024-03-20 14:14:13.628 DEBUG 28292 --- [           main] o.s.data.convert.CustomConversions       : Adding converter from class java.util.Date to class java.time.Instant as reading converter.
2024-03-20 14:14:13.628 DEBUG 28292 --- [           main] o.s.data.convert.CustomConversions       : Adding converter from class java.time.Instant to class java.util.Date as writing converter.
2024-03-20 14:14:13.628 DEBUG 28292 --- [           main] o.s.data.convert.CustomConversions       : Adding converter from class java.time.LocalDateTime to class java.time.Instant as reading converter.
2024-03-20 14:14:13.628 DEBUG 28292 --- [           main] o.s.data.convert.CustomConversions       : Adding converter from class java.time.Instant to class java.time.LocalDateTime as reading converter.
2024-03-20 14:14:13.628 DEBUG 28292 --- [           main] o.s.data.convert.CustomConversions       : Adding converter from class java.time.ZoneId to class java.lang.String as writing converter.
2024-03-20 14:14:13.675 DEBUG 28292 --- [           main] o.s.data.convert.CustomConversions       : Adding converter from class java.lang.String to class java.time.ZoneId as reading converter.
2024-03-20 14:14:13.675 DEBUG 28292 --- [           main] o.s.data.convert.CustomConversions       : Adding converter from class java.time.Duration to class java.lang.String as writing converter.
2024-03-20 14:14:13.675 DEBUG 28292 --- [           main] o.s.data.convert.CustomConversions       : Adding converter from class java.lang.String to class java.time.Duration as reading converter.
2024-03-20 14:14:13.676 DEBUG 28292 --- [           main] o.s.data.convert.CustomConversions       : Adding converter from class java.time.Period to class java.lang.String as writing converter.
2024-03-20 14:14:13.676 DEBUG 28292 --- [           main] o.s.data.convert.CustomConversions       : Adding converter from class java.lang.String to class java.time.Period as reading converter.
2024-03-20 14:14:13.676 DEBUG 28292 --- [           main] o.s.data.convert.CustomConversions       : Adding converter from class java.lang.String to class java.time.LocalDate as reading converter.
2024-03-20 14:14:13.676 DEBUG 28292 --- [           main] o.s.data.convert.CustomConversions       : Adding converter from class java.lang.String to class java.time.LocalDateTime as reading converter.
2024-03-20 14:14:13.676 DEBUG 28292 --- [           main] o.s.data.convert.CustomConversions       : Adding converter from class java.lang.String to class java.time.Instant as reading converter.
2024-03-20 14:14:13.704 DEBUG 28292 --- [           main] o.s.b.f.s.DefaultListableBeanFactory     : Creating shared instance of singleton bean 'org.springframework.boot.autoconfigure.context.ConfigurationPropertiesAutoConfiguration'
2024-03-20 14:14:13.708 DEBUG 28292 --- [           main] o.s.b.f.s.DefaultListableBeanFactory     : Creating shared instance of singleton bean 'org.springframework.boot.autoconfigure.context.LifecycleAutoConfiguration'
2024-03-20 14:14:13.711 DEBUG 28292 --- [           main] o.s.b.f.s.DefaultListableBeanFactory     : Creating shared instance of singleton bean 'lifecycleProcessor'
2024-03-20 14:14:13.713 DEBUG 28292 --- [           main] o.s.b.f.s.DefaultListableBeanFactory     : Creating shared instance of singleton bean 'spring.lifecycle-org.springframework.boot.autoconfigure.context.LifecycleProperties'
2024-03-20 14:14:13.718 DEBUG 28292 --- [           main] o.s.b.f.s.DefaultListableBeanFactory     : Autowiring by type from bean name 'lifecycleProcessor' via factory method to bean named 'spring.lifecycle-org.springframework.boot.autoconfigure.context.LifecycleProperties'
2024-03-20 14:14:13.727 DEBUG 28292 --- [           main] o.s.b.f.s.DefaultListableBeanFactory     : Creating shared instance of singleton bean 'org.springframework.boot.autoconfigure.dao.PersistenceExceptionTranslationAutoConfiguration'
2024-03-20 14:14:13.730 DEBUG 28292 --- [           main] o.s.b.f.s.DefaultListableBeanFactory     : Creating shared instance of singleton bean 'org.springframework.boot.autoconfigure.elasticsearch.ElasticsearchRestClientConfigurations$RestClientBuilderConfiguration'
2024-03-20 14:14:13.736 DEBUG 28292 --- [           main] o.s.b.f.s.DefaultListableBeanFactory     : Creating shared instance of singleton bean 'defaultRestClientBuilderCustomizer'
2024-03-20 14:14:13.737 DEBUG 28292 --- [           main] o.s.b.f.s.DefaultListableBeanFactory     : Creating shared instance of singleton bean 'spring.elasticsearch.rest-org.springframework.boot.autoconfigure.elasticsearch.ElasticsearchRestClientProperties'
2024-03-20 14:14:13.745 DEBUG 28292 --- [           main] o.s.b.f.s.DefaultListableBeanFactory     : Autowiring by type from bean name 'defaultRestClientBuilderCustomizer' via factory method to bean named 'spring.elasticsearch.rest-org.springframework.boot.autoconfigure.elasticsearch.ElasticsearchRestClientProperties'
2024-03-20 14:14:13.752 DEBUG 28292 --- [           main] o.s.b.f.s.DefaultListableBeanFactory     : Creating shared instance of singleton bean 'elasticsearchRestClientBuilder'
2024-03-20 14:14:13.753 DEBUG 28292 --- [           main] o.s.b.f.s.DefaultListableBeanFactory     : Autowiring by type from bean name 'elasticsearchRestClientBuilder' via factory method to bean named 'spring.elasticsearch.rest-org.springframework.boot.autoconfigure.elasticsearch.ElasticsearchRestClientProperties'
2024-03-20 14:14:13.784 DEBUG 28292 --- [           main] o.s.b.f.s.DefaultListableBeanFactory     : Creating shared instance of singleton bean 'org.springframework.boot.autoconfigure.elasticsearch.ElasticsearchRestClientConfigurations$RestHighLevelClientConfiguration'
2024-03-20 14:14:13.787 DEBUG 28292 --- [           main] o.s.b.f.s.DefaultListableBeanFactory     : Creating shared instance of singleton bean 'elasticsearchRestHighLevelClient'
2024-03-20 14:14:13.788 DEBUG 28292 --- [           main] o.s.b.f.s.DefaultListableBeanFactory     : Autowiring by type from bean name 'elasticsearchRestHighLevelClient' via factory method to bean named 'elasticsearchRestClientBuilder'
2024-03-20 14:14:14.003 DEBUG 28292 --- [           main] jdk.event.security                       : X509Certificate: Alg:SHA256withRSA, Serial:570a119742c4e3cc, Subject:CN=Actalis Authentication Root CA, O=Actalis S.p.A./03358520967, L=Milan, C=IT, Issuer:CN=Actalis Authentication Root CA, O=Actalis S.p.A./03358520967, L=Milan, C=IT, Key type:RSA, Length:4096, Cert Id:1729119956, Valid from:2011/9/22 19:22, Valid until:2030/9/22 19:22
2024-03-20 14:14:14.007 DEBUG 28292 --- [           main] jdk.event.security                       : X509Certificate: Alg:SHA1withRSA, Serial:1, Subject:CN=AddTrust External CA Root, OU=AddTrust External TTP Network, O=AddTrust AB, C=SE, Issuer:CN=AddTrust External CA Root, OU=AddTrust External TTP Network, O=AddTrust AB, C=SE, Key type:RSA, Length:2048, Cert Id:-326352672, Valid from:2000/5/30 18:48, Valid until:2020/5/30 18:48
2024-03-20 14:14:14.009 DEBUG 28292 --- [           main] jdk.event.security                       : X509Certificate: Alg:SHA1withRSA, Serial:1, Subject:CN=AddTrust Qualified CA Root, OU=AddTrust TTP Network, O=AddTrust AB, C=SE, Issuer:CN=AddTrust Qualified CA Root, OU=AddTrust TTP Network, O=AddTrust AB, C=SE, Key type:RSA, Length:2048, Cert Id:607365522, Valid from:2000/5/30 18:44, Valid until:2020/5/30 18:44
2024-03-20 14:14:14.011 DEBUG 28292 --- [           main] jdk.event.security                       : X509Certificate: Alg:SHA256withRSA, Serial:7777062726a9b17c, Subject:CN=AffirmTrust Commercial, O=AffirmTrust, C=US, Issuer:CN=AffirmTrust Commercial, O=AffirmTrust, C=US, Key type:RSA, Length:2048, Cert Id:630485644, Valid from:2010/1/29 22:06, Valid until:2030/12/31 22:06
2024-03-20 14:14:14.012 DEBUG 28292 --- [           main] jdk.event.security                       : X509Certificate: Alg:SHA1withRSA, Serial:7c4f04391cd4992d, Subject:CN=AffirmTrust Networking, O=AffirmTrust, C=US, Issuer:CN=AffirmTrust Networking, O=AffirmTrust, C=US, Key type:RSA, Length:2048, Cert Id:651670175, Valid from:2010/1/29 22:08, Valid until:2030/12/31 22:08
2024-03-20 14:14:14.014 DEBUG 28292 --- [           main] jdk.event.security                       : X509Certificate: Alg:SHA384withRSA, Serial:6d8c1446b1a60aee, Subject:CN=AffirmTrust Premium, O=AffirmTrust, C=US, Issuer:CN=AffirmTrust Premium, O=AffirmTrust, C=US, Key type:RSA, Length:4096, Cert Id:-2130283955, Valid from:2010/1/29 22:10, Valid until:2040/12/31 22:10
2024-03-20 14:14:14.017 DEBUG 28292 --- [           main] jdk.event.security                       : X509Certificate: Alg:SHA384withECDSA, Serial:7497258ac73f7a54, Subject:CN=AffirmTrust Premium ECC, O=AffirmTrust, C=US, Issuer:CN=AffirmTrust Premium ECC, O=AffirmTrust, C=US, Key type:EC, Length:384, Cert Id:-2080363786, Valid from:2010/1/29 22:20, Valid until:2040/12/31 22:20
2024-03-20 14:14:14.019 DEBUG 28292 --- [           main] jdk.event.security                       : X509Certificate: Alg:SHA256withRSA, Serial:66c9fcf99bf8c0a39e2f0788a43e696365bca, Subject:CN=Amazon Root CA 1, O=Amazon, C=US, Issuer:CN=Amazon Root CA 1, O=Amazon, C=US, Key type:RSA, Length:2048, Cert Id:-1472444962, Valid from:2015/5/26 08:00, Valid until:2038/1/17 08:00
2024-03-20 14:14:14.020 DEBUG 28292 --- [           main] jdk.event.security                       : X509Certificate: Alg:SHA384withRSA, Serial:66c9fd29635869f0a0fe58678f85b26bb8a37, Subject:CN=Amazon Root CA 2, O=Amazon, C=US, Issuer:CN=Amazon Root CA 2, O=Amazon, C=US, Key type:RSA, Length:4096, Cert Id:-1766132388, Valid from:2015/5/26 08:00, Valid until:2040/5/26 08:00
2024-03-20 14:14:14.022 DEBUG 28292 --- [           main] jdk.event.security                       : X509Certificate: Alg:SHA256withECDSA, Serial:66c9fd5749736663f3b0b9ad9e89e7603f24a, Subject:CN=Amazon Root CA 3, O=Amazon, C=US, Issuer:CN=Amazon Root CA 3, O=Amazon, C=US, Key type:EC, Length:256, Cert Id:-1562287523, Valid from:2015/5/26 08:00, Valid until:2040/5/26 08:00
2024-03-20 14:14:14.025 DEBUG 28292 --- [           main] jdk.event.security                       : X509Certificate: Alg:SHA384withECDSA, Serial:66c9fd7c1bb104c2943e5717b7b2cc81ac10e, Subject:CN=Amazon Root CA 4, O=Amazon, C=US, Issuer:CN=Amazon Root CA 4, O=Amazon, C=US, Key type:EC, Length:384, Cert Id:-1654272513, Valid from:2015/5/26 08:00, Valid until:2040/5/26 08:00
2024-03-20 14:14:14.027 DEBUG 28292 --- [           main] jdk.event.security                       : X509Certificate: Alg:SHA1withRSA, Serial:20000b9, Subject:CN=Baltimore CyberTrust Root, OU=CyberTrust, O=Baltimore, C=IE, Issuer:CN=Baltimore CyberTrust Root, OU=CyberTrust, O=Baltimore, C=IE, Key type:RSA, Length:2048, Cert Id:1425294543, Valid from:2000/5/13 02:46, Valid until:2025/5/13 07:59
2024-03-20 14:14:14.029 DEBUG 28292 --- [           main] jdk.event.security                       : X509Certificate: Alg:SHA256withRSA, Serial:2, Subject:CN=Buypass Class 2 Root CA, O=Buypass AS-983163327, C=NO, Issuer:CN=Buypass Class 2 Root CA, O=Buypass AS-983163327, C=NO, Key type:RSA, Length:4096, Cert Id:969960563, Valid from:2010/10/26 16:38, Valid until:2040/10/26 16:38
2024-03-20 14:14:14.031 DEBUG 28292 --- [           main] jdk.event.security                       : X509Certificate: Alg:SHA256withRSA, Serial:2, Subject:CN=Buypass Class 3 Root CA, O=Buypass AS-983163327, C=NO, Issuer:CN=Buypass Class 3 Root CA, O=Buypass AS-983163327, C=NO, Key type:RSA, Length:4096, Cert Id:1264269967, Valid from:2010/10/26 16:28, Valid until:2040/10/26 16:28
2024-03-20 14:14:14.035 DEBUG 28292 --- [           main] jdk.event.security                       : X509Certificate: Alg:SHA1withRSA, Serial:a3da427ea4b1aeda, Subject:CN=Chambers of Commerce Root - 2008, O=AC Camerfirma S.A., SERIALNUMBER=A82743287, L=Madrid (see current address at www.camerfirma.com/address), C=EU, Issuer:CN=Chambers of Commerce Root - 2008, O=AC Camerfirma S.A., SERIALNUMBER=A82743287, L=Madrid (see current address at www.camerfirma.com/address), C=EU, Key type:RSA, Length:4096, Cert Id:-28263924, Valid from:2008/8/1 20:29, Valid until:2038/7/31 20:29
2024-03-20 14:14:14.039 DEBUG 28292 --- [           main] jdk.event.security                       : X509Certificate: Alg:SHA1withRSA, Serial:0, Subject:CN=Chambers of Commerce Root, OU=http://www.chambersign.org, O=AC Camerfirma SA CIF A82743287, C=EU, Issuer:CN=Chambers of Commerce Root, OU=http://www.chambersign.org, O=AC Camerfirma SA CIF A82743287, C=EU, Key type:RSA, Length:2048, Cert Id:1827306452, Valid from:2003/10/1 00:13, Valid until:2037/10/1 00:13
2024-03-20 14:14:14.041 DEBUG 28292 --- [           main] jdk.event.security                       : X509Certificate: Alg:SHA1withRSA, Serial:c9cdd3e9d57d23ce, Subject:CN=Global Chambersign Root - 2008, O=AC Camerfirma S.A., SERIALNUMBER=A82743287, L=Madrid (see current address at www.camerfirma.com/address), C=EU, Issuer:CN=Global Chambersign Root - 2008, O=AC Camerfirma S.A., SERIALNUMBER=A82743287, L=Madrid (see current address at www.camerfirma.com/address), C=EU, Key type:RSA, Length:4096, Cert Id:1271252776, Valid from:2008/8/1 20:31, Valid until:2038/7/31 20:31
2024-03-20 14:14:14.043 DEBUG 28292 --- [           main] jdk.event.security                       : X509Certificate: Alg:SHA1withRSA, Serial:10020, Subject:CN=Certum CA, O=Unizeto Sp. z o.o., C=PL, Issuer:CN=Certum CA, O=Unizeto Sp. z o.o., C=PL, Key type:RSA, Length:2048, Cert Id:-744451266, Valid from:2002/6/11 18:46, Valid until:2027/6/11 18:46
2024-03-20 14:14:14.046 DEBUG 28292 --- [           main] jdk.event.security                       : X509Certificate: Alg:SHA1withRSA, Serial:444c0, Subject:CN=Certum Trusted Network CA, OU=Certum Certification Authority, O=Unizeto Technologies S.A., C=PL, Issuer:CN=Certum Trusted Network CA, OU=Certum Certification Authority, O=Unizeto Technologies S.A., C=PL, Key type:RSA, Length:2048, Cert Id:2014002193, Valid from:2008/10/22 20:07, Valid until:2029/12/31 20:07
2024-03-20 14:14:14.047 DEBUG 28292 --- [           main] jdk.event.security                       : X509Certificate: Alg:SHA1withRSA, Serial:15c8bd65475cafb897005ee406d2bc9d, Subject:OU=ePKI Root Certification Authority, O="Chunghwa Telecom Co., Ltd.", C=TW, Issuer:OU=ePKI Root Certification Authority, O="Chunghwa Telecom Co., Ltd.", C=TW, Key type:RSA, Length:4096, Cert Id:-662636137, Valid from:2004/12/20 10:31, Valid until:2034/12/20 10:31
2024-03-20 14:14:14.050 DEBUG 28292 --- [           main] jdk.event.security                       : X509Certificate: Alg:SHA1withRSA, Serial:1, Subject:CN=AAA Certificate Services, O=Comodo CA Limited, L=Salford, ST=Greater Manchester, C=GB, Issuer:CN=AAA Certificate Services, O=Comodo CA Limited, L=Salford, ST=Greater Manchester, C=GB, Key type:RSA, Length:2048, Cert Id:-1197580894, Valid from:2004/1/1 08:00, Valid until:2029/1/1 07:59
2024-03-20 14:14:14.052 DEBUG 28292 --- [           main] jdk.event.security                       : X509Certificate: Alg:SHA384withECDSA, Serial:1f47afaa62007050544c019e9b63992a, Subject:CN=COMODO ECC Certification Authority, O=COMODO CA Limited, L=Salford, ST=Greater Manchester, C=GB, Issuer:CN=COMODO ECC Certification Authority, O=COMODO CA Limited, L=Salford, ST=Greater Manchester, C=GB, Key type:EC, Length:384, Cert Id:1146488932, Valid from:2008/3/6 08:00, Valid until:2038/1/19 07:59
2024-03-20 14:14:14.054 DEBUG 28292 --- [           main] jdk.event.security                       : X509Certificate: Alg:SHA384withRSA, Serial:4caaf9cadb636fe01ff74ed85b03869d, Subject:CN=COMODO RSA Certification Authority, O=COMODO CA Limited, L=Salford, ST=Greater Manchester, C=GB, Issuer:CN=COMODO RSA Certification Authority, O=COMODO CA Limited, L=Salford, ST=Greater Manchester, C=GB, Key type:RSA, Length:4096, Cert Id:1769425049, Valid from:2010/1/19 08:00, Valid until:2038/1/19 07:59
2024-03-20 14:14:14.055 DEBUG 28292 --- [           main] jdk.event.security                       : X509Certificate: Alg:SHA256withRSA, Serial:b931c3ad63967ea6723bfc3af9af44b, Subject:CN=DigiCert Assured ID Root G2, OU=www.digicert.com, O=DigiCert Inc, C=US, Issuer:CN=DigiCert Assured ID Root G2, OU=www.digicert.com, O=DigiCert Inc, C=US, Key type:RSA, Length:2048, Cert Id:-385398383, Valid from:2013/8/1 20:00, Valid until:2038/1/15 20:00
2024-03-20 14:14:14.056 DEBUG 28292 --- [           main] jdk.event.security                       : X509Certificate: Alg:SHA384withECDSA, Serial:ba15afa1ddfa0b54944afcd24a06cec, Subject:CN=DigiCert Assured ID Root G3, OU=www.digicert.com, O=DigiCert Inc, C=US, Issuer:CN=DigiCert Assured ID Root G3, OU=www.digicert.com, O=DigiCert Inc, C=US, Key type:EC, Length:384, Cert Id:-645537245, Valid from:2013/8/1 20:00, Valid until:2038/1/15 20:00
2024-03-20 14:14:14.056 DEBUG 28292 --- [           main] jdk.event.security                       : X509Certificate: Alg:SHA1withRSA, Serial:ce7e0e517d846fe8fe560fc1bf03039, Subject:CN=DigiCert Assured ID Root CA, OU=www.digicert.com, O=DigiCert Inc, C=US, Issuer:CN=DigiCert Assured ID Root CA, OU=www.digicert.com, O=DigiCert Inc, C=US, Key type:RSA, Length:2048, Cert Id:-860404528, Valid from:2006/11/10 08:00, Valid until:2031/11/10 08:00
2024-03-20 14:14:14.057 DEBUG 28292 --- [           main] jdk.event.security                       : X509Certificate: Alg:SHA1withRSA, Serial:83be056904246b1a1756ac95991c74a, Subject:CN=DigiCert Global Root CA, OU=www.digicert.com, O=DigiCert Inc, C=US, Issuer:CN=DigiCert Global Root CA, OU=www.digicert.com, O=DigiCert Inc, C=US, Key type:RSA, Length:2048, Cert Id:1341898239, Valid from:2006/11/10 08:00, Valid until:2031/11/10 08:00
2024-03-20 14:14:14.058 DEBUG 28292 --- [           main] jdk.event.security                       : X509Certificate: Alg:SHA256withRSA, Serial:33af1e6a711a9a0bb2864b11d09fae5, Subject:CN=DigiCert Global Root G2, OU=www.digicert.com, O=DigiCert Inc, C=US, Issuer:CN=DigiCert Global Root G2, OU=www.digicert.com, O=DigiCert Inc, C=US, Key type:RSA, Length:2048, Cert Id:1136084297, Valid from:2013/8/1 20:00, Valid until:2038/1/15 20:00
2024-03-20 14:14:14.059 DEBUG 28292 --- [           main] jdk.event.security                       : X509Certificate: Alg:SHA384withECDSA, Serial:55556bcf25ea43535c3a40fd5ab4572, Subject:CN=DigiCert Global Root G3, OU=www.digicert.com, O=DigiCert Inc, C=US, Issuer:CN=DigiCert Global Root G3, OU=www.digicert.com, O=DigiCert Inc, C=US, Key type:EC, Length:384, Cert Id:-795968543, Valid from:2013/8/1 20:00, Valid until:2038/1/15 20:00
2024-03-20 14:14:14.060 DEBUG 28292 --- [           main] jdk.event.security                       : X509Certificate: Alg:SHA1withRSA, Serial:2ac5c266a0b409b8f0b79f2ae462577, Subject:CN=DigiCert High Assurance EV Root CA, OU=www.digicert.com, O=DigiCert Inc, C=US, Issuer:CN=DigiCert High Assurance EV Root CA, OU=www.digicert.com, O=DigiCert Inc, C=US, Key type:RSA, Length:2048, Cert Id:-1410680354, Valid from:2006/11/10 08:00, Valid until:2031/11/10 08:00
2024-03-20 14:14:14.062 DEBUG 28292 --- [           main] jdk.event.security                       : X509Certificate: Alg:SHA384withRSA, Serial:59b1b579e8e2132e23907bda777755c, Subject:CN=DigiCert Trusted Root G4, OU=www.digicert.com, O=DigiCert Inc, C=US, Issuer:CN=DigiCert Trusted Root G4, OU=www.digicert.com, O=DigiCert Inc, C=US, Key type:RSA, Length:4096, Cert Id:1057369358, Valid from:2013/8/1 20:00, Valid until:2038/1/15 20:00
2024-03-20 14:14:14.063 DEBUG 28292 --- [           main] jdk.event.security                       : X509Certificate: Alg:SHA256withRSA, Serial:983f3, Subject:CN=D-TRUST Root Class 3 CA 2 2009, O=D-Trust GmbH, C=DE, Issuer:CN=D-TRUST Root Class 3 CA 2 2009, O=D-Trust GmbH, C=DE, Key type:RSA, Length:2048, Cert Id:1430153102, Valid from:2009/11/5 16:35, Valid until:2029/11/5 16:35
2024-03-20 14:14:14.064 DEBUG 28292 --- [           main] jdk.event.security                       : X509Certificate: Alg:SHA256withRSA, Serial:983f4, Subject:CN=D-TRUST Root Class 3 CA 2 EV 2009, O=D-Trust GmbH, C=DE, Issuer:CN=D-TRUST Root Class 3 CA 2 EV 2009, O=D-Trust GmbH, C=DE, Key type:RSA, Length:2048, Cert Id:971313728, Valid from:2009/11/5 16:50, Valid until:2029/11/5 16:50
2024-03-20 14:14:14.066 DEBUG 28292 --- [           main] jdk.event.security                       : X509Certificate: Alg:SHA1withRSA, Serial:3863def8, Subject:CN=Entrust.net Certification Authority (2048), OU=(c) 1999 Entrust.net Limited, OU=www.entrust.net/CPS_2048 incorp. by ref. (limits liab.), O=Entrust.net, Issuer:CN=Entrust.net Certification Authority (2048), OU=(c) 1999 Entrust.net Limited, OU=www.entrust.net/CPS_2048 incorp. by ref. (limits liab.), O=Entrust.net, Key type:RSA, Length:2048, Cert Id:-328536082, Valid from:1999/12/25 01:50, Valid until:2029/7/24 22:15
2024-03-20 14:14:14.069 DEBUG 28292 --- [           main] jdk.event.security                       : X509Certificate: Alg:SHA1withRSA, Serial:456b5054, Subject:CN=Entrust Root Certification Authority, OU="(c) 2006 Entrust, Inc.", OU=www.entrust.net/CPS is incorporated by reference, O="Entrust, Inc.", C=US, Issuer:CN=Entrust Root Certification Authority, OU="(c) 2006 Entrust, Inc.", OU=www.entrust.net/CPS is incorporated by reference, O="Entrust, Inc.", C=US, Key type:RSA, Length:2048, Cert Id:-1261404096, Valid from:2006/11/28 04:23, Valid until:2026/11/28 04:53
2024-03-20 14:14:14.070 DEBUG 28292 --- [           main] jdk.event.security                       : X509Certificate: Alg:SHA384withECDSA, Serial:a68b79290000000050d091f9, Subject:CN=Entrust Root Certification Authority - EC1, OU="(c) 2012 Entrust, Inc. - for authorized use only", OU=See www.entrust.net/legal-terms, O="Entrust, Inc.", C=US, Issuer:CN=Entrust Root Certification Authority - EC1, OU="(c) 2012 Entrust, Inc. - for authorized use only", OU=See www.entrust.net/legal-terms, O="Entrust, Inc.", C=US, Key type:EC, Length:384, Cert Id:924514073, Valid from:2012/12/18 23:25, Valid until:2037/12/18 23:55
2024-03-20 14:14:14.073 DEBUG 28292 --- [           main] jdk.event.security                       : X509Certificate: Alg:SHA256withRSA, Serial:4a538c28, Subject:CN=Entrust Root Certification Authority - G2, OU="(c) 2009 Entrust, Inc. - for authorized use only", OU=See www.entrust.net/legal-terms, O="Entrust, Inc.", C=US, Issuer:CN=Entrust Root Certification Authority - G2, OU="(c) 2009 Entrust, Inc. - for authorized use only", OU=See www.entrust.net/legal-terms, O="Entrust, Inc.", C=US, Key type:RSA, Length:2048, Cert Id:1936920337, Valid from:2009/7/8 01:25, Valid until:2030/12/8 01:55
2024-03-20 14:14:14.075 DEBUG 28292 --- [           main] jdk.event.security                       : X509Certificate: Alg:SHA256withRSA, Serial:d9b5437fafa9390f000000005565ad58, Subject:CN=Entrust Root Certification Authority - G4, OU="(c) 2015 Entrust, Inc. - for authorized use only", OU=See www.entrust.net/legal-terms, O="Entrust, Inc.", C=US, Issuer:CN=Entrust Root Certification Authority - G4, OU="(c) 2015 Entrust, Inc. - for authorized use only", OU=See www.entrust.net/legal-terms, O="Entrust, Inc.", C=US, Key type:RSA, Length:4096, Cert Id:1368037548, Valid from:2015/5/27 19:11, Valid until:2037/12/27 19:41
2024-03-20 14:14:14.076 DEBUG 28292 --- [           main] jdk.event.security                       : X509Certificate: Alg:SHA1withRSA, Serial:23456, Subject:CN=GeoTrust Global CA, O=GeoTrust Inc., C=US, Issuer:CN=GeoTrust Global CA, O=GeoTrust Inc., C=US, Key type:RSA, Length:2048, Cert Id:-2028617374, Valid from:2002/5/21 12:00, Valid until:2022/5/21 12:00
2024-03-20 14:14:14.079 DEBUG 28292 --- [           main] jdk.event.security                       : X509Certificate: Alg:SHA1withRSA, Serial:18acb56afd69b6153a636cafdafac4a1, Subject:CN=GeoTrust Primary Certification Authority, O=GeoTrust Inc., C=US, Issuer:CN=GeoTrust Primary Certification Authority, O=GeoTrust Inc., C=US, Key type:RSA, Length:2048, Cert Id:-965345157, Valid from:2006/11/27 08:00, Valid until:2036/7/17 07:59
2024-03-20 14:14:14.081 DEBUG 28292 --- [           main] jdk.event.security                       : X509Certificate: Alg:SHA384withECDSA, Serial:3cb2f4480a00e2feeb243b5e603ec36b, Subject:CN=GeoTrust Primary Certification Authority - G2, OU=(c) 2007 GeoTrust Inc. - For authorized use only, O=GeoTrust Inc., C=US, Issuer:CN=GeoTrust Primary Certification Authority - G2, OU=(c) 2007 GeoTrust Inc. - For authorized use only, O=GeoTrust Inc., C=US, Key type:EC, Length:384, Cert Id:-1114303822, Valid from:2007/11/5 08:00, Valid until:2038/1/19 07:59
2024-03-20 14:14:14.084 DEBUG 28292 --- [           main] jdk.event.security                       : X509Certificate: Alg:SHA256withRSA, Serial:15ac6e9419b2794b41f627a9c3180f1f, Subject:CN=GeoTrust Primary Certification Authority - G3, OU=(c) 2008 GeoTrust Inc. - For authorized use only, O=GeoTrust Inc., C=US, Issuer:CN=GeoTrust Primary Certification Authority - G3, OU=(c) 2008 GeoTrust Inc. - For authorized use only, O=GeoTrust Inc., C=US, Key type:RSA, Length:2048, Cert Id:-1330153758, Valid from:2008/4/2 08:00, Valid until:2037/12/2 07:59
2024-03-20 14:14:14.086 DEBUG 28292 --- [           main] jdk.event.security                       : X509Certificate: Alg:SHA1withRSA, Serial:1, Subject:CN=GeoTrust Universal CA, O=GeoTrust Inc., C=US, Issuer:CN=GeoTrust Universal CA, O=GeoTrust Inc., C=US, Key type:RSA, Length:4096, Cert Id:313566089, Valid from:2004/3/4 13:00, Valid until:2029/3/4 13:00
2024-03-20 14:14:14.088 DEBUG 28292 --- [           main] jdk.event.security                       : X509Certificate: Alg:SHA1withRSA, Serial:40000000001154b5ac394, Subject:CN=GlobalSign Root CA, OU=Root CA, O=GlobalSign nv-sa, C=BE, Issuer:CN=GlobalSign Root CA, OU=Root CA, O=GlobalSign nv-sa, C=BE, Key type:RSA, Length:2048, Cert Id:536948034, Valid from:1998/9/1 20:00, Valid until:2028/1/28 20:00
2024-03-20 14:14:14.089 DEBUG 28292 --- [           main] jdk.event.security                       : X509Certificate: Alg:SHA256withECDSA, Serial:2a38a41c960a04de42b228a50be8349802, Subject:CN=GlobalSign, O=GlobalSign, OU=GlobalSign ECC Root CA - R4, Issuer:CN=GlobalSign, O=GlobalSign, OU=GlobalSign ECC Root CA - R4, Key type:EC, Length:256, Cert Id:-1923273545, Valid from:2012/11/13 08:00, Valid until:2038/1/19 11:14
2024-03-20 14:14:14.090 DEBUG 28292 --- [           main] jdk.event.security                       : X509Certificate: Alg:SHA384withECDSA, Serial:605949e0262ebb55f90a778a71f94ad86c, Subject:CN=GlobalSign, O=GlobalSign, OU=GlobalSign ECC Root CA - R5, Issuer:CN=GlobalSign, O=GlobalSign, OU=GlobalSign ECC Root CA - R5, Key type:EC, Length:384, Cert Id:1997048439, Valid from:2012/11/13 08:00, Valid until:2038/1/19 11:14
2024-03-20 14:14:14.092 DEBUG 28292 --- [           main] jdk.event.security                       : X509Certificate: Alg:SHA256withRSA, Serial:4000000000121585308a2, Subject:CN=GlobalSign, O=GlobalSign, OU=GlobalSign Root CA - R3, Issuer:CN=GlobalSign, O=GlobalSign, OU=GlobalSign Root CA - R3, Key type:RSA, Length:2048, Cert Id:733875591, Valid from:2009/3/18 18:00, Valid until:2029/3/18 18:00
2024-03-20 14:14:14.093 DEBUG 28292 --- [           main] jdk.event.security                       : X509Certificate: Alg:SHA384withRSA, Serial:45e6bb038333c3856548e6ff4551, Subject:CN=GlobalSign, O=GlobalSign, OU=GlobalSign Root CA - R6, Issuer:CN=GlobalSign, O=GlobalSign, OU=GlobalSign Root CA - R6, Key type:RSA, Length:4096, Cert Id:-506627753, Valid from:2014/12/10 08:00, Valid until:2034/12/10 08:00
2024-03-20 14:14:14.094 DEBUG 28292 --- [           main] jdk.event.security                       : X509Certificate: Alg:SHA1withRSA, Serial:0, Subject:OU=Go Daddy Class 2 Certification Authority, O="The Go Daddy Group, Inc.", C=US, Issuer:OU=Go Daddy Class 2 Certification Authority, O="The Go Daddy Group, Inc.", C=US, Key type:RSA, Length:2048, Cert Id:-271444299, Valid from:2004/6/30 01:06, Valid until:2034/6/30 01:06
2024-03-20 14:14:14.095 DEBUG 28292 --- [           main] jdk.event.security                       : X509Certificate: Alg:SHA256withRSA, Serial:0, Subject:CN=Go Daddy Root Certificate Authority - G2, O="GoDaddy.com, Inc.", L=Scottsdale, ST=Arizona, C=US, Issuer:CN=Go Daddy Root Certificate Authority - G2, O="GoDaddy.com, Inc.", L=Scottsdale, ST=Arizona, C=US, Key type:RSA, Length:2048, Cert Id:439600313, Valid from:2009/9/1 08:00, Valid until:2038/1/1 07:59
2024-03-20 14:14:14.096 DEBUG 28292 --- [           main] jdk.event.security                       : X509Certificate: Alg:SHA256withECDSA, Serial:0, Subject:CN=Hellenic Academic and Research Institutions ECC RootCA 2015, O=Hellenic Academic and Research Institutions Cert. Authority, L=Athens, C=GR, Issuer:CN=Hellenic Academic and Research Institutions ECC RootCA 2015, O=Hellenic Academic and Research Institutions Cert. Authority, L=Athens, C=GR, Key type:EC, Length:384, Cert Id:513613456, Valid from:2015/7/7 18:37, Valid until:2040/6/30 18:37
2024-03-20 14:14:14.096 DEBUG 28292 --- [           main] jdk.event.security                       : X509Certificate: Alg:SHA256withRSA, Serial:0, Subject:CN=Hellenic Academic and Research Institutions RootCA 2015, O=Hellenic Academic and Research Institutions Cert. Authority, L=Athens, C=GR, Issuer:CN=Hellenic Academic and Research Institutions RootCA 2015, O=Hellenic Academic and Research Institutions Cert. Authority, L=Athens, C=GR, Key type:RSA, Length:4096, Cert Id:-802976731, Valid from:2015/7/7 18:11, Valid until:2040/6/30 18:11
2024-03-20 14:14:14.098 DEBUG 28292 --- [           main] jdk.event.security                       : X509Certificate: Alg:SHA256withRSA, Serial:a0142800000014523c844b500000002, Subject:CN=IdenTrust Commercial Root CA 1, O=IdenTrust, C=US, Issuer:CN=IdenTrust Commercial Root CA 1, O=IdenTrust, C=US, Key type:RSA, Length:4096, Cert Id:1232565210, Valid from:2014/1/17 02:12, Valid until:2034/1/17 02:12
2024-03-20 14:14:14.099 DEBUG 28292 --- [           main] jdk.event.security                       : X509Certificate: Alg:SHA256withRSA, Serial:a0142800000014523cf467c00000002, Subject:CN=IdenTrust Public Sector Root CA 1, O=IdenTrust, C=US, Issuer:CN=IdenTrust Public Sector Root CA 1, O=IdenTrust, C=US, Key type:RSA, Length:4096, Cert Id:2123370772, Valid from:2014/1/17 01:53, Valid until:2034/1/17 01:53
2024-03-20 14:14:14.100 DEBUG 28292 --- [           main] jdk.event.security                       : X509Certificate: Alg:SHA256withRSA, Serial:8210cfb0d240e3594463e0bb63828b00, Subject:CN=ISRG Root X1, O=Internet Security Research Group, C=US, Issuer:CN=ISRG Root X1, O=Internet Security Research Group, C=US, Key type:RSA, Length:4096, Cert Id:1521974916, Valid from:2015/6/4 19:04, Valid until:2035/6/4 19:04
2024-03-20 14:14:14.101 DEBUG 28292 --- [           main] jdk.event.security                       : X509Certificate: Alg:SHA256withRSA, Serial:a7ea6df4b449eda6a24859ee6b815d3167fbbb1, Subject:CN=LuxTrust Global Root 2, O=LuxTrust S.A., C=LU, Issuer:CN=LuxTrust Global Root 2, O=LuxTrust S.A., C=LU, Key type:RSA, Length:4096, Cert Id:-1239330694, Valid from:2015/3/5 21:21, Valid until:2035/3/5 21:21
2024-03-20 14:14:14.102 DEBUG 28292 --- [           main] jdk.event.security                       : X509Certificate: Alg:SHA256withRSA, Serial:bb8, Subject:CN=LuxTrust Global Root, O=LuxTrust s.a., C=LU, Issuer:CN=LuxTrust Global Root, O=LuxTrust s.a., C=LU, Key type:RSA, Length:2048, Cert Id:1714819687, Valid from:2011/3/17 17:51, Valid until:2021/3/17 17:51
2024-03-20 14:14:14.104 DEBUG 28292 --- [           main] jdk.event.security                       : X509Certificate: Alg:SHA1withRSA, Serial:3ab6508b, Subject:CN=QuoVadis Root Certification Authority, OU=Root Certification Authority, O=QuoVadis Limited, C=BM, Issuer:CN=QuoVadis Root Certification Authority, OU=Root Certification Authority, O=QuoVadis Limited, C=BM, Key type:RSA, Length:2048, Cert Id:-1882405602, Valid from:2001/3/20 02:33, Valid until:2021/3/18 02:33
2024-03-20 14:14:14.105 DEBUG 28292 --- [           main] jdk.event.security                       : X509Certificate: Alg:SHA256withRSA, Serial:78585f2ead2c194be3370735341328b596d46593, Subject:CN=QuoVadis Root CA 1 G3, O=QuoVadis Limited, C=BM, Issuer:CN=QuoVadis Root CA 1 G3, O=QuoVadis Limited, C=BM, Key type:RSA, Length:4096, Cert Id:-762436034, Valid from:2012/1/13 01:27, Valid until:2042/1/13 01:27
2024-03-20 14:14:14.106 DEBUG 28292 --- [           main] jdk.event.security                       : X509Certificate: Alg:SHA1withRSA, Serial:509, Subject:CN=QuoVadis Root CA 2, O=QuoVadis Limited, C=BM, Issuer:CN=QuoVadis Root CA 2, O=QuoVadis Limited, C=BM, Key type:RSA, Length:4096, Cert Id:338250116, Valid from:2006/11/25 02:27, Valid until:2031/11/25 02:23
2024-03-20 14:14:14.107 DEBUG 28292 --- [           main] jdk.event.security                       : X509Certificate: Alg:SHA256withRSA, Serial:445734245b81899b35f2ceb82b3b5ba726f07528, Subject:CN=QuoVadis Root CA 2 G3, O=QuoVadis Limited, C=BM, Issuer:CN=QuoVadis Root CA 2 G3, O=QuoVadis Limited, C=BM, Key type:RSA, Length:4096, Cert Id:696763521, Valid from:2012/1/13 02:59, Valid until:2042/1/13 02:59
2024-03-20 14:14:14.108 DEBUG 28292 --- [           main] jdk.event.security                       : X509Certificate: Alg:SHA1withRSA, Serial:5c6, Subject:CN=QuoVadis Root CA 3, O=QuoVadis Limited, C=BM, Issuer:CN=QuoVadis Root CA 3, O=QuoVadis Limited, C=BM, Key type:RSA, Length:4096, Cert Id:1470392860, Valid from:2006/11/25 03:11, Valid until:2031/11/25 03:06
2024-03-20 14:14:14.108 DEBUG 28292 --- [           main] jdk.event.security                       : X509Certificate: Alg:SHA256withRSA, Serial:2ef59b0228a7db7affd5a3a9eebd03a0cf126a1d, Subject:CN=QuoVadis Root CA 3 G3, O=QuoVadis Limited, C=BM, Issuer:CN=QuoVadis Root CA 3 G3, O=QuoVadis Limited, C=BM, Key type:RSA, Length:4096, Cert Id:-705622991, Valid from:2012/1/13 04:26, Valid until:2042/1/13 04:26
2024-03-20 14:14:14.109 DEBUG 28292 --- [           main] jdk.event.security                       : X509Certificate: Alg:SHA1withRSA, Serial:0, Subject:OU=Security Communication RootCA1, O=SECOM Trust.net, C=JP, Issuer:OU=Security Communication RootCA1, O=SECOM Trust.net, C=JP, Key type:RSA, Length:2048, Cert Id:1802358121, Valid from:2003/9/30 12:20, Valid until:2023/9/30 12:20
2024-03-20 14:14:14.110 DEBUG 28292 --- [           main] jdk.event.security                       : X509Certificate: Alg:SHA256withRSA, Serial:0, Subject:OU=Security Communication RootCA2, O="SECOM Trust Systems CO.,LTD.", C=JP, Issuer:OU=Security Communication RootCA2, O="SECOM Trust Systems CO.,LTD.", C=JP, Key type:RSA, Length:2048, Cert Id:1521072570, Valid from:2009/5/29 13:00, Valid until:2029/5/29 13:00
2024-03-20 14:14:14.111 DEBUG 28292 --- [           main] jdk.event.security                       : X509Certificate: Alg:SHA1withRSA, Serial:cf08e5c0816a5ad427ff0eb271859d0, Subject:CN=SecureTrust CA, O=SecureTrust Corporation, C=US, Issuer:CN=SecureTrust CA, O=SecureTrust Corporation, C=US, Key type:RSA, Length:2048, Cert Id:2034155325, Valid from:2006/11/8 03:31, Valid until:2030/1/1 03:40
2024-03-20 14:14:14.112 DEBUG 28292 --- [           main] jdk.event.security                       : X509Certificate: Alg:SHA256withECDSA, Serial:75e6dfcbc1685ba8, Subject:CN=SSL.com Root Certification Authority ECC, O=SSL Corporation, L=Houston, ST=Texas, C=US, Issuer:CN=SSL.com Root Certification Authority ECC, O=SSL Corporation, L=Houston, ST=Texas, C=US, Key type:EC, Length:384, Cert Id:-1368293613, Valid from:2016/2/13 02:14, Valid until:2041/2/13 02:14
2024-03-20 14:14:14.114 DEBUG 28292 --- [           main] jdk.event.security                       : X509Certificate: Alg:SHA256withRSA, Serial:56b629cd34bc78f6, Subject:CN=SSL.com EV Root Certification Authority RSA R2, O=SSL Corporation, L=Houston, ST=Texas, C=US, Issuer:CN=SSL.com EV Root Certification Authority RSA R2, O=SSL Corporation, L=Houston, ST=Texas, C=US, Key type:RSA, Length:4096, Cert Id:1381862403, Valid from:2017/6/1 02:14, Valid until:2042/5/31 02:14
2024-03-20 14:14:14.114 DEBUG 28292 --- [           main] jdk.event.security                       : X509Certificate: Alg:SHA256withRSA, Serial:7b2c9bd316803299, Subject:CN=SSL.com Root Certification Authority RSA, O=SSL Corporation, L=Houston, ST=Texas, C=US, Issuer:CN=SSL.com Root Certification Authority RSA, O=SSL Corporation, L=Houston, ST=Texas, C=US, Key type:RSA, Length:4096, Cert Id:156725711, Valid from:2016/2/13 01:39, Valid until:2041/2/13 01:39
2024-03-20 14:14:14.115 DEBUG 28292 --- [           main] jdk.event.security                       : X509Certificate: Alg:SHA1withRSA, Serial:0, Subject:OU=Starfield Class 2 Certification Authority, O="Starfield Technologies, Inc.", C=US, Issuer:OU=Starfield Class 2 Certification Authority, O="Starfield Technologies, Inc.", C=US, Key type:RSA, Length:2048, Cert Id:1825617644, Valid from:2004/6/30 01:39, Valid until:2034/6/30 01:39
2024-03-20 14:14:14.116 DEBUG 28292 --- [           main] jdk.event.security                       : X509Certificate: Alg:SHA256withRSA, Serial:0, Subject:CN=Starfield Root Certificate Authority - G2, O="Starfield Technologies, Inc.", L=Scottsdale, ST=Arizona, C=US, Issuer:CN=Starfield Root Certificate Authority - G2, O="Starfield Technologies, Inc.", L=Scottsdale, ST=Arizona, C=US, Key type:RSA, Length:2048, Cert Id:-1026641587, Valid from:2009/9/1 08:00, Valid until:2038/1/1 07:59
2024-03-20 14:14:14.116 DEBUG 28292 --- [           main] jdk.event.security                       : X509Certificate: Alg:SHA256withRSA, Serial:0, Subject:CN=Starfield Services Root Certificate Authority - G2, O="Starfield Technologies, Inc.", L=Scottsdale, ST=Arizona, C=US, Issuer:CN=Starfield Services Root Certificate Authority - G2, O="Starfield Technologies, Inc.", L=Scottsdale, ST=Arizona, C=US, Key type:RSA, Length:2048, Cert Id:1964785574, Valid from:2009/9/1 08:00, Valid until:2038/1/1 07:59
2024-03-20 14:14:14.117 DEBUG 28292 --- [           main] jdk.event.security                       : X509Certificate: Alg:SHA1withRSA, Serial:bb401c43f55e4fb0, Subject:CN=SwissSign Gold CA - G2, O=SwissSign AG, C=CH, Issuer:CN=SwissSign Gold CA - G2, O=SwissSign AG, C=CH, Key type:RSA, Length:4096, Cert Id:1516221943, Valid from:2006/10/25 16:30, Valid until:2036/10/25 16:30
2024-03-20 14:14:14.118 DEBUG 28292 --- [           main] jdk.event.security                       : X509Certificate: Alg:SHA1withRSA, Serial:4eb200670c035d4f, Subject:CN=SwissSign Platinum CA - G2, O=SwissSign AG, C=CH, Issuer:CN=SwissSign Platinum CA - G2, O=SwissSign AG, C=CH, Key type:RSA, Length:4096, Cert Id:771312514, Valid from:2006/10/25 16:36, Valid until:2036/10/25 16:36
2024-03-20 14:14:14.119 DEBUG 28292 --- [           main] jdk.event.security                       : X509Certificate: Alg:SHA1withRSA, Serial:4f1bd42f54bb2f4b, Subject:CN=SwissSign Silver CA - G2, O=SwissSign AG, C=CH, Issuer:CN=SwissSign Silver CA - G2, O=SwissSign AG, C=CH, Key type:RSA, Length:4096, Cert Id:126726124, Valid from:2006/10/25 16:32, Valid until:2036/10/25 16:32
2024-03-20 14:14:14.121 DEBUG 28292 --- [           main] jdk.event.security                       : X509Certificate: Alg:SHA1withRSA, Serial:95be16a0f72e46f17b398272fa8bcd96, Subject:CN=TeliaSonera Root CA v1, O=TeliaSonera, Issuer:CN=TeliaSonera Root CA v1, O=TeliaSonera, Key type:RSA, Length:4096, Cert Id:1495358374, Valid from:2007/10/18 20:00, Valid until:2032/10/18 20:00
2024-03-20 14:14:14.122 DEBUG 28292 --- [           main] jdk.event.security                       : X509Certificate: Alg:SHA1withRSA, Serial:344ed55720d5edec49f42fce37db2b6d, Subject:CN=thawte Primary Root CA, OU="(c) 2006 thawte, Inc. - For authorized use only", OU=Certification Services Division, O="thawte, Inc.", C=US, Issuer:CN=thawte Primary Root CA, OU="(c) 2006 thawte, Inc. - For authorized use only", OU=Certification Services Division, O="thawte, Inc.", C=US, Key type:RSA, Length:2048, Cert Id:643000026, Valid from:2006/11/17 08:00, Valid until:2036/7/17 07:59
2024-03-20 14:14:14.123 DEBUG 28292 --- [           main] jdk.event.security                       : X509Certificate: Alg:SHA384withECDSA, Serial:35fc265cd9844fc93d263d579baed756, Subject:CN=thawte Primary Root CA - G2, OU="(c) 2007 thawte, Inc. - For authorized use only", O="thawte, Inc.", C=US, Issuer:CN=thawte Primary Root CA - G2, OU="(c) 2007 thawte, Inc. - For authorized use only", O="thawte, Inc.", C=US, Key type:EC, Length:384, Cert Id:2068083090, Valid from:2007/11/5 08:00, Valid until:2038/1/19 07:59
2024-03-20 14:14:14.124 DEBUG 28292 --- [           main] jdk.event.security                       : X509Certificate: Alg:SHA256withRSA, Serial:600197b746a7eab4b49ad64b2ff790fb, Subject:CN=thawte Primary Root CA - G3, OU="(c) 2008 thawte, Inc. - For authorized use only", OU=Certification Services Division, O="thawte, Inc.", C=US, Issuer:CN=thawte Primary Root CA - G3, OU="(c) 2008 thawte, Inc. - For authorized use only", OU=Certification Services Division, O="thawte, Inc.", C=US, Key type:RSA, Length:2048, Cert Id:1032730720, Valid from:2008/4/2 08:00, Valid until:2037/12/2 07:59
2024-03-20 14:14:14.125 DEBUG 28292 --- [           main] jdk.event.security                       : X509Certificate: Alg:SHA256withRSA, Serial:1, Subject:CN=T-TeleSec GlobalRoot Class 2, OU=T-Systems Trust Center, O=T-Systems Enterprise Services GmbH, C=DE, Issuer:CN=T-TeleSec GlobalRoot Class 2, OU=T-Systems Trust Center, O=T-Systems Enterprise Services GmbH, C=DE, Key type:RSA, Length:2048, Cert Id:-1238464039, Valid from:2008/10/1 18:40, Valid until:2033/10/2 07:59
2024-03-20 14:14:14.126 DEBUG 28292 --- [           main] jdk.event.security                       : X509Certificate: Alg:SHA256withRSA, Serial:1, Subject:CN=T-TeleSec GlobalRoot Class 3, OU=T-Systems Trust Center, O=T-Systems Enterprise Services GmbH, C=DE, Issuer:CN=T-TeleSec GlobalRoot Class 3, OU=T-Systems Trust Center, O=T-Systems Enterprise Services GmbH, C=DE, Key type:RSA, Length:2048, Cert Id:1894096264, Valid from:2008/10/1 18:29, Valid until:2033/10/2 07:59
2024-03-20 14:14:14.128 DEBUG 28292 --- [           main] jdk.event.security                       : X509Certificate: Alg:SHA384withECDSA, Serial:5c8b99c55a94c5d27156decd8980cc26, Subject:CN=USERTrust ECC Certification Authority, O=The USERTRUST Network, L=Jersey City, ST=New Jersey, C=US, Issuer:CN=USERTrust ECC Certification Authority, O=The USERTRUST Network, L=Jersey City, ST=New Jersey, C=US, Key type:EC, Length:384, Cert Id:-965679910, Valid from:2010/2/1 08:00, Valid until:2038/1/19 07:59
2024-03-20 14:14:14.129 DEBUG 28292 --- [           main] jdk.event.security                       : X509Certificate: Alg:SHA384withRSA, Serial:1fd6d30fca3ca51a81bbc640e35032d, Subject:CN=USERTrust RSA Certification Authority, O=The USERTRUST Network, L=Jersey City, ST=New Jersey, C=US, Issuer:CN=USERTrust RSA Certification Authority, O=The USERTRUST Network, L=Jersey City, ST=New Jersey, C=US, Key type:RSA, Length:4096, Cert Id:-347365895, Valid from:2010/2/1 08:00, Valid until:2038/1/19 07:59
2024-03-20 14:14:14.131 DEBUG 28292 --- [           main] jdk.event.security                       : X509Certificate: Alg:SHA1withRSA, Serial:44be0c8b500024b411d3362de0b35f1b, Subject:CN=UTN-USERFirst-Object, OU=http://www.usertrust.com, O=The USERTRUST Network, L=Salt Lake City, ST=UT, C=US, Issuer:CN=UTN-USERFirst-Object, OU=http://www.usertrust.com, O=The USERTRUST Network, L=Salt Lake City, ST=UT, C=US, Key type:RSA, Length:2048, Cert Id:-297053428, Valid from:1999/7/10 02:31, Valid until:2019/7/10 02:40
2024-03-20 14:14:14.132 DEBUG 28292 --- [           main] jdk.event.security                       : X509Certificate: Alg:SHA1withRSA, Serial:9b7e0649a33e62b9d5ee90487129ef57, Subject:CN=VeriSign Class 3 Public Primary Certification Authority - G3, OU="(c) 1999 VeriSign, Inc. - For authorized use only", OU=VeriSign Trust Network, O="VeriSign, Inc.", C=US, Issuer:CN=VeriSign Class 3 Public Primary Certification Authority - G3, OU="(c) 1999 VeriSign, Inc. - For authorized use only", OU=VeriSign Trust Network, O="VeriSign, Inc.", C=US, Key type:RSA, Length:2048, Cert Id:2057300190, Valid from:1999/10/1 08:00, Valid until:2036/7/17 07:59
2024-03-20 14:14:14.133 DEBUG 28292 --- [           main] jdk.event.security                       : X509Certificate: Alg:SHA384withECDSA, Serial:2f80fe238c0e220f486712289187acb3, Subject:CN=VeriSign Class 3 Public Primary Certification Authority - G4, OU="(c) 2007 VeriSign, Inc. - For authorized use only", OU=VeriSign Trust Network, O="VeriSign, Inc.", C=US, Issuer:CN=VeriSign Class 3 Public Primary Certification Authority - G4, OU="(c) 2007 VeriSign, Inc. - For authorized use only", OU=VeriSign Trust Network, O="VeriSign, Inc.", C=US, Key type:EC, Length:384, Cert Id:-131493977, Valid from:2007/11/5 08:00, Valid until:2038/1/19 07:59
2024-03-20 14:14:14.135 DEBUG 28292 --- [           main] jdk.event.security                       : X509Certificate: Alg:SHA1withRSA, Serial:18dad19e267de8bb4a2158cdcc6b3b4a, Subject:CN=VeriSign Class 3 Public Primary Certification Authority - G5, OU="(c) 2006 VeriSign, Inc. - For authorized use only", OU=VeriSign Trust Network, O="VeriSign, Inc.", C=US, Issuer:CN=VeriSign Class 3 Public Primary Certification Authority - G5, OU="(c) 2006 VeriSign, Inc. - For authorized use only", OU=VeriSign Trust Network, O="VeriSign, Inc.", C=US, Key type:RSA, Length:2048, Cert Id:303010488, Valid from:2006/11/8 08:00, Valid until:2036/7/17 07:59
2024-03-20 14:14:14.136 DEBUG 28292 --- [           main] jdk.event.security                       : X509Certificate: Alg:SHA256withRSA, Serial:401ac46421b31321030ebbe4121ac51d, Subject:CN=VeriSign Universal Root Certification Authority, OU="(c) 2008 VeriSign, Inc. - For authorized use only", OU=VeriSign Trust Network, O="VeriSign, Inc.", C=US, Issuer:CN=VeriSign Universal Root Certification Authority, OU="(c) 2008 VeriSign, Inc. - For authorized use only", OU=VeriSign Trust Network, O="VeriSign, Inc.", C=US, Key type:RSA, Length:2048, Cert Id:-1976681486, Valid from:2008/4/2 08:00, Valid until:2037/12/2 07:59
2024-03-20 14:14:14.137 DEBUG 28292 --- [           main] jdk.event.security                       : X509Certificate: Alg:SHA1withRSA, Serial:50946cec18ead59c4dd597ef758fa0ad, Subject:CN=XRamp Global Certification Authority, O=XRamp Security Services Inc, OU=www.xrampsecurity.com, C=US, Issuer:CN=XRamp Global Certification Authority, O=XRamp Security Services Inc, OU=www.xrampsecurity.com, C=US, Key type:RSA, Length:2048, Cert Id:-952474086, Valid from:2004/11/2 01:14, Valid until:2035/1/1 13:37
2024-03-20 14:14:14.765 DEBUG 28292 --- [           main] o.s.b.f.s.DefaultListableBeanFactory     : Creating shared instance of singleton bean 'elasticsearchRestClient'
2024-03-20 14:14:14.767 DEBUG 28292 --- [           main] o.s.b.f.s.DefaultListableBeanFactory     : Autowiring by type from bean name 'elasticsearchRestClient' via factory method to bean named 'elasticsearchRestClientBuilder'
2024-03-20 14:14:14.774 DEBUG 28292 --- [           main] o.s.b.f.s.DefaultListableBeanFactory     : Creating shared instance of singleton bean 'org.springframework.boot.autoconfigure.elasticsearch.ElasticsearchRestClientConfigurations$RestClientFallbackConfiguration'
2024-03-20 14:14:14.778 DEBUG 28292 --- [           main] o.s.b.f.s.DefaultListableBeanFactory     : Creating shared instance of singleton bean 'org.springframework.boot.autoconfigure.elasticsearch.ElasticsearchRestClientAutoConfiguration'
2024-03-20 14:14:14.819 DEBUG 28292 --- [           main] o.s.b.f.s.DefaultListableBeanFactory     : Creating shared instance of singleton bean 'org.springframework.boot.autoconfigure.data.elasticsearch.ElasticsearchDataConfiguration$BaseConfiguration'
2024-03-20 14:14:14.823 DEBUG 28292 --- [           main] o.s.b.f.s.DefaultListableBeanFactory     : Creating shared instance of singleton bean 'elasticsearchCustomConversions'
2024-03-20 14:14:14.832 DEBUG 28292 --- [           main] o.s.data.convert.CustomConversions       : Adding converter from class org.springframework.data.geo.Point to interface java.util.Map as writing converter.
2024-03-20 14:14:14.833  WARN 28292 --- [           main] o.s.data.convert.CustomConversions       : Registering converter from class org.springframework.data.geo.Point to interface java.util.Map as writing converter although it doesn't convert to a store-supported type! You might want to check your annotation setup at the converter implementation.
2024-03-20 14:14:14.833 DEBUG 28292 --- [           main] o.s.data.convert.CustomConversions       : Adding converter from interface java.util.Map to class org.springframework.data.geo.Point as reading converter.
2024-03-20 14:14:14.833  WARN 28292 --- [           main] o.s.data.convert.CustomConversions       : Registering converter from interface java.util.Map to class org.springframework.data.geo.Point as reading converter although it doesn't convert from a store-supported type! You might want to check your annotation setup at the converter implementation.
2024-03-20 14:14:14.833 DEBUG 28292 --- [           main] o.s.data.convert.CustomConversions       : Adding converter from class org.springframework.data.elasticsearch.core.geo.GeoPoint to interface java.util.Map as writing converter.
2024-03-20 14:14:14.833  WARN 28292 --- [           main] o.s.data.convert.CustomConversions       : Registering converter from class org.springframework.data.elasticsearch.core.geo.GeoPoint to interface java.util.Map as writing converter although it doesn't convert to a store-supported type! You might want to check your annotation setup at the converter implementation.
2024-03-20 14:14:14.833 DEBUG 28292 --- [           main] o.s.data.convert.CustomConversions       : Adding converter from interface java.util.Map to class org.springframework.data.elasticsearch.core.geo.GeoPoint as reading converter.
2024-03-20 14:14:14.833  WARN 28292 --- [           main] o.s.data.convert.CustomConversions       : Registering converter from interface java.util.Map to class org.springframework.data.elasticsearch.core.geo.GeoPoint as reading converter although it doesn't convert from a store-supported type! You might want to check your annotation setup at the converter implementation.
2024-03-20 14:14:14.833 DEBUG 28292 --- [           main] o.s.data.convert.CustomConversions       : Adding converter from class java.lang.String to class java.util.UUID as reading converter.
2024-03-20 14:14:14.834 DEBUG 28292 --- [           main] o.s.data.convert.CustomConversions       : Adding converter from class java.util.UUID to class java.lang.String as writing converter.
2024-03-20 14:14:14.834 DEBUG 28292 --- [           main] o.s.data.convert.CustomConversions       : Adding converter from class java.math.BigDecimal to class java.lang.Double as writing converter.
2024-03-20 14:14:14.834 DEBUG 28292 --- [           main] o.s.data.convert.CustomConversions       : Adding converter from class java.lang.Double to class java.math.BigDecimal as reading converter.
2024-03-20 14:14:14.834 DEBUG 28292 --- [           main] o.s.data.convert.CustomConversions       : Adding converter from class [B to class java.lang.String as writing converter.
2024-03-20 14:14:14.834 DEBUG 28292 --- [           main] o.s.data.convert.CustomConversions       : Adding converter from class java.lang.String to class [B as reading converter.
2024-03-20 14:14:14.835 DEBUG 28292 --- [           main] o.s.data.convert.CustomConversions       : Adding converter from class org.joda.time.LocalDate to class java.util.Date as writing converter.
2024-03-20 14:14:14.835 DEBUG 28292 --- [           main] o.s.data.convert.CustomConversions       : Adding converter from class org.joda.time.LocalDateTime to class java.util.Date as writing converter.
2024-03-20 14:14:14.836 DEBUG 28292 --- [           main] o.s.data.convert.CustomConversions       : Adding converter from class org.joda.time.DateTime to class java.util.Date as writing converter.
2024-03-20 14:14:14.836 DEBUG 28292 --- [           main] o.s.data.convert.CustomConversions       : Adding converter from class java.util.Date to class org.joda.time.LocalDate as reading converter.
2024-03-20 14:14:14.836 DEBUG 28292 --- [           main] o.s.data.convert.CustomConversions       : Adding converter from class java.util.Date to class org.joda.time.LocalDateTime as reading converter.
2024-03-20 14:14:14.836 DEBUG 28292 --- [           main] o.s.data.convert.CustomConversions       : Adding converter from class java.util.Date to class org.joda.time.DateTime as reading converter.
2024-03-20 14:14:14.836 DEBUG 28292 --- [           main] o.s.data.convert.CustomConversions       : Adding converter from class java.time.LocalDateTime to class org.joda.time.LocalDateTime as reading converter.
2024-03-20 14:14:14.836 DEBUG 28292 --- [           main] o.s.data.convert.CustomConversions       : Adding converter from class java.time.LocalDateTime to class org.joda.time.DateTime as reading converter.
2024-03-20 14:14:14.836 DEBUG 28292 --- [           main] o.s.data.convert.CustomConversions       : Adding converter from class java.time.Instant to class org.joda.time.LocalDateTime as reading converter.
2024-03-20 14:14:14.837 DEBUG 28292 --- [           main] o.s.data.convert.CustomConversions       : Adding converter from class org.joda.time.LocalDateTime to class java.time.Instant as writing converter.
2024-03-20 14:14:14.837 DEBUG 28292 --- [           main] o.s.data.convert.CustomConversions       : Adding converter from class org.joda.time.LocalDateTime to class java.time.LocalDateTime as writing converter.
2024-03-20 14:14:14.837 DEBUG 28292 --- [           main] o.s.data.convert.CustomConversions       : Adding converter from class java.util.Date to class java.time.LocalDateTime as reading converter.
2024-03-20 14:14:14.837 DEBUG 28292 --- [           main] o.s.data.convert.CustomConversions       : Adding converter from class java.time.LocalDateTime to class java.util.Date as writing converter.
2024-03-20 14:14:14.837 DEBUG 28292 --- [           main] o.s.data.convert.CustomConversions       : Adding converter from class java.util.Date to class java.time.LocalDate as reading converter.
2024-03-20 14:14:14.837 DEBUG 28292 --- [           main] o.s.data.convert.CustomConversions       : Adding converter from class java.time.LocalDate to class java.util.Date as writing converter.
2024-03-20 14:14:14.837 DEBUG 28292 --- [           main] o.s.data.convert.CustomConversions       : Adding converter from class java.util.Date to class java.time.LocalTime as reading converter.
2024-03-20 14:14:14.837 DEBUG 28292 --- [           main] o.s.data.convert.CustomConversions       : Adding converter from class java.time.LocalTime to class java.util.Date as writing converter.
2024-03-20 14:14:14.837 DEBUG 28292 --- [           main] o.s.data.convert.CustomConversions       : Adding converter from class java.util.Date to class java.time.Instant as reading converter.
2024-03-20 14:14:14.837 DEBUG 28292 --- [           main] o.s.data.convert.CustomConversions       : Adding converter from class java.time.Instant to class java.util.Date as writing converter.
2024-03-20 14:14:14.837 DEBUG 28292 --- [           main] o.s.data.convert.CustomConversions       : Adding converter from class java.time.LocalDateTime to class java.time.Instant as reading converter.
2024-03-20 14:14:14.837 DEBUG 28292 --- [           main] o.s.data.convert.CustomConversions       : Adding converter from class java.time.Instant to class java.time.LocalDateTime as reading converter.
2024-03-20 14:14:14.837 DEBUG 28292 --- [           main] o.s.data.convert.CustomConversions       : Adding converter from class java.time.ZoneId to class java.lang.String as writing converter.
2024-03-20 14:14:14.837 DEBUG 28292 --- [           main] o.s.data.convert.CustomConversions       : Adding converter from class java.lang.String to class java.time.ZoneId as reading converter.
2024-03-20 14:14:14.837 DEBUG 28292 --- [           main] o.s.data.convert.CustomConversions       : Adding converter from class java.time.Duration to class java.lang.String as writing converter.
2024-03-20 14:14:14.837 DEBUG 28292 --- [           main] o.s.data.convert.CustomConversions       : Adding converter from class java.lang.String to class java.time.Duration as reading converter.
2024-03-20 14:14:14.837 DEBUG 28292 --- [           main] o.s.data.convert.CustomConversions       : Adding converter from class java.time.Period to class java.lang.String as writing converter.
2024-03-20 14:14:14.837 DEBUG 28292 --- [           main] o.s.data.convert.CustomConversions       : Adding converter from class java.lang.String to class java.time.Period as reading converter.
2024-03-20 14:14:14.838 DEBUG 28292 --- [           main] o.s.data.convert.CustomConversions       : Adding converter from class java.lang.String to class java.time.LocalDate as reading converter.
2024-03-20 14:14:14.838 DEBUG 28292 --- [           main] o.s.data.convert.CustomConversions       : Adding converter from class java.lang.String to class java.time.LocalDateTime as reading converter.
2024-03-20 14:14:14.838 DEBUG 28292 --- [           main] o.s.data.convert.CustomConversions       : Adding converter from class java.lang.String to class java.time.Instant as reading converter.
2024-03-20 14:14:14.844 DEBUG 28292 --- [           main] o.s.b.f.s.DefaultListableBeanFactory     : Creating shared instance of singleton bean 'mappingContext'
2024-03-20 14:14:14.845 DEBUG 28292 --- [           main] o.s.b.f.s.DefaultListableBeanFactory     : Autowiring by type from bean name 'mappingContext' via factory method to bean named 'elasticsearchCustomConversions'
2024-03-20 14:14:14.875 DEBUG 28292 --- [           main] o.s.b.f.s.DefaultListableBeanFactory     : Creating shared instance of singleton bean 'elasticsearchConverter'
2024-03-20 14:14:14.876 DEBUG 28292 --- [           main] o.s.b.f.s.DefaultListableBeanFactory     : Autowiring by type from bean name 'elasticsearchConverter' via factory method to bean named 'mappingContext'
2024-03-20 14:14:14.876 DEBUG 28292 --- [           main] o.s.b.f.s.DefaultListableBeanFactory     : Autowiring by type from bean name 'elasticsearchConverter' via factory method to bean named 'elasticsearchCustomConversions'
2024-03-20 14:14:14.881 DEBUG 28292 --- [           main] o.s.data.convert.CustomConversions       : Adding converter from class org.springframework.data.geo.Point to interface java.util.Map as writing converter.
2024-03-20 14:14:14.881  WARN 28292 --- [           main] o.s.data.convert.CustomConversions       : Registering converter from class org.springframework.data.geo.Point to interface java.util.Map as writing converter although it doesn't convert to a store-supported type! You might want to check your annotation setup at the converter implementation.
2024-03-20 14:14:14.881 DEBUG 28292 --- [           main] o.s.data.convert.CustomConversions       : Adding converter from interface java.util.Map to class org.springframework.data.geo.Point as reading converter.
2024-03-20 14:14:14.881  WARN 28292 --- [           main] o.s.data.convert.CustomConversions       : Registering converter from interface java.util.Map to class org.springframework.data.geo.Point as reading converter although it doesn't convert from a store-supported type! You might want to check your annotation setup at the converter implementation.
2024-03-20 14:14:14.881 DEBUG 28292 --- [           main] o.s.data.convert.CustomConversions       : Adding converter from class org.springframework.data.elasticsearch.core.geo.GeoPoint to interface java.util.Map as writing converter.
2024-03-20 14:14:14.881  WARN 28292 --- [           main] o.s.data.convert.CustomConversions       : Registering converter from class org.springframework.data.elasticsearch.core.geo.GeoPoint to interface java.util.Map as writing converter although it doesn't convert to a store-supported type! You might want to check your annotation setup at the converter implementation.
2024-03-20 14:14:14.881 DEBUG 28292 --- [           main] o.s.data.convert.CustomConversions       : Adding converter from interface java.util.Map to class org.springframework.data.elasticsearch.core.geo.GeoPoint as reading converter.
2024-03-20 14:14:14.881  WARN 28292 --- [           main] o.s.data.convert.CustomConversions       : Registering converter from interface java.util.Map to class org.springframework.data.elasticsearch.core.geo.GeoPoint as reading converter although it doesn't convert from a store-supported type! You might want to check your annotation setup at the converter implementation.
2024-03-20 14:14:14.881 DEBUG 28292 --- [           main] o.s.data.convert.CustomConversions       : Adding converter from class java.lang.String to class java.util.UUID as reading converter.
2024-03-20 14:14:14.881 DEBUG 28292 --- [           main] o.s.data.convert.CustomConversions       : Adding converter from class java.util.UUID to class java.lang.String as writing converter.
2024-03-20 14:14:14.881 DEBUG 28292 --- [           main] o.s.data.convert.CustomConversions       : Adding converter from class java.math.BigDecimal to class java.lang.Double as writing converter.
2024-03-20 14:14:14.881 DEBUG 28292 --- [           main] o.s.data.convert.CustomConversions       : Adding converter from class java.lang.Double to class java.math.BigDecimal as reading converter.
2024-03-20 14:14:14.881 DEBUG 28292 --- [           main] o.s.data.convert.CustomConversions       : Adding converter from class [B to class java.lang.String as writing converter.
2024-03-20 14:14:14.881 DEBUG 28292 --- [           main] o.s.data.convert.CustomConversions       : Adding converter from class java.lang.String to class [B as reading converter.
2024-03-20 14:14:14.881 DEBUG 28292 --- [           main] o.s.data.convert.CustomConversions       : Adding converter from class org.joda.time.LocalDate to class java.util.Date as writing converter.
2024-03-20 14:14:14.881 DEBUG 28292 --- [           main] o.s.data.convert.CustomConversions       : Adding converter from class org.joda.time.LocalDateTime to class java.util.Date as writing converter.
2024-03-20 14:14:14.881 DEBUG 28292 --- [           main] o.s.data.convert.CustomConversions       : Adding converter from class org.joda.time.DateTime to class java.util.Date as writing converter.
2024-03-20 14:14:14.881 DEBUG 28292 --- [           main] o.s.data.convert.CustomConversions       : Adding converter from class java.util.Date to class org.joda.time.LocalDate as reading converter.
2024-03-20 14:14:14.881 DEBUG 28292 --- [           main] o.s.data.convert.CustomConversions       : Adding converter from class java.util.Date to class org.joda.time.LocalDateTime as reading converter.
2024-03-20 14:14:14.881 DEBUG 28292 --- [           main] o.s.data.convert.CustomConversions       : Adding converter from class java.util.Date to class org.joda.time.DateTime as reading converter.
2024-03-20 14:14:14.881 DEBUG 28292 --- [           main] o.s.data.convert.CustomConversions       : Adding converter from class java.time.LocalDateTime to class org.joda.time.LocalDateTime as reading converter.
2024-03-20 14:14:14.881 DEBUG 28292 --- [           main] o.s.data.convert.CustomConversions       : Adding converter from class java.time.LocalDateTime to class org.joda.time.DateTime as reading converter.
2024-03-20 14:14:14.881 DEBUG 28292 --- [           main] o.s.data.convert.CustomConversions       : Adding converter from class java.time.Instant to class org.joda.time.LocalDateTime as reading converter.
2024-03-20 14:14:14.881 DEBUG 28292 --- [           main] o.s.data.convert.CustomConversions       : Adding converter from class org.joda.time.LocalDateTime to class java.time.Instant as writing converter.
2024-03-20 14:14:14.881 DEBUG 28292 --- [           main] o.s.data.convert.CustomConversions       : Adding converter from class org.joda.time.LocalDateTime to class java.time.LocalDateTime as writing converter.
2024-03-20 14:14:14.881 DEBUG 28292 --- [           main] o.s.data.convert.CustomConversions       : Adding converter from class java.util.Date to class java.time.LocalDateTime as reading converter.
2024-03-20 14:14:14.881 DEBUG 28292 --- [           main] o.s.data.convert.CustomConversions       : Adding converter from class java.time.LocalDateTime to class java.util.Date as writing converter.
2024-03-20 14:14:14.881 DEBUG 28292 --- [           main] o.s.data.convert.CustomConversions       : Adding converter from class java.util.Date to class java.time.LocalDate as reading converter.
2024-03-20 14:14:14.881 DEBUG 28292 --- [           main] o.s.data.convert.CustomConversions       : Adding converter from class java.time.LocalDate to class java.util.Date as writing converter.
2024-03-20 14:14:14.881 DEBUG 28292 --- [           main] o.s.data.convert.CustomConversions       : Adding converter from class java.util.Date to class java.time.LocalTime as reading converter.
2024-03-20 14:14:14.881 DEBUG 28292 --- [           main] o.s.data.convert.CustomConversions       : Adding converter from class java.time.LocalTime to class java.util.Date as writing converter.
2024-03-20 14:14:14.881 DEBUG 28292 --- [           main] o.s.data.convert.CustomConversions       : Adding converter from class java.util.Date to class java.time.Instant as reading converter.
2024-03-20 14:14:14.881 DEBUG 28292 --- [           main] o.s.data.convert.CustomConversions       : Adding converter from class java.time.Instant to class java.util.Date as writing converter.
2024-03-20 14:14:14.881 DEBUG 28292 --- [           main] o.s.data.convert.CustomConversions       : Adding converter from class java.time.LocalDateTime to class java.time.Instant as reading converter.
2024-03-20 14:14:14.881 DEBUG 28292 --- [           main] o.s.data.convert.CustomConversions       : Adding converter from class java.time.Instant to class java.time.LocalDateTime as reading converter.
2024-03-20 14:14:14.881 DEBUG 28292 --- [           main] o.s.data.convert.CustomConversions       : Adding converter from class java.time.ZoneId to class java.lang.String as writing converter.
2024-03-20 14:14:14.881 DEBUG 28292 --- [           main] o.s.data.convert.CustomConversions       : Adding converter from class java.lang.String to class java.time.ZoneId as reading converter.
2024-03-20 14:14:14.881 DEBUG 28292 --- [           main] o.s.data.convert.CustomConversions       : Adding converter from class java.time.Duration to class java.lang.String as writing converter.
2024-03-20 14:14:14.882 DEBUG 28292 --- [           main] o.s.data.convert.CustomConversions       : Adding converter from class java.lang.String to class java.time.Duration as reading converter.
2024-03-20 14:14:14.882 DEBUG 28292 --- [           main] o.s.data.convert.CustomConversions       : Adding converter from class java.time.Period to class java.lang.String as writing converter.
2024-03-20 14:14:14.882 DEBUG 28292 --- [           main] o.s.data.convert.CustomConversions       : Adding converter from class java.lang.String to class java.time.Period as reading converter.
2024-03-20 14:14:14.882 DEBUG 28292 --- [           main] o.s.data.convert.CustomConversions       : Adding converter from class java.lang.String to class java.time.LocalDate as reading converter.
2024-03-20 14:14:14.882 DEBUG 28292 --- [           main] o.s.data.convert.CustomConversions       : Adding converter from class java.lang.String to class java.time.LocalDateTime as reading converter.
2024-03-20 14:14:14.882 DEBUG 28292 --- [           main] o.s.data.convert.CustomConversions       : Adding converter from class java.lang.String to class java.time.Instant as reading converter.
2024-03-20 14:14:14.918 DEBUG 28292 --- [           main] o.s.b.f.s.DefaultListableBeanFactory     : Creating shared instance of singleton bean 'org.springframework.boot.autoconfigure.data.elasticsearch.ElasticsearchDataConfiguration$RestClientConfiguration'
2024-03-20 14:14:14.921 DEBUG 28292 --- [           main] o.s.b.f.s.DefaultListableBeanFactory     : Creating shared instance of singleton bean 'elasticsearchTemplate'
2024-03-20 14:14:14.925 DEBUG 28292 --- [           main] o.s.b.f.s.DefaultListableBeanFactory     : Autowiring by type from bean name 'elasticsearchTemplate' via factory method to bean named 'elasticsearchRestHighLevelClient'
2024-03-20 14:14:14.925 DEBUG 28292 --- [           main] o.s.b.f.s.DefaultListableBeanFactory     : Autowiring by type from bean name 'elasticsearchTemplate' via factory method to bean named 'elasticsearchConverter'
2024-03-20 14:14:14.997 DEBUG 28292 --- [           main] o.a.http.impl.nio.client.MainClientExec  : [exchange: 1] start execution
2024-03-20 14:14:15.011 DEBUG 28292 --- [           main] o.a.h.client.protocol.RequestAddCookies  : CookieSpec selected: default
2024-03-20 14:14:15.043 DEBUG 28292 --- [           main] o.a.h.client.protocol.RequestAuthCache   : Re-using cached 'basic' auth scheme for http://localhost:9200
2024-03-20 14:14:15.045 DEBUG 28292 --- [           main] o.a.h.client.protocol.RequestAuthCache   : No credentials for preemptive authentication
2024-03-20 14:14:15.045 DEBUG 28292 --- [           main] o.a.h.i.n.c.InternalHttpAsyncClient      : [exchange: 1] Request connection for {}->http://localhost:9200
2024-03-20 14:14:15.048 DEBUG 28292 --- [           main] .n.c.PoolingNHttpClientConnectionManager : Connection request: [route: {}->http://localhost:9200][total kept alive: 0; route allocated: 0 of 10; total allocated: 0 of 30]
2024-03-20 14:14:15.096 DEBUG 28292 --- [/O dispatcher 1] .n.c.PoolingNHttpClientConnectionManager : Connection leased: [id: http-outgoing-0][route: {}->http://localhost:9200][total kept alive: 0; route allocated: 1 of 10; total allocated: 0 of 30]
2024-03-20 14:14:15.098 DEBUG 28292 --- [/O dispatcher 1] o.a.h.i.n.c.InternalHttpAsyncClient      : [exchange: 1] Connection allocated: CPoolProxy{http-outgoing-0 [ACTIVE]}
2024-03-20 14:14:15.099 DEBUG 28292 --- [/O dispatcher 1] h.i.n.c.ManagedNHttpClientConnectionImpl : http-outgoing-0 127.0.0.1:64148<->127.0.0.1:9200[ACTIVE][r:]: Set attribute http.nio.exchange-handler
2024-03-20 14:14:15.099 DEBUG 28292 --- [/O dispatcher 1] h.i.n.c.ManagedNHttpClientConnectionImpl : http-outgoing-0 127.0.0.1:64148<->127.0.0.1:9200[ACTIVE][rw:]: Event set [w]
2024-03-20 14:14:15.099 DEBUG 28292 --- [/O dispatcher 1] h.i.n.c.ManagedNHttpClientConnectionImpl : http-outgoing-0 127.0.0.1:64148<->127.0.0.1:9200[ACTIVE][rw:]: Set timeout 0
2024-03-20 14:14:15.099 DEBUG 28292 --- [/O dispatcher 1] o.a.h.i.nio.client.InternalIODispatch    : http-outgoing-0 [ACTIVE]: Connected
2024-03-20 14:14:15.100 DEBUG 28292 --- [/O dispatcher 1] h.i.n.c.ManagedNHttpClientConnectionImpl : http-outgoing-0 127.0.0.1:64148<->127.0.0.1:9200[ACTIVE][rw:]: Set attribute http.nio.http-exchange-state
2024-03-20 14:14:15.101 DEBUG 28292 --- [/O dispatcher 1] o.a.h.i.n.c.InternalHttpAsyncClient      : [exchange: 1] Start connection routing
2024-03-20 14:14:15.102 DEBUG 28292 --- [/O dispatcher 1] o.a.h.i.n.c.InternalHttpAsyncClient      : [exchange: 1] route completed
2024-03-20 14:14:15.102 DEBUG 28292 --- [/O dispatcher 1] o.a.http.impl.nio.client.MainClientExec  : [exchange: 1] Connection route established
2024-03-20 14:14:15.102 DEBUG 28292 --- [/O dispatcher 1] o.a.http.impl.nio.client.MainClientExec  : [exchange: 1] Attempt 1 to execute request
2024-03-20 14:14:15.102 DEBUG 28292 --- [/O dispatcher 1] o.a.http.impl.nio.client.MainClientExec  : [exchange: 1] Target auth state: UNCHALLENGED
2024-03-20 14:14:15.103 DEBUG 28292 --- [/O dispatcher 1] o.a.http.impl.nio.client.MainClientExec  : [exchange: 1] Proxy auth state: UNCHALLENGED
2024-03-20 14:14:15.103 DEBUG 28292 --- [/O dispatcher 1] h.i.n.c.ManagedNHttpClientConnectionImpl : http-outgoing-0 127.0.0.1:64148<->127.0.0.1:9200[ACTIVE][rw:]: Set timeout 30000
2024-03-20 14:14:15.103 DEBUG 28292 --- [/O dispatcher 1] org.apache.http.headers                  : http-outgoing-0 >> GET / HTTP/1.1
2024-03-20 14:14:15.104 DEBUG 28292 --- [/O dispatcher 1] org.apache.http.headers                  : http-outgoing-0 >> Content-Length: 0
2024-03-20 14:14:15.104 DEBUG 28292 --- [/O dispatcher 1] org.apache.http.headers                  : http-outgoing-0 >> Host: localhost:9200
2024-03-20 14:14:15.104 DEBUG 28292 --- [/O dispatcher 1] org.apache.http.headers                  : http-outgoing-0 >> Connection: Keep-Alive
2024-03-20 14:14:15.104 DEBUG 28292 --- [/O dispatcher 1] org.apache.http.headers                  : http-outgoing-0 >> User-Agent: Apache-HttpAsyncClient/4.1.4 (Java/19.0.1)
2024-03-20 14:14:15.105 DEBUG 28292 --- [/O dispatcher 1] h.i.n.c.ManagedNHttpClientConnectionImpl : http-outgoing-0 127.0.0.1:64148<->127.0.0.1:9200[ACTIVE][rw:]: Event set [w]
2024-03-20 14:14:15.105 DEBUG 28292 --- [/O dispatcher 1] o.a.http.impl.nio.client.MainClientExec  : [exchange: 1] Request completed
2024-03-20 14:14:15.105 DEBUG 28292 --- [/O dispatcher 1] h.i.n.c.ManagedNHttpClientConnectionImpl : http-outgoing-0 127.0.0.1:64148<->127.0.0.1:9200[ACTIVE][rw:w]: 139 bytes written
2024-03-20 14:14:15.106 DEBUG 28292 --- [/O dispatcher 1] org.apache.http.wire                     : http-outgoing-0 >> "GET / HTTP/1.1[\r][\n]"
2024-03-20 14:14:15.106 DEBUG 28292 --- [/O dispatcher 1] org.apache.http.wire                     : http-outgoing-0 >> "Content-Length: 0[\r][\n]"
2024-03-20 14:14:15.106 DEBUG 28292 --- [/O dispatcher 1] org.apache.http.wire                     : http-outgoing-0 >> "Host: localhost:9200[\r][\n]"
2024-03-20 14:14:15.106 DEBUG 28292 --- [/O dispatcher 1] org.apache.http.wire                     : http-outgoing-0 >> "Connection: Keep-Alive[\r][\n]"
2024-03-20 14:14:15.106 DEBUG 28292 --- [/O dispatcher 1] org.apache.http.wire                     : http-outgoing-0 >> "User-Agent: Apache-HttpAsyncClient/4.1.4 (Java/19.0.1)[\r][\n]"
2024-03-20 14:14:15.106 DEBUG 28292 --- [/O dispatcher 1] org.apache.http.wire                     : http-outgoing-0 >> "[\r][\n]"
2024-03-20 14:14:15.106 DEBUG 28292 --- [/O dispatcher 1] o.a.h.i.nio.client.InternalIODispatch    : http-outgoing-0 [ACTIVE] Request ready
2024-03-20 14:14:15.106 DEBUG 28292 --- [/O dispatcher 1] h.i.n.c.ManagedNHttpClientConnectionImpl : http-outgoing-0 127.0.0.1:64148<->127.0.0.1:9200[ACTIVE][r:w]: Event cleared [w]
2024-03-20 14:14:15.201 DEBUG 28292 --- [/O dispatcher 1] h.i.n.c.ManagedNHttpClientConnectionImpl : http-outgoing-0 127.0.0.1:64148<->127.0.0.1:9200[ACTIVE][r:r]: 618 bytes read
2024-03-20 14:14:15.201 DEBUG 28292 --- [/O dispatcher 1] org.apache.http.wire                     : http-outgoing-0 << "HTTP/1.1 200 OK[\r][\n]"
2024-03-20 14:14:15.201 DEBUG 28292 --- [/O dispatcher 1] org.apache.http.wire                     : http-outgoing-0 << "content-type: application/json; charset=UTF-8[\r][\n]"
2024-03-20 14:14:15.201 DEBUG 28292 --- [/O dispatcher 1] org.apache.http.wire                     : http-outgoing-0 << "content-length: 531[\r][\n]"
2024-03-20 14:14:15.201 DEBUG 28292 --- [/O dispatcher 1] org.apache.http.wire                     : http-outgoing-0 << "[\r][\n]"
2024-03-20 14:14:15.201 DEBUG 28292 --- [/O dispatcher 1] org.apache.http.wire                     : http-outgoing-0 << "{[\n]"
2024-03-20 14:14:15.201 DEBUG 28292 --- [/O dispatcher 1] org.apache.http.wire                     : http-outgoing-0 << "  "name" : "node-1",[\n]"
2024-03-20 14:14:15.201 DEBUG 28292 --- [/O dispatcher 1] org.apache.http.wire                     : http-outgoing-0 << "  "cluster_name" : "elasticsearch",[\n]"
2024-03-20 14:14:15.201 DEBUG 28292 --- [/O dispatcher 1] org.apache.http.wire                     : http-outgoing-0 << "  "cluster_uuid" : "kou8W1inQjunM3hrsAdRYg",[\n]"
2024-03-20 14:14:15.201 DEBUG 28292 --- [/O dispatcher 1] org.apache.http.wire                     : http-outgoing-0 << "  "version" : {[\n]"
2024-03-20 14:14:15.201 DEBUG 28292 --- [/O dispatcher 1] org.apache.http.wire                     : http-outgoing-0 << "    "number" : "7.6.2",[\n]"
2024-03-20 14:14:15.201 DEBUG 28292 --- [/O dispatcher 1] org.apache.http.wire                     : http-outgoing-0 << "    "build_flavor" : "default",[\n]"
2024-03-20 14:14:15.201 DEBUG 28292 --- [/O dispatcher 1] org.apache.http.wire                     : http-outgoing-0 << "    "build_type" : "zip",[\n]"
2024-03-20 14:14:15.201 DEBUG 28292 --- [/O dispatcher 1] org.apache.http.wire                     : http-outgoing-0 << "    "build_hash" : "ef48eb35cf30adf4db14086e8aabd07ef6fb113f",[\n]"
2024-03-20 14:14:15.201 DEBUG 28292 --- [/O dispatcher 1] org.apache.http.wire                     : http-outgoing-0 << "    "build_date" : "2020-03-26T06:34:37.794943Z",[\n]"
2024-03-20 14:14:15.201 DEBUG 28292 --- [/O dispatcher 1] org.apache.http.wire                     : http-outgoing-0 << "    "build_snapshot" : false,[\n]"
2024-03-20 14:14:15.201 DEBUG 28292 --- [/O dispatcher 1] org.apache.http.wire                     : http-outgoing-0 << "    "lucene_version" : "8.4.0",[\n]"
2024-03-20 14:14:15.201 DEBUG 28292 --- [/O dispatcher 1] org.apache.http.wire                     : http-outgoing-0 << "    "minimum_wire_compatibility_version" : "6.8.0",[\n]"
2024-03-20 14:14:15.201 DEBUG 28292 --- [/O dispatcher 1] org.apache.http.wire                     : http-outgoing-0 << "    "minimum_index_compatibility_version" : "6.0.0-beta1"[\n]"
2024-03-20 14:14:15.201 DEBUG 28292 --- [/O dispatcher 1] org.apache.http.wire                     : http-outgoing-0 << "  },[\n]"
2024-03-20 14:14:15.201 DEBUG 28292 --- [/O dispatcher 1] org.apache.http.wire                     : http-outgoing-0 << "  "tagline" : "You Know, for Search"[\n]"
2024-03-20 14:14:15.201 DEBUG 28292 --- [/O dispatcher 1] org.apache.http.wire                     : http-outgoing-0 << "}[\n]"
2024-03-20 14:14:15.209 DEBUG 28292 --- [/O dispatcher 1] org.apache.http.headers                  : http-outgoing-0 << HTTP/1.1 200 OK
2024-03-20 14:14:15.209 DEBUG 28292 --- [/O dispatcher 1] org.apache.http.headers                  : http-outgoing-0 << content-type: application/json; charset=UTF-8
2024-03-20 14:14:15.209 DEBUG 28292 --- [/O dispatcher 1] org.apache.http.headers                  : http-outgoing-0 << content-length: 531
2024-03-20 14:14:15.209 DEBUG 28292 --- [/O dispatcher 1] o.a.h.i.nio.client.InternalIODispatch    : http-outgoing-0 [ACTIVE(531)] Response received
2024-03-20 14:14:15.209 DEBUG 28292 --- [/O dispatcher 1] o.a.http.impl.nio.client.MainClientExec  : [exchange: 1] Response received HTTP/1.1 200 OK
2024-03-20 14:14:15.219 DEBUG 28292 --- [/O dispatcher 1] o.a.h.i.nio.client.InternalIODispatch    : http-outgoing-0 [ACTIVE(531)] Input ready
2024-03-20 14:14:15.219 DEBUG 28292 --- [/O dispatcher 1] o.a.http.impl.nio.client.MainClientExec  : [exchange: 1] Consume content
2024-03-20 14:14:15.222 DEBUG 28292 --- [/O dispatcher 1] o.a.h.i.n.c.InternalHttpAsyncClient      : [exchange: 1] Connection can be kept alive indefinitely
2024-03-20 14:14:15.224 DEBUG 28292 --- [/O dispatcher 1] o.a.http.impl.nio.client.MainClientExec  : [exchange: 1] Response processed
2024-03-20 14:14:15.224 DEBUG 28292 --- [/O dispatcher 1] o.a.h.i.n.c.InternalHttpAsyncClient      : [exchange: 1] releasing connection
2024-03-20 14:14:15.224 DEBUG 28292 --- [/O dispatcher 1] h.i.n.c.ManagedNHttpClientConnectionImpl : http-outgoing-0 127.0.0.1:64148<->127.0.0.1:9200[ACTIVE][r:r]: Remove attribute http.nio.exchange-handler
2024-03-20 14:14:15.224 DEBUG 28292 --- [/O dispatcher 1] .n.c.PoolingNHttpClientConnectionManager : Releasing connection: [id: http-outgoing-0][route: {}->http://localhost:9200][total kept alive: 0; route allocated: 1 of 10; total allocated: 1 of 30]
2024-03-20 14:14:15.224 DEBUG 28292 --- [/O dispatcher 1] .n.c.PoolingNHttpClientConnectionManager : Connection [id: http-outgoing-0][route: {}->http://localhost:9200] can be kept alive indefinitely
2024-03-20 14:14:15.225 DEBUG 28292 --- [/O dispatcher 1] h.i.n.c.ManagedNHttpClientConnectionImpl : http-outgoing-0 127.0.0.1:64148<->127.0.0.1:9200[ACTIVE][r:r]: Set timeout 0
2024-03-20 14:14:15.225 DEBUG 28292 --- [/O dispatcher 1] .n.c.PoolingNHttpClientConnectionManager : Connection released: [id: http-outgoing-0][route: {}->http://localhost:9200][total kept alive: 1; route allocated: 1 of 10; total allocated: 1 of 30]
2024-03-20 14:14:15.225 DEBUG 28292 --- [/O dispatcher 1] o.a.h.i.nio.client.InternalIODispatch    : http-outgoing-0 [ACTIVE] [content length: 531; pos: 531; completed: true]
2024-03-20 14:14:15.226 DEBUG 28292 --- [           main] org.elasticsearch.client.RestClient      : request [GET http://localhost:9200/] returned [HTTP/1.1 200 OK]
2024-03-20 14:14:15.327  INFO 28292 --- [           main] o.s.d.elasticsearch.support.VersionInfo  : Version Spring Data Elasticsearch: 4.0.9.RELEASE
2024-03-20 14:14:15.328  INFO 28292 --- [           main] o.s.d.elasticsearch.support.VersionInfo  : Version Elasticsearch Client in build: 7.6.2
2024-03-20 14:14:15.328  INFO 28292 --- [           main] o.s.d.elasticsearch.support.VersionInfo  : Version Elasticsearch Client used: 7.6.2
2024-03-20 14:14:15.329  INFO 28292 --- [           main] o.s.d.elasticsearch.support.VersionInfo  : Version Elasticsearch cluster: 7.6.2
2024-03-20 14:14:15.398 DEBUG 28292 --- [           main] o.s.b.f.s.DefaultListableBeanFactory     : Creating shared instance of singleton bean 'org.springframework.boot.autoconfigure.data.elasticsearch.ElasticsearchDataAutoConfiguration'
2024-03-20 14:14:15.401 DEBUG 28292 --- [           main] o.s.b.f.s.DefaultListableBeanFactory     : Creating shared instance of singleton bean 'org.springframework.boot.autoconfigure.data.elasticsearch.ElasticsearchRepositoriesAutoConfiguration'
2024-03-20 14:14:15.404 DEBUG 28292 --- [           main] o.s.b.f.s.DefaultListableBeanFactory     : Creating shared instance of singleton bean 'productEsRepository'
2024-03-20 14:14:15.571 DEBUG 28292 --- [           main] o.s.d.r.c.s.RepositoryFactorySupport     : Initializing repository instance for com.kgc.easybuy.config.ProductEsRepository…
2024-03-20 14:14:15.626 DEBUG 28292 --- [           main] o.s.d.r.c.s.RepositoryFactorySupport     : Finished creation of repository instance for com.kgc.easybuy.config.ProductEsRepository.
2024-03-20 14:14:15.631 DEBUG 28292 --- [           main] o.s.b.f.s.DefaultListableBeanFactory     : Creating shared instance of singleton bean 'org.springframework.boot.autoconfigure.data.elasticsearch.ReactiveElasticsearchRepositoriesAutoConfiguration'
2024-03-20 14:14:15.636 DEBUG 28292 --- [           main] o.s.b.f.s.DefaultListableBeanFactory     : Creating shared instance of singleton bean 'org.springframework.boot.autoconfigure.data.redis.RedisReactiveAutoConfiguration'
2024-03-20 14:14:15.639 DEBUG 28292 --- [           main] o.s.b.f.s.DefaultListableBeanFactory     : Creating shared instance of singleton bean 'reactiveRedisTemplate'
2024-03-20 14:14:15.641 DEBUG 28292 --- [           main] o.s.b.f.s.DefaultListableBeanFactory     : Autowiring by type from bean name 'reactiveRedisTemplate' via factory method to bean named 'redisConnectionFactory'
2024-03-20 14:14:15.641 DEBUG 28292 --- [           main] o.s.b.f.s.DefaultListableBeanFactory     : Autowiring by type from bean name 'reactiveRedisTemplate' via factory method to bean named 'org.springframework.web.context.support.GenericWebApplicationContext@4a8a60bc'
2024-03-20 14:14:15.667 DEBUG 28292 --- [           main] o.s.data.convert.CustomConversions       : Adding converter from class java.lang.String to class [B as writing converter.
2024-03-20 14:14:15.667 DEBUG 28292 --- [           main] o.s.data.convert.CustomConversions       : Adding converter from class [B to class java.lang.String as reading converter.
2024-03-20 14:14:15.667 DEBUG 28292 --- [           main] o.s.data.convert.CustomConversions       : Adding converter from class java.lang.Number to class [B as writing converter.
2024-03-20 14:14:15.667 DEBUG 28292 --- [           main] o.s.data.convert.CustomConversions       : Adding converter from class [B to class java.lang.Number as reading converter.
2024-03-20 14:14:15.667 DEBUG 28292 --- [           main] o.s.data.convert.CustomConversions       : Adding converter from class java.lang.Enum to class [B as writing converter.
2024-03-20 14:14:15.667 DEBUG 28292 --- [           main] o.s.data.convert.CustomConversions       : Adding converter from class [B to class java.lang.Enum as reading converter.
2024-03-20 14:14:15.667 DEBUG 28292 --- [           main] o.s.data.convert.CustomConversions       : Adding converter from class java.lang.Boolean to class [B as writing converter.
2024-03-20 14:14:15.667 DEBUG 28292 --- [           main] o.s.data.convert.CustomConversions       : Adding converter from class [B to class java.lang.Boolean as reading converter.
2024-03-20 14:14:15.668 DEBUG 28292 --- [           main] o.s.data.convert.CustomConversions       : Adding converter from class java.util.Date to class [B as writing converter.
2024-03-20 14:14:15.668 DEBUG 28292 --- [           main] o.s.data.convert.CustomConversions       : Adding converter from class [B to class java.util.Date as reading converter.
2024-03-20 14:14:15.668 DEBUG 28292 --- [           main] o.s.data.convert.CustomConversions       : Adding converter from class java.util.UUID to class [B as writing converter.
2024-03-20 14:14:15.668 DEBUG 28292 --- [           main] o.s.data.convert.CustomConversions       : Adding converter from class [B to class java.util.UUID as reading converter.
2024-03-20 14:14:15.668 DEBUG 28292 --- [           main] o.s.data.convert.CustomConversions       : Adding converter from class java.time.LocalDateTime to class [B as writing converter.
2024-03-20 14:14:15.668 DEBUG 28292 --- [           main] o.s.data.convert.CustomConversions       : Adding converter from class [B to class java.time.LocalDateTime as reading converter.
2024-03-20 14:14:15.668 DEBUG 28292 --- [           main] o.s.data.convert.CustomConversions       : Adding converter from class java.time.LocalDate to class [B as writing converter.
2024-03-20 14:14:15.668 DEBUG 28292 --- [           main] o.s.data.convert.CustomConversions       : Adding converter from class [B to class java.time.LocalDate as reading converter.
2024-03-20 14:14:15.668 DEBUG 28292 --- [           main] o.s.data.convert.CustomConversions       : Adding converter from class java.time.LocalTime to class [B as writing converter.
2024-03-20 14:14:15.668 DEBUG 28292 --- [           main] o.s.data.convert.CustomConversions       : Adding converter from class [B to class java.time.LocalTime as reading converter.
2024-03-20 14:14:15.668 DEBUG 28292 --- [           main] o.s.data.convert.CustomConversions       : Adding converter from class java.time.ZonedDateTime to class [B as writing converter.
2024-03-20 14:14:15.668 DEBUG 28292 --- [           main] o.s.data.convert.CustomConversions       : Adding converter from class [B to class java.time.ZonedDateTime as reading converter.
2024-03-20 14:14:15.668 DEBUG 28292 --- [           main] o.s.data.convert.CustomConversions       : Adding converter from class java.time.Instant to class [B as writing converter.
2024-03-20 14:14:15.668 DEBUG 28292 --- [           main] o.s.data.convert.CustomConversions       : Adding converter from class [B to class java.time.Instant as reading converter.
2024-03-20 14:14:15.668 DEBUG 28292 --- [           main] o.s.data.convert.CustomConversions       : Adding converter from class java.time.ZoneId to class [B as writing converter.
2024-03-20 14:14:15.668 DEBUG 28292 --- [           main] o.s.data.convert.CustomConversions       : Adding converter from class [B to class java.time.ZoneId as reading converter.
2024-03-20 14:14:15.668 DEBUG 28292 --- [           main] o.s.data.convert.CustomConversions       : Adding converter from class java.time.Period to class [B as writing converter.
2024-03-20 14:14:15.668 DEBUG 28292 --- [           main] o.s.data.convert.CustomConversions       : Adding converter from class [B to class java.time.Period as reading converter.
2024-03-20 14:14:15.668 DEBUG 28292 --- [           main] o.s.data.convert.CustomConversions       : Adding converter from class java.time.Duration to class [B as writing converter.
2024-03-20 14:14:15.668 DEBUG 28292 --- [           main] o.s.data.convert.CustomConversions       : Adding converter from class [B to class java.time.Duration as reading converter.
2024-03-20 14:14:15.668 DEBUG 28292 --- [           main] o.s.data.convert.CustomConversions       : Adding converter from class org.joda.time.LocalDate to class java.util.Date as writing converter.
2024-03-20 14:14:15.668 DEBUG 28292 --- [           main] o.s.data.convert.CustomConversions       : Adding converter from class org.joda.time.LocalDateTime to class java.util.Date as writing converter.
2024-03-20 14:14:15.668 DEBUG 28292 --- [           main] o.s.data.convert.CustomConversions       : Adding converter from class org.joda.time.DateTime to class java.util.Date as writing converter.
2024-03-20 14:14:15.668 DEBUG 28292 --- [           main] o.s.data.convert.CustomConversions       : Adding converter from class java.util.Date to class org.joda.time.LocalDate as reading converter.
2024-03-20 14:14:15.669 DEBUG 28292 --- [           main] o.s.data.convert.CustomConversions       : Adding converter from class java.util.Date to class org.joda.time.LocalDateTime as reading converter.
2024-03-20 14:14:15.669 DEBUG 28292 --- [           main] o.s.data.convert.CustomConversions       : Adding converter from class java.util.Date to class org.joda.time.DateTime as reading converter.
2024-03-20 14:14:15.669 DEBUG 28292 --- [           main] o.s.data.convert.CustomConversions       : Adding converter from class java.time.LocalDateTime to class org.joda.time.LocalDateTime as reading converter.
2024-03-20 14:14:15.669 DEBUG 28292 --- [           main] o.s.data.convert.CustomConversions       : Adding converter from class java.time.LocalDateTime to class org.joda.time.DateTime as reading converter.
2024-03-20 14:14:15.669 DEBUG 28292 --- [           main] o.s.data.convert.CustomConversions       : Adding converter from class java.time.Instant to class org.joda.time.LocalDateTime as reading converter.
2024-03-20 14:14:15.669 DEBUG 28292 --- [           main] o.s.data.convert.CustomConversions       : Adding converter from class org.joda.time.LocalDateTime to class java.time.Instant as writing converter.
2024-03-20 14:14:15.669 DEBUG 28292 --- [           main] o.s.data.convert.CustomConversions       : Adding converter from class org.joda.time.LocalDateTime to class java.time.LocalDateTime as writing converter.
2024-03-20 14:14:15.669 DEBUG 28292 --- [           main] o.s.data.convert.CustomConversions       : Adding converter from class java.util.Date to class java.time.LocalDateTime as reading converter.
2024-03-20 14:14:15.669 DEBUG 28292 --- [           main] o.s.data.convert.CustomConversions       : Adding converter from class java.time.LocalDateTime to class java.util.Date as writing converter.
2024-03-20 14:14:15.669 DEBUG 28292 --- [           main] o.s.data.convert.CustomConversions       : Adding converter from class java.util.Date to class java.time.LocalDate as reading converter.
2024-03-20 14:14:15.669 DEBUG 28292 --- [           main] o.s.data.convert.CustomConversions       : Adding converter from class java.time.LocalDate to class java.util.Date as writing converter.
2024-03-20 14:14:15.669 DEBUG 28292 --- [           main] o.s.data.convert.CustomConversions       : Adding converter from class java.util.Date to class java.time.LocalTime as reading converter.
2024-03-20 14:14:15.669 DEBUG 28292 --- [           main] o.s.data.convert.CustomConversions       : Adding converter from class java.time.LocalTime to class java.util.Date as writing converter.
2024-03-20 14:14:15.669 DEBUG 28292 --- [           main] o.s.data.convert.CustomConversions       : Adding converter from class java.util.Date to class java.time.Instant as reading converter.
2024-03-20 14:14:15.669 DEBUG 28292 --- [           main] o.s.data.convert.CustomConversions       : Adding converter from class java.time.Instant to class java.util.Date as writing converter.
2024-03-20 14:14:15.669 DEBUG 28292 --- [           main] o.s.data.convert.CustomConversions       : Adding converter from class java.time.LocalDateTime to class java.time.Instant as reading converter.
2024-03-20 14:14:15.669 DEBUG 28292 --- [           main] o.s.data.convert.CustomConversions       : Adding converter from class java.time.Instant to class java.time.LocalDateTime as reading converter.
2024-03-20 14:14:15.669 DEBUG 28292 --- [           main] o.s.data.convert.CustomConversions       : Adding converter from class java.time.ZoneId to class java.lang.String as writing converter.
2024-03-20 14:14:15.669 DEBUG 28292 --- [           main] o.s.data.convert.CustomConversions       : Adding converter from class java.lang.String to class java.time.ZoneId as reading converter.
2024-03-20 14:14:15.669 DEBUG 28292 --- [           main] o.s.data.convert.CustomConversions       : Adding converter from class java.time.Duration to class java.lang.String as writing converter.
2024-03-20 14:14:15.669 DEBUG 28292 --- [           main] o.s.data.convert.CustomConversions       : Adding converter from class java.lang.String to class java.time.Duration as reading converter.
2024-03-20 14:14:15.669 DEBUG 28292 --- [           main] o.s.data.convert.CustomConversions       : Adding converter from class java.time.Period to class java.lang.String as writing converter.
2024-03-20 14:14:15.670 DEBUG 28292 --- [           main] o.s.data.convert.CustomConversions       : Adding converter from class java.lang.String to class java.time.Period as reading converter.
2024-03-20 14:14:15.670 DEBUG 28292 --- [           main] o.s.data.convert.CustomConversions       : Adding converter from class java.lang.String to class java.time.LocalDate as reading converter.
2024-03-20 14:14:15.670 DEBUG 28292 --- [           main] o.s.data.convert.CustomConversions       : Adding converter from class java.lang.String to class java.time.LocalDateTime as reading converter.
2024-03-20 14:14:15.670 DEBUG 28292 --- [           main] o.s.data.convert.CustomConversions       : Adding converter from class java.lang.String to class java.time.Instant as reading converter.
2024-03-20 14:14:15.671 DEBUG 28292 --- [           main] o.s.data.convert.CustomConversions       : Adding converter from class java.lang.String to class [B as writing converter.
2024-03-20 14:14:15.671 DEBUG 28292 --- [           main] o.s.data.convert.CustomConversions       : Adding converter from class [B to class java.lang.String as reading converter.
2024-03-20 14:14:15.671 DEBUG 28292 --- [           main] o.s.data.convert.CustomConversions       : Adding converter from class java.lang.Number to class [B as writing converter.
2024-03-20 14:14:15.671 DEBUG 28292 --- [           main] o.s.data.convert.CustomConversions       : Adding converter from class [B to class java.lang.Number as reading converter.
2024-03-20 14:14:15.671 DEBUG 28292 --- [           main] o.s.data.convert.CustomConversions       : Adding converter from class java.lang.Enum to class [B as writing converter.
2024-03-20 14:14:15.671 DEBUG 28292 --- [           main] o.s.data.convert.CustomConversions       : Adding converter from class [B to class java.lang.Enum as reading converter.
2024-03-20 14:14:15.671 DEBUG 28292 --- [           main] o.s.data.convert.CustomConversions       : Adding converter from class java.lang.Boolean to class [B as writing converter.
2024-03-20 14:14:15.671 DEBUG 28292 --- [           main] o.s.data.convert.CustomConversions       : Adding converter from class [B to class java.lang.Boolean as reading converter.
2024-03-20 14:14:15.671 DEBUG 28292 --- [           main] o.s.data.convert.CustomConversions       : Adding converter from class java.util.Date to class [B as writing converter.
2024-03-20 14:14:15.671 DEBUG 28292 --- [           main] o.s.data.convert.CustomConversions       : Adding converter from class [B to class java.util.Date as reading converter.
2024-03-20 14:14:15.671 DEBUG 28292 --- [           main] o.s.data.convert.CustomConversions       : Adding converter from class java.util.UUID to class [B as writing converter.
2024-03-20 14:14:15.671 DEBUG 28292 --- [           main] o.s.data.convert.CustomConversions       : Adding converter from class [B to class java.util.UUID as reading converter.
2024-03-20 14:14:15.671 DEBUG 28292 --- [           main] o.s.data.convert.CustomConversions       : Adding converter from class java.time.LocalDateTime to class [B as writing converter.
2024-03-20 14:14:15.671 DEBUG 28292 --- [           main] o.s.data.convert.CustomConversions       : Adding converter from class [B to class java.time.LocalDateTime as reading converter.
2024-03-20 14:14:15.671 DEBUG 28292 --- [           main] o.s.data.convert.CustomConversions       : Adding converter from class java.time.LocalDate to class [B as writing converter.
2024-03-20 14:14:15.671 DEBUG 28292 --- [           main] o.s.data.convert.CustomConversions       : Adding converter from class [B to class java.time.LocalDate as reading converter.
2024-03-20 14:14:15.671 DEBUG 28292 --- [           main] o.s.data.convert.CustomConversions       : Adding converter from class java.time.LocalTime to class [B as writing converter.
2024-03-20 14:14:15.671 DEBUG 28292 --- [           main] o.s.data.convert.CustomConversions       : Adding converter from class [B to class java.time.LocalTime as reading converter.
2024-03-20 14:14:15.671 DEBUG 28292 --- [           main] o.s.data.convert.CustomConversions       : Adding converter from class java.time.ZonedDateTime to class [B as writing converter.
2024-03-20 14:14:15.671 DEBUG 28292 --- [           main] o.s.data.convert.CustomConversions       : Adding converter from class [B to class java.time.ZonedDateTime as reading converter.
2024-03-20 14:14:15.671 DEBUG 28292 --- [           main] o.s.data.convert.CustomConversions       : Adding converter from class java.time.Instant to class [B as writing converter.
2024-03-20 14:14:15.671 DEBUG 28292 --- [           main] o.s.data.convert.CustomConversions       : Adding converter from class [B to class java.time.Instant as reading converter.
2024-03-20 14:14:15.672 DEBUG 28292 --- [           main] o.s.data.convert.CustomConversions       : Adding converter from class java.time.ZoneId to class [B as writing converter.
2024-03-20 14:14:15.672 DEBUG 28292 --- [           main] o.s.data.convert.CustomConversions       : Adding converter from class [B to class java.time.ZoneId as reading converter.
2024-03-20 14:14:15.672 DEBUG 28292 --- [           main] o.s.data.convert.CustomConversions       : Adding converter from class java.time.Period to class [B as writing converter.
2024-03-20 14:14:15.672 DEBUG 28292 --- [           main] o.s.data.convert.CustomConversions       : Adding converter from class [B to class java.time.Period as reading converter.
2024-03-20 14:14:15.672 DEBUG 28292 --- [           main] o.s.data.convert.CustomConversions       : Adding converter from class java.time.Duration to class [B as writing converter.
2024-03-20 14:14:15.672 DEBUG 28292 --- [           main] o.s.data.convert.CustomConversions       : Adding converter from class [B to class java.time.Duration as reading converter.
2024-03-20 14:14:15.672 DEBUG 28292 --- [           main] o.s.data.convert.CustomConversions       : Adding converter from class org.joda.time.LocalDate to class java.util.Date as writing converter.
2024-03-20 14:14:15.672 DEBUG 28292 --- [           main] o.s.data.convert.CustomConversions       : Adding converter from class org.joda.time.LocalDateTime to class java.util.Date as writing converter.
2024-03-20 14:14:15.680 DEBUG 28292 --- [           main] o.s.data.convert.CustomConversions       : Adding converter from class org.joda.time.DateTime to class java.util.Date as writing converter.
2024-03-20 14:14:15.680 DEBUG 28292 --- [           main] o.s.data.convert.CustomConversions       : Adding converter from class java.util.Date to class org.joda.time.LocalDate as reading converter.
2024-03-20 14:14:15.680 DEBUG 28292 --- [           main] o.s.data.convert.CustomConversions       : Adding converter from class java.util.Date to class org.joda.time.LocalDateTime as reading converter.
2024-03-20 14:14:15.680 DEBUG 28292 --- [           main] o.s.data.convert.CustomConversions       : Adding converter from class java.util.Date to class org.joda.time.DateTime as reading converter.
2024-03-20 14:14:15.680 DEBUG 28292 --- [           main] o.s.data.convert.CustomConversions       : Adding converter from class java.time.LocalDateTime to class org.joda.time.LocalDateTime as reading converter.
2024-03-20 14:14:15.680 DEBUG 28292 --- [           main] o.s.data.convert.CustomConversions       : Adding converter from class java.time.LocalDateTime to class org.joda.time.DateTime as reading converter.
2024-03-20 14:14:15.680 DEBUG 28292 --- [           main] o.s.data.convert.CustomConversions       : Adding converter from class java.time.Instant to class org.joda.time.LocalDateTime as reading converter.
2024-03-20 14:14:15.680 DEBUG 28292 --- [           main] o.s.data.convert.CustomConversions       : Adding converter from class org.joda.time.LocalDateTime to class java.time.Instant as writing converter.
2024-03-20 14:14:15.680 DEBUG 28292 --- [           main] o.s.data.convert.CustomConversions       : Adding converter from class org.joda.time.LocalDateTime to class java.time.LocalDateTime as writing converter.
2024-03-20 14:14:15.680 DEBUG 28292 --- [           main] o.s.data.convert.CustomConversions       : Adding converter from class java.util.Date to class java.time.LocalDateTime as reading converter.
2024-03-20 14:14:15.680 DEBUG 28292 --- [           main] o.s.data.convert.CustomConversions       : Adding converter from class java.time.LocalDateTime to class java.util.Date as writing converter.
2024-03-20 14:14:15.680 DEBUG 28292 --- [           main] o.s.data.convert.CustomConversions       : Adding converter from class java.util.Date to class java.time.LocalDate as reading converter.
2024-03-20 14:14:15.681 DEBUG 28292 --- [           main] o.s.data.convert.CustomConversions       : Adding converter from class java.time.LocalDate to class java.util.Date as writing converter.
2024-03-20 14:14:15.681 DEBUG 28292 --- [           main] o.s.data.convert.CustomConversions       : Adding converter from class java.util.Date to class java.time.LocalTime as reading converter.
2024-03-20 14:14:15.681 DEBUG 28292 --- [           main] o.s.data.convert.CustomConversions       : Adding converter from class java.time.LocalTime to class java.util.Date as writing converter.
2024-03-20 14:14:15.681 DEBUG 28292 --- [           main] o.s.data.convert.CustomConversions       : Adding converter from class java.util.Date to class java.time.Instant as reading converter.
2024-03-20 14:14:15.681 DEBUG 28292 --- [           main] o.s.data.convert.CustomConversions       : Adding converter from class java.time.Instant to class java.util.Date as writing converter.
2024-03-20 14:14:15.681 DEBUG 28292 --- [           main] o.s.data.convert.CustomConversions       : Adding converter from class java.time.LocalDateTime to class java.time.Instant as reading converter.
2024-03-20 14:14:15.681 DEBUG 28292 --- [           main] o.s.data.convert.CustomConversions       : Adding converter from class java.time.Instant to class java.time.LocalDateTime as reading converter.
2024-03-20 14:14:15.681 DEBUG 28292 --- [           main] o.s.data.convert.CustomConversions       : Adding converter from class java.time.ZoneId to class java.lang.String as writing converter.
2024-03-20 14:14:15.681 DEBUG 28292 --- [           main] o.s.data.convert.CustomConversions       : Adding converter from class java.lang.String to class java.time.ZoneId as reading converter.
2024-03-20 14:14:15.681 DEBUG 28292 --- [           main] o.s.data.convert.CustomConversions       : Adding converter from class java.time.Duration to class java.lang.String as writing converter.
2024-03-20 14:14:15.681 DEBUG 28292 --- [           main] o.s.data.convert.CustomConversions       : Adding converter from class java.lang.String to class java.time.Duration as reading converter.
2024-03-20 14:14:15.681 DEBUG 28292 --- [           main] o.s.data.convert.CustomConversions       : Adding converter from class java.time.Period to class java.lang.String as writing converter.
2024-03-20 14:14:15.681 DEBUG 28292 --- [           main] o.s.data.convert.CustomConversions       : Adding converter from class java.lang.String to class java.time.Period as reading converter.
2024-03-20 14:14:15.681 DEBUG 28292 --- [           main] o.s.data.convert.CustomConversions       : Adding converter from class java.lang.String to class java.time.LocalDate as reading converter.
2024-03-20 14:14:15.681 DEBUG 28292 --- [           main] o.s.data.convert.CustomConversions       : Adding converter from class java.lang.String to class java.time.LocalDateTime as reading converter.
2024-03-20 14:14:15.681 DEBUG 28292 --- [           main] o.s.data.convert.CustomConversions       : Adding converter from class java.lang.String to class java.time.Instant as reading converter.
2024-03-20 14:14:15.682 DEBUG 28292 --- [           main] o.s.data.convert.CustomConversions       : Adding converter from class java.lang.String to class [B as writing converter.
2024-03-20 14:14:15.682 DEBUG 28292 --- [           main] o.s.data.convert.CustomConversions       : Adding converter from class [B to class java.lang.String as reading converter.
2024-03-20 14:14:15.682 DEBUG 28292 --- [           main] o.s.data.convert.CustomConversions       : Adding converter from class java.lang.Number to class [B as writing converter.
2024-03-20 14:14:15.682 DEBUG 28292 --- [           main] o.s.data.convert.CustomConversions       : Adding converter from class [B to class java.lang.Number as reading converter.
2024-03-20 14:14:15.682 DEBUG 28292 --- [           main] o.s.data.convert.CustomConversions       : Adding converter from class java.lang.Enum to class [B as writing converter.
2024-03-20 14:14:15.682 DEBUG 28292 --- [           main] o.s.data.convert.CustomConversions       : Adding converter from class [B to class java.lang.Enum as reading converter.
2024-03-20 14:14:15.682 DEBUG 28292 --- [           main] o.s.data.convert.CustomConversions       : Adding converter from class java.lang.Boolean to class [B as writing converter.
2024-03-20 14:14:15.682 DEBUG 28292 --- [           main] o.s.data.convert.CustomConversions       : Adding converter from class [B to class java.lang.Boolean as reading converter.
2024-03-20 14:14:15.682 DEBUG 28292 --- [           main] o.s.data.convert.CustomConversions       : Adding converter from class java.util.Date to class [B as writing converter.
2024-03-20 14:14:15.682 DEBUG 28292 --- [           main] o.s.data.convert.CustomConversions       : Adding converter from class [B to class java.util.Date as reading converter.
2024-03-20 14:14:15.682 DEBUG 28292 --- [           main] o.s.data.convert.CustomConversions       : Adding converter from class java.util.UUID to class [B as writing converter.
2024-03-20 14:14:15.682 DEBUG 28292 --- [           main] o.s.data.convert.CustomConversions       : Adding converter from class [B to class java.util.UUID as reading converter.
2024-03-20 14:14:15.682 DEBUG 28292 --- [           main] o.s.data.convert.CustomConversions       : Adding converter from class java.time.LocalDateTime to class [B as writing converter.
2024-03-20 14:14:15.682 DEBUG 28292 --- [           main] o.s.data.convert.CustomConversions       : Adding converter from class [B to class java.time.LocalDateTime as reading converter.
2024-03-20 14:14:15.682 DEBUG 28292 --- [           main] o.s.data.convert.CustomConversions       : Adding converter from class java.time.LocalDate to class [B as writing converter.
2024-03-20 14:14:15.682 DEBUG 28292 --- [           main] o.s.data.convert.CustomConversions       : Adding converter from class [B to class java.time.LocalDate as reading converter.
2024-03-20 14:14:15.683 DEBUG 28292 --- [           main] o.s.data.convert.CustomConversions       : Adding converter from class java.time.LocalTime to class [B as writing converter.
2024-03-20 14:14:15.683 DEBUG 28292 --- [           main] o.s.data.convert.CustomConversions       : Adding converter from class [B to class java.time.LocalTime as reading converter.
2024-03-20 14:14:15.683 DEBUG 28292 --- [           main] o.s.data.convert.CustomConversions       : Adding converter from class java.time.ZonedDateTime to class [B as writing converter.
2024-03-20 14:14:15.683 DEBUG 28292 --- [           main] o.s.data.convert.CustomConversions       : Adding converter from class [B to class java.time.ZonedDateTime as reading converter.
2024-03-20 14:14:15.683 DEBUG 28292 --- [           main] o.s.data.convert.CustomConversions       : Adding converter from class java.time.Instant to class [B as writing converter.
2024-03-20 14:14:15.683 DEBUG 28292 --- [           main] o.s.data.convert.CustomConversions       : Adding converter from class [B to class java.time.Instant as reading converter.
2024-03-20 14:14:15.683 DEBUG 28292 --- [           main] o.s.data.convert.CustomConversions       : Adding converter from class java.time.ZoneId to class [B as writing converter.
2024-03-20 14:14:15.683 DEBUG 28292 --- [           main] o.s.data.convert.CustomConversions       : Adding converter from class [B to class java.time.ZoneId as reading converter.
2024-03-20 14:14:15.683 DEBUG 28292 --- [           main] o.s.data.convert.CustomConversions       : Adding converter from class java.time.Period to class [B as writing converter.
2024-03-20 14:14:15.683 DEBUG 28292 --- [           main] o.s.data.convert.CustomConversions       : Adding converter from class [B to class java.time.Period as reading converter.
2024-03-20 14:14:15.683 DEBUG 28292 --- [           main] o.s.data.convert.CustomConversions       : Adding converter from class java.time.Duration to class [B as writing converter.
2024-03-20 14:14:15.683 DEBUG 28292 --- [           main] o.s.data.convert.CustomConversions       : Adding converter from class [B to class java.time.Duration as reading converter.
2024-03-20 14:14:15.683 DEBUG 28292 --- [           main] o.s.data.convert.CustomConversions       : Adding converter from class org.joda.time.LocalDate to class java.util.Date as writing converter.
2024-03-20 14:14:15.683 DEBUG 28292 --- [           main] o.s.data.convert.CustomConversions       : Adding converter from class org.joda.time.LocalDateTime to class java.util.Date as writing converter.
2024-03-20 14:14:15.683 DEBUG 28292 --- [           main] o.s.data.convert.CustomConversions       : Adding converter from class org.joda.time.DateTime to class java.util.Date as writing converter.
2024-03-20 14:14:15.683 DEBUG 28292 --- [           main] o.s.data.convert.CustomConversions       : Adding converter from class java.util.Date to class org.joda.time.LocalDate as reading converter.
2024-03-20 14:14:15.683 DEBUG 28292 --- [           main] o.s.data.convert.CustomConversions       : Adding converter from class java.util.Date to class org.joda.time.LocalDateTime as reading converter.
2024-03-20 14:14:15.683 DEBUG 28292 --- [           main] o.s.data.convert.CustomConversions       : Adding converter from class java.util.Date to class org.joda.time.DateTime as reading converter.
2024-03-20 14:14:15.683 DEBUG 28292 --- [           main] o.s.data.convert.CustomConversions       : Adding converter from class java.time.LocalDateTime to class org.joda.time.LocalDateTime as reading converter.
2024-03-20 14:14:15.683 DEBUG 28292 --- [           main] o.s.data.convert.CustomConversions       : Adding converter from class java.time.LocalDateTime to class org.joda.time.DateTime as reading converter.
2024-03-20 14:14:15.683 DEBUG 28292 --- [           main] o.s.data.convert.CustomConversions       : Adding converter from class java.time.Instant to class org.joda.time.LocalDateTime as reading converter.
2024-03-20 14:14:15.683 DEBUG 28292 --- [           main] o.s.data.convert.CustomConversions       : Adding converter from class org.joda.time.LocalDateTime to class java.time.Instant as writing converter.
2024-03-20 14:14:15.683 DEBUG 28292 --- [           main] o.s.data.convert.CustomConversions       : Adding converter from class org.joda.time.LocalDateTime to class java.time.LocalDateTime as writing converter.
2024-03-20 14:14:15.683 DEBUG 28292 --- [           main] o.s.data.convert.CustomConversions       : Adding converter from class java.util.Date to class java.time.LocalDateTime as reading converter.
2024-03-20 14:14:15.683 DEBUG 28292 --- [           main] o.s.data.convert.CustomConversions       : Adding converter from class java.time.LocalDateTime to class java.util.Date as writing converter.
2024-03-20 14:14:15.683 DEBUG 28292 --- [           main] o.s.data.convert.CustomConversions       : Adding converter from class java.util.Date to class java.time.LocalDate as reading converter.
2024-03-20 14:14:15.683 DEBUG 28292 --- [           main] o.s.data.convert.CustomConversions       : Adding converter from class java.time.LocalDate to class java.util.Date as writing converter.
2024-03-20 14:14:15.683 DEBUG 28292 --- [           main] o.s.data.convert.CustomConversions       : Adding converter from class java.util.Date to class java.time.LocalTime as reading converter.
2024-03-20 14:14:15.684 DEBUG 28292 --- [           main] o.s.data.convert.CustomConversions       : Adding converter from class java.time.LocalTime to class java.util.Date as writing converter.
2024-03-20 14:14:15.684 DEBUG 28292 --- [           main] o.s.data.convert.CustomConversions       : Adding converter from class java.util.Date to class java.time.Instant as reading converter.
2024-03-20 14:14:15.684 DEBUG 28292 --- [           main] o.s.data.convert.CustomConversions       : Adding converter from class java.time.Instant to class java.util.Date as writing converter.
2024-03-20 14:14:15.684 DEBUG 28292 --- [           main] o.s.data.convert.CustomConversions       : Adding converter from class java.time.LocalDateTime to class java.time.Instant as reading converter.
2024-03-20 14:14:15.684 DEBUG 28292 --- [           main] o.s.data.convert.CustomConversions       : Adding converter from class java.time.Instant to class java.time.LocalDateTime as reading converter.
2024-03-20 14:14:15.684 DEBUG 28292 --- [           main] o.s.data.convert.CustomConversions       : Adding converter from class java.time.ZoneId to class java.lang.String as writing converter.
2024-03-20 14:14:15.684 DEBUG 28292 --- [           main] o.s.data.convert.CustomConversions       : Adding converter from class java.lang.String to class java.time.ZoneId as reading converter.
2024-03-20 14:14:15.684 DEBUG 28292 --- [           main] o.s.data.convert.CustomConversions       : Adding converter from class java.time.Duration to class java.lang.String as writing converter.
2024-03-20 14:14:15.684 DEBUG 28292 --- [           main] o.s.data.convert.CustomConversions       : Adding converter from class java.lang.String to class java.time.Duration as reading converter.
2024-03-20 14:14:15.684 DEBUG 28292 --- [           main] o.s.data.convert.CustomConversions       : Adding converter from class java.time.Period to class java.lang.String as writing converter.
2024-03-20 14:14:15.684 DEBUG 28292 --- [           main] o.s.data.convert.CustomConversions       : Adding converter from class java.lang.String to class java.time.Period as reading converter.
2024-03-20 14:14:15.684 DEBUG 28292 --- [           main] o.s.data.convert.CustomConversions       : Adding converter from class java.lang.String to class java.time.LocalDate as reading converter.
2024-03-20 14:14:15.684 DEBUG 28292 --- [           main] o.s.data.convert.CustomConversions       : Adding converter from class java.lang.String to class java.time.LocalDateTime as reading converter.
2024-03-20 14:14:15.684 DEBUG 28292 --- [           main] o.s.data.convert.CustomConversions       : Adding converter from class java.lang.String to class java.time.Instant as reading converter.
2024-03-20 14:14:15.690 DEBUG 28292 --- [           main] o.s.data.convert.CustomConversions       : Adding converter from class java.lang.String to class [B as writing converter.
2024-03-20 14:14:15.690 DEBUG 28292 --- [           main] o.s.data.convert.CustomConversions       : Adding converter from class [B to class java.lang.String as reading converter.
2024-03-20 14:14:15.690 DEBUG 28292 --- [           main] o.s.data.convert.CustomConversions       : Adding converter from class java.lang.Number to class [B as writing converter.
2024-03-20 14:14:15.690 DEBUG 28292 --- [           main] o.s.data.convert.CustomConversions       : Adding converter from class [B to class java.lang.Number as reading converter.
2024-03-20 14:14:15.690 DEBUG 28292 --- [           main] o.s.data.convert.CustomConversions       : Adding converter from class java.lang.Enum to class [B as writing converter.
2024-03-20 14:14:15.690 DEBUG 28292 --- [           main] o.s.data.convert.CustomConversions       : Adding converter from class [B to class java.lang.Enum as reading converter.
2024-03-20 14:14:15.690 DEBUG 28292 --- [           main] o.s.data.convert.CustomConversions       : Adding converter from class java.lang.Boolean to class [B as writing converter.
2024-03-20 14:14:15.690 DEBUG 28292 --- [           main] o.s.data.convert.CustomConversions       : Adding converter from class [B to class java.lang.Boolean as reading converter.
2024-03-20 14:14:15.690 DEBUG 28292 --- [           main] o.s.data.convert.CustomConversions       : Adding converter from class java.util.Date to class [B as writing converter.
2024-03-20 14:14:15.690 DEBUG 28292 --- [           main] o.s.data.convert.CustomConversions       : Adding converter from class [B to class java.util.Date as reading converter.
2024-03-20 14:14:15.690 DEBUG 28292 --- [           main] o.s.data.convert.CustomConversions       : Adding converter from class java.util.UUID to class [B as writing converter.
2024-03-20 14:14:15.690 DEBUG 28292 --- [           main] o.s.data.convert.CustomConversions       : Adding converter from class [B to class java.util.UUID as reading converter.
2024-03-20 14:14:15.691 DEBUG 28292 --- [           main] o.s.data.convert.CustomConversions       : Adding converter from class java.time.LocalDateTime to class [B as writing converter.
2024-03-20 14:14:15.691 DEBUG 28292 --- [           main] o.s.data.convert.CustomConversions       : Adding converter from class [B to class java.time.LocalDateTime as reading converter.
2024-03-20 14:14:15.691 DEBUG 28292 --- [           main] o.s.data.convert.CustomConversions       : Adding converter from class java.time.LocalDate to class [B as writing converter.
2024-03-20 14:14:15.691 DEBUG 28292 --- [           main] o.s.data.convert.CustomConversions       : Adding converter from class [B to class java.time.LocalDate as reading converter.
2024-03-20 14:14:15.691 DEBUG 28292 --- [           main] o.s.data.convert.CustomConversions       : Adding converter from class java.time.LocalTime to class [B as writing converter.
2024-03-20 14:14:15.691 DEBUG 28292 --- [           main] o.s.data.convert.CustomConversions       : Adding converter from class [B to class java.time.LocalTime as reading converter.
2024-03-20 14:14:15.691 DEBUG 28292 --- [           main] o.s.data.convert.CustomConversions       : Adding converter from class java.time.ZonedDateTime to class [B as writing converter.
2024-03-20 14:14:15.691 DEBUG 28292 --- [           main] o.s.data.convert.CustomConversions       : Adding converter from class [B to class java.time.ZonedDateTime as reading converter.
2024-03-20 14:14:15.691 DEBUG 28292 --- [           main] o.s.data.convert.CustomConversions       : Adding converter from class java.time.Instant to class [B as writing converter.
2024-03-20 14:14:15.691 DEBUG 28292 --- [           main] o.s.data.convert.CustomConversions       : Adding converter from class [B to class java.time.Instant as reading converter.
2024-03-20 14:14:15.691 DEBUG 28292 --- [           main] o.s.data.convert.CustomConversions       : Adding converter from class java.time.ZoneId to class [B as writing converter.
2024-03-20 14:14:15.691 DEBUG 28292 --- [           main] o.s.data.convert.CustomConversions       : Adding converter from class [B to class java.time.ZoneId as reading converter.
2024-03-20 14:14:15.691 DEBUG 28292 --- [           main] o.s.data.convert.CustomConversions       : Adding converter from class java.time.Period to class [B as writing converter.
2024-03-20 14:14:15.691 DEBUG 28292 --- [           main] o.s.data.convert.CustomConversions       : Adding converter from class [B to class java.time.Period as reading converter.
2024-03-20 14:14:15.691 DEBUG 28292 --- [           main] o.s.data.convert.CustomConversions       : Adding converter from class java.time.Duration to class [B as writing converter.
2024-03-20 14:14:15.691 DEBUG 28292 --- [           main] o.s.data.convert.CustomConversions       : Adding converter from class [B to class java.time.Duration as reading converter.
2024-03-20 14:14:15.691 DEBUG 28292 --- [           main] o.s.data.convert.CustomConversions       : Adding converter from class org.joda.time.LocalDate to class java.util.Date as writing converter.
2024-03-20 14:14:15.691 DEBUG 28292 --- [           main] o.s.data.convert.CustomConversions       : Adding converter from class org.joda.time.LocalDateTime to class java.util.Date as writing converter.
2024-03-20 14:14:15.691 DEBUG 28292 --- [           main] o.s.data.convert.CustomConversions       : Adding converter from class org.joda.time.DateTime to class java.util.Date as writing converter.
2024-03-20 14:14:15.691 DEBUG 28292 --- [           main] o.s.data.convert.CustomConversions       : Adding converter from class java.util.Date to class org.joda.time.LocalDate as reading converter.
2024-03-20 14:14:15.691 DEBUG 28292 --- [           main] o.s.data.convert.CustomConversions       : Adding converter from class java.util.Date to class org.joda.time.LocalDateTime as reading converter.
2024-03-20 14:14:15.691 DEBUG 28292 --- [           main] o.s.data.convert.CustomConversions       : Adding converter from class java.util.Date to class org.joda.time.DateTime as reading converter.
2024-03-20 14:14:15.691 DEBUG 28292 --- [           main] o.s.data.convert.CustomConversions       : Adding converter from class java.time.LocalDateTime to class org.joda.time.LocalDateTime as reading converter.
2024-03-20 14:14:15.691 DEBUG 28292 --- [           main] o.s.data.convert.CustomConversions       : Adding converter from class java.time.LocalDateTime to class org.joda.time.DateTime as reading converter.
2024-03-20 14:14:15.691 DEBUG 28292 --- [           main] o.s.data.convert.CustomConversions       : Adding converter from class java.time.Instant to class org.joda.time.LocalDateTime as reading converter.
2024-03-20 14:14:15.691 DEBUG 28292 --- [           main] o.s.data.convert.CustomConversions       : Adding converter from class org.joda.time.LocalDateTime to class java.time.Instant as writing converter.
2024-03-20 14:14:15.691 DEBUG 28292 --- [           main] o.s.data.convert.CustomConversions       : Adding converter from class org.joda.time.LocalDateTime to class java.time.LocalDateTime as writing converter.
2024-03-20 14:14:15.691 DEBUG 28292 --- [           main] o.s.data.convert.CustomConversions       : Adding converter from class java.util.Date to class java.time.LocalDateTime as reading converter.
2024-03-20 14:14:15.691 DEBUG 28292 --- [           main] o.s.data.convert.CustomConversions       : Adding converter from class java.time.LocalDateTime to class java.util.Date as writing converter.
2024-03-20 14:14:15.691 DEBUG 28292 --- [           main] o.s.data.convert.CustomConversions       : Adding converter from class java.util.Date to class java.time.LocalDate as reading converter.
2024-03-20 14:14:15.691 DEBUG 28292 --- [           main] o.s.data.convert.CustomConversions       : Adding converter from class java.time.LocalDate to class java.util.Date as writing converter.
2024-03-20 14:14:15.691 DEBUG 28292 --- [           main] o.s.data.convert.CustomConversions       : Adding converter from class java.util.Date to class java.time.LocalTime as reading converter.
2024-03-20 14:14:15.691 DEBUG 28292 --- [           main] o.s.data.convert.CustomConversions       : Adding converter from class java.time.LocalTime to class java.util.Date as writing converter.
2024-03-20 14:14:15.691 DEBUG 28292 --- [           main] o.s.data.convert.CustomConversions       : Adding converter from class java.util.Date to class java.time.Instant as reading converter.
2024-03-20 14:14:15.691 DEBUG 28292 --- [           main] o.s.data.convert.CustomConversions       : Adding converter from class java.time.Instant to class java.util.Date as writing converter.
2024-03-20 14:14:15.692 DEBUG 28292 --- [           main] o.s.data.convert.CustomConversions       : Adding converter from class java.time.LocalDateTime to class java.time.Instant as reading converter.
2024-03-20 14:14:15.692 DEBUG 28292 --- [           main] o.s.data.convert.CustomConversions       : Adding converter from class java.time.Instant to class java.time.LocalDateTime as reading converter.
2024-03-20 14:14:15.692 DEBUG 28292 --- [           main] o.s.data.convert.CustomConversions       : Adding converter from class java.time.ZoneId to class java.lang.String as writing converter.
2024-03-20 14:14:15.692 DEBUG 28292 --- [           main] o.s.data.convert.CustomConversions       : Adding converter from class java.lang.String to class java.time.ZoneId as reading converter.
2024-03-20 14:14:15.692 DEBUG 28292 --- [           main] o.s.data.convert.CustomConversions       : Adding converter from class java.time.Duration to class java.lang.String as writing converter.
2024-03-20 14:14:15.692 DEBUG 28292 --- [           main] o.s.data.convert.CustomConversions       : Adding converter from class java.lang.String to class java.time.Duration as reading converter.
2024-03-20 14:14:15.692 DEBUG 28292 --- [           main] o.s.data.convert.CustomConversions       : Adding converter from class java.time.Period to class java.lang.String as writing converter.
2024-03-20 14:14:15.692 DEBUG 28292 --- [           main] o.s.data.convert.CustomConversions       : Adding converter from class java.lang.String to class java.time.Period as reading converter.
2024-03-20 14:14:15.692 DEBUG 28292 --- [           main] o.s.data.convert.CustomConversions       : Adding converter from class java.lang.String to class java.time.LocalDate as reading converter.
2024-03-20 14:14:15.692 DEBUG 28292 --- [           main] o.s.data.convert.CustomConversions       : Adding converter from class java.lang.String to class java.time.LocalDateTime as reading converter.
2024-03-20 14:14:15.692 DEBUG 28292 --- [           main] o.s.data.convert.CustomConversions       : Adding converter from class java.lang.String to class java.time.Instant as reading converter.
2024-03-20 14:14:15.718 DEBUG 28292 --- [           main] o.s.b.f.s.DefaultListableBeanFactory     : Creating shared instance of singleton bean 'reactiveStringRedisTemplate'
2024-03-20 14:14:15.719 DEBUG 28292 --- [           main] o.s.b.f.s.DefaultListableBeanFactory     : Autowiring by type from bean name 'reactiveStringRedisTemplate' via factory method to bean named 'redisConnectionFactory'
2024-03-20 14:14:15.720 DEBUG 28292 --- [           main] o.s.data.convert.CustomConversions       : Adding converter from class java.lang.String to class [B as writing converter.
2024-03-20 14:14:15.720 DEBUG 28292 --- [           main] o.s.data.convert.CustomConversions       : Adding converter from class [B to class java.lang.String as reading converter.
2024-03-20 14:14:15.720 DEBUG 28292 --- [           main] o.s.data.convert.CustomConversions       : Adding converter from class java.lang.Number to class [B as writing converter.
2024-03-20 14:14:15.720 DEBUG 28292 --- [           main] o.s.data.convert.CustomConversions       : Adding converter from class [B to class java.lang.Number as reading converter.
2024-03-20 14:14:15.721 DEBUG 28292 --- [           main] o.s.data.convert.CustomConversions       : Adding converter from class java.lang.Enum to class [B as writing converter.
2024-03-20 14:14:15.721 DEBUG 28292 --- [           main] o.s.data.convert.CustomConversions       : Adding converter from class [B to class java.lang.Enum as reading converter.
2024-03-20 14:14:15.721 DEBUG 28292 --- [           main] o.s.data.convert.CustomConversions       : Adding converter from class java.lang.Boolean to class [B as writing converter.
2024-03-20 14:14:15.721 DEBUG 28292 --- [           main] o.s.data.convert.CustomConversions       : Adding converter from class [B to class java.lang.Boolean as reading converter.
2024-03-20 14:14:15.721 DEBUG 28292 --- [           main] o.s.data.convert.CustomConversions       : Adding converter from class java.util.Date to class [B as writing converter.
2024-03-20 14:14:15.721 DEBUG 28292 --- [           main] o.s.data.convert.CustomConversions       : Adding converter from class [B to class java.util.Date as reading converter.
2024-03-20 14:14:15.721 DEBUG 28292 --- [           main] o.s.data.convert.CustomConversions       : Adding converter from class java.util.UUID to class [B as writing converter.
2024-03-20 14:14:15.721 DEBUG 28292 --- [           main] o.s.data.convert.CustomConversions       : Adding converter from class [B to class java.util.UUID as reading converter.
2024-03-20 14:14:15.721 DEBUG 28292 --- [           main] o.s.data.convert.CustomConversions       : Adding converter from class java.time.LocalDateTime to class [B as writing converter.
2024-03-20 14:14:15.721 DEBUG 28292 --- [           main] o.s.data.convert.CustomConversions       : Adding converter from class [B to class java.time.LocalDateTime as reading converter.
2024-03-20 14:14:15.721 DEBUG 28292 --- [           main] o.s.data.convert.CustomConversions       : Adding converter from class java.time.LocalDate to class [B as writing converter.
2024-03-20 14:14:15.721 DEBUG 28292 --- [           main] o.s.data.convert.CustomConversions       : Adding converter from class [B to class java.time.LocalDate as reading converter.
2024-03-20 14:14:15.721 DEBUG 28292 --- [           main] o.s.data.convert.CustomConversions       : Adding converter from class java.time.LocalTime to class [B as writing converter.
2024-03-20 14:14:15.721 DEBUG 28292 --- [           main] o.s.data.convert.CustomConversions       : Adding converter from class [B to class java.time.LocalTime as reading converter.
2024-03-20 14:14:15.721 DEBUG 28292 --- [           main] o.s.data.convert.CustomConversions       : Adding converter from class java.time.ZonedDateTime to class [B as writing converter.
2024-03-20 14:14:15.721 DEBUG 28292 --- [           main] o.s.data.convert.CustomConversions       : Adding converter from class [B to class java.time.ZonedDateTime as reading converter.
2024-03-20 14:14:15.721 DEBUG 28292 --- [           main] o.s.data.convert.CustomConversions       : Adding converter from class java.time.Instant to class [B as writing converter.
2024-03-20 14:14:15.721 DEBUG 28292 --- [           main] o.s.data.convert.CustomConversions       : Adding converter from class [B to class java.time.Instant as reading converter.
2024-03-20 14:14:15.721 DEBUG 28292 --- [           main] o.s.data.convert.CustomConversions       : Adding converter from class java.time.ZoneId to class [B as writing converter.
2024-03-20 14:14:15.721 DEBUG 28292 --- [           main] o.s.data.convert.CustomConversions       : Adding converter from class [B to class java.time.ZoneId as reading converter.
2024-03-20 14:14:15.721 DEBUG 28292 --- [           main] o.s.data.convert.CustomConversions       : Adding converter from class java.time.Period to class [B as writing converter.
2024-03-20 14:14:15.721 DEBUG 28292 --- [           main] o.s.data.convert.CustomConversions       : Adding converter from class [B to class java.time.Period as reading converter.
2024-03-20 14:14:15.721 DEBUG 28292 --- [           main] o.s.data.convert.CustomConversions       : Adding converter from class java.time.Duration to class [B as writing converter.
2024-03-20 14:14:15.721 DEBUG 28292 --- [           main] o.s.data.convert.CustomConversions       : Adding converter from class [B to class java.time.Duration as reading converter.
2024-03-20 14:14:15.721 DEBUG 28292 --- [           main] o.s.data.convert.CustomConversions       : Adding converter from class org.joda.time.LocalDate to class java.util.Date as writing converter.
2024-03-20 14:14:15.721 DEBUG 28292 --- [           main] o.s.data.convert.CustomConversions       : Adding converter from class org.joda.time.LocalDateTime to class java.util.Date as writing converter.
2024-03-20 14:14:15.721 DEBUG 28292 --- [           main] o.s.data.convert.CustomConversions       : Adding converter from class org.joda.time.DateTime to class java.util.Date as writing converter.
2024-03-20 14:14:15.721 DEBUG 28292 --- [           main] o.s.data.convert.CustomConversions       : Adding converter from class java.util.Date to class org.joda.time.LocalDate as reading converter.
2024-03-20 14:14:15.721 DEBUG 28292 --- [           main] o.s.data.convert.CustomConversions       : Adding converter from class java.util.Date to class org.joda.time.LocalDateTime as reading converter.
2024-03-20 14:14:15.721 DEBUG 28292 --- [           main] o.s.data.convert.CustomConversions       : Adding converter from class java.util.Date to class org.joda.time.DateTime as reading converter.
2024-03-20 14:14:15.721 DEBUG 28292 --- [           main] o.s.data.convert.CustomConversions       : Adding converter from class java.time.LocalDateTime to class org.joda.time.LocalDateTime as reading converter.
2024-03-20 14:14:15.721 DEBUG 28292 --- [           main] o.s.data.convert.CustomConversions       : Adding converter from class java.time.LocalDateTime to class org.joda.time.DateTime as reading converter.
2024-03-20 14:14:15.721 DEBUG 28292 --- [           main] o.s.data.convert.CustomConversions       : Adding converter from class java.time.Instant to class org.joda.time.LocalDateTime as reading converter.
2024-03-20 14:14:15.721 DEBUG 28292 --- [           main] o.s.data.convert.CustomConversions       : Adding converter from class org.joda.time.LocalDateTime to class java.time.Instant as writing converter.
2024-03-20 14:14:15.721 DEBUG 28292 --- [           main] o.s.data.convert.CustomConversions       : Adding converter from class org.joda.time.LocalDateTime to class java.time.LocalDateTime as writing converter.
2024-03-20 14:14:15.721 DEBUG 28292 --- [           main] o.s.data.convert.CustomConversions       : Adding converter from class java.util.Date to class java.time.LocalDateTime as reading converter.
2024-03-20 14:14:15.721 DEBUG 28292 --- [           main] o.s.data.convert.CustomConversions       : Adding converter from class java.time.LocalDateTime to class java.util.Date as writing converter.
2024-03-20 14:14:15.721 DEBUG 28292 --- [           main] o.s.data.convert.CustomConversions       : Adding converter from class java.util.Date to class java.time.LocalDate as reading converter.
2024-03-20 14:14:15.722 DEBUG 28292 --- [           main] o.s.data.convert.CustomConversions       : Adding converter from class java.time.LocalDate to class java.util.Date as writing converter.
2024-03-20 14:14:15.722 DEBUG 28292 --- [           main] o.s.data.convert.CustomConversions       : Adding converter from class java.util.Date to class java.time.LocalTime as reading converter.
2024-03-20 14:14:15.722 DEBUG 28292 --- [           main] o.s.data.convert.CustomConversions       : Adding converter from class java.time.LocalTime to class java.util.Date as writing converter.
2024-03-20 14:14:15.722 DEBUG 28292 --- [           main] o.s.data.convert.CustomConversions       : Adding converter from class java.util.Date to class java.time.Instant as reading converter.
2024-03-20 14:14:15.722 DEBUG 28292 --- [           main] o.s.data.convert.CustomConversions       : Adding converter from class java.time.Instant to class java.util.Date as writing converter.
2024-03-20 14:14:15.722 DEBUG 28292 --- [           main] o.s.data.convert.CustomConversions       : Adding converter from class java.time.LocalDateTime to class java.time.Instant as reading converter.
2024-03-20 14:14:15.722 DEBUG 28292 --- [           main] o.s.data.convert.CustomConversions       : Adding converter from class java.time.Instant to class java.time.LocalDateTime as reading converter.
2024-03-20 14:14:15.722 DEBUG 28292 --- [           main] o.s.data.convert.CustomConversions       : Adding converter from class java.time.ZoneId to class java.lang.String as writing converter.
2024-03-20 14:14:15.722 DEBUG 28292 --- [           main] o.s.data.convert.CustomConversions       : Adding converter from class java.lang.String to class java.time.ZoneId as reading converter.
2024-03-20 14:14:15.722 DEBUG 28292 --- [           main] o.s.data.convert.CustomConversions       : Adding converter from class java.time.Duration to class java.lang.String as writing converter.
2024-03-20 14:14:15.722 DEBUG 28292 --- [           main] o.s.data.convert.CustomConversions       : Adding converter from class java.lang.String to class java.time.Duration as reading converter.
2024-03-20 14:14:15.722 DEBUG 28292 --- [           main] o.s.data.convert.CustomConversions       : Adding converter from class java.time.Period to class java.lang.String as writing converter.
2024-03-20 14:14:15.722 DEBUG 28292 --- [           main] o.s.data.convert.CustomConversions       : Adding converter from class java.lang.String to class java.time.Period as reading converter.
2024-03-20 14:14:15.722 DEBUG 28292 --- [           main] o.s.data.convert.CustomConversions       : Adding converter from class java.lang.String to class java.time.LocalDate as reading converter.
2024-03-20 14:14:15.722 DEBUG 28292 --- [           main] o.s.data.convert.CustomConversions       : Adding converter from class java.lang.String to class java.time.LocalDateTime as reading converter.
2024-03-20 14:14:15.722 DEBUG 28292 --- [           main] o.s.data.convert.CustomConversions       : Adding converter from class java.lang.String to class java.time.Instant as reading converter.
2024-03-20 14:14:15.723 DEBUG 28292 --- [           main] o.s.data.convert.CustomConversions       : Adding converter from class java.lang.String to class [B as writing converter.
2024-03-20 14:14:15.723 DEBUG 28292 --- [           main] o.s.data.convert.CustomConversions       : Adding converter from class [B to class java.lang.String as reading converter.
2024-03-20 14:14:15.723 DEBUG 28292 --- [           main] o.s.data.convert.CustomConversions       : Adding converter from class java.lang.Number to class [B as writing converter.
2024-03-20 14:14:15.723 DEBUG 28292 --- [           main] o.s.data.convert.CustomConversions       : Adding converter from class [B to class java.lang.Number as reading converter.
2024-03-20 14:14:15.723 DEBUG 28292 --- [           main] o.s.data.convert.CustomConversions       : Adding converter from class java.lang.Enum to class [B as writing converter.
2024-03-20 14:14:15.723 DEBUG 28292 --- [           main] o.s.data.convert.CustomConversions       : Adding converter from class [B to class java.lang.Enum as reading converter.
2024-03-20 14:14:15.723 DEBUG 28292 --- [           main] o.s.data.convert.CustomConversions       : Adding converter from class java.lang.Boolean to class [B as writing converter.
2024-03-20 14:14:15.723 DEBUG 28292 --- [           main] o.s.data.convert.CustomConversions       : Adding converter from class [B to class java.lang.Boolean as reading converter.
2024-03-20 14:14:15.723 DEBUG 28292 --- [           main] o.s.data.convert.CustomConversions       : Adding converter from class java.util.Date to class [B as writing converter.
2024-03-20 14:14:15.723 DEBUG 28292 --- [           main] o.s.data.convert.CustomConversions       : Adding converter from class [B to class java.util.Date as reading converter.
2024-03-20 14:14:15.723 DEBUG 28292 --- [           main] o.s.data.convert.CustomConversions       : Adding converter from class java.util.UUID to class [B as writing converter.
2024-03-20 14:14:15.723 DEBUG 28292 --- [           main] o.s.data.convert.CustomConversions       : Adding converter from class [B to class java.util.UUID as reading converter.
2024-03-20 14:14:15.723 DEBUG 28292 --- [           main] o.s.data.convert.CustomConversions       : Adding converter from class java.time.LocalDateTime to class [B as writing converter.
2024-03-20 14:14:15.723 DEBUG 28292 --- [           main] o.s.data.convert.CustomConversions       : Adding converter from class [B to class java.time.LocalDateTime as reading converter.
2024-03-20 14:14:15.723 DEBUG 28292 --- [           main] o.s.data.convert.CustomConversions       : Adding converter from class java.time.LocalDate to class [B as writing converter.
2024-03-20 14:14:15.723 DEBUG 28292 --- [           main] o.s.data.convert.CustomConversions       : Adding converter from class [B to class java.time.LocalDate as reading converter.
2024-03-20 14:14:15.723 DEBUG 28292 --- [           main] o.s.data.convert.CustomConversions       : Adding converter from class java.time.LocalTime to class [B as writing converter.
2024-03-20 14:14:15.723 DEBUG 28292 --- [           main] o.s.data.convert.CustomConversions       : Adding converter from class [B to class java.time.LocalTime as reading converter.
2024-03-20 14:14:15.723 DEBUG 28292 --- [           main] o.s.data.convert.CustomConversions       : Adding converter from class java.time.ZonedDateTime to class [B as writing converter.
2024-03-20 14:14:15.723 DEBUG 28292 --- [           main] o.s.data.convert.CustomConversions       : Adding converter from class [B to class java.time.ZonedDateTime as reading converter.
2024-03-20 14:14:15.723 DEBUG 28292 --- [           main] o.s.data.convert.CustomConversions       : Adding converter from class java.time.Instant to class [B as writing converter.
2024-03-20 14:14:15.723 DEBUG 28292 --- [           main] o.s.data.convert.CustomConversions       : Adding converter from class [B to class java.time.Instant as reading converter.
2024-03-20 14:14:15.723 DEBUG 28292 --- [           main] o.s.data.convert.CustomConversions       : Adding converter from class java.time.ZoneId to class [B as writing converter.
2024-03-20 14:14:15.723 DEBUG 28292 --- [           main] o.s.data.convert.CustomConversions       : Adding converter from class [B to class java.time.ZoneId as reading converter.
2024-03-20 14:14:15.723 DEBUG 28292 --- [           main] o.s.data.convert.CustomConversions       : Adding converter from class java.time.Period to class [B as writing converter.
2024-03-20 14:14:15.723 DEBUG 28292 --- [           main] o.s.data.convert.CustomConversions       : Adding converter from class [B to class java.time.Period as reading converter.
2024-03-20 14:14:15.723 DEBUG 28292 --- [           main] o.s.data.convert.CustomConversions       : Adding converter from class java.time.Duration to class [B as writing converter.
2024-03-20 14:14:15.723 DEBUG 28292 --- [           main] o.s.data.convert.CustomConversions       : Adding converter from class [B to class java.time.Duration as reading converter.
2024-03-20 14:14:15.723 DEBUG 28292 --- [           main] o.s.data.convert.CustomConversions       : Adding converter from class org.joda.time.LocalDate to class java.util.Date as writing converter.
2024-03-20 14:14:15.724 DEBUG 28292 --- [           main] o.s.data.convert.CustomConversions       : Adding converter from class org.joda.time.LocalDateTime to class java.util.Date as writing converter.
2024-03-20 14:14:15.724 DEBUG 28292 --- [           main] o.s.data.convert.CustomConversions       : Adding converter from class org.joda.time.DateTime to class java.util.Date as writing converter.
2024-03-20 14:14:15.724 DEBUG 28292 --- [           main] o.s.data.convert.CustomConversions       : Adding converter from class java.util.Date to class org.joda.time.LocalDate as reading converter.
2024-03-20 14:14:15.724 DEBUG 28292 --- [           main] o.s.data.convert.CustomConversions       : Adding converter from class java.util.Date to class org.joda.time.LocalDateTime as reading converter.
2024-03-20 14:14:15.724 DEBUG 28292 --- [           main] o.s.data.convert.CustomConversions       : Adding converter from class java.util.Date to class org.joda.time.DateTime as reading converter.
2024-03-20 14:14:15.724 DEBUG 28292 --- [           main] o.s.data.convert.CustomConversions       : Adding converter from class java.time.LocalDateTime to class org.joda.time.LocalDateTime as reading converter.
2024-03-20 14:14:15.724 DEBUG 28292 --- [           main] o.s.data.convert.CustomConversions       : Adding converter from class java.time.LocalDateTime to class org.joda.time.DateTime as reading converter.
2024-03-20 14:14:15.724 DEBUG 28292 --- [           main] o.s.data.convert.CustomConversions       : Adding converter from class java.time.Instant to class org.joda.time.LocalDateTime as reading converter.
2024-03-20 14:14:15.724 DEBUG 28292 --- [           main] o.s.data.convert.CustomConversions       : Adding converter from class org.joda.time.LocalDateTime to class java.time.Instant as writing converter.
2024-03-20 14:14:15.724 DEBUG 28292 --- [           main] o.s.data.convert.CustomConversions       : Adding converter from class org.joda.time.LocalDateTime to class java.time.LocalDateTime as writing converter.
2024-03-20 14:14:15.724 DEBUG 28292 --- [           main] o.s.data.convert.CustomConversions       : Adding converter from class java.util.Date to class java.time.LocalDateTime as reading converter.
2024-03-20 14:14:15.724 DEBUG 28292 --- [           main] o.s.data.convert.CustomConversions       : Adding converter from class java.time.LocalDateTime to class java.util.Date as writing converter.
2024-03-20 14:14:15.724 DEBUG 28292 --- [           main] o.s.data.convert.CustomConversions       : Adding converter from class java.util.Date to class java.time.LocalDate as reading converter.
2024-03-20 14:14:15.724 DEBUG 28292 --- [           main] o.s.data.convert.CustomConversions       : Adding converter from class java.time.LocalDate to class java.util.Date as writing converter.
2024-03-20 14:14:15.724 DEBUG 28292 --- [           main] o.s.data.convert.CustomConversions       : Adding converter from class java.util.Date to class java.time.LocalTime as reading converter.
2024-03-20 14:14:15.724 DEBUG 28292 --- [           main] o.s.data.convert.CustomConversions       : Adding converter from class java.time.LocalTime to class java.util.Date as writing converter.
2024-03-20 14:14:15.724 DEBUG 28292 --- [           main] o.s.data.convert.CustomConversions       : Adding converter from class java.util.Date to class java.time.Instant as reading converter.
2024-03-20 14:14:15.724 DEBUG 28292 --- [           main] o.s.data.convert.CustomConversions       : Adding converter from class java.time.Instant to class java.util.Date as writing converter.
2024-03-20 14:14:15.724 DEBUG 28292 --- [           main] o.s.data.convert.CustomConversions       : Adding converter from class java.time.LocalDateTime to class java.time.Instant as reading converter.
2024-03-20 14:14:15.724 DEBUG 28292 --- [           main] o.s.data.convert.CustomConversions       : Adding converter from class java.time.Instant to class java.time.LocalDateTime as reading converter.
2024-03-20 14:14:15.724 DEBUG 28292 --- [           main] o.s.data.convert.CustomConversions       : Adding converter from class java.time.ZoneId to class java.lang.String as writing converter.
2024-03-20 14:14:15.724 DEBUG 28292 --- [           main] o.s.data.convert.CustomConversions       : Adding converter from class java.lang.String to class java.time.ZoneId as reading converter.
2024-03-20 14:14:15.724 DEBUG 28292 --- [           main] o.s.data.convert.CustomConversions       : Adding converter from class java.time.Duration to class java.lang.String as writing converter.
2024-03-20 14:14:15.724 DEBUG 28292 --- [           main] o.s.data.convert.CustomConversions       : Adding converter from class java.lang.String to class java.time.Duration as reading converter.
2024-03-20 14:14:15.724 DEBUG 28292 --- [           main] o.s.data.convert.CustomConversions       : Adding converter from class java.time.Period to class java.lang.String as writing converter.
2024-03-20 14:14:15.724 DEBUG 28292 --- [           main] o.s.data.convert.CustomConversions       : Adding converter from class java.lang.String to class java.time.Period as reading converter.
2024-03-20 14:14:15.724 DEBUG 28292 --- [           main] o.s.data.convert.CustomConversions       : Adding converter from class java.lang.String to class java.time.LocalDate as reading converter.
2024-03-20 14:14:15.724 DEBUG 28292 --- [           main] o.s.data.convert.CustomConversions       : Adding converter from class java.lang.String to class java.time.LocalDateTime as reading converter.
2024-03-20 14:14:15.725 DEBUG 28292 --- [           main] o.s.data.convert.CustomConversions       : Adding converter from class java.lang.String to class java.time.Instant as reading converter.
2024-03-20 14:14:15.725 DEBUG 28292 --- [           main] o.s.data.convert.CustomConversions       : Adding converter from class java.lang.String to class [B as writing converter.
2024-03-20 14:14:15.725 DEBUG 28292 --- [           main] o.s.data.convert.CustomConversions       : Adding converter from class [B to class java.lang.String as reading converter.
2024-03-20 14:14:15.725 DEBUG 28292 --- [           main] o.s.data.convert.CustomConversions       : Adding converter from class java.lang.Number to class [B as writing converter.
2024-03-20 14:14:15.725 DEBUG 28292 --- [           main] o.s.data.convert.CustomConversions       : Adding converter from class [B to class java.lang.Number as reading converter.
2024-03-20 14:14:15.725 DEBUG 28292 --- [           main] o.s.data.convert.CustomConversions       : Adding converter from class java.lang.Enum to class [B as writing converter.
2024-03-20 14:14:15.725 DEBUG 28292 --- [           main] o.s.data.convert.CustomConversions       : Adding converter from class [B to class java.lang.Enum as reading converter.
2024-03-20 14:14:15.725 DEBUG 28292 --- [           main] o.s.data.convert.CustomConversions       : Adding converter from class java.lang.Boolean to class [B as writing converter.
2024-03-20 14:14:15.725 DEBUG 28292 --- [           main] o.s.data.convert.CustomConversions       : Adding converter from class [B to class java.lang.Boolean as reading converter.
2024-03-20 14:14:15.725 DEBUG 28292 --- [           main] o.s.data.convert.CustomConversions       : Adding converter from class java.util.Date to class [B as writing converter.
2024-03-20 14:14:15.725 DEBUG 28292 --- [           main] o.s.data.convert.CustomConversions       : Adding converter from class [B to class java.util.Date as reading converter.
2024-03-20 14:14:15.725 DEBUG 28292 --- [           main] o.s.data.convert.CustomConversions       : Adding converter from class java.util.UUID to class [B as writing converter.
2024-03-20 14:14:15.725 DEBUG 28292 --- [           main] o.s.data.convert.CustomConversions       : Adding converter from class [B to class java.util.UUID as reading converter.
2024-03-20 14:14:15.725 DEBUG 28292 --- [           main] o.s.data.convert.CustomConversions       : Adding converter from class java.time.LocalDateTime to class [B as writing converter.
2024-03-20 14:14:15.725 DEBUG 28292 --- [           main] o.s.data.convert.CustomConversions       : Adding converter from class [B to class java.time.LocalDateTime as reading converter.
2024-03-20 14:14:15.725 DEBUG 28292 --- [           main] o.s.data.convert.CustomConversions       : Adding converter from class java.time.LocalDate to class [B as writing converter.
2024-03-20 14:14:15.726 DEBUG 28292 --- [           main] o.s.data.convert.CustomConversions       : Adding converter from class [B to class java.time.LocalDate as reading converter.
2024-03-20 14:14:15.727 DEBUG 28292 --- [           main] o.s.data.convert.CustomConversions       : Adding converter from class java.time.LocalTime to class [B as writing converter.
2024-03-20 14:14:15.727 DEBUG 28292 --- [           main] o.s.data.convert.CustomConversions       : Adding converter from class [B to class java.time.LocalTime as reading converter.
2024-03-20 14:14:15.727 DEBUG 28292 --- [           main] o.s.data.convert.CustomConversions       : Adding converter from class java.time.ZonedDateTime to class [B as writing converter.
2024-03-20 14:14:15.727 DEBUG 28292 --- [           main] o.s.data.convert.CustomConversions       : Adding converter from class [B to class java.time.ZonedDateTime as reading converter.
2024-03-20 14:14:15.727 DEBUG 28292 --- [           main] o.s.data.convert.CustomConversions       : Adding converter from class java.time.Instant to class [B as writing converter.
2024-03-20 14:14:15.727 DEBUG 28292 --- [           main] o.s.data.convert.CustomConversions       : Adding converter from class [B to class java.time.Instant as reading converter.
2024-03-20 14:14:15.727 DEBUG 28292 --- [           main] o.s.data.convert.CustomConversions       : Adding converter from class java.time.ZoneId to class [B as writing converter.
2024-03-20 14:14:15.727 DEBUG 28292 --- [           main] o.s.data.convert.CustomConversions       : Adding converter from class [B to class java.time.ZoneId as reading converter.
2024-03-20 14:14:15.727 DEBUG 28292 --- [           main] o.s.data.convert.CustomConversions       : Adding converter from class java.time.Period to class [B as writing converter.
2024-03-20 14:14:15.727 DEBUG 28292 --- [           main] o.s.data.convert.CustomConversions       : Adding converter from class [B to class java.time.Period as reading converter.
2024-03-20 14:14:15.727 DEBUG 28292 --- [           main] o.s.data.convert.CustomConversions       : Adding converter from class java.time.Duration to class [B as writing converter.
2024-03-20 14:14:15.727 DEBUG 28292 --- [           main] o.s.data.convert.CustomConversions       : Adding converter from class [B to class java.time.Duration as reading converter.
2024-03-20 14:14:15.727 DEBUG 28292 --- [           main] o.s.data.convert.CustomConversions       : Adding converter from class org.joda.time.LocalDate to class java.util.Date as writing converter.
2024-03-20 14:14:15.727 DEBUG 28292 --- [           main] o.s.data.convert.CustomConversions       : Adding converter from class org.joda.time.LocalDateTime to class java.util.Date as writing converter.
2024-03-20 14:14:15.727 DEBUG 28292 --- [           main] o.s.data.convert.CustomConversions       : Adding converter from class org.joda.time.DateTime to class java.util.Date as writing converter.
2024-03-20 14:14:15.727 DEBUG 28292 --- [           main] o.s.data.convert.CustomConversions       : Adding converter from class java.util.Date to class org.joda.time.LocalDate as reading converter.
2024-03-20 14:14:15.727 DEBUG 28292 --- [           main] o.s.data.convert.CustomConversions       : Adding converter from class java.util.Date to class org.joda.time.LocalDateTime as reading converter.
2024-03-20 14:14:15.727 DEBUG 28292 --- [           main] o.s.data.convert.CustomConversions       : Adding converter from class java.util.Date to class org.joda.time.DateTime as reading converter.
2024-03-20 14:14:15.727 DEBUG 28292 --- [           main] o.s.data.convert.CustomConversions       : Adding converter from class java.time.LocalDateTime to class org.joda.time.LocalDateTime as reading converter.
2024-03-20 14:14:15.727 DEBUG 28292 --- [           main] o.s.data.convert.CustomConversions       : Adding converter from class java.time.LocalDateTime to class org.joda.time.DateTime as reading converter.
2024-03-20 14:14:15.727 DEBUG 28292 --- [           main] o.s.data.convert.CustomConversions       : Adding converter from class java.time.Instant to class org.joda.time.LocalDateTime as reading converter.
2024-03-20 14:14:15.728 DEBUG 28292 --- [           main] o.s.data.convert.CustomConversions       : Adding converter from class org.joda.time.LocalDateTime to class java.time.Instant as writing converter.
2024-03-20 14:14:15.728 DEBUG 28292 --- [           main] o.s.data.convert.CustomConversions       : Adding converter from class org.joda.time.LocalDateTime to class java.time.LocalDateTime as writing converter.
2024-03-20 14:14:15.728 DEBUG 28292 --- [           main] o.s.data.convert.CustomConversions       : Adding converter from class java.util.Date to class java.time.LocalDateTime as reading converter.
2024-03-20 14:14:15.728 DEBUG 28292 --- [           main] o.s.data.convert.CustomConversions       : Adding converter from class java.time.LocalDateTime to class java.util.Date as writing converter.
2024-03-20 14:14:15.728 DEBUG 28292 --- [           main] o.s.data.convert.CustomConversions       : Adding converter from class java.util.Date to class java.time.LocalDate as reading converter.
2024-03-20 14:14:15.728 DEBUG 28292 --- [           main] o.s.data.convert.CustomConversions       : Adding converter from class java.time.LocalDate to class java.util.Date as writing converter.
2024-03-20 14:14:15.728 DEBUG 28292 --- [           main] o.s.data.convert.CustomConversions       : Adding converter from class java.util.Date to class java.time.LocalTime as reading converter.
2024-03-20 14:14:15.728 DEBUG 28292 --- [           main] o.s.data.convert.CustomConversions       : Adding converter from class java.time.LocalTime to class java.util.Date as writing converter.
2024-03-20 14:14:15.728 DEBUG 28292 --- [           main] o.s.data.convert.CustomConversions       : Adding converter from class java.util.Date to class java.time.Instant as reading converter.
2024-03-20 14:14:15.728 DEBUG 28292 --- [           main] o.s.data.convert.CustomConversions       : Adding converter from class java.time.Instant to class java.util.Date as writing converter.
2024-03-20 14:14:15.728 DEBUG 28292 --- [           main] o.s.data.convert.CustomConversions       : Adding converter from class java.time.LocalDateTime to class java.time.Instant as reading converter.
2024-03-20 14:14:15.728 DEBUG 28292 --- [           main] o.s.data.convert.CustomConversions       : Adding converter from class java.time.Instant to class java.time.LocalDateTime as reading converter.
2024-03-20 14:14:15.728 DEBUG 28292 --- [           main] o.s.data.convert.CustomConversions       : Adding converter from class java.time.ZoneId to class java.lang.String as writing converter.
2024-03-20 14:14:15.728 DEBUG 28292 --- [           main] o.s.data.convert.CustomConversions       : Adding converter from class java.lang.String to class java.time.ZoneId as reading converter.
2024-03-20 14:14:15.728 DEBUG 28292 --- [           main] o.s.data.convert.CustomConversions       : Adding converter from class java.time.Duration to class java.lang.String as writing converter.
2024-03-20 14:14:15.728 DEBUG 28292 --- [           main] o.s.data.convert.CustomConversions       : Adding converter from class java.lang.String to class java.time.Duration as reading converter.
2024-03-20 14:14:15.728 DEBUG 28292 --- [           main] o.s.data.convert.CustomConversions       : Adding converter from class java.time.Period to class java.lang.String as writing converter.
2024-03-20 14:14:15.728 DEBUG 28292 --- [           main] o.s.data.convert.CustomConversions       : Adding converter from class java.lang.String to class java.time.Period as reading converter.
2024-03-20 14:14:15.729 DEBUG 28292 --- [           main] o.s.data.convert.CustomConversions       : Adding converter from class java.lang.String to class java.time.LocalDate as reading converter.
2024-03-20 14:14:15.729 DEBUG 28292 --- [           main] o.s.data.convert.CustomConversions       : Adding converter from class java.lang.String to class java.time.LocalDateTime as reading converter.
2024-03-20 14:14:15.729 DEBUG 28292 --- [           main] o.s.data.convert.CustomConversions       : Adding converter from class java.lang.String to class java.time.Instant as reading converter.
2024-03-20 14:14:15.730 DEBUG 28292 --- [           main] o.s.data.convert.CustomConversions       : Adding converter from class java.lang.String to class [B as writing converter.
2024-03-20 14:14:15.730 DEBUG 28292 --- [           main] o.s.data.convert.CustomConversions       : Adding converter from class [B to class java.lang.String as reading converter.
2024-03-20 14:14:15.730 DEBUG 28292 --- [           main] o.s.data.convert.CustomConversions       : Adding converter from class java.lang.Number to class [B as writing converter.
2024-03-20 14:14:15.730 DEBUG 28292 --- [           main] o.s.data.convert.CustomConversions       : Adding converter from class [B to class java.lang.Number as reading converter.
2024-03-20 14:14:15.730 DEBUG 28292 --- [           main] o.s.data.convert.CustomConversions       : Adding converter from class java.lang.Enum to class [B as writing converter.
2024-03-20 14:14:15.730 DEBUG 28292 --- [           main] o.s.data.convert.CustomConversions       : Adding converter from class [B to class java.lang.Enum as reading converter.
2024-03-20 14:14:15.730 DEBUG 28292 --- [           main] o.s.data.convert.CustomConversions       : Adding converter from class java.lang.Boolean to class [B as writing converter.
2024-03-20 14:14:15.730 DEBUG 28292 --- [           main] o.s.data.convert.CustomConversions       : Adding converter from class [B to class java.lang.Boolean as reading converter.
2024-03-20 14:14:15.731 DEBUG 28292 --- [           main] o.s.data.convert.CustomConversions       : Adding converter from class java.util.Date to class [B as writing converter.
2024-03-20 14:14:15.731 DEBUG 28292 --- [           main] o.s.data.convert.CustomConversions       : Adding converter from class [B to class java.util.Date as reading converter.
2024-03-20 14:14:15.731 DEBUG 28292 --- [           main] o.s.data.convert.CustomConversions       : Adding converter from class java.util.UUID to class [B as writing converter.
2024-03-20 14:14:15.731 DEBUG 28292 --- [           main] o.s.data.convert.CustomConversions       : Adding converter from class [B to class java.util.UUID as reading converter.
2024-03-20 14:14:15.731 DEBUG 28292 --- [           main] o.s.data.convert.CustomConversions       : Adding converter from class java.time.LocalDateTime to class [B as writing converter.
2024-03-20 14:14:15.731 DEBUG 28292 --- [           main] o.s.data.convert.CustomConversions       : Adding converter from class [B to class java.time.LocalDateTime as reading converter.
2024-03-20 14:14:15.731 DEBUG 28292 --- [           main] o.s.data.convert.CustomConversions       : Adding converter from class java.time.LocalDate to class [B as writing converter.
2024-03-20 14:14:15.731 DEBUG 28292 --- [           main] o.s.data.convert.CustomConversions       : Adding converter from class [B to class java.time.LocalDate as reading converter.
2024-03-20 14:14:15.731 DEBUG 28292 --- [           main] o.s.data.convert.CustomConversions       : Adding converter from class java.time.LocalTime to class [B as writing converter.
2024-03-20 14:14:15.731 DEBUG 28292 --- [           main] o.s.data.convert.CustomConversions       : Adding converter from class [B to class java.time.LocalTime as reading converter.
2024-03-20 14:14:15.731 DEBUG 28292 --- [           main] o.s.data.convert.CustomConversions       : Adding converter from class java.time.ZonedDateTime to class [B as writing converter.
2024-03-20 14:14:15.731 DEBUG 28292 --- [           main] o.s.data.convert.CustomConversions       : Adding converter from class [B to class java.time.ZonedDateTime as reading converter.
2024-03-20 14:14:15.731 DEBUG 28292 --- [           main] o.s.data.convert.CustomConversions       : Adding converter from class java.time.Instant to class [B as writing converter.
2024-03-20 14:14:15.731 DEBUG 28292 --- [           main] o.s.data.convert.CustomConversions       : Adding converter from class [B to class java.time.Instant as reading converter.
2024-03-20 14:14:15.731 DEBUG 28292 --- [           main] o.s.data.convert.CustomConversions       : Adding converter from class java.time.ZoneId to class [B as writing converter.
2024-03-20 14:14:15.731 DEBUG 28292 --- [           main] o.s.data.convert.CustomConversions       : Adding converter from class [B to class java.time.ZoneId as reading converter.
2024-03-20 14:14:15.731 DEBUG 28292 --- [           main] o.s.data.convert.CustomConversions       : Adding converter from class java.time.Period to class [B as writing converter.
2024-03-20 14:14:15.731 DEBUG 28292 --- [           main] o.s.data.convert.CustomConversions       : Adding converter from class [B to class java.time.Period as reading converter.
2024-03-20 14:14:15.731 DEBUG 28292 --- [           main] o.s.data.convert.CustomConversions       : Adding converter from class java.time.Duration to class [B as writing converter.
2024-03-20 14:14:15.731 DEBUG 28292 --- [           main] o.s.data.convert.CustomConversions       : Adding converter from class [B to class java.time.Duration as reading converter.
2024-03-20 14:14:15.731 DEBUG 28292 --- [           main] o.s.data.convert.CustomConversions       : Adding converter from class org.joda.time.LocalDate to class java.util.Date as writing converter.
2024-03-20 14:14:15.731 DEBUG 28292 --- [           main] o.s.data.convert.CustomConversions       : Adding converter from class org.joda.time.LocalDateTime to class java.util.Date as writing converter.
2024-03-20 14:14:15.731 DEBUG 28292 --- [           main] o.s.data.convert.CustomConversions       : Adding converter from class org.joda.time.DateTime to class java.util.Date as writing converter.
2024-03-20 14:14:15.731 DEBUG 28292 --- [           main] o.s.data.convert.CustomConversions       : Adding converter from class java.util.Date to class org.joda.time.LocalDate as reading converter.
2024-03-20 14:14:15.731 DEBUG 28292 --- [           main] o.s.data.convert.CustomConversions       : Adding converter from class java.util.Date to class org.joda.time.LocalDateTime as reading converter.
2024-03-20 14:14:15.731 DEBUG 28292 --- [           main] o.s.data.convert.CustomConversions       : Adding converter from class java.util.Date to class org.joda.time.DateTime as reading converter.
2024-03-20 14:14:15.731 DEBUG 28292 --- [           main] o.s.data.convert.CustomConversions       : Adding converter from class java.time.LocalDateTime to class org.joda.time.LocalDateTime as reading converter.
2024-03-20 14:14:15.731 DEBUG 28292 --- [           main] o.s.data.convert.CustomConversions       : Adding converter from class java.time.LocalDateTime to class org.joda.time.DateTime as reading converter.
2024-03-20 14:14:15.731 DEBUG 28292 --- [           main] o.s.data.convert.CustomConversions       : Adding converter from class java.time.Instant to class org.joda.time.LocalDateTime as reading converter.
2024-03-20 14:14:15.731 DEBUG 28292 --- [           main] o.s.data.convert.CustomConversions       : Adding converter from class org.joda.time.LocalDateTime to class java.time.Instant as writing converter.
2024-03-20 14:14:15.731 DEBUG 28292 --- [           main] o.s.data.convert.CustomConversions       : Adding converter from class org.joda.time.LocalDateTime to class java.time.LocalDateTime as writing converter.
2024-03-20 14:14:15.731 DEBUG 28292 --- [           main] o.s.data.convert.CustomConversions       : Adding converter from class java.util.Date to class java.time.LocalDateTime as reading converter.
2024-03-20 14:14:15.731 DEBUG 28292 --- [           main] o.s.data.convert.CustomConversions       : Adding converter from class java.time.LocalDateTime to class java.util.Date as writing converter.
2024-03-20 14:14:15.731 DEBUG 28292 --- [           main] o.s.data.convert.CustomConversions       : Adding converter from class java.util.Date to class java.time.LocalDate as reading converter.
2024-03-20 14:14:15.732 DEBUG 28292 --- [           main] o.s.data.convert.CustomConversions       : Adding converter from class java.time.LocalDate to class java.util.Date as writing converter.
2024-03-20 14:14:15.732 DEBUG 28292 --- [           main] o.s.data.convert.CustomConversions       : Adding converter from class java.util.Date to class java.time.LocalTime as reading converter.
2024-03-20 14:14:15.732 DEBUG 28292 --- [           main] o.s.data.convert.CustomConversions       : Adding converter from class java.time.LocalTime to class java.util.Date as writing converter.
2024-03-20 14:14:15.732 DEBUG 28292 --- [           main] o.s.data.convert.CustomConversions       : Adding converter from class java.util.Date to class java.time.Instant as reading converter.
2024-03-20 14:14:15.732 DEBUG 28292 --- [           main] o.s.data.convert.CustomConversions       : Adding converter from class java.time.Instant to class java.util.Date as writing converter.
2024-03-20 14:14:15.732 DEBUG 28292 --- [           main] o.s.data.convert.CustomConversions       : Adding converter from class java.time.LocalDateTime to class java.time.Instant as reading converter.
2024-03-20 14:14:15.732 DEBUG 28292 --- [           main] o.s.data.convert.CustomConversions       : Adding converter from class java.time.Instant to class java.time.LocalDateTime as reading converter.
2024-03-20 14:14:15.733 DEBUG 28292 --- [           main] o.s.data.convert.CustomConversions       : Adding converter from class java.time.ZoneId to class java.lang.String as writing converter.
2024-03-20 14:14:15.733 DEBUG 28292 --- [           main] o.s.data.convert.CustomConversions       : Adding converter from class java.lang.String to class java.time.ZoneId as reading converter.
2024-03-20 14:14:15.733 DEBUG 28292 --- [           main] o.s.data.convert.CustomConversions       : Adding converter from class java.time.Duration to class java.lang.String as writing converter.
2024-03-20 14:14:15.733 DEBUG 28292 --- [           main] o.s.data.convert.CustomConversions       : Adding converter from class java.lang.String to class java.time.Duration as reading converter.
2024-03-20 14:14:15.733 DEBUG 28292 --- [           main] o.s.data.convert.CustomConversions       : Adding converter from class java.time.Period to class java.lang.String as writing converter.
2024-03-20 14:14:15.733 DEBUG 28292 --- [           main] o.s.data.convert.CustomConversions       : Adding converter from class java.lang.String to class java.time.Period as reading converter.
2024-03-20 14:14:15.733 DEBUG 28292 --- [           main] o.s.data.convert.CustomConversions       : Adding converter from class java.lang.String to class java.time.LocalDate as reading converter.
2024-03-20 14:14:15.733 DEBUG 28292 --- [           main] o.s.data.convert.CustomConversions       : Adding converter from class java.lang.String to class java.time.LocalDateTime as reading converter.
2024-03-20 14:14:15.733 DEBUG 28292 --- [           main] o.s.data.convert.CustomConversions       : Adding converter from class java.lang.String to class java.time.Instant as reading converter.
2024-03-20 14:14:15.739 DEBUG 28292 --- [           main] o.s.b.f.s.DefaultListableBeanFactory     : Creating shared instance of singleton bean 'org.springframework.boot.autoconfigure.data.redis.RedisRepositoriesAutoConfiguration'
2024-03-20 14:14:15.741 DEBUG 28292 --- [           main] o.s.b.f.s.DefaultListableBeanFactory     : Creating shared instance of singleton bean 'keyValueMappingContext'
2024-03-20 14:14:15.776 DEBUG 28292 --- [           main] o.s.b.f.s.DefaultListableBeanFactory     : Creating shared instance of singleton bean 'redisCustomConversions'
2024-03-20 14:14:15.777 DEBUG 28292 --- [           main] o.s.data.convert.CustomConversions       : Adding converter from class java.lang.String to class [B as writing converter.
2024-03-20 14:14:15.777 DEBUG 28292 --- [           main] o.s.data.convert.CustomConversions       : Adding converter from class [B to class java.lang.String as reading converter.
2024-03-20 14:14:15.777 DEBUG 28292 --- [           main] o.s.data.convert.CustomConversions       : Adding converter from class java.lang.Number to class [B as writing converter.
2024-03-20 14:14:15.777 DEBUG 28292 --- [           main] o.s.data.convert.CustomConversions       : Adding converter from class [B to class java.lang.Number as reading converter.
2024-03-20 14:14:15.777 DEBUG 28292 --- [           main] o.s.data.convert.CustomConversions       : Adding converter from class java.lang.Enum to class [B as writing converter.
2024-03-20 14:14:15.778 DEBUG 28292 --- [           main] o.s.data.convert.CustomConversions       : Adding converter from class [B to class java.lang.Enum as reading converter.
2024-03-20 14:14:15.778 DEBUG 28292 --- [           main] o.s.data.convert.CustomConversions       : Adding converter from class java.lang.Boolean to class [B as writing converter.
2024-03-20 14:14:15.778 DEBUG 28292 --- [           main] o.s.data.convert.CustomConversions       : Adding converter from class [B to class java.lang.Boolean as reading converter.
2024-03-20 14:14:15.778 DEBUG 28292 --- [           main] o.s.data.convert.CustomConversions       : Adding converter from class java.util.Date to class [B as writing converter.
2024-03-20 14:14:15.778 DEBUG 28292 --- [           main] o.s.data.convert.CustomConversions       : Adding converter from class [B to class java.util.Date as reading converter.
2024-03-20 14:14:15.778 DEBUG 28292 --- [           main] o.s.data.convert.CustomConversions       : Adding converter from class java.util.UUID to class [B as writing converter.
2024-03-20 14:14:15.778 DEBUG 28292 --- [           main] o.s.data.convert.CustomConversions       : Adding converter from class [B to class java.util.UUID as reading converter.
2024-03-20 14:14:15.778 DEBUG 28292 --- [           main] o.s.data.convert.CustomConversions       : Adding converter from class java.time.LocalDateTime to class [B as writing converter.
2024-03-20 14:14:15.778 DEBUG 28292 --- [           main] o.s.data.convert.CustomConversions       : Adding converter from class [B to class java.time.LocalDateTime as reading converter.
2024-03-20 14:14:15.778 DEBUG 28292 --- [           main] o.s.data.convert.CustomConversions       : Adding converter from class java.time.LocalDate to class [B as writing converter.
2024-03-20 14:14:15.778 DEBUG 28292 --- [           main] o.s.data.convert.CustomConversions       : Adding converter from class [B to class java.time.LocalDate as reading converter.
2024-03-20 14:14:15.778 DEBUG 28292 --- [           main] o.s.data.convert.CustomConversions       : Adding converter from class java.time.LocalTime to class [B as writing converter.
2024-03-20 14:14:15.778 DEBUG 28292 --- [           main] o.s.data.convert.CustomConversions       : Adding converter from class [B to class java.time.LocalTime as reading converter.
2024-03-20 14:14:15.778 DEBUG 28292 --- [           main] o.s.data.convert.CustomConversions       : Adding converter from class java.time.ZonedDateTime to class [B as writing converter.
2024-03-20 14:14:15.778 DEBUG 28292 --- [           main] o.s.data.convert.CustomConversions       : Adding converter from class [B to class java.time.ZonedDateTime as reading converter.
2024-03-20 14:14:15.778 DEBUG 28292 --- [           main] o.s.data.convert.CustomConversions       : Adding converter from class java.time.Instant to class [B as writing converter.
2024-03-20 14:14:15.778 DEBUG 28292 --- [           main] o.s.data.convert.CustomConversions       : Adding converter from class [B to class java.time.Instant as reading converter.
2024-03-20 14:14:15.778 DEBUG 28292 --- [           main] o.s.data.convert.CustomConversions       : Adding converter from class java.time.ZoneId to class [B as writing converter.
2024-03-20 14:14:15.778 DEBUG 28292 --- [           main] o.s.data.convert.CustomConversions       : Adding converter from class [B to class java.time.ZoneId as reading converter.
2024-03-20 14:14:15.778 DEBUG 28292 --- [           main] o.s.data.convert.CustomConversions       : Adding converter from class java.time.Period to class [B as writing converter.
2024-03-20 14:14:15.778 DEBUG 28292 --- [           main] o.s.data.convert.CustomConversions       : Adding converter from class [B to class java.time.Period as reading converter.
2024-03-20 14:14:15.778 DEBUG 28292 --- [           main] o.s.data.convert.CustomConversions       : Adding converter from class java.time.Duration to class [B as writing converter.
2024-03-20 14:14:15.778 DEBUG 28292 --- [           main] o.s.data.convert.CustomConversions       : Adding converter from class [B to class java.time.Duration as reading converter.
2024-03-20 14:14:15.778 DEBUG 28292 --- [           main] o.s.data.convert.CustomConversions       : Adding converter from class org.joda.time.LocalDate to class java.util.Date as writing converter.
2024-03-20 14:14:15.778 DEBUG 28292 --- [           main] o.s.data.convert.CustomConversions       : Adding converter from class org.joda.time.LocalDateTime to class java.util.Date as writing converter.
2024-03-20 14:14:15.778 DEBUG 28292 --- [           main] o.s.data.convert.CustomConversions       : Adding converter from class org.joda.time.DateTime to class java.util.Date as writing converter.
2024-03-20 14:14:15.778 DEBUG 28292 --- [           main] o.s.data.convert.CustomConversions       : Adding converter from class java.util.Date to class org.joda.time.LocalDate as reading converter.
2024-03-20 14:14:15.778 DEBUG 28292 --- [           main] o.s.data.convert.CustomConversions       : Adding converter from class java.util.Date to class org.joda.time.LocalDateTime as reading converter.
2024-03-20 14:14:15.778 DEBUG 28292 --- [           main] o.s.data.convert.CustomConversions       : Adding converter from class java.util.Date to class org.joda.time.DateTime as reading converter.
2024-03-20 14:14:15.778 DEBUG 28292 --- [           main] o.s.data.convert.CustomConversions       : Adding converter from class java.time.LocalDateTime to class org.joda.time.LocalDateTime as reading converter.
2024-03-20 14:14:15.778 DEBUG 28292 --- [           main] o.s.data.convert.CustomConversions       : Adding converter from class java.time.LocalDateTime to class org.joda.time.DateTime as reading converter.
2024-03-20 14:14:15.778 DEBUG 28292 --- [           main] o.s.data.convert.CustomConversions       : Adding converter from class java.time.Instant to class org.joda.time.LocalDateTime as reading converter.
2024-03-20 14:14:15.778 DEBUG 28292 --- [           main] o.s.data.convert.CustomConversions       : Adding converter from class org.joda.time.LocalDateTime to class java.time.Instant as writing converter.
2024-03-20 14:14:15.778 DEBUG 28292 --- [           main] o.s.data.convert.CustomConversions       : Adding converter from class org.joda.time.LocalDateTime to class java.time.LocalDateTime as writing converter.
2024-03-20 14:14:15.778 DEBUG 28292 --- [           main] o.s.data.convert.CustomConversions       : Adding converter from class java.util.Date to class java.time.LocalDateTime as reading converter.
2024-03-20 14:14:15.778 DEBUG 28292 --- [           main] o.s.data.convert.CustomConversions       : Adding converter from class java.time.LocalDateTime to class java.util.Date as writing converter.
2024-03-20 14:14:15.778 DEBUG 28292 --- [           main] o.s.data.convert.CustomConversions       : Adding converter from class java.util.Date to class java.time.LocalDate as reading converter.
2024-03-20 14:14:15.778 DEBUG 28292 --- [           main] o.s.data.convert.CustomConversions       : Adding converter from class java.time.LocalDate to class java.util.Date as writing converter.
2024-03-20 14:14:15.778 DEBUG 28292 --- [           main] o.s.data.convert.CustomConversions       : Adding converter from class java.util.Date to class java.time.LocalTime as reading converter.
2024-03-20 14:14:15.778 DEBUG 28292 --- [           main] o.s.data.convert.CustomConversions       : Adding converter from class java.time.LocalTime to class java.util.Date as writing converter.
2024-03-20 14:14:15.778 DEBUG 28292 --- [           main] o.s.data.convert.CustomConversions       : Adding converter from class java.util.Date to class java.time.Instant as reading converter.
2024-03-20 14:14:15.778 DEBUG 28292 --- [           main] o.s.data.convert.CustomConversions       : Adding converter from class java.time.Instant to class java.util.Date as writing converter.
2024-03-20 14:14:15.778 DEBUG 28292 --- [           main] o.s.data.convert.CustomConversions       : Adding converter from class java.time.LocalDateTime to class java.time.Instant as reading converter.
2024-03-20 14:14:15.778 DEBUG 28292 --- [           main] o.s.data.convert.CustomConversions       : Adding converter from class java.time.Instant to class java.time.LocalDateTime as reading converter.
2024-03-20 14:14:15.778 DEBUG 28292 --- [           main] o.s.data.convert.CustomConversions       : Adding converter from class java.time.ZoneId to class java.lang.String as writing converter.
2024-03-20 14:14:15.778 DEBUG 28292 --- [           main] o.s.data.convert.CustomConversions       : Adding converter from class java.lang.String to class java.time.ZoneId as reading converter.
2024-03-20 14:14:15.778 DEBUG 28292 --- [           main] o.s.data.convert.CustomConversions       : Adding converter from class java.time.Duration to class java.lang.String as writing converter.
2024-03-20 14:14:15.778 DEBUG 28292 --- [           main] o.s.data.convert.CustomConversions       : Adding converter from class java.lang.String to class java.time.Duration as reading converter.
2024-03-20 14:14:15.778 DEBUG 28292 --- [           main] o.s.data.convert.CustomConversions       : Adding converter from class java.time.Period to class java.lang.String as writing converter.
2024-03-20 14:14:15.778 DEBUG 28292 --- [           main] o.s.data.convert.CustomConversions       : Adding converter from class java.lang.String to class java.time.Period as reading converter.
2024-03-20 14:14:15.778 DEBUG 28292 --- [           main] o.s.data.convert.CustomConversions       : Adding converter from class java.lang.String to class java.time.LocalDate as reading converter.
2024-03-20 14:14:15.779 DEBUG 28292 --- [           main] o.s.data.convert.CustomConversions       : Adding converter from class java.lang.String to class java.time.LocalDateTime as reading converter.
2024-03-20 14:14:15.779 DEBUG 28292 --- [           main] o.s.data.convert.CustomConversions       : Adding converter from class java.lang.String to class java.time.Instant as reading converter.
2024-03-20 14:14:15.783 DEBUG 28292 --- [           main] o.s.b.f.s.DefaultListableBeanFactory     : Creating shared instance of singleton bean 'redisReferenceResolver'
2024-03-20 14:14:15.789 DEBUG 28292 --- [           main] o.s.b.f.s.DefaultListableBeanFactory     : Creating shared instance of singleton bean 'redisConverter'
2024-03-20 14:14:15.797 DEBUG 28292 --- [           main] o.s.data.convert.CustomConversions       : Adding converter from class java.lang.String to class [B as writing converter.
2024-03-20 14:14:15.797 DEBUG 28292 --- [           main] o.s.data.convert.CustomConversions       : Adding converter from class [B to class java.lang.String as reading converter.
2024-03-20 14:14:15.797 DEBUG 28292 --- [           main] o.s.data.convert.CustomConversions       : Adding converter from class java.lang.Number to class [B as writing converter.
2024-03-20 14:14:15.797 DEBUG 28292 --- [           main] o.s.data.convert.CustomConversions       : Adding converter from class [B to class java.lang.Number as reading converter.
2024-03-20 14:14:15.797 DEBUG 28292 --- [           main] o.s.data.convert.CustomConversions       : Adding converter from class java.lang.Enum to class [B as writing converter.
2024-03-20 14:14:15.797 DEBUG 28292 --- [           main] o.s.data.convert.CustomConversions       : Adding converter from class [B to class java.lang.Enum as reading converter.
2024-03-20 14:14:15.797 DEBUG 28292 --- [           main] o.s.data.convert.CustomConversions       : Adding converter from class java.lang.Boolean to class [B as writing converter.
2024-03-20 14:14:15.797 DEBUG 28292 --- [           main] o.s.data.convert.CustomConversions       : Adding converter from class [B to class java.lang.Boolean as reading converter.
2024-03-20 14:14:15.797 DEBUG 28292 --- [           main] o.s.data.convert.CustomConversions       : Adding converter from class java.util.Date to class [B as writing converter.
2024-03-20 14:14:15.797 DEBUG 28292 --- [           main] o.s.data.convert.CustomConversions       : Adding converter from class [B to class java.util.Date as reading converter.
2024-03-20 14:14:15.797 DEBUG 28292 --- [           main] o.s.data.convert.CustomConversions       : Adding converter from class java.util.UUID to class [B as writing converter.
2024-03-20 14:14:15.797 DEBUG 28292 --- [           main] o.s.data.convert.CustomConversions       : Adding converter from class [B to class java.util.UUID as reading converter.
2024-03-20 14:14:15.797 DEBUG 28292 --- [           main] o.s.data.convert.CustomConversions       : Adding converter from class java.time.LocalDateTime to class [B as writing converter.
2024-03-20 14:14:15.797 DEBUG 28292 --- [           main] o.s.data.convert.CustomConversions       : Adding converter from class [B to class java.time.LocalDateTime as reading converter.
2024-03-20 14:14:15.797 DEBUG 28292 --- [           main] o.s.data.convert.CustomConversions       : Adding converter from class java.time.LocalDate to class [B as writing converter.
2024-03-20 14:14:15.797 DEBUG 28292 --- [           main] o.s.data.convert.CustomConversions       : Adding converter from class [B to class java.time.LocalDate as reading converter.
2024-03-20 14:14:15.797 DEBUG 28292 --- [           main] o.s.data.convert.CustomConversions       : Adding converter from class java.time.LocalTime to class [B as writing converter.
2024-03-20 14:14:15.797 DEBUG 28292 --- [           main] o.s.data.convert.CustomConversions       : Adding converter from class [B to class java.time.LocalTime as reading converter.
2024-03-20 14:14:15.797 DEBUG 28292 --- [           main] o.s.data.convert.CustomConversions       : Adding converter from class java.time.ZonedDateTime to class [B as writing converter.
2024-03-20 14:14:15.797 DEBUG 28292 --- [           main] o.s.data.convert.CustomConversions       : Adding converter from class [B to class java.time.ZonedDateTime as reading converter.
2024-03-20 14:14:15.797 DEBUG 28292 --- [           main] o.s.data.convert.CustomConversions       : Adding converter from class java.time.Instant to class [B as writing converter.
2024-03-20 14:14:15.797 DEBUG 28292 --- [           main] o.s.data.convert.CustomConversions       : Adding converter from class [B to class java.time.Instant as reading converter.
2024-03-20 14:14:15.797 DEBUG 28292 --- [           main] o.s.data.convert.CustomConversions       : Adding converter from class java.time.ZoneId to class [B as writing converter.
2024-03-20 14:14:15.797 DEBUG 28292 --- [           main] o.s.data.convert.CustomConversions       : Adding converter from class [B to class java.time.ZoneId as reading converter.
2024-03-20 14:14:15.797 DEBUG 28292 --- [           main] o.s.data.convert.CustomConversions       : Adding converter from class java.time.Period to class [B as writing converter.
2024-03-20 14:14:15.797 DEBUG 28292 --- [           main] o.s.data.convert.CustomConversions       : Adding converter from class [B to class java.time.Period as reading converter.
2024-03-20 14:14:15.797 DEBUG 28292 --- [           main] o.s.data.convert.CustomConversions       : Adding converter from class java.time.Duration to class [B as writing converter.
2024-03-20 14:14:15.797 DEBUG 28292 --- [           main] o.s.data.convert.CustomConversions       : Adding converter from class [B to class java.time.Duration as reading converter.
2024-03-20 14:14:15.797 DEBUG 28292 --- [           main] o.s.data.convert.CustomConversions       : Adding converter from class org.joda.time.LocalDate to class java.util.Date as writing converter.
2024-03-20 14:14:15.797 DEBUG 28292 --- [           main] o.s.data.convert.CustomConversions       : Adding converter from class org.joda.time.LocalDateTime to class java.util.Date as writing converter.
2024-03-20 14:14:15.798 DEBUG 28292 --- [           main] o.s.data.convert.CustomConversions       : Adding converter from class org.joda.time.DateTime to class java.util.Date as writing converter.
2024-03-20 14:14:15.798 DEBUG 28292 --- [           main] o.s.data.convert.CustomConversions       : Adding converter from class java.util.Date to class org.joda.time.LocalDate as reading converter.
2024-03-20 14:14:15.798 DEBUG 28292 --- [           main] o.s.data.convert.CustomConversions       : Adding converter from class java.util.Date to class org.joda.time.LocalDateTime as reading converter.
2024-03-20 14:14:15.798 DEBUG 28292 --- [           main] o.s.data.convert.CustomConversions       : Adding converter from class java.util.Date to class org.joda.time.DateTime as reading converter.
2024-03-20 14:14:15.798 DEBUG 28292 --- [           main] o.s.data.convert.CustomConversions       : Adding converter from class java.time.LocalDateTime to class org.joda.time.LocalDateTime as reading converter.
2024-03-20 14:14:15.798 DEBUG 28292 --- [           main] o.s.data.convert.CustomConversions       : Adding converter from class java.time.LocalDateTime to class org.joda.time.DateTime as reading converter.
2024-03-20 14:14:15.798 DEBUG 28292 --- [           main] o.s.data.convert.CustomConversions       : Adding converter from class java.time.Instant to class org.joda.time.LocalDateTime as reading converter.
2024-03-20 14:14:15.798 DEBUG 28292 --- [           main] o.s.data.convert.CustomConversions       : Adding converter from class org.joda.time.LocalDateTime to class java.time.Instant as writing converter.
2024-03-20 14:14:15.798 DEBUG 28292 --- [           main] o.s.data.convert.CustomConversions       : Adding converter from class org.joda.time.LocalDateTime to class java.time.LocalDateTime as writing converter.
2024-03-20 14:14:15.798 DEBUG 28292 --- [           main] o.s.data.convert.CustomConversions       : Adding converter from class java.util.Date to class java.time.LocalDateTime as reading converter.
2024-03-20 14:14:15.798 DEBUG 28292 --- [           main] o.s.data.convert.CustomConversions       : Adding converter from class java.time.LocalDateTime to class java.util.Date as writing converter.
2024-03-20 14:14:15.798 DEBUG 28292 --- [           main] o.s.data.convert.CustomConversions       : Adding converter from class java.util.Date to class java.time.LocalDate as reading converter.
2024-03-20 14:14:15.798 DEBUG 28292 --- [           main] o.s.data.convert.CustomConversions       : Adding converter from class java.time.LocalDate to class java.util.Date as writing converter.
2024-03-20 14:14:15.798 DEBUG 28292 --- [           main] o.s.data.convert.CustomConversions       : Adding converter from class java.util.Date to class java.time.LocalTime as reading converter.
2024-03-20 14:14:15.798 DEBUG 28292 --- [           main] o.s.data.convert.CustomConversions       : Adding converter from class java.time.LocalTime to class java.util.Date as writing converter.
2024-03-20 14:14:15.798 DEBUG 28292 --- [           main] o.s.data.convert.CustomConversions       : Adding converter from class java.util.Date to class java.time.Instant as reading converter.
2024-03-20 14:14:15.798 DEBUG 28292 --- [           main] o.s.data.convert.CustomConversions       : Adding converter from class java.time.Instant to class java.util.Date as writing converter.
2024-03-20 14:14:15.798 DEBUG 28292 --- [           main] o.s.data.convert.CustomConversions       : Adding converter from class java.time.LocalDateTime to class java.time.Instant as reading converter.
2024-03-20 14:14:15.798 DEBUG 28292 --- [           main] o.s.data.convert.CustomConversions       : Adding converter from class java.time.Instant to class java.time.LocalDateTime as reading converter.
2024-03-20 14:14:15.798 DEBUG 28292 --- [           main] o.s.data.convert.CustomConversions       : Adding converter from class java.time.ZoneId to class java.lang.String as writing converter.
2024-03-20 14:14:15.798 DEBUG 28292 --- [           main] o.s.data.convert.CustomConversions       : Adding converter from class java.lang.String to class java.time.ZoneId as reading converter.
2024-03-20 14:14:15.798 DEBUG 28292 --- [           main] o.s.data.convert.CustomConversions       : Adding converter from class java.time.Duration to class java.lang.String as writing converter.
2024-03-20 14:14:15.798 DEBUG 28292 --- [           main] o.s.data.convert.CustomConversions       : Adding converter from class java.lang.String to class java.time.Duration as reading converter.
2024-03-20 14:14:15.798 DEBUG 28292 --- [           main] o.s.data.convert.CustomConversions       : Adding converter from class java.time.Period to class java.lang.String as writing converter.
2024-03-20 14:14:15.798 DEBUG 28292 --- [           main] o.s.data.convert.CustomConversions       : Adding converter from class java.lang.String to class java.time.Period as reading converter.
2024-03-20 14:14:15.798 DEBUG 28292 --- [           main] o.s.data.convert.CustomConversions       : Adding converter from class java.lang.String to class java.time.LocalDate as reading converter.
2024-03-20 14:14:15.798 DEBUG 28292 --- [           main] o.s.data.convert.CustomConversions       : Adding converter from class java.lang.String to class java.time.LocalDateTime as reading converter.
2024-03-20 14:14:15.798 DEBUG 28292 --- [           main] o.s.data.convert.CustomConversions       : Adding converter from class java.lang.String to class java.time.Instant as reading converter.
2024-03-20 14:14:15.799 DEBUG 28292 --- [           main] o.s.data.convert.CustomConversions       : Adding converter from class java.lang.String to class [B as writing converter.
2024-03-20 14:14:15.799 DEBUG 28292 --- [           main] o.s.data.convert.CustomConversions       : Adding converter from class [B to class java.lang.String as reading converter.
2024-03-20 14:14:15.799 DEBUG 28292 --- [           main] o.s.data.convert.CustomConversions       : Adding converter from class java.lang.Number to class [B as writing converter.
2024-03-20 14:14:15.799 DEBUG 28292 --- [           main] o.s.data.convert.CustomConversions       : Adding converter from class [B to class java.lang.Number as reading converter.
2024-03-20 14:14:15.799 DEBUG 28292 --- [           main] o.s.data.convert.CustomConversions       : Adding converter from class java.lang.Enum to class [B as writing converter.
2024-03-20 14:14:15.799 DEBUG 28292 --- [           main] o.s.data.convert.CustomConversions       : Adding converter from class [B to class java.lang.Enum as reading converter.
2024-03-20 14:14:15.799 DEBUG 28292 --- [           main] o.s.data.convert.CustomConversions       : Adding converter from class java.lang.Boolean to class [B as writing converter.
2024-03-20 14:14:15.799 DEBUG 28292 --- [           main] o.s.data.convert.CustomConversions       : Adding converter from class [B to class java.lang.Boolean as reading converter.
2024-03-20 14:14:15.799 DEBUG 28292 --- [           main] o.s.data.convert.CustomConversions       : Adding converter from class java.util.Date to class [B as writing converter.
2024-03-20 14:14:15.799 DEBUG 28292 --- [           main] o.s.data.convert.CustomConversions       : Adding converter from class [B to class java.util.Date as reading converter.
2024-03-20 14:14:15.799 DEBUG 28292 --- [           main] o.s.data.convert.CustomConversions       : Adding converter from class java.util.UUID to class [B as writing converter.
2024-03-20 14:14:15.799 DEBUG 28292 --- [           main] o.s.data.convert.CustomConversions       : Adding converter from class [B to class java.util.UUID as reading converter.
2024-03-20 14:14:15.799 DEBUG 28292 --- [           main] o.s.data.convert.CustomConversions       : Adding converter from class java.time.LocalDateTime to class [B as writing converter.
2024-03-20 14:14:15.799 DEBUG 28292 --- [           main] o.s.data.convert.CustomConversions       : Adding converter from class [B to class java.time.LocalDateTime as reading converter.
2024-03-20 14:14:15.799 DEBUG 28292 --- [           main] o.s.data.convert.CustomConversions       : Adding converter from class java.time.LocalDate to class [B as writing converter.
2024-03-20 14:14:15.799 DEBUG 28292 --- [           main] o.s.data.convert.CustomConversions       : Adding converter from class [B to class java.time.LocalDate as reading converter.
2024-03-20 14:14:15.799 DEBUG 28292 --- [           main] o.s.data.convert.CustomConversions       : Adding converter from class java.time.LocalTime to class [B as writing converter.
2024-03-20 14:14:15.799 DEBUG 28292 --- [           main] o.s.data.convert.CustomConversions       : Adding converter from class [B to class java.time.LocalTime as reading converter.
2024-03-20 14:14:15.799 DEBUG 28292 --- [           main] o.s.data.convert.CustomConversions       : Adding converter from class java.time.ZonedDateTime to class [B as writing converter.
2024-03-20 14:14:15.799 DEBUG 28292 --- [           main] o.s.data.convert.CustomConversions       : Adding converter from class [B to class java.time.ZonedDateTime as reading converter.
2024-03-20 14:14:15.799 DEBUG 28292 --- [           main] o.s.data.convert.CustomConversions       : Adding converter from class java.time.Instant to class [B as writing converter.
2024-03-20 14:14:15.799 DEBUG 28292 --- [           main] o.s.data.convert.CustomConversions       : Adding converter from class [B to class java.time.Instant as reading converter.
2024-03-20 14:14:15.799 DEBUG 28292 --- [           main] o.s.data.convert.CustomConversions       : Adding converter from class java.time.ZoneId to class [B as writing converter.
2024-03-20 14:14:15.799 DEBUG 28292 --- [           main] o.s.data.convert.CustomConversions       : Adding converter from class [B to class java.time.ZoneId as reading converter.
2024-03-20 14:14:15.799 DEBUG 28292 --- [           main] o.s.data.convert.CustomConversions       : Adding converter from class java.time.Period to class [B as writing converter.
2024-03-20 14:14:15.799 DEBUG 28292 --- [           main] o.s.data.convert.CustomConversions       : Adding converter from class [B to class java.time.Period as reading converter.
2024-03-20 14:14:15.800 DEBUG 28292 --- [           main] o.s.data.convert.CustomConversions       : Adding converter from class java.time.Duration to class [B as writing converter.
2024-03-20 14:14:15.800 DEBUG 28292 --- [           main] o.s.data.convert.CustomConversions       : Adding converter from class [B to class java.time.Duration as reading converter.
2024-03-20 14:14:15.800 DEBUG 28292 --- [           main] o.s.data.convert.CustomConversions       : Adding converter from class org.joda.time.LocalDate to class java.util.Date as writing converter.
2024-03-20 14:14:15.800 DEBUG 28292 --- [           main] o.s.data.convert.CustomConversions       : Adding converter from class org.joda.time.LocalDateTime to class java.util.Date as writing converter.
2024-03-20 14:14:15.800 DEBUG 28292 --- [           main] o.s.data.convert.CustomConversions       : Adding converter from class org.joda.time.DateTime to class java.util.Date as writing converter.
2024-03-20 14:14:15.800 DEBUG 28292 --- [           main] o.s.data.convert.CustomConversions       : Adding converter from class java.util.Date to class org.joda.time.LocalDate as reading converter.
2024-03-20 14:14:15.800 DEBUG 28292 --- [           main] o.s.data.convert.CustomConversions       : Adding converter from class java.util.Date to class org.joda.time.LocalDateTime as reading converter.
2024-03-20 14:14:15.800 DEBUG 28292 --- [           main] o.s.data.convert.CustomConversions       : Adding converter from class java.util.Date to class org.joda.time.DateTime as reading converter.
2024-03-20 14:14:15.800 DEBUG 28292 --- [           main] o.s.data.convert.CustomConversions       : Adding converter from class java.time.LocalDateTime to class org.joda.time.LocalDateTime as reading converter.
2024-03-20 14:14:15.800 DEBUG 28292 --- [           main] o.s.data.convert.CustomConversions       : Adding converter from class java.time.LocalDateTime to class org.joda.time.DateTime as reading converter.
2024-03-20 14:14:15.800 DEBUG 28292 --- [           main] o.s.data.convert.CustomConversions       : Adding converter from class java.time.Instant to class org.joda.time.LocalDateTime as reading converter.
2024-03-20 14:14:15.800 DEBUG 28292 --- [           main] o.s.data.convert.CustomConversions       : Adding converter from class org.joda.time.LocalDateTime to class java.time.Instant as writing converter.
2024-03-20 14:14:15.800 DEBUG 28292 --- [           main] o.s.data.convert.CustomConversions       : Adding converter from class org.joda.time.LocalDateTime to class java.time.LocalDateTime as writing converter.
2024-03-20 14:14:15.800 DEBUG 28292 --- [           main] o.s.data.convert.CustomConversions       : Adding converter from class java.util.Date to class java.time.LocalDateTime as reading converter.
2024-03-20 14:14:15.800 DEBUG 28292 --- [           main] o.s.data.convert.CustomConversions       : Adding converter from class java.time.LocalDateTime to class java.util.Date as writing converter.
2024-03-20 14:14:15.800 DEBUG 28292 --- [           main] o.s.data.convert.CustomConversions       : Adding converter from class java.util.Date to class java.time.LocalDate as reading converter.
2024-03-20 14:14:15.800 DEBUG 28292 --- [           main] o.s.data.convert.CustomConversions       : Adding converter from class java.time.LocalDate to class java.util.Date as writing converter.
2024-03-20 14:14:15.800 DEBUG 28292 --- [           main] o.s.data.convert.CustomConversions       : Adding converter from class java.util.Date to class java.time.LocalTime as reading converter.
2024-03-20 14:14:15.800 DEBUG 28292 --- [           main] o.s.data.convert.CustomConversions       : Adding converter from class java.time.LocalTime to class java.util.Date as writing converter.
2024-03-20 14:14:15.800 DEBUG 28292 --- [           main] o.s.data.convert.CustomConversions       : Adding converter from class java.util.Date to class java.time.Instant as reading converter.
2024-03-20 14:14:15.800 DEBUG 28292 --- [           main] o.s.data.convert.CustomConversions       : Adding converter from class java.time.Instant to class java.util.Date as writing converter.
2024-03-20 14:14:15.800 DEBUG 28292 --- [           main] o.s.data.convert.CustomConversions       : Adding converter from class java.time.LocalDateTime to class java.time.Instant as reading converter.
2024-03-20 14:14:15.800 DEBUG 28292 --- [           main] o.s.data.convert.CustomConversions       : Adding converter from class java.time.Instant to class java.time.LocalDateTime as reading converter.
2024-03-20 14:14:15.800 DEBUG 28292 --- [           main] o.s.data.convert.CustomConversions       : Adding converter from class java.time.ZoneId to class java.lang.String as writing converter.
2024-03-20 14:14:15.800 DEBUG 28292 --- [           main] o.s.data.convert.CustomConversions       : Adding converter from class java.lang.String to class java.time.ZoneId as reading converter.
2024-03-20 14:14:15.800 DEBUG 28292 --- [           main] o.s.data.convert.CustomConversions       : Adding converter from class java.time.Duration to class java.lang.String as writing converter.
2024-03-20 14:14:15.800 DEBUG 28292 --- [           main] o.s.data.convert.CustomConversions       : Adding converter from class java.lang.String to class java.time.Duration as reading converter.
2024-03-20 14:14:15.800 DEBUG 28292 --- [           main] o.s.data.convert.CustomConversions       : Adding converter from class java.time.Period to class java.lang.String as writing converter.
2024-03-20 14:14:15.800 DEBUG 28292 --- [           main] o.s.data.convert.CustomConversions       : Adding converter from class java.lang.String to class java.time.Period as reading converter.
2024-03-20 14:14:15.800 DEBUG 28292 --- [           main] o.s.data.convert.CustomConversions       : Adding converter from class java.lang.String to class java.time.LocalDate as reading converter.
2024-03-20 14:14:15.800 DEBUG 28292 --- [           main] o.s.data.convert.CustomConversions       : Adding converter from class java.lang.String to class java.time.LocalDateTime as reading converter.
2024-03-20 14:14:15.800 DEBUG 28292 --- [           main] o.s.data.convert.CustomConversions       : Adding converter from class java.lang.String to class java.time.Instant as reading converter.
2024-03-20 14:14:15.821 DEBUG 28292 --- [           main] o.s.b.f.s.DefaultListableBeanFactory     : Creating shared instance of singleton bean 'redisKeyValueAdapter'
2024-03-20 14:14:15.844 DEBUG 28292 --- [           main] o.s.d.r.l.RedisMessageListenerContainer  : Postpone listening for Redis messages until actual listeners are added
2024-03-20 14:14:15.844 DEBUG 28292 --- [           main] o.s.d.r.l.RedisMessageListenerContainer  : Started RedisMessageListenerContainer
2024-03-20 14:14:15.864 DEBUG 28292 --- [           main] o.s.b.f.s.DefaultListableBeanFactory     : Creating shared instance of singleton bean 'redisKeyValueTemplate'
2024-03-20 14:14:15.888 DEBUG 28292 --- [           main] o.s.b.f.s.DefaultListableBeanFactory     : Creating shared instance of singleton bean 'org.springframework.boot.autoconfigure.http.JacksonHttpMessageConvertersConfiguration'
2024-03-20 14:14:15.894 DEBUG 28292 --- [           main] o.s.b.f.s.DefaultListableBeanFactory     : Creating shared instance of singleton bean 'org.springframework.data.web.config.ProjectingArgumentResolverRegistrar'
2024-03-20 14:14:15.903 DEBUG 28292 --- [           main] o.s.b.f.s.DefaultListableBeanFactory     : Creating shared instance of singleton bean 'org.springframework.boot.autoconfigure.info.ProjectInfoAutoConfiguration'
2024-03-20 14:14:15.908 DEBUG 28292 --- [           main] o.s.b.f.s.DefaultListableBeanFactory     : Creating shared instance of singleton bean 'spring.info-org.springframework.boot.autoconfigure.info.ProjectInfoProperties'
2024-03-20 14:14:15.913 DEBUG 28292 --- [           main] o.s.b.f.s.DefaultListableBeanFactory     : Autowiring by type from bean name 'org.springframework.boot.autoconfigure.info.ProjectInfoAutoConfiguration' via constructor to bean named 'spring.info-org.springframework.boot.autoconfigure.info.ProjectInfoProperties'
2024-03-20 14:14:15.917 DEBUG 28292 --- [           main] o.s.b.f.s.DefaultListableBeanFactory     : Creating shared instance of singleton bean 'org.springframework.boot.autoconfigure.jdbc.JdbcTemplateConfiguration'
2024-03-20 14:14:15.922 DEBUG 28292 --- [           main] o.s.b.f.s.DefaultListableBeanFactory     : Creating shared instance of singleton bean 'jdbcTemplate'
2024-03-20 14:14:15.924 DEBUG 28292 --- [           main] o.s.b.f.s.DefaultListableBeanFactory     : Creating shared instance of singleton bean 'spring.jdbc-org.springframework.boot.autoconfigure.jdbc.JdbcProperties'
2024-03-20 14:14:15.929 DEBUG 28292 --- [           main] o.s.b.f.s.DefaultListableBeanFactory     : Autowiring by type from bean name 'jdbcTemplate' via factory method to bean named 'dataSource'
2024-03-20 14:14:15.929 DEBUG 28292 --- [           main] o.s.b.f.s.DefaultListableBeanFactory     : Autowiring by type from bean name 'jdbcTemplate' via factory method to bean named 'spring.jdbc-org.springframework.boot.autoconfigure.jdbc.JdbcProperties'
2024-03-20 14:14:15.982 DEBUG 28292 --- [           main] o.s.b.f.s.DefaultListableBeanFactory     : Creating shared instance of singleton bean 'org.springframework.boot.autoconfigure.jdbc.NamedParameterJdbcTemplateConfiguration'
2024-03-20 14:14:15.986 DEBUG 28292 --- [           main] o.s.b.f.s.DefaultListableBeanFactory     : Creating shared instance of singleton bean 'namedParameterJdbcTemplate'
2024-03-20 14:14:15.987 DEBUG 28292 --- [           main] o.s.b.f.s.DefaultListableBeanFactory     : Autowiring by type from bean name 'namedParameterJdbcTemplate' via factory method to bean named 'jdbcTemplate'
2024-03-20 14:14:16.010 DEBUG 28292 --- [           main] o.s.b.f.s.DefaultListableBeanFactory     : Creating shared instance of singleton bean 'org.springframework.boot.autoconfigure.jdbc.JdbcTemplateAutoConfiguration'
2024-03-20 14:14:16.016 DEBUG 28292 --- [           main] o.s.b.f.s.DefaultListableBeanFactory     : Creating shared instance of singleton bean 'org.springframework.boot.autoconfigure.mail.MailSenderAutoConfiguration'
2024-03-20 14:14:16.021 DEBUG 28292 --- [           main] o.s.b.f.s.DefaultListableBeanFactory     : Creating shared instance of singleton bean 'org.springframework.boot.autoconfigure.task.TaskSchedulingAutoConfiguration'
2024-03-20 14:14:16.027 DEBUG 28292 --- [           main] o.s.b.f.s.DefaultListableBeanFactory     : Creating shared instance of singleton bean 'taskSchedulerBuilder'
2024-03-20 14:14:16.029 DEBUG 28292 --- [           main] o.s.b.f.s.DefaultListableBeanFactory     : Creating shared instance of singleton bean 'spring.task.scheduling-org.springframework.boot.autoconfigure.task.TaskSchedulingProperties'
2024-03-20 14:14:16.035 DEBUG 28292 --- [           main] o.s.b.f.s.DefaultListableBeanFactory     : Autowiring by type from bean name 'taskSchedulerBuilder' via factory method to bean named 'spring.task.scheduling-org.springframework.boot.autoconfigure.task.TaskSchedulingProperties'
2024-03-20 14:14:16.042 DEBUG 28292 --- [           main] o.s.b.f.s.DefaultListableBeanFactory     : Creating shared instance of singleton bean 'org.springframework.boot.autoconfigure.jdbc.DataSourceTransactionManagerAutoConfiguration$DataSourceTransactionManagerConfiguration'
2024-03-20 14:14:16.045 DEBUG 28292 --- [           main] o.s.b.f.s.DefaultListableBeanFactory     : Creating shared instance of singleton bean 'transactionManager'
2024-03-20 14:14:16.045 DEBUG 28292 --- [           main] o.s.b.f.s.DefaultListableBeanFactory     : Autowiring by type from bean name 'transactionManager' via factory method to bean named 'dataSource'
2024-03-20 14:14:16.052 DEBUG 28292 --- [           main] o.s.b.f.s.DefaultListableBeanFactory     : Creating shared instance of singleton bean 'platformTransactionManagerCustomizers'
2024-03-20 14:14:16.052 DEBUG 28292 --- [           main] o.s.b.f.s.DefaultListableBeanFactory     : Creating shared instance of singleton bean 'org.springframework.boot.autoconfigure.transaction.TransactionAutoConfiguration'
2024-03-20 14:14:16.058 DEBUG 28292 --- [           main] o.s.b.f.s.DefaultListableBeanFactory     : Creating shared instance of singleton bean 'spring.transaction-org.springframework.boot.autoconfigure.transaction.TransactionProperties'
2024-03-20 14:14:16.087 DEBUG 28292 --- [           main] o.s.b.f.s.DefaultListableBeanFactory     : Creating shared instance of singleton bean 'org.springframework.boot.autoconfigure.jdbc.DataSourceTransactionManagerAutoConfiguration'
2024-03-20 14:14:16.089 DEBUG 28292 --- [           main] o.s.b.f.s.DefaultListableBeanFactory     : Creating shared instance of singleton bean 'org.springframework.boot.autoconfigure.transaction.TransactionAutoConfiguration$EnableTransactionManagementConfiguration$CglibAutoProxyConfiguration'
2024-03-20 14:14:16.092 DEBUG 28292 --- [           main] o.s.b.f.s.DefaultListableBeanFactory     : Creating shared instance of singleton bean 'org.springframework.boot.autoconfigure.transaction.TransactionAutoConfiguration$EnableTransactionManagementConfiguration'
2024-03-20 14:14:16.095 DEBUG 28292 --- [           main] o.s.b.f.s.DefaultListableBeanFactory     : Creating shared instance of singleton bean 'org.springframework.boot.autoconfigure.transaction.TransactionAutoConfiguration$TransactionTemplateConfiguration'
2024-03-20 14:14:16.099 DEBUG 28292 --- [           main] o.s.b.f.s.DefaultListableBeanFactory     : Creating shared instance of singleton bean 'transactionTemplate'
2024-03-20 14:14:16.101 DEBUG 28292 --- [           main] o.s.b.f.s.DefaultListableBeanFactory     : Autowiring by type from bean name 'transactionTemplate' via factory method to bean named 'transactionManager'
2024-03-20 14:14:16.116 DEBUG 28292 --- [           main] o.s.b.f.s.DefaultListableBeanFactory     : Creating shared instance of singleton bean 'org.springframework.boot.autoconfigure.web.client.RestTemplateAutoConfiguration'
2024-03-20 14:14:16.123 DEBUG 28292 --- [           main] o.s.b.f.s.DefaultListableBeanFactory     : Creating shared instance of singleton bean 'org.springframework.boot.autoconfigure.web.embedded.EmbeddedWebServerFactoryCustomizerAutoConfiguration'
2024-03-20 14:14:16.125 DEBUG 28292 --- [           main] o.s.b.f.s.DefaultListableBeanFactory     : Creating shared instance of singleton bean 'characterEncodingFilter'
2024-03-20 14:14:16.141 DEBUG 28292 --- [           main] o.s.b.f.s.DefaultListableBeanFactory     : Creating shared instance of singleton bean 'multipartResolver'
2024-03-20 14:14:16.213 DEBUG 28292 --- [           main] ConditionEvaluationReportLoggingListener : 


============================
CONDITIONS EVALUATION REPORT
============================


Positive matches:
-----------------

   AopAutoConfiguration matched:
      - @ConditionalOnProperty (spring.aop.auto=true) matched (OnPropertyCondition)

   AopAutoConfiguration.AspectJAutoProxyingConfiguration matched:
      - @ConditionalOnClass found required class 'org.aspectj.weaver.Advice' (OnClassCondition)

   AopAutoConfiguration.AspectJAutoProxyingConfiguration.CglibAutoProxyConfiguration matched:
      - @ConditionalOnProperty (spring.aop.proxy-target-class=true) matched (OnPropertyCondition)

   DataSourceAutoConfiguration matched:
      - @ConditionalOnClass found required classes 'javax.sql.DataSource', 'org.springframework.jdbc.datasource.embedded.EmbeddedDatabaseType' (OnClassCondition)
      - @ConditionalOnMissingBean (types: io.r2dbc.spi.ConnectionFactory; SearchStrategy: all) did not find any beans (OnBeanCondition)

   DataSourceAutoConfiguration.PooledDataSourceConfiguration matched:
      - AnyNestedCondition 2 matched 0 did not; NestedCondition on DataSourceAutoConfiguration.PooledDataSourceCondition.PooledDataSourceAvailable PooledDataSource found supported DataSource; NestedCondition on DataSourceAutoConfiguration.PooledDataSourceCondition.ExplicitType @ConditionalOnProperty (spring.datasource.type) matched (DataSourceAutoConfiguration.PooledDataSourceCondition)
      - @ConditionalOnMissingBean (types: javax.sql.DataSource,javax.sql.XADataSource; SearchStrategy: all) did not find any beans (OnBeanCondition)

   DataSourceConfiguration.Generic matched:
      - @ConditionalOnProperty (spring.datasource.type) matched (OnPropertyCondition)
      - @ConditionalOnMissingBean (types: javax.sql.DataSource; SearchStrategy: all) did not find any beans (OnBeanCondition)

   DataSourcePoolMetadataProvidersConfiguration.HikariPoolDataSourceMetadataProviderConfiguration matched:
      - @ConditionalOnClass found required class 'com.zaxxer.hikari.HikariDataSource' (OnClassCondition)

   DataSourceTransactionManagerAutoConfiguration matched:
      - @ConditionalOnClass found required classes 'org.springframework.jdbc.core.JdbcTemplate', 'org.springframework.transaction.PlatformTransactionManager' (OnClassCondition)

   DataSourceTransactionManagerAutoConfiguration.DataSourceTransactionManagerConfiguration matched:
      - @ConditionalOnSingleCandidate (types: javax.sql.DataSource; SearchStrategy: all) found a primary bean from beans 'dataSource' (OnBeanCondition)

   DataSourceTransactionManagerAutoConfiguration.DataSourceTransactionManagerConfiguration#transactionManager matched:
      - @ConditionalOnMissingBean (types: org.springframework.transaction.PlatformTransactionManager; SearchStrategy: all) did not find any beans (OnBeanCondition)

   DispatcherServletAutoConfiguration matched:
      - @ConditionalOnClass found required class 'org.springframework.web.servlet.DispatcherServlet' (OnClassCondition)
      - found 'session' scope (OnWebApplicationCondition)

   DispatcherServletAutoConfiguration.DispatcherServletConfiguration matched:
      - @ConditionalOnClass found required class 'javax.servlet.ServletRegistration' (OnClassCondition)
      - Default DispatcherServlet did not find dispatcher servlet beans (DispatcherServletAutoConfiguration.DefaultDispatcherServletCondition)

   DispatcherServletAutoConfiguration.DispatcherServletRegistrationConfiguration matched:
      - @ConditionalOnClass found required class 'javax.servlet.ServletRegistration' (OnClassCondition)
      - DispatcherServlet Registration did not find servlet registration bean (DispatcherServletAutoConfiguration.DispatcherServletRegistrationCondition)

   DispatcherServletAutoConfiguration.DispatcherServletRegistrationConfiguration#dispatcherServletRegistration matched:
      - @ConditionalOnBean (names: dispatcherServlet types: org.springframework.web.servlet.DispatcherServlet; SearchStrategy: all) found bean 'dispatcherServlet' (OnBeanCondition)

   ElasticsearchDataAutoConfiguration matched:
      - @ConditionalOnClass found required class 'org.springframework.data.elasticsearch.core.ElasticsearchRestTemplate' (OnClassCondition)

   ElasticsearchDataConfiguration.BaseConfiguration#elasticsearchConverter matched:
      - @ConditionalOnMissingBean (types: org.springframework.data.elasticsearch.core.convert.ElasticsearchConverter; SearchStrategy: all) did not find any beans (OnBeanCondition)

   ElasticsearchDataConfiguration.BaseConfiguration#elasticsearchCustomConversions matched:
      - @ConditionalOnMissingBean (types: org.springframework.data.elasticsearch.core.convert.ElasticsearchCustomConversions; SearchStrategy: all) did not find any beans (OnBeanCondition)

   ElasticsearchDataConfiguration.BaseConfiguration#mappingContext matched:
      - @ConditionalOnMissingBean (types: org.springframework.data.elasticsearch.core.mapping.SimpleElasticsearchMappingContext; SearchStrategy: all) did not find any beans (OnBeanCondition)

   ElasticsearchDataConfiguration.RestClientConfiguration matched:
      - @ConditionalOnClass found required class 'org.elasticsearch.client.RestHighLevelClient' (OnClassCondition)

   ElasticsearchDataConfiguration.RestClientConfiguration#elasticsearchTemplate matched:
      - @ConditionalOnBean (types: org.elasticsearch.client.RestHighLevelClient; SearchStrategy: all) found bean 'elasticsearchRestHighLevelClient'; @ConditionalOnMissingBean (names: elasticsearchTemplate types: org.springframework.data.elasticsearch.core.ElasticsearchOperations; SearchStrategy: all) did not find any beans (OnBeanCondition)

   ElasticsearchRepositoriesAutoConfiguration matched:
      - @ConditionalOnClass found required classes 'org.elasticsearch.client.Client', 'org.springframework.data.elasticsearch.repository.ElasticsearchRepository' (OnClassCondition)
      - @ConditionalOnProperty (spring.data.elasticsearch.repositories.enabled=true) matched (OnPropertyCondition)
      - @ConditionalOnMissingBean (types: org.springframework.data.elasticsearch.repository.support.ElasticsearchRepositoryFactoryBean; SearchStrategy: all) did not find any beans (OnBeanCondition)

   ElasticsearchRestClientAutoConfiguration matched:
      - @ConditionalOnClass found required class 'org.elasticsearch.client.RestClient' (OnClassCondition)

   ElasticsearchRestClientConfigurations.RestClientBuilderConfiguration matched:
      - @ConditionalOnMissingBean (types: org.elasticsearch.client.RestClientBuilder; SearchStrategy: all) did not find any beans (OnBeanCondition)

   ElasticsearchRestClientConfigurations.RestHighLevelClientConfiguration matched:
      - @ConditionalOnClass found required class 'org.elasticsearch.client.RestHighLevelClient' (OnClassCondition)

   ElasticsearchRestClientConfigurations.RestHighLevelClientConfiguration#elasticsearchRestClient matched:
      - @ConditionalOnMissingBean (types: org.elasticsearch.client.RestClient; SearchStrategy: all) did not find any beans (OnBeanCondition)

   ElasticsearchRestClientConfigurations.RestHighLevelClientConfiguration#elasticsearchRestHighLevelClient matched:
      - @ConditionalOnMissingBean (types: org.elasticsearch.client.RestHighLevelClient; SearchStrategy: all) did not find any beans (OnBeanCondition)

   EmbeddedWebServerFactoryCustomizerAutoConfiguration matched:
      - @ConditionalOnWebApplication (required) found 'session' scope (OnWebApplicationCondition)

   EmbeddedWebServerFactoryCustomizerAutoConfiguration.TomcatWebServerFactoryCustomizerConfiguration matched:
      - @ConditionalOnClass found required classes 'org.apache.catalina.startup.Tomcat', 'org.apache.coyote.UpgradeProtocol' (OnClassCondition)

   ErrorMvcAutoConfiguration matched:
      - @ConditionalOnClass found required classes 'javax.servlet.Servlet', 'org.springframework.web.servlet.DispatcherServlet' (OnClassCondition)
      - found 'session' scope (OnWebApplicationCondition)

   ErrorMvcAutoConfiguration#basicErrorController matched:
      - @ConditionalOnMissingBean (types: org.springframework.boot.web.servlet.error.ErrorController; SearchStrategy: current) did not find any beans (OnBeanCondition)

   ErrorMvcAutoConfiguration#errorAttributes matched:
      - @ConditionalOnMissingBean (types: org.springframework.boot.web.servlet.error.ErrorAttributes; SearchStrategy: current) did not find any beans (OnBeanCondition)

   ErrorMvcAutoConfiguration.DefaultErrorViewResolverConfiguration#conventionErrorViewResolver matched:
      - @ConditionalOnBean (types: org.springframework.web.servlet.DispatcherServlet; SearchStrategy: all) found bean 'dispatcherServlet'; @ConditionalOnMissingBean (types: org.springframework.boot.autoconfigure.web.servlet.error.ErrorViewResolver; SearchStrategy: all) did not find any beans (OnBeanCondition)

   ErrorMvcAutoConfiguration.WhitelabelErrorViewConfiguration matched:
      - @ConditionalOnProperty (server.error.whitelabel.enabled) matched (OnPropertyCondition)
      - ErrorTemplate Missing did not find error template view (ErrorMvcAutoConfiguration.ErrorTemplateMissingCondition)

   ErrorMvcAutoConfiguration.WhitelabelErrorViewConfiguration#beanNameViewResolver matched:
      - @ConditionalOnMissingBean (types: org.springframework.web.servlet.view.BeanNameViewResolver; SearchStrategy: all) did not find any beans (OnBeanCondition)

   ErrorMvcAutoConfiguration.WhitelabelErrorViewConfiguration#defaultErrorView matched:
      - @ConditionalOnMissingBean (names: error; SearchStrategy: all) did not find any beans (OnBeanCondition)

   GenericCacheConfiguration matched:
      - Cache org.springframework.boot.autoconfigure.cache.GenericCacheConfiguration automatic cache type (CacheCondition)

   HttpEncodingAutoConfiguration matched:
      - @ConditionalOnClass found required class 'org.springframework.web.filter.CharacterEncodingFilter' (OnClassCondition)
      - found 'session' scope (OnWebApplicationCondition)
      - @ConditionalOnProperty (server.servlet.encoding.enabled) matched (OnPropertyCondition)

   HttpEncodingAutoConfiguration#characterEncodingFilter matched:
      - @ConditionalOnMissingBean (types: org.springframework.web.filter.CharacterEncodingFilter; SearchStrategy: all) did not find any beans (OnBeanCondition)

   HttpMessageConvertersAutoConfiguration matched:
      - @ConditionalOnClass found required class 'org.springframework.http.converter.HttpMessageConverter' (OnClassCondition)
      - NoneNestedConditions 0 matched 1 did not; NestedCondition on HttpMessageConvertersAutoConfiguration.NotReactiveWebApplicationCondition.ReactiveWebApplication did not find reactive web application classes (HttpMessageConvertersAutoConfiguration.NotReactiveWebApplicationCondition)

   HttpMessageConvertersAutoConfiguration#messageConverters matched:
      - @ConditionalOnMissingBean (types: org.springframework.boot.autoconfigure.http.HttpMessageConverters; SearchStrategy: all) did not find any beans (OnBeanCondition)

   HttpMessageConvertersAutoConfiguration.StringHttpMessageConverterConfiguration matched:
      - @ConditionalOnClass found required class 'org.springframework.http.converter.StringHttpMessageConverter' (OnClassCondition)

   HttpMessageConvertersAutoConfiguration.StringHttpMessageConverterConfiguration#stringHttpMessageConverter matched:
      - @ConditionalOnMissingBean (types: org.springframework.http.converter.StringHttpMessageConverter; SearchStrategy: all) did not find any beans (OnBeanCondition)

   JacksonAutoConfiguration matched:
      - @ConditionalOnClass found required class 'com.fasterxml.jackson.databind.ObjectMapper' (OnClassCondition)

   JacksonAutoConfiguration.Jackson2ObjectMapperBuilderCustomizerConfiguration matched:
      - @ConditionalOnClass found required class 'org.springframework.http.converter.json.Jackson2ObjectMapperBuilder' (OnClassCondition)

   JacksonAutoConfiguration.JacksonObjectMapperBuilderConfiguration matched:
      - @ConditionalOnClass found required class 'org.springframework.http.converter.json.Jackson2ObjectMapperBuilder' (OnClassCondition)

   JacksonAutoConfiguration.JacksonObjectMapperBuilderConfiguration#jacksonObjectMapperBuilder matched:
      - @ConditionalOnMissingBean (types: org.springframework.http.converter.json.Jackson2ObjectMapperBuilder; SearchStrategy: all) did not find any beans (OnBeanCondition)

   JacksonAutoConfiguration.JacksonObjectMapperConfiguration matched:
      - @ConditionalOnClass found required class 'org.springframework.http.converter.json.Jackson2ObjectMapperBuilder' (OnClassCondition)

   JacksonAutoConfiguration.JacksonObjectMapperConfiguration#jacksonObjectMapper matched:
      - @ConditionalOnMissingBean (types: com.fasterxml.jackson.databind.ObjectMapper; SearchStrategy: all) did not find any beans (OnBeanCondition)

   JacksonAutoConfiguration.ParameterNamesModuleConfiguration matched:
      - @ConditionalOnClass found required class 'com.fasterxml.jackson.module.paramnames.ParameterNamesModule' (OnClassCondition)

   JacksonAutoConfiguration.ParameterNamesModuleConfiguration#parameterNamesModule matched:
      - @ConditionalOnMissingBean (types: com.fasterxml.jackson.module.paramnames.ParameterNamesModule; SearchStrategy: all) did not find any beans (OnBeanCondition)

   JacksonHttpMessageConvertersConfiguration.MappingJackson2HttpMessageConverterConfiguration matched:
      - @ConditionalOnClass found required class 'com.fasterxml.jackson.databind.ObjectMapper' (OnClassCondition)
      - @ConditionalOnProperty (spring.mvc.converters.preferred-json-mapper=jackson) matched (OnPropertyCondition)
      - @ConditionalOnBean (types: com.fasterxml.jackson.databind.ObjectMapper; SearchStrategy: all) found bean 'jacksonObjectMapper' (OnBeanCondition)

   JacksonHttpMessageConvertersConfiguration.MappingJackson2HttpMessageConverterConfiguration#mappingJackson2HttpMessageConverter matched:
      - @ConditionalOnMissingBean (types: org.springframework.http.converter.json.MappingJackson2HttpMessageConverter ignored: org.springframework.hateoas.server.mvc.TypeConstrainedMappingJackson2HttpMessageConverter,org.springframework.data.rest.webmvc.alps.AlpsJsonHttpMessageConverter; SearchStrategy: all) did not find any beans (OnBeanCondition)

   JdbcTemplateAutoConfiguration matched:
      - @ConditionalOnClass found required classes 'javax.sql.DataSource', 'org.springframework.jdbc.core.JdbcTemplate' (OnClassCondition)
      - @ConditionalOnSingleCandidate (types: javax.sql.DataSource; SearchStrategy: all) found a primary bean from beans 'dataSource' (OnBeanCondition)

   JdbcTemplateConfiguration matched:
      - @ConditionalOnMissingBean (types: org.springframework.jdbc.core.JdbcOperations; SearchStrategy: all) did not find any beans (OnBeanCondition)

   LettuceConnectionConfiguration matched:
      - @ConditionalOnClass found required class 'io.lettuce.core.RedisClient' (OnClassCondition)

   LettuceConnectionConfiguration#lettuceClientResources matched:
      - @ConditionalOnMissingBean (types: io.lettuce.core.resource.ClientResources; SearchStrategy: all) did not find any beans (OnBeanCondition)

   LettuceConnectionConfiguration#redisConnectionFactory matched:
      - @ConditionalOnMissingBean (types: org.springframework.data.redis.connection.RedisConnectionFactory; SearchStrategy: all) did not find any beans (OnBeanCondition)

   LifecycleAutoConfiguration#defaultLifecycleProcessor matched:
      - @ConditionalOnMissingBean (names: lifecycleProcessor; SearchStrategy: current) did not find any beans (OnBeanCondition)

   MailSenderAutoConfiguration matched:
      - @ConditionalOnClass found required classes 'javax.mail.internet.MimeMessage', 'javax.activation.MimeType', 'org.springframework.mail.MailSender' (OnClassCondition)
      - AnyNestedCondition 1 matched 1 did not; NestedCondition on MailSenderAutoConfiguration.MailSenderCondition.JndiNameProperty @ConditionalOnProperty (spring.mail.jndi-name) did not find property 'jndi-name'; NestedCondition on MailSenderAutoConfiguration.MailSenderCondition.HostProperty @ConditionalOnProperty (spring.mail.host) matched (MailSenderAutoConfiguration.MailSenderCondition)
      - @ConditionalOnMissingBean (types: org.springframework.mail.MailSender; SearchStrategy: all) did not find any beans (OnBeanCondition)

   MailSenderPropertiesConfiguration matched:
      - @ConditionalOnProperty (spring.mail.host) matched (OnPropertyCondition)

   MailSenderPropertiesConfiguration#mailSender matched:
      - @ConditionalOnMissingBean (types: org.springframework.mail.javamail.JavaMailSender; SearchStrategy: all) did not find any beans (OnBeanCondition)

   MultipartAutoConfiguration matched:
      - @ConditionalOnClass found required classes 'javax.servlet.Servlet', 'org.springframework.web.multipart.support.StandardServletMultipartResolver', 'javax.servlet.MultipartConfigElement' (OnClassCondition)
      - found 'session' scope (OnWebApplicationCondition)
      - @ConditionalOnProperty (spring.servlet.multipart.enabled) matched (OnPropertyCondition)

   MultipartAutoConfiguration#multipartConfigElement matched:
      - @ConditionalOnMissingBean (types: javax.servlet.MultipartConfigElement,org.springframework.web.multipart.commons.CommonsMultipartResolver; SearchStrategy: all) did not find any beans (OnBeanCondition)

   MultipartAutoConfiguration#multipartResolver matched:
      - @ConditionalOnMissingBean (types: org.springframework.web.multipart.MultipartResolver; SearchStrategy: all) did not find any beans (OnBeanCondition)

   MybatisAutoConfiguration matched:
      - @ConditionalOnClass found required classes 'org.apache.ibatis.session.SqlSessionFactory', 'org.mybatis.spring.SqlSessionFactoryBean' (OnClassCondition)
      - @ConditionalOnSingleCandidate (types: javax.sql.DataSource; SearchStrategy: all) found a primary bean from beans 'dataSource' (OnBeanCondition)

   MybatisAutoConfiguration#sqlSessionFactory matched:
      - @ConditionalOnMissingBean (types: org.apache.ibatis.session.SqlSessionFactory; SearchStrategy: all) did not find any beans (OnBeanCondition)

   MybatisAutoConfiguration#sqlSessionTemplate matched:
      - @ConditionalOnMissingBean (types: org.mybatis.spring.SqlSessionTemplate; SearchStrategy: all) did not find any beans (OnBeanCondition)

   NamedParameterJdbcTemplateConfiguration matched:
      - @ConditionalOnSingleCandidate (types: org.springframework.jdbc.core.JdbcTemplate; SearchStrategy: all) found a primary bean from beans 'jdbcTemplate'; @ConditionalOnMissingBean (types: org.springframework.jdbc.core.namedparam.NamedParameterJdbcOperations; SearchStrategy: all) did not find any beans (OnBeanCondition)

   NoOpCacheConfiguration matched:
      - Cache org.springframework.boot.autoconfigure.cache.NoOpCacheConfiguration automatic cache type (CacheCondition)

   PageHelperAutoConfiguration matched:
      - @ConditionalOnBean (types: org.apache.ibatis.session.SqlSessionFactory; SearchStrategy: all) found bean 'sqlSessionFactory' (OnBeanCondition)

   PersistenceExceptionTranslationAutoConfiguration matched:
      - @ConditionalOnClass found required class 'org.springframework.dao.annotation.PersistenceExceptionTranslationPostProcessor' (OnClassCondition)

   PersistenceExceptionTranslationAutoConfiguration#persistenceExceptionTranslationPostProcessor matched:
      - @ConditionalOnProperty (spring.dao.exceptiontranslation.enabled) matched (OnPropertyCondition)
      - @ConditionalOnMissingBean (types: org.springframework.dao.annotation.PersistenceExceptionTranslationPostProcessor; SearchStrategy: all) did not find any beans (OnBeanCondition)

   PropertyPlaceholderAutoConfiguration#propertySourcesPlaceholderConfigurer matched:
      - @ConditionalOnMissingBean (types: org.springframework.context.support.PropertySourcesPlaceholderConfigurer; SearchStrategy: current) did not find any beans (OnBeanCondition)

   ReactiveElasticsearchRepositoriesAutoConfiguration matched:
      - @ConditionalOnClass found required classes 'org.springframework.data.elasticsearch.client.reactive.ReactiveElasticsearchClient', 'org.springframework.data.elasticsearch.repository.ReactiveElasticsearchRepository' (OnClassCondition)
      - @ConditionalOnProperty (spring.data.elasticsearch.repositories.enabled=true) matched (OnPropertyCondition)
      - @ConditionalOnMissingBean (types: org.springframework.data.elasticsearch.repository.support.ReactiveElasticsearchRepositoryFactoryBean; SearchStrategy: all) did not find any beans (OnBeanCondition)

   RedisAutoConfiguration matched:
      - @ConditionalOnClass found required class 'org.springframework.data.redis.core.RedisOperations' (OnClassCondition)

   RedisAutoConfiguration#redisTemplate matched:
      - @ConditionalOnMissingBean (names: redisTemplate; SearchStrategy: all) did not find any beans (OnBeanCondition)

   RedisAutoConfiguration#stringRedisTemplate matched:
      - @ConditionalOnMissingBean (types: org.springframework.data.redis.core.StringRedisTemplate; SearchStrategy: all) did not find any beans (OnBeanCondition)

   RedisCacheConfiguration matched:
      - @ConditionalOnClass found required class 'org.springframework.data.redis.connection.RedisConnectionFactory' (OnClassCondition)
      - Cache org.springframework.boot.autoconfigure.cache.RedisCacheConfiguration automatic cache type (CacheCondition)

   RedisReactiveAutoConfiguration matched:
      - @ConditionalOnClass found required classes 'org.springframework.data.redis.connection.ReactiveRedisConnectionFactory', 'org.springframework.data.redis.core.ReactiveRedisTemplate', 'reactor.core.publisher.Flux' (OnClassCondition)

   RedisReactiveAutoConfiguration#reactiveRedisTemplate matched:
      - @ConditionalOnBean (types: org.springframework.data.redis.connection.ReactiveRedisConnectionFactory; SearchStrategy: all) found bean 'redisConnectionFactory'; @ConditionalOnMissingBean (names: reactiveRedisTemplate; SearchStrategy: all) did not find any beans (OnBeanCondition)

   RedisReactiveAutoConfiguration#reactiveStringRedisTemplate matched:
      - @ConditionalOnBean (types: org.springframework.data.redis.connection.ReactiveRedisConnectionFactory; SearchStrategy: all) found bean 'redisConnectionFactory'; @ConditionalOnMissingBean (names: reactiveStringRedisTemplate; SearchStrategy: all) did not find any beans (OnBeanCondition)

   RedisRepositoriesAutoConfiguration matched:
      - @ConditionalOnClass found required class 'org.springframework.data.redis.repository.configuration.EnableRedisRepositories' (OnClassCondition)
      - @ConditionalOnProperty (spring.data.redis.repositories.enabled=true) matched (OnPropertyCondition)
      - @ConditionalOnBean (types: org.springframework.data.redis.connection.RedisConnectionFactory; SearchStrategy: all) found bean 'redisConnectionFactory'; @ConditionalOnMissingBean (types: org.springframework.data.redis.repository.support.RedisRepositoryFactoryBean; SearchStrategy: all) did not find any beans (OnBeanCondition)

   RestTemplateAutoConfiguration matched:
      - @ConditionalOnClass found required class 'org.springframework.web.client.RestTemplate' (OnClassCondition)
      - NoneNestedConditions 0 matched 1 did not; NestedCondition on RestTemplateAutoConfiguration.NotReactiveWebApplicationCondition.ReactiveWebApplication did not find reactive web application classes (RestTemplateAutoConfiguration.NotReactiveWebApplicationCondition)

   RestTemplateAutoConfiguration#restTemplateBuilder matched:
      - @ConditionalOnMissingBean (types: org.springframework.boot.web.client.RestTemplateBuilder; SearchStrategy: all) did not find any beans (OnBeanCondition)

   ServletWebServerFactoryAutoConfiguration matched:
      - @ConditionalOnClass found required class 'javax.servlet.ServletRequest' (OnClassCondition)
      - found 'session' scope (OnWebApplicationCondition)

   ServletWebServerFactoryAutoConfiguration#tomcatServletWebServerFactoryCustomizer matched:
      - @ConditionalOnClass found required class 'org.apache.catalina.startup.Tomcat' (OnClassCondition)

   ServletWebServerFactoryConfiguration.EmbeddedTomcat matched:
      - @ConditionalOnClass found required classes 'javax.servlet.Servlet', 'org.apache.catalina.startup.Tomcat', 'org.apache.coyote.UpgradeProtocol' (OnClassCondition)
      - @ConditionalOnMissingBean (types: org.springframework.boot.web.servlet.server.ServletWebServerFactory; SearchStrategy: current) did not find any beans (OnBeanCondition)

   SimpleCacheConfiguration matched:
      - Cache org.springframework.boot.autoconfigure.cache.SimpleCacheConfiguration automatic cache type (CacheCondition)

   SpringDataWebAutoConfiguration matched:
      - @ConditionalOnClass found required classes 'org.springframework.data.web.PageableHandlerMethodArgumentResolver', 'org.springframework.web.servlet.config.annotation.WebMvcConfigurer' (OnClassCondition)
      - found 'session' scope (OnWebApplicationCondition)
      - @ConditionalOnMissingBean (types: org.springframework.data.web.PageableHandlerMethodArgumentResolver; SearchStrategy: all) did not find any beans (OnBeanCondition)

   SpringDataWebAutoConfiguration#pageableCustomizer matched:
      - @ConditionalOnMissingBean (types: org.springframework.data.web.config.PageableHandlerMethodArgumentResolverCustomizer; SearchStrategy: all) did not find any beans (OnBeanCondition)

   SpringDataWebAutoConfiguration#sortCustomizer matched:
      - @ConditionalOnMissingBean (types: org.springframework.data.web.config.SortHandlerMethodArgumentResolverCustomizer; SearchStrategy: all) did not find any beans (OnBeanCondition)

   TaskExecutionAutoConfiguration matched:
      - @ConditionalOnClass found required class 'org.springframework.scheduling.concurrent.ThreadPoolTaskExecutor' (OnClassCondition)

   TaskExecutionAutoConfiguration#applicationTaskExecutor matched:
      - @ConditionalOnMissingBean (types: java.util.concurrent.Executor; SearchStrategy: all) did not find any beans (OnBeanCondition)

   TaskExecutionAutoConfiguration#taskExecutorBuilder matched:
      - @ConditionalOnMissingBean (types: org.springframework.boot.task.TaskExecutorBuilder; SearchStrategy: all) did not find any beans (OnBeanCondition)

   TaskSchedulingAutoConfiguration matched:
      - @ConditionalOnClass found required class 'org.springframework.scheduling.concurrent.ThreadPoolTaskScheduler' (OnClassCondition)

   TaskSchedulingAutoConfiguration#taskSchedulerBuilder matched:
      - @ConditionalOnMissingBean (types: org.springframework.boot.task.TaskSchedulerBuilder; SearchStrategy: all) did not find any beans (OnBeanCondition)

   TransactionAutoConfiguration matched:
      - @ConditionalOnClass found required class 'org.springframework.transaction.PlatformTransactionManager' (OnClassCondition)

   TransactionAutoConfiguration#platformTransactionManagerCustomizers matched:
      - @ConditionalOnMissingBean (types: org.springframework.boot.autoconfigure.transaction.TransactionManagerCustomizers; SearchStrategy: all) did not find any beans (OnBeanCondition)

   TransactionAutoConfiguration.EnableTransactionManagementConfiguration matched:
      - @ConditionalOnBean (types: org.springframework.transaction.TransactionManager; SearchStrategy: all) found bean 'transactionManager'; @ConditionalOnMissingBean (types: org.springframework.transaction.annotation.AbstractTransactionManagementConfiguration; SearchStrategy: all) did not find any beans (OnBeanCondition)

   TransactionAutoConfiguration.EnableTransactionManagementConfiguration.CglibAutoProxyConfiguration matched:
      - @ConditionalOnProperty (spring.aop.proxy-target-class=true) matched (OnPropertyCondition)

   TransactionAutoConfiguration.TransactionTemplateConfiguration matched:
      - @ConditionalOnSingleCandidate (types: org.springframework.transaction.PlatformTransactionManager; SearchStrategy: all) found a primary bean from beans 'transactionManager' (OnBeanCondition)

   TransactionAutoConfiguration.TransactionTemplateConfiguration#transactionTemplate matched:
      - @ConditionalOnMissingBean (types: org.springframework.transaction.support.TransactionOperations; SearchStrategy: all) did not find any beans (OnBeanCondition)

   WebMvcAutoConfiguration matched:
      - @ConditionalOnClass found required classes 'javax.servlet.Servlet', 'org.springframework.web.servlet.DispatcherServlet', 'org.springframework.web.servlet.config.annotation.WebMvcConfigurer' (OnClassCondition)
      - found 'session' scope (OnWebApplicationCondition)
      - @ConditionalOnMissingBean (types: org.springframework.web.servlet.config.annotation.WebMvcConfigurationSupport; SearchStrategy: all) did not find any beans (OnBeanCondition)

   WebMvcAutoConfiguration#formContentFilter matched:
      - @ConditionalOnProperty (spring.mvc.formcontent.filter.enabled) matched (OnPropertyCondition)
      - @ConditionalOnMissingBean (types: org.springframework.web.filter.FormContentFilter; SearchStrategy: all) did not find any beans (OnBeanCondition)

   WebMvcAutoConfiguration.WebMvcAutoConfigurationAdapter#defaultViewResolver matched:
      - @ConditionalOnMissingBean (types: org.springframework.web.servlet.view.InternalResourceViewResolver; SearchStrategy: all) did not find any beans (OnBeanCondition)

   WebMvcAutoConfiguration.WebMvcAutoConfigurationAdapter#requestContextFilter matched:
      - @ConditionalOnMissingBean (types: org.springframework.web.context.request.RequestContextListener,org.springframework.web.filter.RequestContextFilter; SearchStrategy: all) did not find any beans (OnBeanCondition)

   WebMvcAutoConfiguration.WebMvcAutoConfigurationAdapter#viewResolver matched:
      - @ConditionalOnBean (types: org.springframework.web.servlet.ViewResolver; SearchStrategy: all) found beans 'defaultViewResolver', 'beanNameViewResolver', 'mvcViewResolver'; @ConditionalOnMissingBean (names: viewResolver types: org.springframework.web.servlet.view.ContentNegotiatingViewResolver; SearchStrategy: all) did not find any beans (OnBeanCondition)

   WebSocketServletAutoConfiguration matched:
      - @ConditionalOnClass found required classes 'javax.servlet.Servlet', 'javax.websocket.server.ServerContainer' (OnClassCondition)
      - found 'session' scope (OnWebApplicationCondition)

   WebSocketServletAutoConfiguration.TomcatWebSocketConfiguration matched:
      - @ConditionalOnClass found required classes 'org.apache.catalina.startup.Tomcat', 'org.apache.tomcat.websocket.server.WsSci' (OnClassCondition)

   WebSocketServletAutoConfiguration.TomcatWebSocketConfiguration#websocketServletWebServerCustomizer matched:
      - @ConditionalOnMissingBean (names: websocketServletWebServerCustomizer; SearchStrategy: all) did not find any beans (OnBeanCondition)


Negative matches:
-----------------

   ActiveMQAutoConfiguration:
      Did not match:
         - @ConditionalOnClass did not find required class 'javax.jms.ConnectionFactory' (OnClassCondition)

   AopAutoConfiguration.AspectJAutoProxyingConfiguration.JdkDynamicAutoProxyConfiguration:
      Did not match:
         - @ConditionalOnProperty (spring.aop.proxy-target-class=false) did not find property 'proxy-target-class' (OnPropertyCondition)

   AopAutoConfiguration.ClassProxyingConfiguration:
      Did not match:
         - @ConditionalOnMissingClass found unwanted class 'org.aspectj.weaver.Advice' (OnClassCondition)

   ArtemisAutoConfiguration:
      Did not match:
         - @ConditionalOnClass did not find required class 'javax.jms.ConnectionFactory' (OnClassCondition)

   BatchAutoConfiguration:
      Did not match:
         - @ConditionalOnClass did not find required class 'org.springframework.batch.core.launch.JobLauncher' (OnClassCondition)

   CacheAutoConfiguration:
      Did not match:
         - @ConditionalOnBean (types: org.springframework.cache.interceptor.CacheAspectSupport; SearchStrategy: all) did not find any beans of type org.springframework.cache.interceptor.CacheAspectSupport (OnBeanCondition)
      Matched:
         - @ConditionalOnClass found required class 'org.springframework.cache.CacheManager' (OnClassCondition)

   CacheAutoConfiguration.CacheManagerEntityManagerFactoryDependsOnPostProcessor:
      Did not match:
         - @ConditionalOnClass did not find required class 'org.springframework.orm.jpa.LocalContainerEntityManagerFactoryBean' (OnClassCondition)
         - Ancestor org.springframework.boot.autoconfigure.cache.CacheAutoConfiguration did not match (ConditionEvaluationReport.AncestorsMatchedCondition)

   CaffeineCacheConfiguration:
      Did not match:
         - @ConditionalOnClass did not find required class 'com.github.benmanes.caffeine.cache.Caffeine' (OnClassCondition)

   CassandraAutoConfiguration:
      Did not match:
         - @ConditionalOnClass did not find required class 'com.datastax.oss.driver.api.core.CqlSession' (OnClassCondition)

   CassandraDataAutoConfiguration:
      Did not match:
         - @ConditionalOnClass did not find required class 'com.datastax.oss.driver.api.core.CqlSession' (OnClassCondition)

   CassandraReactiveDataAutoConfiguration:
      Did not match:
         - @ConditionalOnClass did not find required class 'com.datastax.oss.driver.api.core.CqlSession' (OnClassCondition)

   CassandraReactiveRepositoriesAutoConfiguration:
      Did not match:
         - @ConditionalOnClass did not find required class 'org.springframework.data.cassandra.ReactiveSession' (OnClassCondition)

   CassandraRepositoriesAutoConfiguration:
      Did not match:
         - @ConditionalOnClass did not find required class 'com.datastax.oss.driver.api.core.CqlSession' (OnClassCondition)

   ClientHttpConnectorAutoConfiguration:
      Did not match:
         - @ConditionalOnClass did not find required class 'org.springframework.web.reactive.function.client.WebClient' (OnClassCondition)

   CodecsAutoConfiguration:
      Did not match:
         - @ConditionalOnClass did not find required class 'org.springframework.web.reactive.function.client.WebClient' (OnClassCondition)

   CouchbaseAutoConfiguration:
      Did not match:
         - @ConditionalOnClass did not find required class 'com.couchbase.client.java.Cluster' (OnClassCondition)

   CouchbaseCacheConfiguration:
      Did not match:
         - @ConditionalOnClass did not find required class 'com.couchbase.client.java.Cluster' (OnClassCondition)

   CouchbaseDataAutoConfiguration:
      Did not match:
         - @ConditionalOnClass did not find required class 'com.couchbase.client.java.Bucket' (OnClassCondition)

   CouchbaseReactiveDataAutoConfiguration:
      Did not match:
         - @ConditionalOnClass did not find required class 'com.couchbase.client.java.Cluster' (OnClassCondition)

   CouchbaseReactiveRepositoriesAutoConfiguration:
      Did not match:
         - @ConditionalOnClass did not find required class 'com.couchbase.client.java.Cluster' (OnClassCondition)

   CouchbaseRepositoriesAutoConfiguration:
      Did not match:
         - @ConditionalOnClass did not find required class 'com.couchbase.client.java.Bucket' (OnClassCondition)

   DataSourceAutoConfiguration.EmbeddedDatabaseConfiguration:
      Did not match:
         - EmbeddedDataSource spring.datasource.url is set (DataSourceAutoConfiguration.EmbeddedDatabaseCondition)

   DataSourceConfiguration.Dbcp2:
      Did not match:
         - @ConditionalOnClass did not find required class 'org.apache.commons.dbcp2.BasicDataSource' (OnClassCondition)

   DataSourceConfiguration.Hikari:
      Did not match:
         - @ConditionalOnProperty (spring.datasource.type=com.zaxxer.hikari.HikariDataSource) found different value in property 'spring.datasource.type' (OnPropertyCondition)
      Matched:
         - @ConditionalOnClass found required class 'com.zaxxer.hikari.HikariDataSource' (OnClassCondition)

   DataSourceConfiguration.Tomcat:
      Did not match:
         - @ConditionalOnClass did not find required class 'org.apache.tomcat.jdbc.pool.DataSource' (OnClassCondition)

   DataSourceJmxConfiguration:
      Did not match:
         - @ConditionalOnProperty (spring.jmx.enabled=true) found different value in property 'enabled' (OnPropertyCondition)

   DataSourcePoolMetadataProvidersConfiguration.CommonsDbcp2PoolDataSourceMetadataProviderConfiguration:
      Did not match:
         - @ConditionalOnClass did not find required class 'org.apache.commons.dbcp2.BasicDataSource' (OnClassCondition)

   DataSourcePoolMetadataProvidersConfiguration.TomcatDataSourcePoolMetadataProviderConfiguration:
      Did not match:
         - @ConditionalOnClass did not find required class 'org.apache.tomcat.jdbc.pool.DataSource' (OnClassCondition)

   DispatcherServletAutoConfiguration.DispatcherServletConfiguration#multipartResolver:
      Did not match:
         - @ConditionalOnBean (types: org.springframework.web.multipart.MultipartResolver; SearchStrategy: all) did not find any beans of type org.springframework.web.multipart.MultipartResolver (OnBeanCondition)

   EhCacheCacheConfiguration:
      Did not match:
         - @ConditionalOnClass did not find required class 'net.sf.ehcache.Cache' (OnClassCondition)

   ElasticsearchDataConfiguration.ReactiveRestClientConfiguration:
      Did not match:
         - @ConditionalOnClass did not find required class 'org.springframework.web.reactive.function.client.WebClient' (OnClassCondition)

   ElasticsearchRestClientConfigurations.RestClientFallbackConfiguration#elasticsearchRestClient:
      Did not match:
         - @ConditionalOnMissingBean (types: org.elasticsearch.client.RestClient; SearchStrategy: all) found beans of type 'org.elasticsearch.client.RestClient' elasticsearchRestClient (OnBeanCondition)

   EmbeddedLdapAutoConfiguration:
      Did not match:
         - @ConditionalOnClass did not find required class 'com.unboundid.ldap.listener.InMemoryDirectoryServer' (OnClassCondition)

   EmbeddedMongoAutoConfiguration:
      Did not match:
         - @ConditionalOnClass did not find required class 'com.mongodb.MongoClientSettings' (OnClassCondition)

   EmbeddedWebServerFactoryCustomizerAutoConfiguration.JettyWebServerFactoryCustomizerConfiguration:
      Did not match:
         - @ConditionalOnClass did not find required classes 'org.eclipse.jetty.server.Server', 'org.eclipse.jetty.util.Loader', 'org.eclipse.jetty.webapp.WebAppContext' (OnClassCondition)

   EmbeddedWebServerFactoryCustomizerAutoConfiguration.NettyWebServerFactoryCustomizerConfiguration:
      Did not match:
         - @ConditionalOnClass did not find required class 'reactor.netty.http.server.HttpServer' (OnClassCondition)

   EmbeddedWebServerFactoryCustomizerAutoConfiguration.UndertowWebServerFactoryCustomizerConfiguration:
      Did not match:
         - @ConditionalOnClass did not find required classes 'io.undertow.Undertow', 'org.xnio.SslClientAuthMode' (OnClassCondition)

   ErrorWebFluxAutoConfiguration:
      Did not match:
         - @ConditionalOnClass did not find required class 'org.springframework.web.reactive.config.WebFluxConfigurer' (OnClassCondition)

   FlywayAutoConfiguration:
      Did not match:
         - @ConditionalOnClass did not find required class 'org.flywaydb.core.Flyway' (OnClassCondition)

   FreeMarkerAutoConfiguration:
      Did not match:
         - @ConditionalOnClass did not find required class 'freemarker.template.Configuration' (OnClassCondition)

   GroovyTemplateAutoConfiguration:
      Did not match:
         - @ConditionalOnClass did not find required class 'groovy.text.markup.MarkupTemplateEngine' (OnClassCondition)

   GsonAutoConfiguration:
      Did not match:
         - @ConditionalOnClass did not find required class 'com.google.gson.Gson' (OnClassCondition)

   GsonHttpMessageConvertersConfiguration:
      Did not match:
         - @ConditionalOnClass did not find required class 'com.google.gson.Gson' (OnClassCondition)

   H2ConsoleAutoConfiguration:
      Did not match:
         - @ConditionalOnClass did not find required class 'org.h2.server.web.WebServlet' (OnClassCondition)

   HazelcastAutoConfiguration:
      Did not match:
         - @ConditionalOnClass did not find required class 'com.hazelcast.core.HazelcastInstance' (OnClassCondition)

   HazelcastCacheConfiguration:
      Did not match:
         - @ConditionalOnClass did not find required class 'com.hazelcast.core.HazelcastInstance' (OnClassCondition)

   HazelcastJpaDependencyAutoConfiguration:
      Did not match:
         - @ConditionalOnClass did not find required class 'com.hazelcast.core.HazelcastInstance' (OnClassCondition)

   HibernateJpaAutoConfiguration:
      Did not match:
         - @ConditionalOnClass did not find required class 'javax.persistence.EntityManager' (OnClassCondition)

   HttpHandlerAutoConfiguration:
      Did not match:
         - @ConditionalOnClass did not find required class 'org.springframework.web.reactive.DispatcherHandler' (OnClassCondition)

   HypermediaAutoConfiguration:
      Did not match:
         - @ConditionalOnClass did not find required class 'org.springframework.hateoas.EntityModel' (OnClassCondition)

   InfinispanCacheConfiguration:
      Did not match:
         - @ConditionalOnClass did not find required class 'org.infinispan.spring.embedded.provider.SpringEmbeddedCacheManager' (OnClassCondition)

   InfluxDbAutoConfiguration:
      Did not match:
         - @ConditionalOnClass did not find required class 'org.influxdb.InfluxDB' (OnClassCondition)

   IntegrationAutoConfiguration:
      Did not match:
         - @ConditionalOnClass did not find required class 'org.springframework.integration.config.EnableIntegration' (OnClassCondition)

   JCacheCacheConfiguration:
      Did not match:
         - @ConditionalOnClass did not find required class 'javax.cache.Caching' (OnClassCondition)

   JacksonHttpMessageConvertersConfiguration.MappingJackson2XmlHttpMessageConverterConfiguration:
      Did not match:
         - @ConditionalOnClass did not find required class 'com.fasterxml.jackson.dataformat.xml.XmlMapper' (OnClassCondition)

   JdbcRepositoriesAutoConfiguration:
      Did not match:
         - @ConditionalOnClass did not find required class 'org.springframework.data.jdbc.repository.config.AbstractJdbcConfiguration' (OnClassCondition)

   JedisConnectionConfiguration:
      Did not match:
         - @ConditionalOnClass did not find required classes 'org.apache.commons.pool2.impl.GenericObjectPool', 'redis.clients.jedis.Jedis' (OnClassCondition)

   JerseyAutoConfiguration:
      Did not match:
         - @ConditionalOnClass did not find required class 'org.glassfish.jersey.server.spring.SpringComponentProvider' (OnClassCondition)

   JmsAutoConfiguration:
      Did not match:
         - @ConditionalOnClass did not find required class 'javax.jms.Message' (OnClassCondition)

   JmxAutoConfiguration:
      Did not match:
         - @ConditionalOnProperty (spring.jmx.enabled=true) found different value in property 'enabled' (OnPropertyCondition)
      Matched:
         - @ConditionalOnClass found required class 'org.springframework.jmx.export.MBeanExporter' (OnClassCondition)

   JndiConnectionFactoryAutoConfiguration:
      Did not match:
         - @ConditionalOnClass did not find required class 'org.springframework.jms.core.JmsTemplate' (OnClassCondition)

   JndiDataSourceAutoConfiguration:
      Did not match:
         - @ConditionalOnProperty (spring.datasource.jndi-name) did not find property 'jndi-name' (OnPropertyCondition)
      Matched:
         - @ConditionalOnClass found required classes 'javax.sql.DataSource', 'org.springframework.jdbc.datasource.embedded.EmbeddedDatabaseType' (OnClassCondition)

   JooqAutoConfiguration:
      Did not match:
         - @ConditionalOnClass did not find required class 'org.jooq.DSLContext' (OnClassCondition)

   JpaRepositoriesAutoConfiguration:
      Did not match:
         - @ConditionalOnClass did not find required class 'org.springframework.data.jpa.repository.JpaRepository' (OnClassCondition)

   JsonbAutoConfiguration:
      Did not match:
         - @ConditionalOnClass did not find required class 'javax.json.bind.Jsonb' (OnClassCondition)

   JsonbHttpMessageConvertersConfiguration:
      Did not match:
         - @ConditionalOnClass did not find required class 'javax.json.bind.Jsonb' (OnClassCondition)

   JtaAutoConfiguration:
      Did not match:
         - @ConditionalOnClass did not find required class 'javax.transaction.Transaction' (OnClassCondition)

   KafkaAutoConfiguration:
      Did not match:
         - @ConditionalOnClass did not find required class 'org.springframework.kafka.core.KafkaTemplate' (OnClassCondition)

   LdapAutoConfiguration:
      Did not match:
         - @ConditionalOnClass did not find required class 'org.springframework.ldap.core.ContextSource' (OnClassCondition)

   LdapRepositoriesAutoConfiguration:
      Did not match:
         - @ConditionalOnClass did not find required class 'org.springframework.data.ldap.repository.LdapRepository' (OnClassCondition)

   LiquibaseAutoConfiguration:
      Did not match:
         - @ConditionalOnClass did not find required class 'liquibase.change.DatabaseChange' (OnClassCondition)

   MailSenderJndiConfiguration:
      Did not match:
         - @ConditionalOnProperty (spring.mail.jndi-name) did not find property 'jndi-name' (OnPropertyCondition)
      Matched:
         - @ConditionalOnClass found required class 'javax.mail.Session' (OnClassCondition)

   MailSenderValidatorAutoConfiguration:
      Did not match:
         - @ConditionalOnProperty (spring.mail.test-connection) found different value in property 'test-connection' (OnPropertyCondition)

   MessageSourceAutoConfiguration:
      Did not match:
         - ResourceBundle did not find bundle with basename messages (MessageSourceAutoConfiguration.ResourceBundleCondition)

   MongoAutoConfiguration:
      Did not match:
         - @ConditionalOnClass did not find required class 'com.mongodb.client.MongoClient' (OnClassCondition)

   MongoDataAutoConfiguration:
      Did not match:
         - @ConditionalOnClass did not find required class 'com.mongodb.client.MongoClient' (OnClassCondition)

   MongoReactiveAutoConfiguration:
      Did not match:
         - @ConditionalOnClass did not find required class 'com.mongodb.reactivestreams.client.MongoClient' (OnClassCondition)

   MongoReactiveDataAutoConfiguration:
      Did not match:
         - @ConditionalOnClass did not find required class 'com.mongodb.reactivestreams.client.MongoClient' (OnClassCondition)

   MongoReactiveRepositoriesAutoConfiguration:
      Did not match:
         - @ConditionalOnClass did not find required class 'com.mongodb.reactivestreams.client.MongoClient' (OnClassCondition)

   MongoRepositoriesAutoConfiguration:
      Did not match:
         - @ConditionalOnClass did not find required class 'com.mongodb.client.MongoClient' (OnClassCondition)

   MustacheAutoConfiguration:
      Did not match:
         - @ConditionalOnClass did not find required class 'com.samskivert.mustache.Mustache' (OnClassCondition)

   MybatisAutoConfiguration.MapperScannerRegistrarNotFoundConfiguration:
      Did not match:
         - @ConditionalOnMissingBean (types: org.mybatis.spring.mapper.MapperFactoryBean; SearchStrategy: all) found beans of type 'org.mybatis.spring.mapper.MapperFactoryBean' &alipayDao, &catMapper, &categoryMapper, &newsMapper, &productMapper, &userMapper (OnBeanCondition)

   Neo4jDataAutoConfiguration:
      Did not match:
         - @ConditionalOnClass did not find required class 'org.neo4j.ogm.session.SessionFactory' (OnClassCondition)

   Neo4jRepositoriesAutoConfiguration:
      Did not match:
         - @ConditionalOnClass did not find required class 'org.neo4j.ogm.session.Neo4jSession' (OnClassCondition)

   OAuth2ClientAutoConfiguration:
      Did not match:
         - @ConditionalOnClass did not find required class 'org.springframework.security.config.annotation.web.configuration.EnableWebSecurity' (OnClassCondition)

   OAuth2ResourceServerAutoConfiguration:
      Did not match:
         - @ConditionalOnClass did not find required class 'org.springframework.security.oauth2.server.resource.BearerTokenAuthenticationToken' (OnClassCondition)

   ProjectInfoAutoConfiguration#buildProperties:
      Did not match:
         - @ConditionalOnResource did not find resource '${spring.info.build.location:classpath:META-INF/build-info.properties}' (OnResourceCondition)

   ProjectInfoAutoConfiguration#gitProperties:
      Did not match:
         - GitResource did not find git info at classpath:git.properties (ProjectInfoAutoConfiguration.GitResourceAvailableCondition)

   QuartzAutoConfiguration:
      Did not match:
         - @ConditionalOnClass did not find required class 'org.quartz.Scheduler' (OnClassCondition)

   R2dbcAutoConfiguration:
      Did not match:
         - @ConditionalOnClass did not find required class 'io.r2dbc.spi.ConnectionFactory' (OnClassCondition)

   R2dbcDataAutoConfiguration:
      Did not match:
         - @ConditionalOnClass did not find required class 'org.springframework.data.r2dbc.core.DatabaseClient' (OnClassCondition)

   R2dbcRepositoriesAutoConfiguration:
      Did not match:
         - @ConditionalOnClass did not find required class 'io.r2dbc.spi.ConnectionFactory' (OnClassCondition)

   R2dbcTransactionManagerAutoConfiguration:
      Did not match:
         - @ConditionalOnClass did not find required class 'org.springframework.data.r2dbc.connectionfactory.R2dbcTransactionManager' (OnClassCondition)

   RSocketMessagingAutoConfiguration:
      Did not match:
         - @ConditionalOnClass did not find required class 'io.rsocket.RSocketFactory' (OnClassCondition)

   RSocketRequesterAutoConfiguration:
      Did not match:
         - @ConditionalOnClass did not find required class 'io.rsocket.RSocketFactory' (OnClassCondition)

   RSocketSecurityAutoConfiguration:
      Did not match:
         - @ConditionalOnClass did not find required class 'org.springframework.security.rsocket.core.SecuritySocketAcceptorInterceptor' (OnClassCondition)

   RSocketServerAutoConfiguration:
      Did not match:
         - @ConditionalOnClass did not find required class 'io.rsocket.core.RSocketServer' (OnClassCondition)

   RSocketStrategiesAutoConfiguration:
      Did not match:
         - @ConditionalOnClass did not find required class 'io.rsocket.RSocketFactory' (OnClassCondition)

   RabbitAutoConfiguration:
      Did not match:
         - @ConditionalOnClass did not find required class 'com.rabbitmq.client.Channel' (OnClassCondition)

   ReactiveElasticsearchRestClientAutoConfiguration:
      Did not match:
         - @ConditionalOnClass did not find required class 'reactor.netty.http.client.HttpClient' (OnClassCondition)

   ReactiveOAuth2ClientAutoConfiguration:
      Did not match:
         - @ConditionalOnClass did not find required class 'org.springframework.security.config.annotation.web.reactive.EnableWebFluxSecurity' (OnClassCondition)

   ReactiveOAuth2ResourceServerAutoConfiguration:
      Did not match:
         - @ConditionalOnClass did not find required class 'org.springframework.security.config.annotation.web.reactive.EnableWebFluxSecurity' (OnClassCondition)

   ReactiveSecurityAutoConfiguration:
      Did not match:
         - @ConditionalOnClass did not find required class 'org.springframework.security.config.annotation.web.reactive.EnableWebFluxSecurity' (OnClassCondition)

   ReactiveUserDetailsServiceAutoConfiguration:
      Did not match:
         - @ConditionalOnClass did not find required class 'org.springframework.security.authentication.ReactiveAuthenticationManager' (OnClassCondition)

   ReactiveWebServerFactoryAutoConfiguration:
      Did not match:
         - @ConditionalOnWebApplication did not find reactive web application classes (OnWebApplicationCondition)

   RepositoryRestMvcAutoConfiguration:
      Did not match:
         - @ConditionalOnClass did not find required class 'org.springframework.data.rest.webmvc.config.RepositoryRestMvcConfiguration' (OnClassCondition)

   Saml2RelyingPartyAutoConfiguration:
      Did not match:
         - @ConditionalOnClass did not find required class 'org.springframework.security.saml2.provider.service.registration.RelyingPartyRegistrationRepository' (OnClassCondition)

   SecurityAutoConfiguration:
      Did not match:
         - @ConditionalOnClass did not find required class 'org.springframework.security.authentication.DefaultAuthenticationEventPublisher' (OnClassCondition)

   SecurityFilterAutoConfiguration:
      Did not match:
         - @ConditionalOnClass did not find required class 'org.springframework.security.config.http.SessionCreationPolicy' (OnClassCondition)

   SendGridAutoConfiguration:
      Did not match:
         - @ConditionalOnClass did not find required class 'com.sendgrid.SendGrid' (OnClassCondition)

   ServletWebServerFactoryAutoConfiguration#forwardedHeaderFilter:
      Did not match:
         - @ConditionalOnProperty (server.forward-headers-strategy=framework) did not find property 'server.forward-headers-strategy' (OnPropertyCondition)

   ServletWebServerFactoryConfiguration.EmbeddedJetty:
      Did not match:
         - @ConditionalOnClass did not find required classes 'org.eclipse.jetty.server.Server', 'org.eclipse.jetty.util.Loader', 'org.eclipse.jetty.webapp.WebAppContext' (OnClassCondition)

   ServletWebServerFactoryConfiguration.EmbeddedUndertow:
      Did not match:
         - @ConditionalOnClass did not find required classes 'io.undertow.Undertow', 'org.xnio.SslClientAuthMode' (OnClassCondition)

   SessionAutoConfiguration:
      Did not match:
         - @ConditionalOnClass did not find required class 'org.springframework.session.Session' (OnClassCondition)

   SolrAutoConfiguration:
      Did not match:
         - @ConditionalOnClass did not find required class 'org.apache.solr.client.solrj.impl.CloudSolrClient' (OnClassCondition)

   SolrRepositoriesAutoConfiguration:
      Did not match:
         - @ConditionalOnClass did not find required class 'org.apache.solr.client.solrj.SolrClient' (OnClassCondition)

   SpringApplicationAdminJmxAutoConfiguration:
      Did not match:
         - @ConditionalOnProperty (spring.application.admin.enabled=true) did not find property 'enabled' (OnPropertyCondition)

   TaskSchedulingAutoConfiguration#taskScheduler:
      Did not match:
         - @ConditionalOnBean (names: org.springframework.context.annotation.internalScheduledAnnotationProcessor; SearchStrategy: all) did not find any beans named org.springframework.context.annotation.internalScheduledAnnotationProcessor (OnBeanCondition)

   ThymeleafAutoConfiguration:
      Did not match:
         - @ConditionalOnClass did not find required class 'org.thymeleaf.spring5.SpringTemplateEngine' (OnClassCondition)

   TransactionAutoConfiguration#transactionalOperator:
      Did not match:
         - @ConditionalOnSingleCandidate (types: org.springframework.transaction.ReactiveTransactionManager; SearchStrategy: all) did not find any beans (OnBeanCondition)

   TransactionAutoConfiguration.EnableTransactionManagementConfiguration.JdkDynamicAutoProxyConfiguration:
      Did not match:
         - @ConditionalOnProperty (spring.aop.proxy-target-class=false) did not find property 'proxy-target-class' (OnPropertyCondition)

   UserDetailsServiceAutoConfiguration:
      Did not match:
         - @ConditionalOnClass did not find required class 'org.springframework.security.authentication.AuthenticationManager' (OnClassCondition)

   ValidationAutoConfiguration:
      Did not match:
         - @ConditionalOnClass did not find required class 'javax.validation.executable.ExecutableValidator' (OnClassCondition)

   WebClientAutoConfiguration:
      Did not match:
         - @ConditionalOnClass did not find required class 'org.springframework.web.reactive.function.client.WebClient' (OnClassCondition)

   WebFluxAutoConfiguration:
      Did not match:
         - @ConditionalOnClass did not find required class 'org.springframework.web.reactive.config.WebFluxConfigurer' (OnClassCondition)

   WebMvcAutoConfiguration#hiddenHttpMethodFilter:
      Did not match:
         - @ConditionalOnProperty (spring.mvc.hiddenmethod.filter.enabled) did not find property 'enabled' (OnPropertyCondition)

   WebMvcAutoConfiguration.ResourceChainCustomizerConfiguration:
      Did not match:
         - @ConditionalOnEnabledResourceChain did not find class org.webjars.WebJarAssetLocator (OnEnabledResourceChainCondition)

   WebMvcAutoConfiguration.WebMvcAutoConfigurationAdapter#beanNameViewResolver:
      Did not match:
         - @ConditionalOnMissingBean (types: org.springframework.web.servlet.view.BeanNameViewResolver; SearchStrategy: all) found beans of type 'org.springframework.web.servlet.view.BeanNameViewResolver' beanNameViewResolver (OnBeanCondition)

   WebMvcAutoConfiguration.WebMvcAutoConfigurationAdapter#localeResolver:
      Did not match:
         - @ConditionalOnProperty (spring.mvc.locale) did not find property 'locale' (OnPropertyCondition)

   WebServiceTemplateAutoConfiguration:
      Did not match:
         - @ConditionalOnClass did not find required class 'org.springframework.ws.client.core.WebServiceTemplate' (OnClassCondition)

   WebServicesAutoConfiguration:
      Did not match:
         - @ConditionalOnClass did not find required class 'org.springframework.ws.transport.http.MessageDispatcherServlet' (OnClassCondition)

   WebSocketMessagingAutoConfiguration:
      Did not match:
         - @ConditionalOnClass did not find required class 'org.springframework.web.socket.config.annotation.WebSocketMessageBrokerConfigurer' (OnClassCondition)

   WebSocketReactiveAutoConfiguration:
      Did not match:
         - @ConditionalOnWebApplication did not find reactive web application classes (OnWebApplicationCondition)

   WebSocketServletAutoConfiguration.JettyWebSocketConfiguration:
      Did not match:
         - @ConditionalOnClass did not find required class 'org.eclipse.jetty.websocket.jsr356.server.deploy.WebSocketServerContainerInitializer' (OnClassCondition)

   WebSocketServletAutoConfiguration.UndertowWebSocketConfiguration:
      Did not match:
         - @ConditionalOnClass did not find required class 'io.undertow.websockets.jsr.Bootstrap' (OnClassCondition)

   XADataSourceAutoConfiguration:
      Did not match:
         - @ConditionalOnClass did not find required class 'javax.transaction.TransactionManager' (OnClassCondition)


Exclusions:
-----------

    None


Unconditional classes:
----------------------

    org.springframework.boot.autoconfigure.context.ConfigurationPropertiesAutoConfiguration

    org.springframework.boot.autoconfigure.context.LifecycleAutoConfiguration

    org.springframework.boot.autoconfigure.context.PropertyPlaceholderAutoConfiguration

    org.springframework.boot.autoconfigure.availability.ApplicationAvailabilityAutoConfiguration

    org.springframework.boot.autoconfigure.info.ProjectInfoAutoConfiguration



2024-03-20 14:14:16.225  INFO 28292 --- [           main] com.kgc.easybuy.EasyBuyApplicationTests  : Started EasyBuyApplicationTests in 7.411 seconds (JVM running for 9.363)
2024-03-20 14:14:16.232 DEBUG 28292 --- [           main] c.DefaultCacheAwareContextLoaderDelegate : Storing ApplicationContext [1250582716] in cache under key [[WebMergedContextConfiguration@74c79fa2 testClass = EasyBuyApplicationTests, locations = '{}', classes = '{class com.kgc.easybuy.EasyBuyApplication}', contextInitializerClasses = '[]', activeProfiles = '{}', propertySourceLocations = '{}', propertySourceProperties = '{org.springframework.boot.test.context.SpringBootTestContextBootstrapper=true}', contextCustomizers = set[org.springframework.boot.test.context.filter.ExcludeFilterContextCustomizer@235ecd9f, org.springframework.boot.test.json.DuplicateJsonObjectContextCustomizerFactory$DuplicateJsonObjectContextCustomizer@2034b64c, org.springframework.boot.test.mock.mockito.MockitoContextCustomizer@0, org.springframework.boot.test.web.client.TestRestTemplateContextCustomizer@4a83a74a, org.springframework.boot.test.autoconfigure.properties.PropertyMappingContextCustomizer@0, org.springframework.boot.test.autoconfigure.web.servlet.WebDriverContextCustomizerFactory$Customizer@1caa0244, org.springframework.boot.test.context.SpringBootTestArgs@1, org.springframework.boot.test.context.SpringBootTestWebEnvironment@2bbaf4f0], resourceBasePath = 'src/main/webapp', contextLoader = 'org.springframework.boot.test.context.SpringBootContextLoader', parent = [null]]]
2024-03-20 14:14:16.232 DEBUG 28292 --- [           main] org.springframework.test.context.cache   : Spring test ApplicationContext cache statistics: [DefaultContextCache@723c5f86 size = 1, maxSize = 32, parentContextCount = 0, hitCount = 0, missCount = 1]
2024-03-20 14:14:16.234 DEBUG 28292 --- [           main] o.s.t.c.w.ServletTestExecutionListener   : Setting up MockHttpServletRequest, MockHttpServletResponse, ServletWebRequest, and RequestContextHolder for test context [DefaultTestContext@5d5f10b2 testClass = EasyBuyApplicationTests, testInstance = com.kgc.easybuy.EasyBuyApplicationTests@64a8d575, testMethod = [null], testException = [null], mergedContextConfiguration = [WebMergedContextConfiguration@74c79fa2 testClass = EasyBuyApplicationTests, locations = '{}', classes = '{class com.kgc.easybuy.EasyBuyApplication}', contextInitializerClasses = '[]', activeProfiles = '{}', propertySourceLocations = '{}', propertySourceProperties = '{org.springframework.boot.test.context.SpringBootTestContextBootstrapper=true}', contextCustomizers = set[org.springframework.boot.test.context.filter.ExcludeFilterContextCustomizer@235ecd9f, org.springframework.boot.test.json.DuplicateJsonObjectContextCustomizerFactory$DuplicateJsonObjectContextCustomizer@2034b64c, org.springframework.boot.test.mock.mockito.MockitoContextCustomizer@0, org.springframework.boot.test.web.client.TestRestTemplateContextCustomizer@4a83a74a, org.springframework.boot.test.autoconfigure.properties.PropertyMappingContextCustomizer@0, org.springframework.boot.test.autoconfigure.web.servlet.WebDriverContextCustomizerFactory$Customizer@1caa0244, org.springframework.boot.test.context.SpringBootTestArgs@1, org.springframework.boot.test.context.SpringBootTestWebEnvironment@2bbaf4f0], resourceBasePath = 'src/main/webapp', contextLoader = 'org.springframework.boot.test.context.SpringBootContextLoader', parent = [null]], attributes = map['org.springframework.test.context.web.ServletTestExecutionListener.activateListener' -> true]].
2024-03-20 14:14:16.281 DEBUG 28292 --- [           main] DependencyInjectionTestExecutionListener : Performing dependency injection for test context [[DefaultTestContext@5d5f10b2 testClass = EasyBuyApplicationTests, testInstance = com.kgc.easybuy.EasyBuyApplicationTests@64a8d575, testMethod = [null], testException = [null], mergedContextConfiguration = [WebMergedContextConfiguration@74c79fa2 testClass = EasyBuyApplicationTests, locations = '{}', classes = '{class com.kgc.easybuy.EasyBuyApplication}', contextInitializerClasses = '[]', activeProfiles = '{}', propertySourceLocations = '{}', propertySourceProperties = '{org.springframework.boot.test.context.SpringBootTestContextBootstrapper=true}', contextCustomizers = set[org.springframework.boot.test.context.filter.ExcludeFilterContextCustomizer@235ecd9f, org.springframework.boot.test.json.DuplicateJsonObjectContextCustomizerFactory$DuplicateJsonObjectContextCustomizer@2034b64c, org.springframework.boot.test.mock.mockito.MockitoContextCustomizer@0, org.springframework.boot.test.web.client.TestRestTemplateContextCustomizer@4a83a74a, org.springframework.boot.test.autoconfigure.properties.PropertyMappingContextCustomizer@0, org.springframework.boot.test.autoconfigure.web.servlet.WebDriverContextCustomizerFactory$Customizer@1caa0244, org.springframework.boot.test.context.SpringBootTestArgs@1, org.springframework.boot.test.context.SpringBootTestWebEnvironment@2bbaf4f0], resourceBasePath = 'src/main/webapp', contextLoader = 'org.springframework.boot.test.context.SpringBootContextLoader', parent = [null]], attributes = map['org.springframework.test.context.web.ServletTestExecutionListener.activateListener' -> true, 'org.springframework.test.context.web.ServletTestExecutionListener.populatedRequestContextHolder' -> true, 'org.springframework.test.context.web.ServletTestExecutionListener.resetRequestContextHolder' -> true]]].
2024-03-20 14:14:16.282 DEBUG 28292 --- [           main] c.DefaultCacheAwareContextLoaderDelegate : Retrieved ApplicationContext [1250582716] from cache with key [[WebMergedContextConfiguration@74c79fa2 testClass = EasyBuyApplicationTests, locations = '{}', classes = '{class com.kgc.easybuy.EasyBuyApplication}', contextInitializerClasses = '[]', activeProfiles = '{}', propertySourceLocations = '{}', propertySourceProperties = '{org.springframework.boot.test.context.SpringBootTestContextBootstrapper=true}', contextCustomizers = set[org.springframework.boot.test.context.filter.ExcludeFilterContextCustomizer@235ecd9f, org.springframework.boot.test.json.DuplicateJsonObjectContextCustomizerFactory$DuplicateJsonObjectContextCustomizer@2034b64c, org.springframework.boot.test.mock.mockito.MockitoContextCustomizer@0, org.springframework.boot.test.web.client.TestRestTemplateContextCustomizer@4a83a74a, org.springframework.boot.test.autoconfigure.properties.PropertyMappingContextCustomizer@0, org.springframework.boot.test.autoconfigure.web.servlet.WebDriverContextCustomizerFactory$Customizer@1caa0244, org.springframework.boot.test.context.SpringBootTestArgs@1, org.springframework.boot.test.context.SpringBootTestWebEnvironment@2bbaf4f0], resourceBasePath = 'src/main/webapp', contextLoader = 'org.springframework.boot.test.context.SpringBootContextLoader', parent = [null]]]
2024-03-20 14:14:16.282 DEBUG 28292 --- [           main] org.springframework.test.context.cache   : Spring test ApplicationContext cache statistics: [DefaultContextCache@723c5f86 size = 1, maxSize = 32, parentContextCount = 0, hitCount = 1, missCount = 1]
2024-03-20 14:14:16.290 DEBUG 28292 --- [           main] c.DefaultCacheAwareContextLoaderDelegate : Retrieved ApplicationContext [1250582716] from cache with key [[WebMergedContextConfiguration@74c79fa2 testClass = EasyBuyApplicationTests, locations = '{}', classes = '{class com.kgc.easybuy.EasyBuyApplication}', contextInitializerClasses = '[]', activeProfiles = '{}', propertySourceLocations = '{}', propertySourceProperties = '{org.springframework.boot.test.context.SpringBootTestContextBootstrapper=true}', contextCustomizers = set[org.springframework.boot.test.context.filter.ExcludeFilterContextCustomizer@235ecd9f, org.springframework.boot.test.json.DuplicateJsonObjectContextCustomizerFactory$DuplicateJsonObjectContextCustomizer@2034b64c, org.springframework.boot.test.mock.mockito.MockitoContextCustomizer@0, org.springframework.boot.test.web.client.TestRestTemplateContextCustomizer@4a83a74a, org.springframework.boot.test.autoconfigure.properties.PropertyMappingContextCustomizer@0, org.springframework.boot.test.autoconfigure.web.servlet.WebDriverContextCustomizerFactory$Customizer@1caa0244, org.springframework.boot.test.context.SpringBootTestArgs@1, org.springframework.boot.test.context.SpringBootTestWebEnvironment@2bbaf4f0], resourceBasePath = 'src/main/webapp', contextLoader = 'org.springframework.boot.test.context.SpringBootContextLoader', parent = [null]]]
2024-03-20 14:14:16.291 DEBUG 28292 --- [           main] org.springframework.test.context.cache   : Spring test ApplicationContext cache statistics: [DefaultContextCache@723c5f86 size = 1, maxSize = 32, parentContextCount = 0, hitCount = 2, missCount = 1]
2024-03-20 14:14:16.343 DEBUG 28292 --- [           main] tractDirtiesContextTestExecutionListener : Before test method: context [DefaultTestContext@5d5f10b2 testClass = EasyBuyApplicationTests, testInstance = com.kgc.easybuy.EasyBuyApplicationTests@64a8d575, testMethod = contextLoads@EasyBuyApplicationTests, testException = [null], mergedContextConfiguration = [WebMergedContextConfiguration@74c79fa2 testClass = EasyBuyApplicationTests, locations = '{}', classes = '{class com.kgc.easybuy.EasyBuyApplication}', contextInitializerClasses = '[]', activeProfiles = '{}', propertySourceLocations = '{}', propertySourceProperties = '{org.springframework.boot.test.context.SpringBootTestContextBootstrapper=true}', contextCustomizers = set[org.springframework.boot.test.context.filter.ExcludeFilterContextCustomizer@235ecd9f, org.springframework.boot.test.json.DuplicateJsonObjectContextCustomizerFactory$DuplicateJsonObjectContextCustomizer@2034b64c, org.springframework.boot.test.mock.mockito.MockitoContextCustomizer@0, org.springframework.boot.test.web.client.TestRestTemplateContextCustomizer@4a83a74a, org.springframework.boot.test.autoconfigure.properties.PropertyMappingContextCustomizer@0, org.springframework.boot.test.autoconfigure.web.servlet.WebDriverContextCustomizerFactory$Customizer@1caa0244, org.springframework.boot.test.context.SpringBootTestArgs@1, org.springframework.boot.test.context.SpringBootTestWebEnvironment@2bbaf4f0], resourceBasePath = 'src/main/webapp', contextLoader = 'org.springframework.boot.test.context.SpringBootContextLoader', parent = [null]], attributes = map['org.springframework.test.context.web.ServletTestExecutionListener.activateListener' -> true, 'org.springframework.test.context.web.ServletTestExecutionListener.populatedRequestContextHolder' -> true, 'org.springframework.test.context.web.ServletTestExecutionListener.resetRequestContextHolder' -> true]], class annotated with @DirtiesContext [false] with mode [null], method annotated with @DirtiesContext [false] with mode [null].
2024-03-20 14:14:16.354 DEBUG 28292 --- [           main] c.DefaultCacheAwareContextLoaderDelegate : Retrieved ApplicationContext [1250582716] from cache with key [[WebMergedContextConfiguration@74c79fa2 testClass = EasyBuyApplicationTests, locations = '{}', classes = '{class com.kgc.easybuy.EasyBuyApplication}', contextInitializerClasses = '[]', activeProfiles = '{}', propertySourceLocations = '{}', propertySourceProperties = '{org.springframework.boot.test.context.SpringBootTestContextBootstrapper=true}', contextCustomizers = set[org.springframework.boot.test.context.filter.ExcludeFilterContextCustomizer@235ecd9f, org.springframework.boot.test.json.DuplicateJsonObjectContextCustomizerFactory$DuplicateJsonObjectContextCustomizer@2034b64c, org.springframework.boot.test.mock.mockito.MockitoContextCustomizer@0, org.springframework.boot.test.web.client.TestRestTemplateContextCustomizer@4a83a74a, org.springframework.boot.test.autoconfigure.properties.PropertyMappingContextCustomizer@0, org.springframework.boot.test.autoconfigure.web.servlet.WebDriverContextCustomizerFactory$Customizer@1caa0244, org.springframework.boot.test.context.SpringBootTestArgs@1, org.springframework.boot.test.context.SpringBootTestWebEnvironment@2bbaf4f0], resourceBasePath = 'src/main/webapp', contextLoader = 'org.springframework.boot.test.context.SpringBootContextLoader', parent = [null]]]
2024-03-20 14:14:16.355 DEBUG 28292 --- [           main] org.springframework.test.context.cache   : Spring test ApplicationContext cache statistics: [DefaultContextCache@723c5f86 size = 1, maxSize = 32, parentContextCount = 0, hitCount = 3, missCount = 1]
2024-03-20 14:14:16.355 DEBUG 28292 --- [           main] c.DefaultCacheAwareContextLoaderDelegate : Retrieved ApplicationContext [1250582716] from cache with key [[WebMergedContextConfiguration@74c79fa2 testClass = EasyBuyApplicationTests, locations = '{}', classes = '{class com.kgc.easybuy.EasyBuyApplication}', contextInitializerClasses = '[]', activeProfiles = '{}', propertySourceLocations = '{}', propertySourceProperties = '{org.springframework.boot.test.context.SpringBootTestContextBootstrapper=true}', contextCustomizers = set[org.springframework.boot.test.context.filter.ExcludeFilterContextCustomizer@235ecd9f, org.springframework.boot.test.json.DuplicateJsonObjectContextCustomizerFactory$DuplicateJsonObjectContextCustomizer@2034b64c, org.springframework.boot.test.mock.mockito.MockitoContextCustomizer@0, org.springframework.boot.test.web.client.TestRestTemplateContextCustomizer@4a83a74a, org.springframework.boot.test.autoconfigure.properties.PropertyMappingContextCustomizer@0, org.springframework.boot.test.autoconfigure.web.servlet.WebDriverContextCustomizerFactory$Customizer@1caa0244, org.springframework.boot.test.context.SpringBootTestArgs@1, org.springframework.boot.test.context.SpringBootTestWebEnvironment@2bbaf4f0], resourceBasePath = 'src/main/webapp', contextLoader = 'org.springframework.boot.test.context.SpringBootContextLoader', parent = [null]]]
2024-03-20 14:14:16.355 DEBUG 28292 --- [           main] org.springframework.test.context.cache   : Spring test ApplicationContext cache statistics: [DefaultContextCache@723c5f86 size = 1, maxSize = 32, parentContextCount = 0, hitCount = 4, missCount = 1]
2024-03-20 14:14:17.065 DEBUG 28292 --- [           main] c.DefaultCacheAwareContextLoaderDelegate : Retrieved ApplicationContext [1250582716] from cache with key [[WebMergedContextConfiguration@74c79fa2 testClass = EasyBuyApplicationTests, locations = '{}', classes = '{class com.kgc.easybuy.EasyBuyApplication}', contextInitializerClasses = '[]', activeProfiles = '{}', propertySourceLocations = '{}', propertySourceProperties = '{org.springframework.boot.test.context.SpringBootTestContextBootstrapper=true}', contextCustomizers = set[org.springframework.boot.test.context.filter.ExcludeFilterContextCustomizer@235ecd9f, org.springframework.boot.test.json.DuplicateJsonObjectContextCustomizerFactory$DuplicateJsonObjectContextCustomizer@2034b64c, org.springframework.boot.test.mock.mockito.MockitoContextCustomizer@0, org.springframework.boot.test.web.client.TestRestTemplateContextCustomizer@4a83a74a, org.springframework.boot.test.autoconfigure.properties.PropertyMappingContextCustomizer@0, org.springframework.boot.test.autoconfigure.web.servlet.WebDriverContextCustomizerFactory$Customizer@1caa0244, org.springframework.boot.test.context.SpringBootTestArgs@1, org.springframework.boot.test.context.SpringBootTestWebEnvironment@2bbaf4f0], resourceBasePath = 'src/main/webapp', contextLoader = 'org.springframework.boot.test.context.SpringBootContextLoader', parent = [null]]]
2024-03-20 14:14:17.066 DEBUG 28292 --- [           main] org.springframework.test.context.cache   : Spring test ApplicationContext cache statistics: [DefaultContextCache@723c5f86 size = 1, maxSize = 32, parentContextCount = 0, hitCount = 5, missCount = 1]
2024-03-20 14:14:17.082 DEBUG 28292 --- [           main] c.DefaultCacheAwareContextLoaderDelegate : Retrieved ApplicationContext [1250582716] from cache with key [[WebMergedContextConfiguration@74c79fa2 testClass = EasyBuyApplicationTests, locations = '{}', classes = '{class com.kgc.easybuy.EasyBuyApplication}', contextInitializerClasses = '[]', activeProfiles = '{}', propertySourceLocations = '{}', propertySourceProperties = '{org.springframework.boot.test.context.SpringBootTestContextBootstrapper=true}', contextCustomizers = set[org.springframework.boot.test.context.filter.ExcludeFilterContextCustomizer@235ecd9f, org.springframework.boot.test.json.DuplicateJsonObjectContextCustomizerFactory$DuplicateJsonObjectContextCustomizer@2034b64c, org.springframework.boot.test.mock.mockito.MockitoContextCustomizer@0, org.springframework.boot.test.web.client.TestRestTemplateContextCustomizer@4a83a74a, org.springframework.boot.test.autoconfigure.properties.PropertyMappingContextCustomizer@0, org.springframework.boot.test.autoconfigure.web.servlet.WebDriverContextCustomizerFactory$Customizer@1caa0244, org.springframework.boot.test.context.SpringBootTestArgs@1, org.springframework.boot.test.context.SpringBootTestWebEnvironment@2bbaf4f0], resourceBasePath = 'src/main/webapp', contextLoader = 'org.springframework.boot.test.context.SpringBootContextLoader', parent = [null]]]
2024-03-20 14:14:17.082 DEBUG 28292 --- [           main] org.springframework.test.context.cache   : Spring test ApplicationContext cache statistics: [DefaultContextCache@723c5f86 size = 1, maxSize = 32, parentContextCount = 0, hitCount = 6, missCount = 1]
2024-03-20 14:14:17.085 DEBUG 28292 --- [           main] c.DefaultCacheAwareContextLoaderDelegate : Retrieved ApplicationContext [1250582716] from cache with key [[WebMergedContextConfiguration@74c79fa2 testClass = EasyBuyApplicationTests, locations = '{}', classes = '{class com.kgc.easybuy.EasyBuyApplication}', contextInitializerClasses = '[]', activeProfiles = '{}', propertySourceLocations = '{}', propertySourceProperties = '{org.springframework.boot.test.context.SpringBootTestContextBootstrapper=true}', contextCustomizers = set[org.springframework.boot.test.context.filter.ExcludeFilterContextCustomizer@235ecd9f, org.springframework.boot.test.json.DuplicateJsonObjectContextCustomizerFactory$DuplicateJsonObjectContextCustomizer@2034b64c, org.springframework.boot.test.mock.mockito.MockitoContextCustomizer@0, org.springframework.boot.test.web.client.TestRestTemplateContextCustomizer@4a83a74a, org.springframework.boot.test.autoconfigure.properties.PropertyMappingContextCustomizer@0, org.springframework.boot.test.autoconfigure.web.servlet.WebDriverContextCustomizerFactory$Customizer@1caa0244, org.springframework.boot.test.context.SpringBootTestArgs@1, org.springframework.boot.test.context.SpringBootTestWebEnvironment@2bbaf4f0], resourceBasePath = 'src/main/webapp', contextLoader = 'org.springframework.boot.test.context.SpringBootContextLoader', parent = [null]]]
2024-03-20 14:14:17.086 DEBUG 28292 --- [           main] org.springframework.test.context.cache   : Spring test ApplicationContext cache statistics: [DefaultContextCache@723c5f86 size = 1, maxSize = 32, parentContextCount = 0, hitCount = 7, missCount = 1]
2024-03-20 14:14:17.086 DEBUG 28292 --- [           main] c.DefaultCacheAwareContextLoaderDelegate : Retrieved ApplicationContext [1250582716] from cache with key [[WebMergedContextConfiguration@74c79fa2 testClass = EasyBuyApplicationTests, locations = '{}', classes = '{class com.kgc.easybuy.EasyBuyApplication}', contextInitializerClasses = '[]', activeProfiles = '{}', propertySourceLocations = '{}', propertySourceProperties = '{org.springframework.boot.test.context.SpringBootTestContextBootstrapper=true}', contextCustomizers = set[org.springframework.boot.test.context.filter.ExcludeFilterContextCustomizer@235ecd9f, org.springframework.boot.test.json.DuplicateJsonObjectContextCustomizerFactory$DuplicateJsonObjectContextCustomizer@2034b64c, org.springframework.boot.test.mock.mockito.MockitoContextCustomizer@0, org.springframework.boot.test.web.client.TestRestTemplateContextCustomizer@4a83a74a, org.springframework.boot.test.autoconfigure.properties.PropertyMappingContextCustomizer@0, org.springframework.boot.test.autoconfigure.web.servlet.WebDriverContextCustomizerFactory$Customizer@1caa0244, org.springframework.boot.test.context.SpringBootTestArgs@1, org.springframework.boot.test.context.SpringBootTestWebEnvironment@2bbaf4f0], resourceBasePath = 'src/main/webapp', contextLoader = 'org.springframework.boot.test.context.SpringBootContextLoader', parent = [null]]]
2024-03-20 14:14:17.086 DEBUG 28292 --- [           main] org.springframework.test.context.cache   : Spring test ApplicationContext cache statistics: [DefaultContextCache@723c5f86 size = 1, maxSize = 32, parentContextCount = 0, hitCount = 8, missCount = 1]
2024-03-20 14:14:17.088 DEBUG 28292 --- [           main] c.DefaultCacheAwareContextLoaderDelegate : Retrieved ApplicationContext [1250582716] from cache with key [[WebMergedContextConfiguration@74c79fa2 testClass = EasyBuyApplicationTests, locations = '{}', classes = '{class com.kgc.easybuy.EasyBuyApplication}', contextInitializerClasses = '[]', activeProfiles = '{}', propertySourceLocations = '{}', propertySourceProperties = '{org.springframework.boot.test.context.SpringBootTestContextBootstrapper=true}', contextCustomizers = set[org.springframework.boot.test.context.filter.ExcludeFilterContextCustomizer@235ecd9f, org.springframework.boot.test.json.DuplicateJsonObjectContextCustomizerFactory$DuplicateJsonObjectContextCustomizer@2034b64c, org.springframework.boot.test.mock.mockito.MockitoContextCustomizer@0, org.springframework.boot.test.web.client.TestRestTemplateContextCustomizer@4a83a74a, org.springframework.boot.test.autoconfigure.properties.PropertyMappingContextCustomizer@0, org.springframework.boot.test.autoconfigure.web.servlet.WebDriverContextCustomizerFactory$Customizer@1caa0244, org.springframework.boot.test.context.SpringBootTestArgs@1, org.springframework.boot.test.context.SpringBootTestWebEnvironment@2bbaf4f0], resourceBasePath = 'src/main/webapp', contextLoader = 'org.springframework.boot.test.context.SpringBootContextLoader', parent = [null]]]
2024-03-20 14:14:17.088 DEBUG 28292 --- [           main] org.springframework.test.context.cache   : Spring test ApplicationContext cache statistics: [DefaultContextCache@723c5f86 size = 1, maxSize = 32, parentContextCount = 0, hitCount = 9, missCount = 1]
2024-03-20 14:14:17.091 DEBUG 28292 --- [           main] c.DefaultCacheAwareContextLoaderDelegate : Retrieved ApplicationContext [1250582716] from cache with key [[WebMergedContextConfiguration@74c79fa2 testClass = EasyBuyApplicationTests, locations = '{}', classes = '{class com.kgc.easybuy.EasyBuyApplication}', contextInitializerClasses = '[]', activeProfiles = '{}', propertySourceLocations = '{}', propertySourceProperties = '{org.springframework.boot.test.context.SpringBootTestContextBootstrapper=true}', contextCustomizers = set[org.springframework.boot.test.context.filter.ExcludeFilterContextCustomizer@235ecd9f, org.springframework.boot.test.json.DuplicateJsonObjectContextCustomizerFactory$DuplicateJsonObjectContextCustomizer@2034b64c, org.springframework.boot.test.mock.mockito.MockitoContextCustomizer@0, org.springframework.boot.test.web.client.TestRestTemplateContextCustomizer@4a83a74a, org.springframework.boot.test.autoconfigure.properties.PropertyMappingContextCustomizer@0, org.springframework.boot.test.autoconfigure.web.servlet.WebDriverContextCustomizerFactory$Customizer@1caa0244, org.springframework.boot.test.context.SpringBootTestArgs@1, org.springframework.boot.test.context.SpringBootTestWebEnvironment@2bbaf4f0], resourceBasePath = 'src/main/webapp', contextLoader = 'org.springframework.boot.test.context.SpringBootContextLoader', parent = [null]]]
2024-03-20 14:14:17.091 DEBUG 28292 --- [           main] org.springframework.test.context.cache   : Spring test ApplicationContext cache statistics: [DefaultContextCache@723c5f86 size = 1, maxSize = 32, parentContextCount = 0, hitCount = 10, missCount = 1]
2024-03-20 14:14:17.094 DEBUG 28292 --- [           main] c.DefaultCacheAwareContextLoaderDelegate : Retrieved ApplicationContext [1250582716] from cache with key [[WebMergedContextConfiguration@74c79fa2 testClass = EasyBuyApplicationTests, locations = '{}', classes = '{class com.kgc.easybuy.EasyBuyApplication}', contextInitializerClasses = '[]', activeProfiles = '{}', propertySourceLocations = '{}', propertySourceProperties = '{org.springframework.boot.test.context.SpringBootTestContextBootstrapper=true}', contextCustomizers = set[org.springframework.boot.test.context.filter.ExcludeFilterContextCustomizer@235ecd9f, org.springframework.boot.test.json.DuplicateJsonObjectContextCustomizerFactory$DuplicateJsonObjectContextCustomizer@2034b64c, org.springframework.boot.test.mock.mockito.MockitoContextCustomizer@0, org.springframework.boot.test.web.client.TestRestTemplateContextCustomizer@4a83a74a, org.springframework.boot.test.autoconfigure.properties.PropertyMappingContextCustomizer@0, org.springframework.boot.test.autoconfigure.web.servlet.WebDriverContextCustomizerFactory$Customizer@1caa0244, org.springframework.boot.test.context.SpringBootTestArgs@1, org.springframework.boot.test.context.SpringBootTestWebEnvironment@2bbaf4f0], resourceBasePath = 'src/main/webapp', contextLoader = 'org.springframework.boot.test.context.SpringBootContextLoader', parent = [null]]]
2024-03-20 14:14:17.094 DEBUG 28292 --- [           main] org.springframework.test.context.cache   : Spring test ApplicationContext cache statistics: [DefaultContextCache@723c5f86 size = 1, maxSize = 32, parentContextCount = 0, hitCount = 11, missCount = 1]
2024-03-20 14:14:17.096 DEBUG 28292 --- [           main] tractDirtiesContextTestExecutionListener : After test method: context [DefaultTestContext@5d5f10b2 testClass = EasyBuyApplicationTests, testInstance = com.kgc.easybuy.EasyBuyApplicationTests@64a8d575, testMethod = contextLoads@EasyBuyApplicationTests, testException = [null], mergedContextConfiguration = [WebMergedContextConfiguration@74c79fa2 testClass = EasyBuyApplicationTests, locations = '{}', classes = '{class com.kgc.easybuy.EasyBuyApplication}', contextInitializerClasses = '[]', activeProfiles = '{}', propertySourceLocations = '{}', propertySourceProperties = '{org.springframework.boot.test.context.SpringBootTestContextBootstrapper=true}', contextCustomizers = set[org.springframework.boot.test.context.filter.ExcludeFilterContextCustomizer@235ecd9f, org.springframework.boot.test.json.DuplicateJsonObjectContextCustomizerFactory$DuplicateJsonObjectContextCustomizer@2034b64c, org.springframework.boot.test.mock.mockito.MockitoContextCustomizer@0, org.springframework.boot.test.web.client.TestRestTemplateContextCustomizer@4a83a74a, org.springframework.boot.test.autoconfigure.properties.PropertyMappingContextCustomizer@0, org.springframework.boot.test.autoconfigure.web.servlet.WebDriverContextCustomizerFactory$Customizer@1caa0244, org.springframework.boot.test.context.SpringBootTestArgs@1, org.springframework.boot.test.context.SpringBootTestWebEnvironment@2bbaf4f0], resourceBasePath = 'src/main/webapp', contextLoader = 'org.springframework.boot.test.context.SpringBootContextLoader', parent = [null]], attributes = map['org.springframework.test.context.web.ServletTestExecutionListener.activateListener' -> true, 'org.springframework.test.context.web.ServletTestExecutionListener.populatedRequestContextHolder' -> true, 'org.springframework.test.context.web.ServletTestExecutionListener.resetRequestContextHolder' -> true]], class annotated with @DirtiesContext [false] with mode [null], method annotated with @DirtiesContext [false] with mode [null].
2024-03-20 14:14:17.097 DEBUG 28292 --- [           main] o.s.t.c.w.ServletTestExecutionListener   : Resetting RequestContextHolder for test context [DefaultTestContext@5d5f10b2 testClass = EasyBuyApplicationTests, testInstance = com.kgc.easybuy.EasyBuyApplicationTests@64a8d575, testMethod = contextLoads@EasyBuyApplicationTests, testException = [null], mergedContextConfiguration = [WebMergedContextConfiguration@74c79fa2 testClass = EasyBuyApplicationTests, locations = '{}', classes = '{class com.kgc.easybuy.EasyBuyApplication}', contextInitializerClasses = '[]', activeProfiles = '{}', propertySourceLocations = '{}', propertySourceProperties = '{org.springframework.boot.test.context.SpringBootTestContextBootstrapper=true}', contextCustomizers = set[org.springframework.boot.test.context.filter.ExcludeFilterContextCustomizer@235ecd9f, org.springframework.boot.test.json.DuplicateJsonObjectContextCustomizerFactory$DuplicateJsonObjectContextCustomizer@2034b64c, org.springframework.boot.test.mock.mockito.MockitoContextCustomizer@0, org.springframework.boot.test.web.client.TestRestTemplateContextCustomizer@4a83a74a, org.springframework.boot.test.autoconfigure.properties.PropertyMappingContextCustomizer@0, org.springframework.boot.test.autoconfigure.web.servlet.WebDriverContextCustomizerFactory$Customizer@1caa0244, org.springframework.boot.test.context.SpringBootTestArgs@1, org.springframework.boot.test.context.SpringBootTestWebEnvironment@2bbaf4f0], resourceBasePath = 'src/main/webapp', contextLoader = 'org.springframework.boot.test.context.SpringBootContextLoader', parent = [null]], attributes = map['org.springframework.test.context.web.ServletTestExecutionListener.activateListener' -> true, 'org.springframework.test.context.web.ServletTestExecutionListener.populatedRequestContextHolder' -> true, 'org.springframework.test.context.web.ServletTestExecutionListener.resetRequestContextHolder' -> true]].
]]></system-out>
  </testcase>
</testsuite>